[2022-10-29T09:43:13.961+0000] {processor.py:156} INFO - Started process (PID=82) to work on /home/airflow/.local/lib/python3.7/site-packages/airflow/example_dags/example_branch_day_of_week_operator.py
[2022-10-29T09:43:13.963+0000] {processor.py:758} INFO - Processing file /home/airflow/.local/lib/python3.7/site-packages/airflow/example_dags/example_branch_day_of_week_operator.py for tasks to queue
[2022-10-29T09:43:13.964+0000] {logging_mixin.py:117} INFO - [2022-10-29T09:43:13.964+0000] {dagbag.py:525} INFO - Filling up the DagBag from /home/airflow/.local/lib/python3.7/site-packages/airflow/example_dags/example_branch_day_of_week_operator.py
[2022-10-29T09:43:13.987+0000] {processor.py:768} INFO - DAG(s) dict_keys(['example_weekday_branch_operator']) retrieved from /home/airflow/.local/lib/python3.7/site-packages/airflow/example_dags/example_branch_day_of_week_operator.py
[2022-10-29T09:43:14.016+0000] {logging_mixin.py:117} INFO - [2022-10-29T09:43:14.016+0000] {dag.py:2573} INFO - Sync 1 DAGs
[2022-10-29T09:43:14.059+0000] {logging_mixin.py:117} INFO - [2022-10-29T09:43:14.059+0000] {dag.py:3328} INFO - Setting next_dagrun for example_weekday_branch_operator to 2022-10-28T00:00:00+00:00, run_after=2022-10-29T00:00:00+00:00
[2022-10-29T09:43:14.084+0000] {processor.py:178} INFO - Processing /home/airflow/.local/lib/python3.7/site-packages/airflow/example_dags/example_branch_day_of_week_operator.py took 0.126 seconds
[2022-10-29T09:43:45.372+0000] {processor.py:156} INFO - Started process (PID=136) to work on /home/airflow/.local/lib/python3.7/site-packages/airflow/example_dags/example_branch_day_of_week_operator.py
[2022-10-29T09:43:45.374+0000] {processor.py:758} INFO - Processing file /home/airflow/.local/lib/python3.7/site-packages/airflow/example_dags/example_branch_day_of_week_operator.py for tasks to queue
[2022-10-29T09:43:45.375+0000] {logging_mixin.py:117} INFO - [2022-10-29T09:43:45.375+0000] {dagbag.py:525} INFO - Filling up the DagBag from /home/airflow/.local/lib/python3.7/site-packages/airflow/example_dags/example_branch_day_of_week_operator.py
[2022-10-29T09:43:45.397+0000] {processor.py:768} INFO - DAG(s) dict_keys(['example_weekday_branch_operator']) retrieved from /home/airflow/.local/lib/python3.7/site-packages/airflow/example_dags/example_branch_day_of_week_operator.py
[2022-10-29T09:43:45.450+0000] {logging_mixin.py:117} INFO - [2022-10-29T09:43:45.449+0000] {dag.py:2573} INFO - Sync 1 DAGs
[2022-10-29T09:43:45.480+0000] {logging_mixin.py:117} INFO - [2022-10-29T09:43:45.480+0000] {dag.py:3328} INFO - Setting next_dagrun for example_weekday_branch_operator to 2022-10-28T00:00:00+00:00, run_after=2022-10-29T00:00:00+00:00
[2022-10-29T09:43:45.514+0000] {processor.py:178} INFO - Processing /home/airflow/.local/lib/python3.7/site-packages/airflow/example_dags/example_branch_day_of_week_operator.py took 0.144 seconds
[2022-10-29T09:44:15.907+0000] {processor.py:156} INFO - Started process (PID=200) to work on /home/airflow/.local/lib/python3.7/site-packages/airflow/example_dags/example_branch_day_of_week_operator.py
[2022-10-29T09:44:15.908+0000] {processor.py:758} INFO - Processing file /home/airflow/.local/lib/python3.7/site-packages/airflow/example_dags/example_branch_day_of_week_operator.py for tasks to queue
[2022-10-29T09:44:15.910+0000] {logging_mixin.py:117} INFO - [2022-10-29T09:44:15.910+0000] {dagbag.py:525} INFO - Filling up the DagBag from /home/airflow/.local/lib/python3.7/site-packages/airflow/example_dags/example_branch_day_of_week_operator.py
[2022-10-29T09:44:15.932+0000] {processor.py:768} INFO - DAG(s) dict_keys(['example_weekday_branch_operator']) retrieved from /home/airflow/.local/lib/python3.7/site-packages/airflow/example_dags/example_branch_day_of_week_operator.py
[2022-10-29T09:44:15.988+0000] {logging_mixin.py:117} INFO - [2022-10-29T09:44:15.987+0000] {dag.py:2573} INFO - Sync 1 DAGs
[2022-10-29T09:44:16.031+0000] {logging_mixin.py:117} INFO - [2022-10-29T09:44:16.031+0000] {dag.py:3328} INFO - Setting next_dagrun for example_weekday_branch_operator to 2022-10-28T00:00:00+00:00, run_after=2022-10-29T00:00:00+00:00
[2022-10-29T09:44:16.067+0000] {processor.py:178} INFO - Processing /home/airflow/.local/lib/python3.7/site-packages/airflow/example_dags/example_branch_day_of_week_operator.py took 0.163 seconds
[2022-10-29T09:44:46.865+0000] {processor.py:156} INFO - Started process (PID=261) to work on /home/airflow/.local/lib/python3.7/site-packages/airflow/example_dags/example_branch_day_of_week_operator.py
[2022-10-29T09:44:46.866+0000] {processor.py:758} INFO - Processing file /home/airflow/.local/lib/python3.7/site-packages/airflow/example_dags/example_branch_day_of_week_operator.py for tasks to queue
[2022-10-29T09:44:46.868+0000] {logging_mixin.py:117} INFO - [2022-10-29T09:44:46.867+0000] {dagbag.py:525} INFO - Filling up the DagBag from /home/airflow/.local/lib/python3.7/site-packages/airflow/example_dags/example_branch_day_of_week_operator.py
[2022-10-29T09:44:46.887+0000] {processor.py:768} INFO - DAG(s) dict_keys(['example_weekday_branch_operator']) retrieved from /home/airflow/.local/lib/python3.7/site-packages/airflow/example_dags/example_branch_day_of_week_operator.py
[2022-10-29T09:44:46.945+0000] {logging_mixin.py:117} INFO - [2022-10-29T09:44:46.944+0000] {dag.py:2573} INFO - Sync 1 DAGs
[2022-10-29T09:44:46.983+0000] {logging_mixin.py:117} INFO - [2022-10-29T09:44:46.982+0000] {dag.py:3328} INFO - Setting next_dagrun for example_weekday_branch_operator to 2022-10-28T00:00:00+00:00, run_after=2022-10-29T00:00:00+00:00
[2022-10-29T09:44:47.010+0000] {processor.py:178} INFO - Processing /home/airflow/.local/lib/python3.7/site-packages/airflow/example_dags/example_branch_day_of_week_operator.py took 0.148 seconds
[2022-10-29T09:45:17.861+0000] {processor.py:156} INFO - Started process (PID=316) to work on /home/airflow/.local/lib/python3.7/site-packages/airflow/example_dags/example_branch_day_of_week_operator.py
[2022-10-29T09:45:17.863+0000] {processor.py:758} INFO - Processing file /home/airflow/.local/lib/python3.7/site-packages/airflow/example_dags/example_branch_day_of_week_operator.py for tasks to queue
[2022-10-29T09:45:17.864+0000] {logging_mixin.py:117} INFO - [2022-10-29T09:45:17.864+0000] {dagbag.py:525} INFO - Filling up the DagBag from /home/airflow/.local/lib/python3.7/site-packages/airflow/example_dags/example_branch_day_of_week_operator.py
[2022-10-29T09:45:17.888+0000] {processor.py:768} INFO - DAG(s) dict_keys(['example_weekday_branch_operator']) retrieved from /home/airflow/.local/lib/python3.7/site-packages/airflow/example_dags/example_branch_day_of_week_operator.py
[2022-10-29T09:45:17.949+0000] {logging_mixin.py:117} INFO - [2022-10-29T09:45:17.949+0000] {dag.py:2573} INFO - Sync 1 DAGs
[2022-10-29T09:45:17.997+0000] {logging_mixin.py:117} INFO - [2022-10-29T09:45:17.996+0000] {dag.py:3328} INFO - Setting next_dagrun for example_weekday_branch_operator to 2022-10-28T00:00:00+00:00, run_after=2022-10-29T00:00:00+00:00
[2022-10-29T09:45:18.036+0000] {processor.py:178} INFO - Processing /home/airflow/.local/lib/python3.7/site-packages/airflow/example_dags/example_branch_day_of_week_operator.py took 0.179 seconds
[2022-10-29T09:45:48.596+0000] {processor.py:156} INFO - Started process (PID=381) to work on /home/airflow/.local/lib/python3.7/site-packages/airflow/example_dags/example_branch_day_of_week_operator.py
[2022-10-29T09:45:48.597+0000] {processor.py:758} INFO - Processing file /home/airflow/.local/lib/python3.7/site-packages/airflow/example_dags/example_branch_day_of_week_operator.py for tasks to queue
[2022-10-29T09:45:48.599+0000] {logging_mixin.py:117} INFO - [2022-10-29T09:45:48.599+0000] {dagbag.py:525} INFO - Filling up the DagBag from /home/airflow/.local/lib/python3.7/site-packages/airflow/example_dags/example_branch_day_of_week_operator.py
[2022-10-29T09:45:48.622+0000] {processor.py:768} INFO - DAG(s) dict_keys(['example_weekday_branch_operator']) retrieved from /home/airflow/.local/lib/python3.7/site-packages/airflow/example_dags/example_branch_day_of_week_operator.py
[2022-10-29T09:45:48.681+0000] {logging_mixin.py:117} INFO - [2022-10-29T09:45:48.681+0000] {dag.py:2573} INFO - Sync 1 DAGs
[2022-10-29T09:45:48.719+0000] {logging_mixin.py:117} INFO - [2022-10-29T09:45:48.719+0000] {dag.py:3328} INFO - Setting next_dagrun for example_weekday_branch_operator to 2022-10-28T00:00:00+00:00, run_after=2022-10-29T00:00:00+00:00
[2022-10-29T09:45:48.747+0000] {processor.py:178} INFO - Processing /home/airflow/.local/lib/python3.7/site-packages/airflow/example_dags/example_branch_day_of_week_operator.py took 0.154 seconds
[2022-10-29T09:46:19.154+0000] {processor.py:156} INFO - Started process (PID=435) to work on /home/airflow/.local/lib/python3.7/site-packages/airflow/example_dags/example_branch_day_of_week_operator.py
[2022-10-29T09:46:19.155+0000] {processor.py:758} INFO - Processing file /home/airflow/.local/lib/python3.7/site-packages/airflow/example_dags/example_branch_day_of_week_operator.py for tasks to queue
[2022-10-29T09:46:19.157+0000] {logging_mixin.py:117} INFO - [2022-10-29T09:46:19.156+0000] {dagbag.py:525} INFO - Filling up the DagBag from /home/airflow/.local/lib/python3.7/site-packages/airflow/example_dags/example_branch_day_of_week_operator.py
[2022-10-29T09:46:19.177+0000] {processor.py:768} INFO - DAG(s) dict_keys(['example_weekday_branch_operator']) retrieved from /home/airflow/.local/lib/python3.7/site-packages/airflow/example_dags/example_branch_day_of_week_operator.py
[2022-10-29T09:46:19.230+0000] {logging_mixin.py:117} INFO - [2022-10-29T09:46:19.229+0000] {dag.py:2573} INFO - Sync 1 DAGs
[2022-10-29T09:46:19.267+0000] {logging_mixin.py:117} INFO - [2022-10-29T09:46:19.266+0000] {dag.py:3328} INFO - Setting next_dagrun for example_weekday_branch_operator to 2022-10-28T00:00:00+00:00, run_after=2022-10-29T00:00:00+00:00
[2022-10-29T09:46:19.299+0000] {processor.py:178} INFO - Processing /home/airflow/.local/lib/python3.7/site-packages/airflow/example_dags/example_branch_day_of_week_operator.py took 0.148 seconds
[2022-10-29T09:53:34.237+0000] {processor.py:156} INFO - Started process (PID=315) to work on /home/airflow/.local/lib/python3.7/site-packages/airflow/example_dags/example_branch_day_of_week_operator.py
[2022-10-29T09:53:34.239+0000] {processor.py:758} INFO - Processing file /home/airflow/.local/lib/python3.7/site-packages/airflow/example_dags/example_branch_day_of_week_operator.py for tasks to queue
[2022-10-29T09:53:34.243+0000] {logging_mixin.py:117} INFO - [2022-10-29T09:53:34.242+0000] {dagbag.py:525} INFO - Filling up the DagBag from /home/airflow/.local/lib/python3.7/site-packages/airflow/example_dags/example_branch_day_of_week_operator.py
[2022-10-29T09:53:34.303+0000] {processor.py:768} INFO - DAG(s) dict_keys(['example_weekday_branch_operator']) retrieved from /home/airflow/.local/lib/python3.7/site-packages/airflow/example_dags/example_branch_day_of_week_operator.py
[2022-10-29T09:53:34.877+0000] {logging_mixin.py:117} INFO - [2022-10-29T09:53:34.876+0000] {dag.py:2573} INFO - Sync 1 DAGs
[2022-10-29T09:53:34.938+0000] {logging_mixin.py:117} INFO - [2022-10-29T09:53:34.938+0000] {dag.py:3328} INFO - Setting next_dagrun for example_weekday_branch_operator to 2022-10-28T00:00:00+00:00, run_after=2022-10-29T00:00:00+00:00
[2022-10-29T09:53:34.987+0000] {processor.py:178} INFO - Processing /home/airflow/.local/lib/python3.7/site-packages/airflow/example_dags/example_branch_day_of_week_operator.py took 0.758 seconds
[2022-10-29T09:54:05.337+0000] {processor.py:156} INFO - Started process (PID=378) to work on /home/airflow/.local/lib/python3.7/site-packages/airflow/example_dags/example_branch_day_of_week_operator.py
[2022-10-29T09:54:05.338+0000] {processor.py:758} INFO - Processing file /home/airflow/.local/lib/python3.7/site-packages/airflow/example_dags/example_branch_day_of_week_operator.py for tasks to queue
[2022-10-29T09:54:05.340+0000] {logging_mixin.py:117} INFO - [2022-10-29T09:54:05.340+0000] {dagbag.py:525} INFO - Filling up the DagBag from /home/airflow/.local/lib/python3.7/site-packages/airflow/example_dags/example_branch_day_of_week_operator.py
[2022-10-29T09:54:05.365+0000] {processor.py:768} INFO - DAG(s) dict_keys(['example_weekday_branch_operator']) retrieved from /home/airflow/.local/lib/python3.7/site-packages/airflow/example_dags/example_branch_day_of_week_operator.py
[2022-10-29T09:54:05.571+0000] {logging_mixin.py:117} INFO - [2022-10-29T09:54:05.571+0000] {dag.py:2573} INFO - Sync 1 DAGs
[2022-10-29T09:54:05.612+0000] {logging_mixin.py:117} INFO - [2022-10-29T09:54:05.612+0000] {dag.py:3328} INFO - Setting next_dagrun for example_weekday_branch_operator to 2022-10-28T00:00:00+00:00, run_after=2022-10-29T00:00:00+00:00
[2022-10-29T09:54:05.649+0000] {processor.py:178} INFO - Processing /home/airflow/.local/lib/python3.7/site-packages/airflow/example_dags/example_branch_day_of_week_operator.py took 0.316 seconds
[2022-10-29T09:54:35.950+0000] {processor.py:156} INFO - Started process (PID=433) to work on /home/airflow/.local/lib/python3.7/site-packages/airflow/example_dags/example_branch_day_of_week_operator.py
[2022-10-29T09:54:35.954+0000] {processor.py:758} INFO - Processing file /home/airflow/.local/lib/python3.7/site-packages/airflow/example_dags/example_branch_day_of_week_operator.py for tasks to queue
[2022-10-29T09:54:35.956+0000] {logging_mixin.py:117} INFO - [2022-10-29T09:54:35.956+0000] {dagbag.py:525} INFO - Filling up the DagBag from /home/airflow/.local/lib/python3.7/site-packages/airflow/example_dags/example_branch_day_of_week_operator.py
[2022-10-29T09:54:36.185+0000] {processor.py:768} INFO - DAG(s) dict_keys(['example_weekday_branch_operator']) retrieved from /home/airflow/.local/lib/python3.7/site-packages/airflow/example_dags/example_branch_day_of_week_operator.py
[2022-10-29T09:54:36.360+0000] {logging_mixin.py:117} INFO - [2022-10-29T09:54:36.359+0000] {dag.py:2573} INFO - Sync 1 DAGs
[2022-10-29T09:54:36.464+0000] {logging_mixin.py:117} INFO - [2022-10-29T09:54:36.463+0000] {dag.py:3328} INFO - Setting next_dagrun for example_weekday_branch_operator to 2022-10-28T00:00:00+00:00, run_after=2022-10-29T00:00:00+00:00
[2022-10-29T09:54:36.529+0000] {processor.py:178} INFO - Processing /home/airflow/.local/lib/python3.7/site-packages/airflow/example_dags/example_branch_day_of_week_operator.py took 0.582 seconds
[2022-10-29T09:55:06.827+0000] {processor.py:156} INFO - Started process (PID=497) to work on /home/airflow/.local/lib/python3.7/site-packages/airflow/example_dags/example_branch_day_of_week_operator.py
[2022-10-29T09:55:06.829+0000] {processor.py:758} INFO - Processing file /home/airflow/.local/lib/python3.7/site-packages/airflow/example_dags/example_branch_day_of_week_operator.py for tasks to queue
[2022-10-29T09:55:06.830+0000] {logging_mixin.py:117} INFO - [2022-10-29T09:55:06.830+0000] {dagbag.py:525} INFO - Filling up the DagBag from /home/airflow/.local/lib/python3.7/site-packages/airflow/example_dags/example_branch_day_of_week_operator.py
[2022-10-29T09:55:06.865+0000] {processor.py:768} INFO - DAG(s) dict_keys(['example_weekday_branch_operator']) retrieved from /home/airflow/.local/lib/python3.7/site-packages/airflow/example_dags/example_branch_day_of_week_operator.py
[2022-10-29T09:55:06.915+0000] {logging_mixin.py:117} INFO - [2022-10-29T09:55:06.915+0000] {dag.py:2573} INFO - Sync 1 DAGs
[2022-10-29T09:55:06.953+0000] {logging_mixin.py:117} INFO - [2022-10-29T09:55:06.953+0000] {dag.py:3328} INFO - Setting next_dagrun for example_weekday_branch_operator to 2022-10-28T00:00:00+00:00, run_after=2022-10-29T00:00:00+00:00
[2022-10-29T09:55:06.981+0000] {processor.py:178} INFO - Processing /home/airflow/.local/lib/python3.7/site-packages/airflow/example_dags/example_branch_day_of_week_operator.py took 0.158 seconds
[2022-10-29T09:55:37.191+0000] {processor.py:156} INFO - Started process (PID=551) to work on /home/airflow/.local/lib/python3.7/site-packages/airflow/example_dags/example_branch_day_of_week_operator.py
[2022-10-29T09:55:37.193+0000] {processor.py:758} INFO - Processing file /home/airflow/.local/lib/python3.7/site-packages/airflow/example_dags/example_branch_day_of_week_operator.py for tasks to queue
[2022-10-29T09:55:37.195+0000] {logging_mixin.py:117} INFO - [2022-10-29T09:55:37.194+0000] {dagbag.py:525} INFO - Filling up the DagBag from /home/airflow/.local/lib/python3.7/site-packages/airflow/example_dags/example_branch_day_of_week_operator.py
[2022-10-29T09:55:37.225+0000] {processor.py:768} INFO - DAG(s) dict_keys(['example_weekday_branch_operator']) retrieved from /home/airflow/.local/lib/python3.7/site-packages/airflow/example_dags/example_branch_day_of_week_operator.py
[2022-10-29T09:55:37.267+0000] {logging_mixin.py:117} INFO - [2022-10-29T09:55:37.267+0000] {dag.py:2573} INFO - Sync 1 DAGs
[2022-10-29T09:55:37.306+0000] {logging_mixin.py:117} INFO - [2022-10-29T09:55:37.306+0000] {dag.py:3328} INFO - Setting next_dagrun for example_weekday_branch_operator to 2022-10-28T00:00:00+00:00, run_after=2022-10-29T00:00:00+00:00
[2022-10-29T09:55:37.337+0000] {processor.py:178} INFO - Processing /home/airflow/.local/lib/python3.7/site-packages/airflow/example_dags/example_branch_day_of_week_operator.py took 0.149 seconds
[2022-10-29T09:56:07.509+0000] {processor.py:156} INFO - Started process (PID=614) to work on /home/airflow/.local/lib/python3.7/site-packages/airflow/example_dags/example_branch_day_of_week_operator.py
[2022-10-29T09:56:07.510+0000] {processor.py:758} INFO - Processing file /home/airflow/.local/lib/python3.7/site-packages/airflow/example_dags/example_branch_day_of_week_operator.py for tasks to queue
[2022-10-29T09:56:07.511+0000] {logging_mixin.py:117} INFO - [2022-10-29T09:56:07.511+0000] {dagbag.py:525} INFO - Filling up the DagBag from /home/airflow/.local/lib/python3.7/site-packages/airflow/example_dags/example_branch_day_of_week_operator.py
[2022-10-29T09:56:07.529+0000] {processor.py:768} INFO - DAG(s) dict_keys(['example_weekday_branch_operator']) retrieved from /home/airflow/.local/lib/python3.7/site-packages/airflow/example_dags/example_branch_day_of_week_operator.py
[2022-10-29T09:56:07.575+0000] {logging_mixin.py:117} INFO - [2022-10-29T09:56:07.575+0000] {dag.py:2573} INFO - Sync 1 DAGs
[2022-10-29T09:56:07.614+0000] {logging_mixin.py:117} INFO - [2022-10-29T09:56:07.614+0000] {dag.py:3328} INFO - Setting next_dagrun for example_weekday_branch_operator to 2022-10-28T00:00:00+00:00, run_after=2022-10-29T00:00:00+00:00
[2022-10-29T09:56:07.638+0000] {processor.py:178} INFO - Processing /home/airflow/.local/lib/python3.7/site-packages/airflow/example_dags/example_branch_day_of_week_operator.py took 0.132 seconds
[2022-10-29T09:56:38.000+0000] {processor.py:156} INFO - Started process (PID=668) to work on /home/airflow/.local/lib/python3.7/site-packages/airflow/example_dags/example_branch_day_of_week_operator.py
[2022-10-29T09:56:38.002+0000] {processor.py:758} INFO - Processing file /home/airflow/.local/lib/python3.7/site-packages/airflow/example_dags/example_branch_day_of_week_operator.py for tasks to queue
[2022-10-29T09:56:38.004+0000] {logging_mixin.py:117} INFO - [2022-10-29T09:56:38.004+0000] {dagbag.py:525} INFO - Filling up the DagBag from /home/airflow/.local/lib/python3.7/site-packages/airflow/example_dags/example_branch_day_of_week_operator.py
[2022-10-29T09:56:38.027+0000] {processor.py:768} INFO - DAG(s) dict_keys(['example_weekday_branch_operator']) retrieved from /home/airflow/.local/lib/python3.7/site-packages/airflow/example_dags/example_branch_day_of_week_operator.py
[2022-10-29T09:56:38.089+0000] {logging_mixin.py:117} INFO - [2022-10-29T09:56:38.089+0000] {dag.py:2573} INFO - Sync 1 DAGs
[2022-10-29T09:56:38.131+0000] {logging_mixin.py:117} INFO - [2022-10-29T09:56:38.131+0000] {dag.py:3328} INFO - Setting next_dagrun for example_weekday_branch_operator to 2022-10-28T00:00:00+00:00, run_after=2022-10-29T00:00:00+00:00
[2022-10-29T09:56:38.164+0000] {processor.py:178} INFO - Processing /home/airflow/.local/lib/python3.7/site-packages/airflow/example_dags/example_branch_day_of_week_operator.py took 0.168 seconds
[2022-10-29T09:57:08.348+0000] {processor.py:156} INFO - Started process (PID=731) to work on /home/airflow/.local/lib/python3.7/site-packages/airflow/example_dags/example_branch_day_of_week_operator.py
[2022-10-29T09:57:08.349+0000] {processor.py:758} INFO - Processing file /home/airflow/.local/lib/python3.7/site-packages/airflow/example_dags/example_branch_day_of_week_operator.py for tasks to queue
[2022-10-29T09:57:08.352+0000] {logging_mixin.py:117} INFO - [2022-10-29T09:57:08.352+0000] {dagbag.py:525} INFO - Filling up the DagBag from /home/airflow/.local/lib/python3.7/site-packages/airflow/example_dags/example_branch_day_of_week_operator.py
[2022-10-29T09:57:08.370+0000] {processor.py:768} INFO - DAG(s) dict_keys(['example_weekday_branch_operator']) retrieved from /home/airflow/.local/lib/python3.7/site-packages/airflow/example_dags/example_branch_day_of_week_operator.py
[2022-10-29T09:57:08.418+0000] {logging_mixin.py:117} INFO - [2022-10-29T09:57:08.418+0000] {dag.py:2573} INFO - Sync 1 DAGs
[2022-10-29T09:57:08.456+0000] {logging_mixin.py:117} INFO - [2022-10-29T09:57:08.456+0000] {dag.py:3328} INFO - Setting next_dagrun for example_weekday_branch_operator to 2022-10-28T00:00:00+00:00, run_after=2022-10-29T00:00:00+00:00
[2022-10-29T09:57:08.485+0000] {processor.py:178} INFO - Processing /home/airflow/.local/lib/python3.7/site-packages/airflow/example_dags/example_branch_day_of_week_operator.py took 0.140 seconds
[2022-10-29T10:02:56.865+0000] {processor.py:156} INFO - Started process (PID=83) to work on /home/airflow/.local/lib/python3.7/site-packages/airflow/example_dags/example_branch_day_of_week_operator.py
[2022-10-29T10:02:56.866+0000] {processor.py:758} INFO - Processing file /home/airflow/.local/lib/python3.7/site-packages/airflow/example_dags/example_branch_day_of_week_operator.py for tasks to queue
[2022-10-29T10:02:56.867+0000] {logging_mixin.py:117} INFO - [2022-10-29T10:02:56.867+0000] {dagbag.py:525} INFO - Filling up the DagBag from /home/airflow/.local/lib/python3.7/site-packages/airflow/example_dags/example_branch_day_of_week_operator.py
[2022-10-29T10:02:56.889+0000] {processor.py:768} INFO - DAG(s) dict_keys(['example_weekday_branch_operator']) retrieved from /home/airflow/.local/lib/python3.7/site-packages/airflow/example_dags/example_branch_day_of_week_operator.py
[2022-10-29T10:02:56.960+0000] {logging_mixin.py:117} INFO - [2022-10-29T10:02:56.960+0000] {dag.py:2573} INFO - Sync 1 DAGs
[2022-10-29T10:02:57.007+0000] {logging_mixin.py:117} INFO - [2022-10-29T10:02:57.007+0000] {dag.py:3328} INFO - Setting next_dagrun for example_weekday_branch_operator to 2022-10-28T00:00:00+00:00, run_after=2022-10-29T00:00:00+00:00
[2022-10-29T10:02:57.042+0000] {processor.py:178} INFO - Processing /home/airflow/.local/lib/python3.7/site-packages/airflow/example_dags/example_branch_day_of_week_operator.py took 0.180 seconds
[2022-10-29T10:03:27.316+0000] {processor.py:156} INFO - Started process (PID=146) to work on /home/airflow/.local/lib/python3.7/site-packages/airflow/example_dags/example_branch_day_of_week_operator.py
[2022-10-29T10:03:27.318+0000] {processor.py:758} INFO - Processing file /home/airflow/.local/lib/python3.7/site-packages/airflow/example_dags/example_branch_day_of_week_operator.py for tasks to queue
[2022-10-29T10:03:27.319+0000] {logging_mixin.py:117} INFO - [2022-10-29T10:03:27.319+0000] {dagbag.py:525} INFO - Filling up the DagBag from /home/airflow/.local/lib/python3.7/site-packages/airflow/example_dags/example_branch_day_of_week_operator.py
[2022-10-29T10:03:27.339+0000] {processor.py:768} INFO - DAG(s) dict_keys(['example_weekday_branch_operator']) retrieved from /home/airflow/.local/lib/python3.7/site-packages/airflow/example_dags/example_branch_day_of_week_operator.py
[2022-10-29T10:03:27.397+0000] {logging_mixin.py:117} INFO - [2022-10-29T10:03:27.397+0000] {dag.py:2573} INFO - Sync 1 DAGs
[2022-10-29T10:03:27.443+0000] {logging_mixin.py:117} INFO - [2022-10-29T10:03:27.443+0000] {dag.py:3328} INFO - Setting next_dagrun for example_weekday_branch_operator to 2022-10-28T00:00:00+00:00, run_after=2022-10-29T00:00:00+00:00
[2022-10-29T10:03:27.482+0000] {processor.py:178} INFO - Processing /home/airflow/.local/lib/python3.7/site-packages/airflow/example_dags/example_branch_day_of_week_operator.py took 0.169 seconds
