[2022-10-29T09:43:12.167+0000] {processor.py:156} INFO - Started process (PID=63) to work on /home/airflow/.local/lib/python3.7/site-packages/airflow/example_dags/example_datasets.py
[2022-10-29T09:43:12.168+0000] {processor.py:758} INFO - Processing file /home/airflow/.local/lib/python3.7/site-packages/airflow/example_dags/example_datasets.py for tasks to queue
[2022-10-29T09:43:12.170+0000] {logging_mixin.py:117} INFO - [2022-10-29T09:43:12.169+0000] {dagbag.py:525} INFO - Filling up the DagBag from /home/airflow/.local/lib/python3.7/site-packages/airflow/example_dags/example_datasets.py
[2022-10-29T09:43:12.188+0000] {processor.py:768} INFO - DAG(s) dict_keys(['dataset_produces_1', 'dataset_consumes_unknown_never_scheduled', 'dataset_produces_2', 'dataset_consumes_1', 'dataset_consumes_1_never_scheduled', 'dataset_consumes_1_and_2']) retrieved from /home/airflow/.local/lib/python3.7/site-packages/airflow/example_dags/example_datasets.py
[2022-10-29T09:43:12.221+0000] {logging_mixin.py:117} INFO - [2022-10-29T09:43:12.221+0000] {dag.py:2573} INFO - Sync 6 DAGs
[2022-10-29T09:43:12.255+0000] {logging_mixin.py:117} INFO - [2022-10-29T09:43:12.254+0000] {dag.py:3328} INFO - Setting next_dagrun for dataset_consumes_1 to None, run_after=None
[2022-10-29T09:43:12.259+0000] {logging_mixin.py:117} INFO - [2022-10-29T09:43:12.259+0000] {dag.py:3328} INFO - Setting next_dagrun for dataset_consumes_1_and_2 to None, run_after=None
[2022-10-29T09:43:12.262+0000] {logging_mixin.py:117} INFO - [2022-10-29T09:43:12.262+0000] {dag.py:3328} INFO - Setting next_dagrun for dataset_consumes_1_never_scheduled to None, run_after=None
[2022-10-29T09:43:12.265+0000] {logging_mixin.py:117} INFO - [2022-10-29T09:43:12.264+0000] {dag.py:3328} INFO - Setting next_dagrun for dataset_consumes_unknown_never_scheduled to None, run_after=None
[2022-10-29T09:43:12.270+0000] {logging_mixin.py:117} INFO - [2022-10-29T09:43:12.269+0000] {dag.py:3328} INFO - Setting next_dagrun for dataset_produces_1 to 2022-10-28T00:00:00+00:00, run_after=2022-10-29T00:00:00+00:00
[2022-10-29T09:43:12.272+0000] {logging_mixin.py:117} INFO - [2022-10-29T09:43:12.272+0000] {dag.py:3328} INFO - Setting next_dagrun for dataset_produces_2 to None, run_after=None
[2022-10-29T09:43:12.311+0000] {processor.py:178} INFO - Processing /home/airflow/.local/lib/python3.7/site-packages/airflow/example_dags/example_datasets.py took 0.147 seconds
[2022-10-29T09:43:42.792+0000] {processor.py:156} INFO - Started process (PID=117) to work on /home/airflow/.local/lib/python3.7/site-packages/airflow/example_dags/example_datasets.py
[2022-10-29T09:43:42.793+0000] {processor.py:758} INFO - Processing file /home/airflow/.local/lib/python3.7/site-packages/airflow/example_dags/example_datasets.py for tasks to queue
[2022-10-29T09:43:42.794+0000] {logging_mixin.py:117} INFO - [2022-10-29T09:43:42.794+0000] {dagbag.py:525} INFO - Filling up the DagBag from /home/airflow/.local/lib/python3.7/site-packages/airflow/example_dags/example_datasets.py
[2022-10-29T09:43:42.820+0000] {processor.py:768} INFO - DAG(s) dict_keys(['dataset_consumes_1_never_scheduled', 'dataset_consumes_1', 'dataset_consumes_1_and_2', 'dataset_produces_2', 'dataset_consumes_unknown_never_scheduled', 'dataset_produces_1']) retrieved from /home/airflow/.local/lib/python3.7/site-packages/airflow/example_dags/example_datasets.py
[2022-10-29T09:43:43.001+0000] {logging_mixin.py:117} INFO - [2022-10-29T09:43:43.001+0000] {dag.py:2573} INFO - Sync 6 DAGs
[2022-10-29T09:43:43.042+0000] {logging_mixin.py:117} INFO - [2022-10-29T09:43:43.042+0000] {dag.py:3328} INFO - Setting next_dagrun for dataset_consumes_1 to None, run_after=None
[2022-10-29T09:43:43.047+0000] {logging_mixin.py:117} INFO - [2022-10-29T09:43:43.047+0000] {dag.py:3328} INFO - Setting next_dagrun for dataset_consumes_1_and_2 to None, run_after=None
[2022-10-29T09:43:43.050+0000] {logging_mixin.py:117} INFO - [2022-10-29T09:43:43.050+0000] {dag.py:3328} INFO - Setting next_dagrun for dataset_consumes_1_never_scheduled to None, run_after=None
[2022-10-29T09:43:43.052+0000] {logging_mixin.py:117} INFO - [2022-10-29T09:43:43.052+0000] {dag.py:3328} INFO - Setting next_dagrun for dataset_consumes_unknown_never_scheduled to None, run_after=None
[2022-10-29T09:43:43.058+0000] {logging_mixin.py:117} INFO - [2022-10-29T09:43:43.057+0000] {dag.py:3328} INFO - Setting next_dagrun for dataset_produces_1 to 2022-10-28T00:00:00+00:00, run_after=2022-10-29T00:00:00+00:00
[2022-10-29T09:43:43.060+0000] {logging_mixin.py:117} INFO - [2022-10-29T09:43:43.060+0000] {dag.py:3328} INFO - Setting next_dagrun for dataset_produces_2 to None, run_after=None
[2022-10-29T09:43:43.106+0000] {processor.py:178} INFO - Processing /home/airflow/.local/lib/python3.7/site-packages/airflow/example_dags/example_datasets.py took 0.318 seconds
[2022-10-29T09:44:13.438+0000] {processor.py:156} INFO - Started process (PID=181) to work on /home/airflow/.local/lib/python3.7/site-packages/airflow/example_dags/example_datasets.py
[2022-10-29T09:44:13.439+0000] {processor.py:758} INFO - Processing file /home/airflow/.local/lib/python3.7/site-packages/airflow/example_dags/example_datasets.py for tasks to queue
[2022-10-29T09:44:13.441+0000] {logging_mixin.py:117} INFO - [2022-10-29T09:44:13.440+0000] {dagbag.py:525} INFO - Filling up the DagBag from /home/airflow/.local/lib/python3.7/site-packages/airflow/example_dags/example_datasets.py
[2022-10-29T09:44:13.463+0000] {processor.py:768} INFO - DAG(s) dict_keys(['dataset_consumes_1_never_scheduled', 'dataset_consumes_unknown_never_scheduled', 'dataset_produces_2', 'dataset_consumes_1', 'dataset_produces_1', 'dataset_consumes_1_and_2']) retrieved from /home/airflow/.local/lib/python3.7/site-packages/airflow/example_dags/example_datasets.py
[2022-10-29T09:44:13.536+0000] {logging_mixin.py:117} INFO - [2022-10-29T09:44:13.536+0000] {dag.py:2573} INFO - Sync 6 DAGs
[2022-10-29T09:44:13.575+0000] {logging_mixin.py:117} INFO - [2022-10-29T09:44:13.574+0000] {dag.py:3328} INFO - Setting next_dagrun for dataset_consumes_1 to None, run_after=None
[2022-10-29T09:44:13.582+0000] {logging_mixin.py:117} INFO - [2022-10-29T09:44:13.582+0000] {dag.py:3328} INFO - Setting next_dagrun for dataset_consumes_1_and_2 to None, run_after=None
[2022-10-29T09:44:13.585+0000] {logging_mixin.py:117} INFO - [2022-10-29T09:44:13.585+0000] {dag.py:3328} INFO - Setting next_dagrun for dataset_consumes_1_never_scheduled to None, run_after=None
[2022-10-29T09:44:13.588+0000] {logging_mixin.py:117} INFO - [2022-10-29T09:44:13.587+0000] {dag.py:3328} INFO - Setting next_dagrun for dataset_consumes_unknown_never_scheduled to None, run_after=None
[2022-10-29T09:44:13.592+0000] {logging_mixin.py:117} INFO - [2022-10-29T09:44:13.592+0000] {dag.py:3328} INFO - Setting next_dagrun for dataset_produces_1 to 2022-10-28T00:00:00+00:00, run_after=2022-10-29T00:00:00+00:00
[2022-10-29T09:44:13.595+0000] {logging_mixin.py:117} INFO - [2022-10-29T09:44:13.595+0000] {dag.py:3328} INFO - Setting next_dagrun for dataset_produces_2 to None, run_after=None
[2022-10-29T09:44:13.639+0000] {processor.py:178} INFO - Processing /home/airflow/.local/lib/python3.7/site-packages/airflow/example_dags/example_datasets.py took 0.204 seconds
[2022-10-29T09:44:43.760+0000] {processor.py:156} INFO - Started process (PID=235) to work on /home/airflow/.local/lib/python3.7/site-packages/airflow/example_dags/example_datasets.py
[2022-10-29T09:44:43.761+0000] {processor.py:758} INFO - Processing file /home/airflow/.local/lib/python3.7/site-packages/airflow/example_dags/example_datasets.py for tasks to queue
[2022-10-29T09:44:43.762+0000] {logging_mixin.py:117} INFO - [2022-10-29T09:44:43.762+0000] {dagbag.py:525} INFO - Filling up the DagBag from /home/airflow/.local/lib/python3.7/site-packages/airflow/example_dags/example_datasets.py
[2022-10-29T09:44:43.787+0000] {processor.py:768} INFO - DAG(s) dict_keys(['dataset_produces_1', 'dataset_consumes_1_and_2', 'dataset_consumes_1', 'dataset_consumes_1_never_scheduled', 'dataset_produces_2', 'dataset_consumes_unknown_never_scheduled']) retrieved from /home/airflow/.local/lib/python3.7/site-packages/airflow/example_dags/example_datasets.py
[2022-10-29T09:44:43.862+0000] {logging_mixin.py:117} INFO - [2022-10-29T09:44:43.862+0000] {dag.py:2573} INFO - Sync 6 DAGs
[2022-10-29T09:44:43.902+0000] {logging_mixin.py:117} INFO - [2022-10-29T09:44:43.902+0000] {dag.py:3328} INFO - Setting next_dagrun for dataset_consumes_1 to None, run_after=None
[2022-10-29T09:44:43.909+0000] {logging_mixin.py:117} INFO - [2022-10-29T09:44:43.909+0000] {dag.py:3328} INFO - Setting next_dagrun for dataset_consumes_1_and_2 to None, run_after=None
[2022-10-29T09:44:43.912+0000] {logging_mixin.py:117} INFO - [2022-10-29T09:44:43.912+0000] {dag.py:3328} INFO - Setting next_dagrun for dataset_consumes_1_never_scheduled to None, run_after=None
[2022-10-29T09:44:43.914+0000] {logging_mixin.py:117} INFO - [2022-10-29T09:44:43.914+0000] {dag.py:3328} INFO - Setting next_dagrun for dataset_consumes_unknown_never_scheduled to None, run_after=None
[2022-10-29T09:44:43.919+0000] {logging_mixin.py:117} INFO - [2022-10-29T09:44:43.918+0000] {dag.py:3328} INFO - Setting next_dagrun for dataset_produces_1 to 2022-10-28T00:00:00+00:00, run_after=2022-10-29T00:00:00+00:00
[2022-10-29T09:44:43.921+0000] {logging_mixin.py:117} INFO - [2022-10-29T09:44:43.921+0000] {dag.py:3328} INFO - Setting next_dagrun for dataset_produces_2 to None, run_after=None
[2022-10-29T09:44:43.965+0000] {processor.py:178} INFO - Processing /home/airflow/.local/lib/python3.7/site-packages/airflow/example_dags/example_datasets.py took 0.209 seconds
[2022-10-29T09:45:14.670+0000] {processor.py:156} INFO - Started process (PID=297) to work on /home/airflow/.local/lib/python3.7/site-packages/airflow/example_dags/example_datasets.py
[2022-10-29T09:45:14.672+0000] {processor.py:758} INFO - Processing file /home/airflow/.local/lib/python3.7/site-packages/airflow/example_dags/example_datasets.py for tasks to queue
[2022-10-29T09:45:14.673+0000] {logging_mixin.py:117} INFO - [2022-10-29T09:45:14.673+0000] {dagbag.py:525} INFO - Filling up the DagBag from /home/airflow/.local/lib/python3.7/site-packages/airflow/example_dags/example_datasets.py
[2022-10-29T09:45:14.698+0000] {processor.py:768} INFO - DAG(s) dict_keys(['dataset_produces_1', 'dataset_consumes_1_never_scheduled', 'dataset_consumes_1', 'dataset_produces_2', 'dataset_consumes_1_and_2', 'dataset_consumes_unknown_never_scheduled']) retrieved from /home/airflow/.local/lib/python3.7/site-packages/airflow/example_dags/example_datasets.py
[2022-10-29T09:45:14.773+0000] {logging_mixin.py:117} INFO - [2022-10-29T09:45:14.772+0000] {dag.py:2573} INFO - Sync 6 DAGs
[2022-10-29T09:45:14.814+0000] {logging_mixin.py:117} INFO - [2022-10-29T09:45:14.814+0000] {dag.py:3328} INFO - Setting next_dagrun for dataset_consumes_1 to None, run_after=None
[2022-10-29T09:45:14.821+0000] {logging_mixin.py:117} INFO - [2022-10-29T09:45:14.821+0000] {dag.py:3328} INFO - Setting next_dagrun for dataset_consumes_1_and_2 to None, run_after=None
[2022-10-29T09:45:14.824+0000] {logging_mixin.py:117} INFO - [2022-10-29T09:45:14.823+0000] {dag.py:3328} INFO - Setting next_dagrun for dataset_consumes_1_never_scheduled to None, run_after=None
[2022-10-29T09:45:14.827+0000] {logging_mixin.py:117} INFO - [2022-10-29T09:45:14.827+0000] {dag.py:3328} INFO - Setting next_dagrun for dataset_consumes_unknown_never_scheduled to None, run_after=None
[2022-10-29T09:45:14.833+0000] {logging_mixin.py:117} INFO - [2022-10-29T09:45:14.832+0000] {dag.py:3328} INFO - Setting next_dagrun for dataset_produces_1 to 2022-10-28T00:00:00+00:00, run_after=2022-10-29T00:00:00+00:00
[2022-10-29T09:45:14.835+0000] {logging_mixin.py:117} INFO - [2022-10-29T09:45:14.835+0000] {dag.py:3328} INFO - Setting next_dagrun for dataset_produces_2 to None, run_after=None
[2022-10-29T09:45:14.885+0000] {processor.py:178} INFO - Processing /home/airflow/.local/lib/python3.7/site-packages/airflow/example_dags/example_datasets.py took 0.217 seconds
[2022-10-29T09:45:45.519+0000] {processor.py:156} INFO - Started process (PID=353) to work on /home/airflow/.local/lib/python3.7/site-packages/airflow/example_dags/example_datasets.py
[2022-10-29T09:45:45.520+0000] {processor.py:758} INFO - Processing file /home/airflow/.local/lib/python3.7/site-packages/airflow/example_dags/example_datasets.py for tasks to queue
[2022-10-29T09:45:45.522+0000] {logging_mixin.py:117} INFO - [2022-10-29T09:45:45.521+0000] {dagbag.py:525} INFO - Filling up the DagBag from /home/airflow/.local/lib/python3.7/site-packages/airflow/example_dags/example_datasets.py
[2022-10-29T09:45:45.541+0000] {processor.py:768} INFO - DAG(s) dict_keys(['dataset_consumes_1_and_2', 'dataset_produces_2', 'dataset_produces_1', 'dataset_consumes_unknown_never_scheduled', 'dataset_consumes_1_never_scheduled', 'dataset_consumes_1']) retrieved from /home/airflow/.local/lib/python3.7/site-packages/airflow/example_dags/example_datasets.py
[2022-10-29T09:45:45.609+0000] {logging_mixin.py:117} INFO - [2022-10-29T09:45:45.609+0000] {dag.py:2573} INFO - Sync 6 DAGs
[2022-10-29T09:45:45.649+0000] {logging_mixin.py:117} INFO - [2022-10-29T09:45:45.649+0000] {dag.py:3328} INFO - Setting next_dagrun for dataset_consumes_1 to None, run_after=None
[2022-10-29T09:45:45.656+0000] {logging_mixin.py:117} INFO - [2022-10-29T09:45:45.656+0000] {dag.py:3328} INFO - Setting next_dagrun for dataset_consumes_1_and_2 to None, run_after=None
[2022-10-29T09:45:45.659+0000] {logging_mixin.py:117} INFO - [2022-10-29T09:45:45.659+0000] {dag.py:3328} INFO - Setting next_dagrun for dataset_consumes_1_never_scheduled to None, run_after=None
[2022-10-29T09:45:45.662+0000] {logging_mixin.py:117} INFO - [2022-10-29T09:45:45.662+0000] {dag.py:3328} INFO - Setting next_dagrun for dataset_consumes_unknown_never_scheduled to None, run_after=None
[2022-10-29T09:45:45.667+0000] {logging_mixin.py:117} INFO - [2022-10-29T09:45:45.667+0000] {dag.py:3328} INFO - Setting next_dagrun for dataset_produces_1 to 2022-10-28T00:00:00+00:00, run_after=2022-10-29T00:00:00+00:00
[2022-10-29T09:45:45.669+0000] {logging_mixin.py:117} INFO - [2022-10-29T09:45:45.669+0000] {dag.py:3328} INFO - Setting next_dagrun for dataset_produces_2 to None, run_after=None
[2022-10-29T09:45:45.713+0000] {processor.py:178} INFO - Processing /home/airflow/.local/lib/python3.7/site-packages/airflow/example_dags/example_datasets.py took 0.197 seconds
[2022-10-29T09:46:15.860+0000] {processor.py:156} INFO - Started process (PID=416) to work on /home/airflow/.local/lib/python3.7/site-packages/airflow/example_dags/example_datasets.py
[2022-10-29T09:46:15.862+0000] {processor.py:758} INFO - Processing file /home/airflow/.local/lib/python3.7/site-packages/airflow/example_dags/example_datasets.py for tasks to queue
[2022-10-29T09:46:15.863+0000] {logging_mixin.py:117} INFO - [2022-10-29T09:46:15.863+0000] {dagbag.py:525} INFO - Filling up the DagBag from /home/airflow/.local/lib/python3.7/site-packages/airflow/example_dags/example_datasets.py
[2022-10-29T09:46:15.895+0000] {processor.py:768} INFO - DAG(s) dict_keys(['dataset_consumes_1_and_2', 'dataset_consumes_unknown_never_scheduled', 'dataset_consumes_1_never_scheduled', 'dataset_consumes_1', 'dataset_produces_2', 'dataset_produces_1']) retrieved from /home/airflow/.local/lib/python3.7/site-packages/airflow/example_dags/example_datasets.py
[2022-10-29T09:46:15.972+0000] {logging_mixin.py:117} INFO - [2022-10-29T09:46:15.971+0000] {dag.py:2573} INFO - Sync 6 DAGs
[2022-10-29T09:46:16.011+0000] {logging_mixin.py:117} INFO - [2022-10-29T09:46:16.011+0000] {dag.py:3328} INFO - Setting next_dagrun for dataset_consumes_1 to None, run_after=None
[2022-10-29T09:46:16.016+0000] {logging_mixin.py:117} INFO - [2022-10-29T09:46:16.016+0000] {dag.py:3328} INFO - Setting next_dagrun for dataset_consumes_1_and_2 to None, run_after=None
[2022-10-29T09:46:16.020+0000] {logging_mixin.py:117} INFO - [2022-10-29T09:46:16.020+0000] {dag.py:3328} INFO - Setting next_dagrun for dataset_consumes_1_never_scheduled to None, run_after=None
[2022-10-29T09:46:16.022+0000] {logging_mixin.py:117} INFO - [2022-10-29T09:46:16.022+0000] {dag.py:3328} INFO - Setting next_dagrun for dataset_consumes_unknown_never_scheduled to None, run_after=None
[2022-10-29T09:46:16.028+0000] {logging_mixin.py:117} INFO - [2022-10-29T09:46:16.028+0000] {dag.py:3328} INFO - Setting next_dagrun for dataset_produces_1 to 2022-10-28T00:00:00+00:00, run_after=2022-10-29T00:00:00+00:00
[2022-10-29T09:46:16.030+0000] {logging_mixin.py:117} INFO - [2022-10-29T09:46:16.030+0000] {dag.py:3328} INFO - Setting next_dagrun for dataset_produces_2 to None, run_after=None
[2022-10-29T09:46:16.084+0000] {processor.py:178} INFO - Processing /home/airflow/.local/lib/python3.7/site-packages/airflow/example_dags/example_datasets.py took 0.227 seconds
[2022-10-29T09:53:26.773+0000] {processor.py:156} INFO - Started process (PID=296) to work on /home/airflow/.local/lib/python3.7/site-packages/airflow/example_dags/example_datasets.py
[2022-10-29T09:53:26.775+0000] {processor.py:758} INFO - Processing file /home/airflow/.local/lib/python3.7/site-packages/airflow/example_dags/example_datasets.py for tasks to queue
[2022-10-29T09:53:26.777+0000] {logging_mixin.py:117} INFO - [2022-10-29T09:53:26.777+0000] {dagbag.py:525} INFO - Filling up the DagBag from /home/airflow/.local/lib/python3.7/site-packages/airflow/example_dags/example_datasets.py
[2022-10-29T09:53:26.831+0000] {processor.py:768} INFO - DAG(s) dict_keys(['dataset_consumes_unknown_never_scheduled', 'dataset_consumes_1', 'dataset_produces_1', 'dataset_produces_2', 'dataset_consumes_1_and_2', 'dataset_consumes_1_never_scheduled']) retrieved from /home/airflow/.local/lib/python3.7/site-packages/airflow/example_dags/example_datasets.py
[2022-10-29T09:53:27.391+0000] {logging_mixin.py:117} INFO - [2022-10-29T09:53:27.391+0000] {dag.py:2573} INFO - Sync 6 DAGs
[2022-10-29T09:53:27.456+0000] {logging_mixin.py:117} INFO - [2022-10-29T09:53:27.456+0000] {dag.py:3328} INFO - Setting next_dagrun for dataset_consumes_1 to None, run_after=None
[2022-10-29T09:53:27.464+0000] {logging_mixin.py:117} INFO - [2022-10-29T09:53:27.464+0000] {dag.py:3328} INFO - Setting next_dagrun for dataset_consumes_1_and_2 to None, run_after=None
[2022-10-29T09:53:27.468+0000] {logging_mixin.py:117} INFO - [2022-10-29T09:53:27.467+0000] {dag.py:3328} INFO - Setting next_dagrun for dataset_consumes_1_never_scheduled to None, run_after=None
[2022-10-29T09:53:27.471+0000] {logging_mixin.py:117} INFO - [2022-10-29T09:53:27.471+0000] {dag.py:3328} INFO - Setting next_dagrun for dataset_consumes_unknown_never_scheduled to None, run_after=None
[2022-10-29T09:53:27.479+0000] {logging_mixin.py:117} INFO - [2022-10-29T09:53:27.478+0000] {dag.py:3328} INFO - Setting next_dagrun for dataset_produces_1 to 2022-10-28T00:00:00+00:00, run_after=2022-10-29T00:00:00+00:00
[2022-10-29T09:53:27.484+0000] {logging_mixin.py:117} INFO - [2022-10-29T09:53:27.483+0000] {dag.py:3328} INFO - Setting next_dagrun for dataset_produces_2 to None, run_after=None
[2022-10-29T09:53:27.571+0000] {processor.py:178} INFO - Processing /home/airflow/.local/lib/python3.7/site-packages/airflow/example_dags/example_datasets.py took 0.801 seconds
[2022-10-29T09:53:57.810+0000] {processor.py:156} INFO - Started process (PID=350) to work on /home/airflow/.local/lib/python3.7/site-packages/airflow/example_dags/example_datasets.py
[2022-10-29T09:53:57.811+0000] {processor.py:758} INFO - Processing file /home/airflow/.local/lib/python3.7/site-packages/airflow/example_dags/example_datasets.py for tasks to queue
[2022-10-29T09:53:57.812+0000] {logging_mixin.py:117} INFO - [2022-10-29T09:53:57.812+0000] {dagbag.py:525} INFO - Filling up the DagBag from /home/airflow/.local/lib/python3.7/site-packages/airflow/example_dags/example_datasets.py
[2022-10-29T09:53:57.834+0000] {processor.py:768} INFO - DAG(s) dict_keys(['dataset_consumes_1_and_2', 'dataset_produces_2', 'dataset_consumes_unknown_never_scheduled', 'dataset_produces_1', 'dataset_consumes_1', 'dataset_consumes_1_never_scheduled']) retrieved from /home/airflow/.local/lib/python3.7/site-packages/airflow/example_dags/example_datasets.py
[2022-10-29T09:53:58.032+0000] {logging_mixin.py:117} INFO - [2022-10-29T09:53:58.032+0000] {dag.py:2573} INFO - Sync 6 DAGs
[2022-10-29T09:53:58.070+0000] {logging_mixin.py:117} INFO - [2022-10-29T09:53:58.070+0000] {dag.py:3328} INFO - Setting next_dagrun for dataset_consumes_1 to None, run_after=None
[2022-10-29T09:53:58.074+0000] {logging_mixin.py:117} INFO - [2022-10-29T09:53:58.074+0000] {dag.py:3328} INFO - Setting next_dagrun for dataset_consumes_1_and_2 to None, run_after=None
[2022-10-29T09:53:58.076+0000] {logging_mixin.py:117} INFO - [2022-10-29T09:53:58.076+0000] {dag.py:3328} INFO - Setting next_dagrun for dataset_consumes_1_never_scheduled to None, run_after=None
[2022-10-29T09:53:58.079+0000] {logging_mixin.py:117} INFO - [2022-10-29T09:53:58.079+0000] {dag.py:3328} INFO - Setting next_dagrun for dataset_consumes_unknown_never_scheduled to None, run_after=None
[2022-10-29T09:53:58.083+0000] {logging_mixin.py:117} INFO - [2022-10-29T09:53:58.083+0000] {dag.py:3328} INFO - Setting next_dagrun for dataset_produces_1 to 2022-10-28T00:00:00+00:00, run_after=2022-10-29T00:00:00+00:00
[2022-10-29T09:53:58.086+0000] {logging_mixin.py:117} INFO - [2022-10-29T09:53:58.086+0000] {dag.py:3328} INFO - Setting next_dagrun for dataset_produces_2 to None, run_after=None
[2022-10-29T09:53:58.125+0000] {processor.py:178} INFO - Processing /home/airflow/.local/lib/python3.7/site-packages/airflow/example_dags/example_datasets.py took 0.318 seconds
[2022-10-29T09:54:28.246+0000] {processor.py:156} INFO - Started process (PID=412) to work on /home/airflow/.local/lib/python3.7/site-packages/airflow/example_dags/example_datasets.py
[2022-10-29T09:54:28.247+0000] {processor.py:758} INFO - Processing file /home/airflow/.local/lib/python3.7/site-packages/airflow/example_dags/example_datasets.py for tasks to queue
[2022-10-29T09:54:28.249+0000] {logging_mixin.py:117} INFO - [2022-10-29T09:54:28.248+0000] {dagbag.py:525} INFO - Filling up the DagBag from /home/airflow/.local/lib/python3.7/site-packages/airflow/example_dags/example_datasets.py
[2022-10-29T09:54:28.419+0000] {processor.py:768} INFO - DAG(s) dict_keys(['dataset_produces_1', 'dataset_consumes_1_and_2', 'dataset_consumes_1', 'dataset_produces_2', 'dataset_consumes_1_never_scheduled', 'dataset_consumes_unknown_never_scheduled']) retrieved from /home/airflow/.local/lib/python3.7/site-packages/airflow/example_dags/example_datasets.py
[2022-10-29T09:54:28.493+0000] {logging_mixin.py:117} INFO - [2022-10-29T09:54:28.493+0000] {dag.py:2573} INFO - Sync 6 DAGs
[2022-10-29T09:54:28.533+0000] {logging_mixin.py:117} INFO - [2022-10-29T09:54:28.533+0000] {dag.py:3328} INFO - Setting next_dagrun for dataset_consumes_1 to None, run_after=None
[2022-10-29T09:54:28.540+0000] {logging_mixin.py:117} INFO - [2022-10-29T09:54:28.540+0000] {dag.py:3328} INFO - Setting next_dagrun for dataset_consumes_1_and_2 to None, run_after=None
[2022-10-29T09:54:28.543+0000] {logging_mixin.py:117} INFO - [2022-10-29T09:54:28.543+0000] {dag.py:3328} INFO - Setting next_dagrun for dataset_consumes_1_never_scheduled to None, run_after=None
[2022-10-29T09:54:28.546+0000] {logging_mixin.py:117} INFO - [2022-10-29T09:54:28.545+0000] {dag.py:3328} INFO - Setting next_dagrun for dataset_consumes_unknown_never_scheduled to None, run_after=None
[2022-10-29T09:54:28.551+0000] {logging_mixin.py:117} INFO - [2022-10-29T09:54:28.551+0000] {dag.py:3328} INFO - Setting next_dagrun for dataset_produces_1 to 2022-10-28T00:00:00+00:00, run_after=2022-10-29T00:00:00+00:00
[2022-10-29T09:54:28.554+0000] {logging_mixin.py:117} INFO - [2022-10-29T09:54:28.553+0000] {dag.py:3328} INFO - Setting next_dagrun for dataset_produces_2 to None, run_after=None
[2022-10-29T09:54:28.596+0000] {processor.py:178} INFO - Processing /home/airflow/.local/lib/python3.7/site-packages/airflow/example_dags/example_datasets.py took 0.353 seconds
[2022-10-29T09:54:59.180+0000] {processor.py:156} INFO - Started process (PID=469) to work on /home/airflow/.local/lib/python3.7/site-packages/airflow/example_dags/example_datasets.py
[2022-10-29T09:54:59.181+0000] {processor.py:758} INFO - Processing file /home/airflow/.local/lib/python3.7/site-packages/airflow/example_dags/example_datasets.py for tasks to queue
[2022-10-29T09:54:59.183+0000] {logging_mixin.py:117} INFO - [2022-10-29T09:54:59.183+0000] {dagbag.py:525} INFO - Filling up the DagBag from /home/airflow/.local/lib/python3.7/site-packages/airflow/example_dags/example_datasets.py
[2022-10-29T09:54:59.358+0000] {processor.py:768} INFO - DAG(s) dict_keys(['dataset_consumes_1_and_2', 'dataset_consumes_1_never_scheduled', 'dataset_produces_1', 'dataset_consumes_1', 'dataset_consumes_unknown_never_scheduled', 'dataset_produces_2']) retrieved from /home/airflow/.local/lib/python3.7/site-packages/airflow/example_dags/example_datasets.py
[2022-10-29T09:54:59.439+0000] {logging_mixin.py:117} INFO - [2022-10-29T09:54:59.439+0000] {dag.py:2573} INFO - Sync 6 DAGs
[2022-10-29T09:54:59.481+0000] {logging_mixin.py:117} INFO - [2022-10-29T09:54:59.481+0000] {dag.py:3328} INFO - Setting next_dagrun for dataset_consumes_1 to None, run_after=None
[2022-10-29T09:54:59.487+0000] {logging_mixin.py:117} INFO - [2022-10-29T09:54:59.486+0000] {dag.py:3328} INFO - Setting next_dagrun for dataset_consumes_1_and_2 to None, run_after=None
[2022-10-29T09:54:59.490+0000] {logging_mixin.py:117} INFO - [2022-10-29T09:54:59.489+0000] {dag.py:3328} INFO - Setting next_dagrun for dataset_consumes_1_never_scheduled to None, run_after=None
[2022-10-29T09:54:59.492+0000] {logging_mixin.py:117} INFO - [2022-10-29T09:54:59.492+0000] {dag.py:3328} INFO - Setting next_dagrun for dataset_consumes_unknown_never_scheduled to None, run_after=None
[2022-10-29T09:54:59.497+0000] {logging_mixin.py:117} INFO - [2022-10-29T09:54:59.497+0000] {dag.py:3328} INFO - Setting next_dagrun for dataset_produces_1 to 2022-10-28T00:00:00+00:00, run_after=2022-10-29T00:00:00+00:00
[2022-10-29T09:54:59.500+0000] {logging_mixin.py:117} INFO - [2022-10-29T09:54:59.500+0000] {dag.py:3328} INFO - Setting next_dagrun for dataset_produces_2 to None, run_after=None
[2022-10-29T09:54:59.550+0000] {processor.py:178} INFO - Processing /home/airflow/.local/lib/python3.7/site-packages/airflow/example_dags/example_datasets.py took 0.374 seconds
[2022-10-29T09:55:30.189+0000] {processor.py:156} INFO - Started process (PID=532) to work on /home/airflow/.local/lib/python3.7/site-packages/airflow/example_dags/example_datasets.py
[2022-10-29T09:55:30.191+0000] {processor.py:758} INFO - Processing file /home/airflow/.local/lib/python3.7/site-packages/airflow/example_dags/example_datasets.py for tasks to queue
[2022-10-29T09:55:30.192+0000] {logging_mixin.py:117} INFO - [2022-10-29T09:55:30.192+0000] {dagbag.py:525} INFO - Filling up the DagBag from /home/airflow/.local/lib/python3.7/site-packages/airflow/example_dags/example_datasets.py
[2022-10-29T09:55:30.229+0000] {processor.py:768} INFO - DAG(s) dict_keys(['dataset_consumes_1_and_2', 'dataset_consumes_1_never_scheduled', 'dataset_produces_1', 'dataset_produces_2', 'dataset_consumes_1', 'dataset_consumes_unknown_never_scheduled']) retrieved from /home/airflow/.local/lib/python3.7/site-packages/airflow/example_dags/example_datasets.py
[2022-10-29T09:55:30.276+0000] {logging_mixin.py:117} INFO - [2022-10-29T09:55:30.276+0000] {dag.py:2573} INFO - Sync 6 DAGs
[2022-10-29T09:55:30.323+0000] {logging_mixin.py:117} INFO - [2022-10-29T09:55:30.323+0000] {dag.py:3328} INFO - Setting next_dagrun for dataset_consumes_1 to None, run_after=None
[2022-10-29T09:55:30.331+0000] {logging_mixin.py:117} INFO - [2022-10-29T09:55:30.331+0000] {dag.py:3328} INFO - Setting next_dagrun for dataset_consumes_1_and_2 to None, run_after=None
[2022-10-29T09:55:30.334+0000] {logging_mixin.py:117} INFO - [2022-10-29T09:55:30.334+0000] {dag.py:3328} INFO - Setting next_dagrun for dataset_consumes_1_never_scheduled to None, run_after=None
[2022-10-29T09:55:30.337+0000] {logging_mixin.py:117} INFO - [2022-10-29T09:55:30.337+0000] {dag.py:3328} INFO - Setting next_dagrun for dataset_consumes_unknown_never_scheduled to None, run_after=None
[2022-10-29T09:55:30.342+0000] {logging_mixin.py:117} INFO - [2022-10-29T09:55:30.342+0000] {dag.py:3328} INFO - Setting next_dagrun for dataset_produces_1 to 2022-10-28T00:00:00+00:00, run_after=2022-10-29T00:00:00+00:00
[2022-10-29T09:55:30.345+0000] {logging_mixin.py:117} INFO - [2022-10-29T09:55:30.345+0000] {dag.py:3328} INFO - Setting next_dagrun for dataset_produces_2 to None, run_after=None
[2022-10-29T09:55:30.399+0000] {processor.py:178} INFO - Processing /home/airflow/.local/lib/python3.7/site-packages/airflow/example_dags/example_datasets.py took 0.214 seconds
[2022-10-29T09:56:01.190+0000] {processor.py:156} INFO - Started process (PID=586) to work on /home/airflow/.local/lib/python3.7/site-packages/airflow/example_dags/example_datasets.py
[2022-10-29T09:56:01.191+0000] {processor.py:758} INFO - Processing file /home/airflow/.local/lib/python3.7/site-packages/airflow/example_dags/example_datasets.py for tasks to queue
[2022-10-29T09:56:01.193+0000] {logging_mixin.py:117} INFO - [2022-10-29T09:56:01.192+0000] {dagbag.py:525} INFO - Filling up the DagBag from /home/airflow/.local/lib/python3.7/site-packages/airflow/example_dags/example_datasets.py
[2022-10-29T09:56:01.217+0000] {processor.py:768} INFO - DAG(s) dict_keys(['dataset_consumes_1', 'dataset_produces_2', 'dataset_consumes_1_never_scheduled', 'dataset_consumes_1_and_2', 'dataset_produces_1', 'dataset_consumes_unknown_never_scheduled']) retrieved from /home/airflow/.local/lib/python3.7/site-packages/airflow/example_dags/example_datasets.py
[2022-10-29T09:56:01.427+0000] {logging_mixin.py:117} INFO - [2022-10-29T09:56:01.427+0000] {dag.py:2573} INFO - Sync 6 DAGs
[2022-10-29T09:56:01.465+0000] {logging_mixin.py:117} INFO - [2022-10-29T09:56:01.465+0000] {dag.py:3328} INFO - Setting next_dagrun for dataset_consumes_1 to None, run_after=None
[2022-10-29T09:56:01.471+0000] {logging_mixin.py:117} INFO - [2022-10-29T09:56:01.471+0000] {dag.py:3328} INFO - Setting next_dagrun for dataset_consumes_1_and_2 to None, run_after=None
[2022-10-29T09:56:01.473+0000] {logging_mixin.py:117} INFO - [2022-10-29T09:56:01.473+0000] {dag.py:3328} INFO - Setting next_dagrun for dataset_consumes_1_never_scheduled to None, run_after=None
[2022-10-29T09:56:01.475+0000] {logging_mixin.py:117} INFO - [2022-10-29T09:56:01.475+0000] {dag.py:3328} INFO - Setting next_dagrun for dataset_consumes_unknown_never_scheduled to None, run_after=None
[2022-10-29T09:56:01.481+0000] {logging_mixin.py:117} INFO - [2022-10-29T09:56:01.481+0000] {dag.py:3328} INFO - Setting next_dagrun for dataset_produces_1 to 2022-10-28T00:00:00+00:00, run_after=2022-10-29T00:00:00+00:00
[2022-10-29T09:56:01.486+0000] {logging_mixin.py:117} INFO - [2022-10-29T09:56:01.485+0000] {dag.py:3328} INFO - Setting next_dagrun for dataset_produces_2 to None, run_after=None
[2022-10-29T09:56:01.552+0000] {processor.py:178} INFO - Processing /home/airflow/.local/lib/python3.7/site-packages/airflow/example_dags/example_datasets.py took 0.365 seconds
[2022-10-29T09:56:31.635+0000] {processor.py:156} INFO - Started process (PID=649) to work on /home/airflow/.local/lib/python3.7/site-packages/airflow/example_dags/example_datasets.py
[2022-10-29T09:56:31.637+0000] {processor.py:758} INFO - Processing file /home/airflow/.local/lib/python3.7/site-packages/airflow/example_dags/example_datasets.py for tasks to queue
[2022-10-29T09:56:31.638+0000] {logging_mixin.py:117} INFO - [2022-10-29T09:56:31.638+0000] {dagbag.py:525} INFO - Filling up the DagBag from /home/airflow/.local/lib/python3.7/site-packages/airflow/example_dags/example_datasets.py
[2022-10-29T09:56:31.662+0000] {processor.py:768} INFO - DAG(s) dict_keys(['dataset_produces_2', 'dataset_consumes_1_never_scheduled', 'dataset_produces_1', 'dataset_consumes_1', 'dataset_consumes_1_and_2', 'dataset_consumes_unknown_never_scheduled']) retrieved from /home/airflow/.local/lib/python3.7/site-packages/airflow/example_dags/example_datasets.py
[2022-10-29T09:56:31.733+0000] {logging_mixin.py:117} INFO - [2022-10-29T09:56:31.733+0000] {dag.py:2573} INFO - Sync 6 DAGs
[2022-10-29T09:56:31.776+0000] {logging_mixin.py:117} INFO - [2022-10-29T09:56:31.776+0000] {dag.py:3328} INFO - Setting next_dagrun for dataset_consumes_1 to None, run_after=None
[2022-10-29T09:56:31.783+0000] {logging_mixin.py:117} INFO - [2022-10-29T09:56:31.782+0000] {dag.py:3328} INFO - Setting next_dagrun for dataset_consumes_1_and_2 to None, run_after=None
[2022-10-29T09:56:31.785+0000] {logging_mixin.py:117} INFO - [2022-10-29T09:56:31.785+0000] {dag.py:3328} INFO - Setting next_dagrun for dataset_consumes_1_never_scheduled to None, run_after=None
[2022-10-29T09:56:31.787+0000] {logging_mixin.py:117} INFO - [2022-10-29T09:56:31.787+0000] {dag.py:3328} INFO - Setting next_dagrun for dataset_consumes_unknown_never_scheduled to None, run_after=None
[2022-10-29T09:56:31.791+0000] {logging_mixin.py:117} INFO - [2022-10-29T09:56:31.791+0000] {dag.py:3328} INFO - Setting next_dagrun for dataset_produces_1 to 2022-10-28T00:00:00+00:00, run_after=2022-10-29T00:00:00+00:00
[2022-10-29T09:56:31.794+0000] {logging_mixin.py:117} INFO - [2022-10-29T09:56:31.793+0000] {dag.py:3328} INFO - Setting next_dagrun for dataset_produces_2 to None, run_after=None
[2022-10-29T09:56:31.835+0000] {processor.py:178} INFO - Processing /home/airflow/.local/lib/python3.7/site-packages/airflow/example_dags/example_datasets.py took 0.204 seconds
[2022-10-29T09:57:01.943+0000] {processor.py:156} INFO - Started process (PID=703) to work on /home/airflow/.local/lib/python3.7/site-packages/airflow/example_dags/example_datasets.py
[2022-10-29T09:57:01.944+0000] {processor.py:758} INFO - Processing file /home/airflow/.local/lib/python3.7/site-packages/airflow/example_dags/example_datasets.py for tasks to queue
[2022-10-29T09:57:01.945+0000] {logging_mixin.py:117} INFO - [2022-10-29T09:57:01.945+0000] {dagbag.py:525} INFO - Filling up the DagBag from /home/airflow/.local/lib/python3.7/site-packages/airflow/example_dags/example_datasets.py
[2022-10-29T09:57:01.971+0000] {processor.py:768} INFO - DAG(s) dict_keys(['dataset_consumes_1_never_scheduled', 'dataset_consumes_1_and_2', 'dataset_produces_1', 'dataset_produces_2', 'dataset_consumes_unknown_never_scheduled', 'dataset_consumes_1']) retrieved from /home/airflow/.local/lib/python3.7/site-packages/airflow/example_dags/example_datasets.py
[2022-10-29T09:57:02.051+0000] {logging_mixin.py:117} INFO - [2022-10-29T09:57:02.051+0000] {dag.py:2573} INFO - Sync 6 DAGs
[2022-10-29T09:57:02.098+0000] {logging_mixin.py:117} INFO - [2022-10-29T09:57:02.098+0000] {dag.py:3328} INFO - Setting next_dagrun for dataset_consumes_1 to None, run_after=None
[2022-10-29T09:57:02.103+0000] {logging_mixin.py:117} INFO - [2022-10-29T09:57:02.103+0000] {dag.py:3328} INFO - Setting next_dagrun for dataset_consumes_1_and_2 to None, run_after=None
[2022-10-29T09:57:02.105+0000] {logging_mixin.py:117} INFO - [2022-10-29T09:57:02.105+0000] {dag.py:3328} INFO - Setting next_dagrun for dataset_consumes_1_never_scheduled to None, run_after=None
[2022-10-29T09:57:02.108+0000] {logging_mixin.py:117} INFO - [2022-10-29T09:57:02.108+0000] {dag.py:3328} INFO - Setting next_dagrun for dataset_consumes_unknown_never_scheduled to None, run_after=None
[2022-10-29T09:57:02.112+0000] {logging_mixin.py:117} INFO - [2022-10-29T09:57:02.112+0000] {dag.py:3328} INFO - Setting next_dagrun for dataset_produces_1 to 2022-10-28T00:00:00+00:00, run_after=2022-10-29T00:00:00+00:00
[2022-10-29T09:57:02.114+0000] {logging_mixin.py:117} INFO - [2022-10-29T09:57:02.114+0000] {dag.py:3328} INFO - Setting next_dagrun for dataset_produces_2 to None, run_after=None
[2022-10-29T09:57:02.160+0000] {processor.py:178} INFO - Processing /home/airflow/.local/lib/python3.7/site-packages/airflow/example_dags/example_datasets.py took 0.221 seconds
[2022-10-29T10:02:54.427+0000] {processor.py:156} INFO - Started process (PID=64) to work on /home/airflow/.local/lib/python3.7/site-packages/airflow/example_dags/example_datasets.py
[2022-10-29T10:02:54.429+0000] {processor.py:758} INFO - Processing file /home/airflow/.local/lib/python3.7/site-packages/airflow/example_dags/example_datasets.py for tasks to queue
[2022-10-29T10:02:54.430+0000] {logging_mixin.py:117} INFO - [2022-10-29T10:02:54.430+0000] {dagbag.py:525} INFO - Filling up the DagBag from /home/airflow/.local/lib/python3.7/site-packages/airflow/example_dags/example_datasets.py
[2022-10-29T10:02:54.458+0000] {processor.py:768} INFO - DAG(s) dict_keys(['dataset_consumes_1', 'dataset_produces_1', 'dataset_consumes_1_and_2', 'dataset_produces_2', 'dataset_consumes_unknown_never_scheduled', 'dataset_consumes_1_never_scheduled']) retrieved from /home/airflow/.local/lib/python3.7/site-packages/airflow/example_dags/example_datasets.py
[2022-10-29T10:02:54.616+0000] {logging_mixin.py:117} INFO - [2022-10-29T10:02:54.615+0000] {dag.py:2573} INFO - Sync 6 DAGs
[2022-10-29T10:02:54.657+0000] {logging_mixin.py:117} INFO - [2022-10-29T10:02:54.656+0000] {dag.py:3328} INFO - Setting next_dagrun for dataset_consumes_1 to None, run_after=None
[2022-10-29T10:02:54.662+0000] {logging_mixin.py:117} INFO - [2022-10-29T10:02:54.662+0000] {dag.py:3328} INFO - Setting next_dagrun for dataset_consumes_1_and_2 to None, run_after=None
[2022-10-29T10:02:54.665+0000] {logging_mixin.py:117} INFO - [2022-10-29T10:02:54.665+0000] {dag.py:3328} INFO - Setting next_dagrun for dataset_consumes_1_never_scheduled to None, run_after=None
[2022-10-29T10:02:54.667+0000] {logging_mixin.py:117} INFO - [2022-10-29T10:02:54.667+0000] {dag.py:3328} INFO - Setting next_dagrun for dataset_consumes_unknown_never_scheduled to None, run_after=None
[2022-10-29T10:02:54.671+0000] {logging_mixin.py:117} INFO - [2022-10-29T10:02:54.671+0000] {dag.py:3328} INFO - Setting next_dagrun for dataset_produces_1 to 2022-10-28T00:00:00+00:00, run_after=2022-10-29T00:00:00+00:00
[2022-10-29T10:02:54.674+0000] {logging_mixin.py:117} INFO - [2022-10-29T10:02:54.673+0000] {dag.py:3328} INFO - Setting next_dagrun for dataset_produces_2 to None, run_after=None
[2022-10-29T10:02:54.721+0000] {processor.py:178} INFO - Processing /home/airflow/.local/lib/python3.7/site-packages/airflow/example_dags/example_datasets.py took 0.297 seconds
[2022-10-29T10:03:25.144+0000] {processor.py:156} INFO - Started process (PID=118) to work on /home/airflow/.local/lib/python3.7/site-packages/airflow/example_dags/example_datasets.py
[2022-10-29T10:03:25.146+0000] {processor.py:758} INFO - Processing file /home/airflow/.local/lib/python3.7/site-packages/airflow/example_dags/example_datasets.py for tasks to queue
[2022-10-29T10:03:25.147+0000] {logging_mixin.py:117} INFO - [2022-10-29T10:03:25.147+0000] {dagbag.py:525} INFO - Filling up the DagBag from /home/airflow/.local/lib/python3.7/site-packages/airflow/example_dags/example_datasets.py
[2022-10-29T10:03:25.169+0000] {processor.py:768} INFO - DAG(s) dict_keys(['dataset_consumes_1', 'dataset_produces_2', 'dataset_produces_1', 'dataset_consumes_1_never_scheduled', 'dataset_consumes_unknown_never_scheduled', 'dataset_consumes_1_and_2']) retrieved from /home/airflow/.local/lib/python3.7/site-packages/airflow/example_dags/example_datasets.py
[2022-10-29T10:03:25.244+0000] {logging_mixin.py:117} INFO - [2022-10-29T10:03:25.244+0000] {dag.py:2573} INFO - Sync 6 DAGs
[2022-10-29T10:03:25.282+0000] {logging_mixin.py:117} INFO - [2022-10-29T10:03:25.282+0000] {dag.py:3328} INFO - Setting next_dagrun for dataset_consumes_1 to None, run_after=None
[2022-10-29T10:03:25.290+0000] {logging_mixin.py:117} INFO - [2022-10-29T10:03:25.290+0000] {dag.py:3328} INFO - Setting next_dagrun for dataset_consumes_1_and_2 to None, run_after=None
[2022-10-29T10:03:25.293+0000] {logging_mixin.py:117} INFO - [2022-10-29T10:03:25.293+0000] {dag.py:3328} INFO - Setting next_dagrun for dataset_consumes_1_never_scheduled to None, run_after=None
[2022-10-29T10:03:25.296+0000] {logging_mixin.py:117} INFO - [2022-10-29T10:03:25.296+0000] {dag.py:3328} INFO - Setting next_dagrun for dataset_consumes_unknown_never_scheduled to None, run_after=None
[2022-10-29T10:03:25.302+0000] {logging_mixin.py:117} INFO - [2022-10-29T10:03:25.301+0000] {dag.py:3328} INFO - Setting next_dagrun for dataset_produces_1 to 2022-10-28T00:00:00+00:00, run_after=2022-10-29T00:00:00+00:00
[2022-10-29T10:03:25.304+0000] {logging_mixin.py:117} INFO - [2022-10-29T10:03:25.304+0000] {dag.py:3328} INFO - Setting next_dagrun for dataset_produces_2 to None, run_after=None
[2022-10-29T10:03:25.348+0000] {processor.py:178} INFO - Processing /home/airflow/.local/lib/python3.7/site-packages/airflow/example_dags/example_datasets.py took 0.206 seconds
