[2022-10-29T09:43:14.057+0000] {processor.py:156} INFO - Started process (PID=83) to work on /home/airflow/.local/lib/python3.7/site-packages/airflow/example_dags/example_task_group.py
[2022-10-29T09:43:14.058+0000] {processor.py:758} INFO - Processing file /home/airflow/.local/lib/python3.7/site-packages/airflow/example_dags/example_task_group.py for tasks to queue
[2022-10-29T09:43:14.059+0000] {logging_mixin.py:117} INFO - [2022-10-29T09:43:14.059+0000] {dagbag.py:525} INFO - Filling up the DagBag from /home/airflow/.local/lib/python3.7/site-packages/airflow/example_dags/example_task_group.py
[2022-10-29T09:43:14.076+0000] {processor.py:768} INFO - DAG(s) dict_keys(['example_task_group']) retrieved from /home/airflow/.local/lib/python3.7/site-packages/airflow/example_dags/example_task_group.py
[2022-10-29T09:43:14.108+0000] {logging_mixin.py:117} INFO - [2022-10-29T09:43:14.108+0000] {dag.py:2573} INFO - Sync 1 DAGs
[2022-10-29T09:43:14.149+0000] {logging_mixin.py:117} INFO - [2022-10-29T09:43:14.149+0000] {dag.py:3328} INFO - Setting next_dagrun for example_task_group to 2022-10-28T09:43:14.148752+00:00, run_after=2022-10-29T09:43:14.148752+00:00
[2022-10-29T09:43:14.179+0000] {processor.py:178} INFO - Processing /home/airflow/.local/lib/python3.7/site-packages/airflow/example_dags/example_task_group.py took 0.125 seconds
[2022-10-29T09:43:45.467+0000] {processor.py:156} INFO - Started process (PID=137) to work on /home/airflow/.local/lib/python3.7/site-packages/airflow/example_dags/example_task_group.py
[2022-10-29T09:43:45.468+0000] {processor.py:758} INFO - Processing file /home/airflow/.local/lib/python3.7/site-packages/airflow/example_dags/example_task_group.py for tasks to queue
[2022-10-29T09:43:45.469+0000] {logging_mixin.py:117} INFO - [2022-10-29T09:43:45.469+0000] {dagbag.py:525} INFO - Filling up the DagBag from /home/airflow/.local/lib/python3.7/site-packages/airflow/example_dags/example_task_group.py
[2022-10-29T09:43:45.487+0000] {processor.py:768} INFO - DAG(s) dict_keys(['example_task_group']) retrieved from /home/airflow/.local/lib/python3.7/site-packages/airflow/example_dags/example_task_group.py
[2022-10-29T09:43:45.563+0000] {logging_mixin.py:117} INFO - [2022-10-29T09:43:45.563+0000] {dag.py:2573} INFO - Sync 1 DAGs
[2022-10-29T09:43:45.602+0000] {logging_mixin.py:117} INFO - [2022-10-29T09:43:45.602+0000] {dag.py:3328} INFO - Setting next_dagrun for example_task_group to 2022-10-28T09:43:45.601674+00:00, run_after=2022-10-29T09:43:45.601674+00:00
[2022-10-29T09:43:45.630+0000] {processor.py:178} INFO - Processing /home/airflow/.local/lib/python3.7/site-packages/airflow/example_dags/example_task_group.py took 0.166 seconds
[2022-10-29T09:44:16.080+0000] {processor.py:156} INFO - Started process (PID=201) to work on /home/airflow/.local/lib/python3.7/site-packages/airflow/example_dags/example_task_group.py
[2022-10-29T09:44:16.082+0000] {processor.py:758} INFO - Processing file /home/airflow/.local/lib/python3.7/site-packages/airflow/example_dags/example_task_group.py for tasks to queue
[2022-10-29T09:44:16.083+0000] {logging_mixin.py:117} INFO - [2022-10-29T09:44:16.083+0000] {dagbag.py:525} INFO - Filling up the DagBag from /home/airflow/.local/lib/python3.7/site-packages/airflow/example_dags/example_task_group.py
[2022-10-29T09:44:16.107+0000] {processor.py:768} INFO - DAG(s) dict_keys(['example_task_group']) retrieved from /home/airflow/.local/lib/python3.7/site-packages/airflow/example_dags/example_task_group.py
[2022-10-29T09:44:16.159+0000] {logging_mixin.py:117} INFO - [2022-10-29T09:44:16.158+0000] {dag.py:2573} INFO - Sync 1 DAGs
[2022-10-29T09:44:16.193+0000] {logging_mixin.py:117} INFO - [2022-10-29T09:44:16.193+0000] {dag.py:3328} INFO - Setting next_dagrun for example_task_group to 2022-10-28T09:44:16.193043+00:00, run_after=2022-10-29T09:44:16.193043+00:00
[2022-10-29T09:44:16.228+0000] {processor.py:178} INFO - Processing /home/airflow/.local/lib/python3.7/site-packages/airflow/example_dags/example_task_group.py took 0.150 seconds
[2022-10-29T09:44:47.062+0000] {processor.py:156} INFO - Started process (PID=264) to work on /home/airflow/.local/lib/python3.7/site-packages/airflow/example_dags/example_task_group.py
[2022-10-29T09:44:47.064+0000] {processor.py:758} INFO - Processing file /home/airflow/.local/lib/python3.7/site-packages/airflow/example_dags/example_task_group.py for tasks to queue
[2022-10-29T09:44:47.066+0000] {logging_mixin.py:117} INFO - [2022-10-29T09:44:47.066+0000] {dagbag.py:525} INFO - Filling up the DagBag from /home/airflow/.local/lib/python3.7/site-packages/airflow/example_dags/example_task_group.py
[2022-10-29T09:44:47.087+0000] {processor.py:768} INFO - DAG(s) dict_keys(['example_task_group']) retrieved from /home/airflow/.local/lib/python3.7/site-packages/airflow/example_dags/example_task_group.py
[2022-10-29T09:44:47.174+0000] {logging_mixin.py:117} INFO - [2022-10-29T09:44:47.174+0000] {dag.py:2573} INFO - Sync 1 DAGs
[2022-10-29T09:44:47.208+0000] {logging_mixin.py:117} INFO - [2022-10-29T09:44:47.208+0000] {dag.py:3328} INFO - Setting next_dagrun for example_task_group to 2022-10-28T09:44:47.207753+00:00, run_after=2022-10-29T09:44:47.207753+00:00
[2022-10-29T09:44:47.235+0000] {processor.py:178} INFO - Processing /home/airflow/.local/lib/python3.7/site-packages/airflow/example_dags/example_task_group.py took 0.177 seconds
[2022-10-29T09:45:18.016+0000] {processor.py:156} INFO - Started process (PID=317) to work on /home/airflow/.local/lib/python3.7/site-packages/airflow/example_dags/example_task_group.py
[2022-10-29T09:45:18.018+0000] {processor.py:758} INFO - Processing file /home/airflow/.local/lib/python3.7/site-packages/airflow/example_dags/example_task_group.py for tasks to queue
[2022-10-29T09:45:18.019+0000] {logging_mixin.py:117} INFO - [2022-10-29T09:45:18.019+0000] {dagbag.py:525} INFO - Filling up the DagBag from /home/airflow/.local/lib/python3.7/site-packages/airflow/example_dags/example_task_group.py
[2022-10-29T09:45:18.043+0000] {processor.py:768} INFO - DAG(s) dict_keys(['example_task_group']) retrieved from /home/airflow/.local/lib/python3.7/site-packages/airflow/example_dags/example_task_group.py
[2022-10-29T09:45:18.108+0000] {logging_mixin.py:117} INFO - [2022-10-29T09:45:18.108+0000] {dag.py:2573} INFO - Sync 1 DAGs
[2022-10-29T09:45:18.149+0000] {logging_mixin.py:117} INFO - [2022-10-29T09:45:18.148+0000] {dag.py:3328} INFO - Setting next_dagrun for example_task_group to 2022-10-28T09:45:18.148484+00:00, run_after=2022-10-29T09:45:18.148484+00:00
[2022-10-29T09:45:18.182+0000] {processor.py:178} INFO - Processing /home/airflow/.local/lib/python3.7/site-packages/airflow/example_dags/example_task_group.py took 0.169 seconds
[2022-10-29T09:45:48.789+0000] {processor.py:156} INFO - Started process (PID=382) to work on /home/airflow/.local/lib/python3.7/site-packages/airflow/example_dags/example_task_group.py
[2022-10-29T09:45:48.791+0000] {processor.py:758} INFO - Processing file /home/airflow/.local/lib/python3.7/site-packages/airflow/example_dags/example_task_group.py for tasks to queue
[2022-10-29T09:45:48.792+0000] {logging_mixin.py:117} INFO - [2022-10-29T09:45:48.792+0000] {dagbag.py:525} INFO - Filling up the DagBag from /home/airflow/.local/lib/python3.7/site-packages/airflow/example_dags/example_task_group.py
[2022-10-29T09:45:48.815+0000] {processor.py:768} INFO - DAG(s) dict_keys(['example_task_group']) retrieved from /home/airflow/.local/lib/python3.7/site-packages/airflow/example_dags/example_task_group.py
[2022-10-29T09:45:48.869+0000] {logging_mixin.py:117} INFO - [2022-10-29T09:45:48.869+0000] {dag.py:2573} INFO - Sync 1 DAGs
[2022-10-29T09:45:48.909+0000] {logging_mixin.py:117} INFO - [2022-10-29T09:45:48.909+0000] {dag.py:3328} INFO - Setting next_dagrun for example_task_group to 2022-10-28T09:45:48.909028+00:00, run_after=2022-10-29T09:45:48.909028+00:00
[2022-10-29T09:45:48.947+0000] {processor.py:178} INFO - Processing /home/airflow/.local/lib/python3.7/site-packages/airflow/example_dags/example_task_group.py took 0.161 seconds
[2022-10-29T09:46:19.234+0000] {processor.py:156} INFO - Started process (PID=436) to work on /home/airflow/.local/lib/python3.7/site-packages/airflow/example_dags/example_task_group.py
[2022-10-29T09:46:19.236+0000] {processor.py:758} INFO - Processing file /home/airflow/.local/lib/python3.7/site-packages/airflow/example_dags/example_task_group.py for tasks to queue
[2022-10-29T09:46:19.237+0000] {logging_mixin.py:117} INFO - [2022-10-29T09:46:19.237+0000] {dagbag.py:525} INFO - Filling up the DagBag from /home/airflow/.local/lib/python3.7/site-packages/airflow/example_dags/example_task_group.py
[2022-10-29T09:46:19.256+0000] {processor.py:768} INFO - DAG(s) dict_keys(['example_task_group']) retrieved from /home/airflow/.local/lib/python3.7/site-packages/airflow/example_dags/example_task_group.py
[2022-10-29T09:46:19.308+0000] {logging_mixin.py:117} INFO - [2022-10-29T09:46:19.307+0000] {dag.py:2573} INFO - Sync 1 DAGs
[2022-10-29T09:46:19.343+0000] {logging_mixin.py:117} INFO - [2022-10-29T09:46:19.342+0000] {dag.py:3328} INFO - Setting next_dagrun for example_task_group to 2022-10-28T09:46:19.342597+00:00, run_after=2022-10-29T09:46:19.342597+00:00
[2022-10-29T09:46:19.373+0000] {processor.py:178} INFO - Processing /home/airflow/.local/lib/python3.7/site-packages/airflow/example_dags/example_task_group.py took 0.142 seconds
[2022-10-29T09:53:34.725+0000] {processor.py:156} INFO - Started process (PID=316) to work on /home/airflow/.local/lib/python3.7/site-packages/airflow/example_dags/example_task_group.py
[2022-10-29T09:53:34.728+0000] {processor.py:758} INFO - Processing file /home/airflow/.local/lib/python3.7/site-packages/airflow/example_dags/example_task_group.py for tasks to queue
[2022-10-29T09:53:34.730+0000] {logging_mixin.py:117} INFO - [2022-10-29T09:53:34.730+0000] {dagbag.py:525} INFO - Filling up the DagBag from /home/airflow/.local/lib/python3.7/site-packages/airflow/example_dags/example_task_group.py
[2022-10-29T09:53:34.759+0000] {processor.py:768} INFO - DAG(s) dict_keys(['example_task_group']) retrieved from /home/airflow/.local/lib/python3.7/site-packages/airflow/example_dags/example_task_group.py
[2022-10-29T09:53:35.213+0000] {logging_mixin.py:117} INFO - [2022-10-29T09:53:35.212+0000] {dag.py:2573} INFO - Sync 1 DAGs
[2022-10-29T09:53:35.271+0000] {logging_mixin.py:117} INFO - [2022-10-29T09:53:35.271+0000] {dag.py:3328} INFO - Setting next_dagrun for example_task_group to 2022-10-28T09:53:35.270875+00:00, run_after=2022-10-29T09:53:35.270875+00:00
[2022-10-29T09:53:35.329+0000] {processor.py:178} INFO - Processing /home/airflow/.local/lib/python3.7/site-packages/airflow/example_dags/example_task_group.py took 0.610 seconds
[2022-10-29T09:54:05.702+0000] {processor.py:156} INFO - Started process (PID=379) to work on /home/airflow/.local/lib/python3.7/site-packages/airflow/example_dags/example_task_group.py
[2022-10-29T09:54:05.703+0000] {processor.py:758} INFO - Processing file /home/airflow/.local/lib/python3.7/site-packages/airflow/example_dags/example_task_group.py for tasks to queue
[2022-10-29T09:54:05.704+0000] {logging_mixin.py:117} INFO - [2022-10-29T09:54:05.704+0000] {dagbag.py:525} INFO - Filling up the DagBag from /home/airflow/.local/lib/python3.7/site-packages/airflow/example_dags/example_task_group.py
[2022-10-29T09:54:05.735+0000] {processor.py:768} INFO - DAG(s) dict_keys(['example_task_group']) retrieved from /home/airflow/.local/lib/python3.7/site-packages/airflow/example_dags/example_task_group.py
[2022-10-29T09:54:06.018+0000] {logging_mixin.py:117} INFO - [2022-10-29T09:54:06.017+0000] {dag.py:2573} INFO - Sync 1 DAGs
[2022-10-29T09:54:06.049+0000] {logging_mixin.py:117} INFO - [2022-10-29T09:54:06.049+0000] {dag.py:3328} INFO - Setting next_dagrun for example_task_group to 2022-10-28T09:54:06.049335+00:00, run_after=2022-10-29T09:54:06.049335+00:00
[2022-10-29T09:54:06.077+0000] {processor.py:178} INFO - Processing /home/airflow/.local/lib/python3.7/site-packages/airflow/example_dags/example_task_group.py took 0.378 seconds
[2022-10-29T09:54:36.522+0000] {processor.py:156} INFO - Started process (PID=434) to work on /home/airflow/.local/lib/python3.7/site-packages/airflow/example_dags/example_task_group.py
[2022-10-29T09:54:36.524+0000] {processor.py:758} INFO - Processing file /home/airflow/.local/lib/python3.7/site-packages/airflow/example_dags/example_task_group.py for tasks to queue
[2022-10-29T09:54:36.527+0000] {logging_mixin.py:117} INFO - [2022-10-29T09:54:36.527+0000] {dagbag.py:525} INFO - Filling up the DagBag from /home/airflow/.local/lib/python3.7/site-packages/airflow/example_dags/example_task_group.py
[2022-10-29T09:54:36.747+0000] {processor.py:768} INFO - DAG(s) dict_keys(['example_task_group']) retrieved from /home/airflow/.local/lib/python3.7/site-packages/airflow/example_dags/example_task_group.py
[2022-10-29T09:54:36.823+0000] {logging_mixin.py:117} INFO - [2022-10-29T09:54:36.822+0000] {dag.py:2573} INFO - Sync 1 DAGs
[2022-10-29T09:54:36.863+0000] {logging_mixin.py:117} INFO - [2022-10-29T09:54:36.863+0000] {dag.py:3328} INFO - Setting next_dagrun for example_task_group to 2022-10-28T09:54:36.862853+00:00, run_after=2022-10-29T09:54:36.862853+00:00
[2022-10-29T09:54:36.913+0000] {processor.py:178} INFO - Processing /home/airflow/.local/lib/python3.7/site-packages/airflow/example_dags/example_task_group.py took 0.397 seconds
[2022-10-29T09:55:07.045+0000] {processor.py:156} INFO - Started process (PID=498) to work on /home/airflow/.local/lib/python3.7/site-packages/airflow/example_dags/example_task_group.py
[2022-10-29T09:55:07.046+0000] {processor.py:758} INFO - Processing file /home/airflow/.local/lib/python3.7/site-packages/airflow/example_dags/example_task_group.py for tasks to queue
[2022-10-29T09:55:07.048+0000] {logging_mixin.py:117} INFO - [2022-10-29T09:55:07.047+0000] {dagbag.py:525} INFO - Filling up the DagBag from /home/airflow/.local/lib/python3.7/site-packages/airflow/example_dags/example_task_group.py
[2022-10-29T09:55:07.066+0000] {processor.py:768} INFO - DAG(s) dict_keys(['example_task_group']) retrieved from /home/airflow/.local/lib/python3.7/site-packages/airflow/example_dags/example_task_group.py
[2022-10-29T09:55:07.117+0000] {logging_mixin.py:117} INFO - [2022-10-29T09:55:07.116+0000] {dag.py:2573} INFO - Sync 1 DAGs
[2022-10-29T09:55:07.165+0000] {logging_mixin.py:117} INFO - [2022-10-29T09:55:07.165+0000] {dag.py:3328} INFO - Setting next_dagrun for example_task_group to 2022-10-28T09:55:07.164884+00:00, run_after=2022-10-29T09:55:07.164884+00:00
[2022-10-29T09:55:07.217+0000] {processor.py:178} INFO - Processing /home/airflow/.local/lib/python3.7/site-packages/airflow/example_dags/example_task_group.py took 0.175 seconds
[2022-10-29T09:55:37.403+0000] {processor.py:156} INFO - Started process (PID=552) to work on /home/airflow/.local/lib/python3.7/site-packages/airflow/example_dags/example_task_group.py
[2022-10-29T09:55:37.404+0000] {processor.py:758} INFO - Processing file /home/airflow/.local/lib/python3.7/site-packages/airflow/example_dags/example_task_group.py for tasks to queue
[2022-10-29T09:55:37.405+0000] {logging_mixin.py:117} INFO - [2022-10-29T09:55:37.405+0000] {dagbag.py:525} INFO - Filling up the DagBag from /home/airflow/.local/lib/python3.7/site-packages/airflow/example_dags/example_task_group.py
[2022-10-29T09:55:37.423+0000] {processor.py:768} INFO - DAG(s) dict_keys(['example_task_group']) retrieved from /home/airflow/.local/lib/python3.7/site-packages/airflow/example_dags/example_task_group.py
[2022-10-29T09:55:37.456+0000] {logging_mixin.py:117} INFO - [2022-10-29T09:55:37.456+0000] {dag.py:2573} INFO - Sync 1 DAGs
[2022-10-29T09:55:37.490+0000] {logging_mixin.py:117} INFO - [2022-10-29T09:55:37.490+0000] {dag.py:3328} INFO - Setting next_dagrun for example_task_group to 2022-10-28T09:55:37.489858+00:00, run_after=2022-10-29T09:55:37.489858+00:00
[2022-10-29T09:55:37.517+0000] {processor.py:178} INFO - Processing /home/airflow/.local/lib/python3.7/site-packages/airflow/example_dags/example_task_group.py took 0.117 seconds
[2022-10-29T09:56:07.683+0000] {processor.py:156} INFO - Started process (PID=615) to work on /home/airflow/.local/lib/python3.7/site-packages/airflow/example_dags/example_task_group.py
[2022-10-29T09:56:07.684+0000] {processor.py:758} INFO - Processing file /home/airflow/.local/lib/python3.7/site-packages/airflow/example_dags/example_task_group.py for tasks to queue
[2022-10-29T09:56:07.685+0000] {logging_mixin.py:117} INFO - [2022-10-29T09:56:07.685+0000] {dagbag.py:525} INFO - Filling up the DagBag from /home/airflow/.local/lib/python3.7/site-packages/airflow/example_dags/example_task_group.py
[2022-10-29T09:56:07.703+0000] {processor.py:768} INFO - DAG(s) dict_keys(['example_task_group']) retrieved from /home/airflow/.local/lib/python3.7/site-packages/airflow/example_dags/example_task_group.py
[2022-10-29T09:56:07.750+0000] {logging_mixin.py:117} INFO - [2022-10-29T09:56:07.749+0000] {dag.py:2573} INFO - Sync 1 DAGs
[2022-10-29T09:56:07.786+0000] {logging_mixin.py:117} INFO - [2022-10-29T09:56:07.785+0000] {dag.py:3328} INFO - Setting next_dagrun for example_task_group to 2022-10-28T09:56:07.785500+00:00, run_after=2022-10-29T09:56:07.785500+00:00
[2022-10-29T09:56:07.820+0000] {processor.py:178} INFO - Processing /home/airflow/.local/lib/python3.7/site-packages/airflow/example_dags/example_task_group.py took 0.139 seconds
[2022-10-29T09:56:38.203+0000] {processor.py:156} INFO - Started process (PID=669) to work on /home/airflow/.local/lib/python3.7/site-packages/airflow/example_dags/example_task_group.py
[2022-10-29T09:56:38.204+0000] {processor.py:758} INFO - Processing file /home/airflow/.local/lib/python3.7/site-packages/airflow/example_dags/example_task_group.py for tasks to queue
[2022-10-29T09:56:38.205+0000] {logging_mixin.py:117} INFO - [2022-10-29T09:56:38.205+0000] {dagbag.py:525} INFO - Filling up the DagBag from /home/airflow/.local/lib/python3.7/site-packages/airflow/example_dags/example_task_group.py
[2022-10-29T09:56:38.231+0000] {processor.py:768} INFO - DAG(s) dict_keys(['example_task_group']) retrieved from /home/airflow/.local/lib/python3.7/site-packages/airflow/example_dags/example_task_group.py
[2022-10-29T09:56:38.293+0000] {logging_mixin.py:117} INFO - [2022-10-29T09:56:38.293+0000] {dag.py:2573} INFO - Sync 1 DAGs
[2022-10-29T09:56:38.343+0000] {logging_mixin.py:117} INFO - [2022-10-29T09:56:38.342+0000] {dag.py:3328} INFO - Setting next_dagrun for example_task_group to 2022-10-28T09:56:38.342620+00:00, run_after=2022-10-29T09:56:38.342620+00:00
[2022-10-29T09:56:38.375+0000] {processor.py:178} INFO - Processing /home/airflow/.local/lib/python3.7/site-packages/airflow/example_dags/example_task_group.py took 0.176 seconds
[2022-10-29T09:57:08.545+0000] {processor.py:156} INFO - Started process (PID=732) to work on /home/airflow/.local/lib/python3.7/site-packages/airflow/example_dags/example_task_group.py
[2022-10-29T09:57:08.546+0000] {processor.py:758} INFO - Processing file /home/airflow/.local/lib/python3.7/site-packages/airflow/example_dags/example_task_group.py for tasks to queue
[2022-10-29T09:57:08.547+0000] {logging_mixin.py:117} INFO - [2022-10-29T09:57:08.547+0000] {dagbag.py:525} INFO - Filling up the DagBag from /home/airflow/.local/lib/python3.7/site-packages/airflow/example_dags/example_task_group.py
[2022-10-29T09:57:08.567+0000] {processor.py:768} INFO - DAG(s) dict_keys(['example_task_group']) retrieved from /home/airflow/.local/lib/python3.7/site-packages/airflow/example_dags/example_task_group.py
[2022-10-29T09:57:08.616+0000] {logging_mixin.py:117} INFO - [2022-10-29T09:57:08.615+0000] {dag.py:2573} INFO - Sync 1 DAGs
[2022-10-29T09:57:08.654+0000] {logging_mixin.py:117} INFO - [2022-10-29T09:57:08.654+0000] {dag.py:3328} INFO - Setting next_dagrun for example_task_group to 2022-10-28T09:57:08.653399+00:00, run_after=2022-10-29T09:57:08.653399+00:00
[2022-10-29T09:57:08.692+0000] {processor.py:178} INFO - Processing /home/airflow/.local/lib/python3.7/site-packages/airflow/example_dags/example_task_group.py took 0.151 seconds
[2022-10-29T10:02:57.038+0000] {processor.py:156} INFO - Started process (PID=84) to work on /home/airflow/.local/lib/python3.7/site-packages/airflow/example_dags/example_task_group.py
[2022-10-29T10:02:57.040+0000] {processor.py:758} INFO - Processing file /home/airflow/.local/lib/python3.7/site-packages/airflow/example_dags/example_task_group.py for tasks to queue
[2022-10-29T10:02:57.041+0000] {logging_mixin.py:117} INFO - [2022-10-29T10:02:57.041+0000] {dagbag.py:525} INFO - Filling up the DagBag from /home/airflow/.local/lib/python3.7/site-packages/airflow/example_dags/example_task_group.py
[2022-10-29T10:02:57.066+0000] {processor.py:768} INFO - DAG(s) dict_keys(['example_task_group']) retrieved from /home/airflow/.local/lib/python3.7/site-packages/airflow/example_dags/example_task_group.py
[2022-10-29T10:02:57.127+0000] {logging_mixin.py:117} INFO - [2022-10-29T10:02:57.127+0000] {dag.py:2573} INFO - Sync 1 DAGs
[2022-10-29T10:02:57.178+0000] {logging_mixin.py:117} INFO - [2022-10-29T10:02:57.177+0000] {dag.py:3328} INFO - Setting next_dagrun for example_task_group to 2022-10-28T10:02:57.177585+00:00, run_after=2022-10-29T10:02:57.177585+00:00
[2022-10-29T10:02:57.227+0000] {processor.py:178} INFO - Processing /home/airflow/.local/lib/python3.7/site-packages/airflow/example_dags/example_task_group.py took 0.191 seconds
[2022-10-29T10:03:27.411+0000] {processor.py:156} INFO - Started process (PID=147) to work on /home/airflow/.local/lib/python3.7/site-packages/airflow/example_dags/example_task_group.py
[2022-10-29T10:03:27.413+0000] {processor.py:758} INFO - Processing file /home/airflow/.local/lib/python3.7/site-packages/airflow/example_dags/example_task_group.py for tasks to queue
[2022-10-29T10:03:27.414+0000] {logging_mixin.py:117} INFO - [2022-10-29T10:03:27.414+0000] {dagbag.py:525} INFO - Filling up the DagBag from /home/airflow/.local/lib/python3.7/site-packages/airflow/example_dags/example_task_group.py
[2022-10-29T10:03:27.444+0000] {processor.py:768} INFO - DAG(s) dict_keys(['example_task_group']) retrieved from /home/airflow/.local/lib/python3.7/site-packages/airflow/example_dags/example_task_group.py
[2022-10-29T10:03:27.511+0000] {logging_mixin.py:117} INFO - [2022-10-29T10:03:27.510+0000] {dag.py:2573} INFO - Sync 1 DAGs
[2022-10-29T10:03:27.553+0000] {logging_mixin.py:117} INFO - [2022-10-29T10:03:27.552+0000] {dag.py:3328} INFO - Setting next_dagrun for example_task_group to 2022-10-28T10:03:27.552402+00:00, run_after=2022-10-29T10:03:27.552402+00:00
[2022-10-29T10:03:27.596+0000] {processor.py:178} INFO - Processing /home/airflow/.local/lib/python3.7/site-packages/airflow/example_dags/example_task_group.py took 0.188 seconds
