[2022-10-29T09:43:13.612+0000] {processor.py:156} INFO - Started process (PID=77) to work on /home/airflow/.local/lib/python3.7/site-packages/airflow/example_dags/example_short_circuit_decorator.py
[2022-10-29T09:43:13.614+0000] {processor.py:758} INFO - Processing file /home/airflow/.local/lib/python3.7/site-packages/airflow/example_dags/example_short_circuit_decorator.py for tasks to queue
[2022-10-29T09:43:13.615+0000] {logging_mixin.py:117} INFO - [2022-10-29T09:43:13.615+0000] {dagbag.py:525} INFO - Filling up the DagBag from /home/airflow/.local/lib/python3.7/site-packages/airflow/example_dags/example_short_circuit_decorator.py
[2022-10-29T09:43:13.646+0000] {processor.py:768} INFO - DAG(s) dict_keys(['example_short_circuit_decorator']) retrieved from /home/airflow/.local/lib/python3.7/site-packages/airflow/example_dags/example_short_circuit_decorator.py
[2022-10-29T09:43:13.677+0000] {logging_mixin.py:117} INFO - [2022-10-29T09:43:13.676+0000] {dag.py:2573} INFO - Sync 1 DAGs
[2022-10-29T09:43:13.709+0000] {logging_mixin.py:117} INFO - [2022-10-29T09:43:13.709+0000] {dag.py:3328} INFO - Setting next_dagrun for example_short_circuit_decorator to 2022-10-28T09:43:13.708999+00:00, run_after=2022-10-29T09:43:13.708999+00:00
[2022-10-29T09:43:13.733+0000] {processor.py:178} INFO - Processing /home/airflow/.local/lib/python3.7/site-packages/airflow/example_dags/example_short_circuit_decorator.py took 0.124 seconds
[2022-10-29T09:43:44.799+0000] {processor.py:156} INFO - Started process (PID=131) to work on /home/airflow/.local/lib/python3.7/site-packages/airflow/example_dags/example_short_circuit_decorator.py
[2022-10-29T09:43:44.800+0000] {processor.py:758} INFO - Processing file /home/airflow/.local/lib/python3.7/site-packages/airflow/example_dags/example_short_circuit_decorator.py for tasks to queue
[2022-10-29T09:43:44.800+0000] {logging_mixin.py:117} INFO - [2022-10-29T09:43:44.800+0000] {dagbag.py:525} INFO - Filling up the DagBag from /home/airflow/.local/lib/python3.7/site-packages/airflow/example_dags/example_short_circuit_decorator.py
[2022-10-29T09:43:44.825+0000] {processor.py:768} INFO - DAG(s) dict_keys(['example_short_circuit_decorator']) retrieved from /home/airflow/.local/lib/python3.7/site-packages/airflow/example_dags/example_short_circuit_decorator.py
[2022-10-29T09:43:44.884+0000] {logging_mixin.py:117} INFO - [2022-10-29T09:43:44.884+0000] {dag.py:2573} INFO - Sync 1 DAGs
[2022-10-29T09:43:44.921+0000] {logging_mixin.py:117} INFO - [2022-10-29T09:43:44.921+0000] {dag.py:3328} INFO - Setting next_dagrun for example_short_circuit_decorator to 2022-10-28T09:43:44.920581+00:00, run_after=2022-10-29T09:43:44.920581+00:00
[2022-10-29T09:43:44.956+0000] {processor.py:178} INFO - Processing /home/airflow/.local/lib/python3.7/site-packages/airflow/example_dags/example_short_circuit_decorator.py took 0.160 seconds
[2022-10-29T09:44:15.228+0000] {processor.py:156} INFO - Started process (PID=195) to work on /home/airflow/.local/lib/python3.7/site-packages/airflow/example_dags/example_short_circuit_decorator.py
[2022-10-29T09:44:15.229+0000] {processor.py:758} INFO - Processing file /home/airflow/.local/lib/python3.7/site-packages/airflow/example_dags/example_short_circuit_decorator.py for tasks to queue
[2022-10-29T09:44:15.231+0000] {logging_mixin.py:117} INFO - [2022-10-29T09:44:15.231+0000] {dagbag.py:525} INFO - Filling up the DagBag from /home/airflow/.local/lib/python3.7/site-packages/airflow/example_dags/example_short_circuit_decorator.py
[2022-10-29T09:44:15.265+0000] {processor.py:768} INFO - DAG(s) dict_keys(['example_short_circuit_decorator']) retrieved from /home/airflow/.local/lib/python3.7/site-packages/airflow/example_dags/example_short_circuit_decorator.py
[2022-10-29T09:44:15.330+0000] {logging_mixin.py:117} INFO - [2022-10-29T09:44:15.329+0000] {dag.py:2573} INFO - Sync 1 DAGs
[2022-10-29T09:44:15.376+0000] {logging_mixin.py:117} INFO - [2022-10-29T09:44:15.376+0000] {dag.py:3328} INFO - Setting next_dagrun for example_short_circuit_decorator to 2022-10-28T09:44:15.375649+00:00, run_after=2022-10-29T09:44:15.375649+00:00
[2022-10-29T09:44:15.412+0000] {processor.py:178} INFO - Processing /home/airflow/.local/lib/python3.7/site-packages/airflow/example_dags/example_short_circuit_decorator.py took 0.187 seconds
[2022-10-29T09:44:46.203+0000] {processor.py:156} INFO - Started process (PID=249) to work on /home/airflow/.local/lib/python3.7/site-packages/airflow/example_dags/example_short_circuit_decorator.py
[2022-10-29T09:44:46.205+0000] {processor.py:758} INFO - Processing file /home/airflow/.local/lib/python3.7/site-packages/airflow/example_dags/example_short_circuit_decorator.py for tasks to queue
[2022-10-29T09:44:46.206+0000] {logging_mixin.py:117} INFO - [2022-10-29T09:44:46.206+0000] {dagbag.py:525} INFO - Filling up the DagBag from /home/airflow/.local/lib/python3.7/site-packages/airflow/example_dags/example_short_circuit_decorator.py
[2022-10-29T09:44:46.240+0000] {processor.py:768} INFO - DAG(s) dict_keys(['example_short_circuit_decorator']) retrieved from /home/airflow/.local/lib/python3.7/site-packages/airflow/example_dags/example_short_circuit_decorator.py
[2022-10-29T09:44:46.299+0000] {logging_mixin.py:117} INFO - [2022-10-29T09:44:46.298+0000] {dag.py:2573} INFO - Sync 1 DAGs
[2022-10-29T09:44:46.339+0000] {logging_mixin.py:117} INFO - [2022-10-29T09:44:46.339+0000] {dag.py:3328} INFO - Setting next_dagrun for example_short_circuit_decorator to 2022-10-28T09:44:46.338736+00:00, run_after=2022-10-29T09:44:46.338736+00:00
[2022-10-29T09:44:46.367+0000] {processor.py:178} INFO - Processing /home/airflow/.local/lib/python3.7/site-packages/airflow/example_dags/example_short_circuit_decorator.py took 0.166 seconds
[2022-10-29T09:45:17.175+0000] {processor.py:156} INFO - Started process (PID=311) to work on /home/airflow/.local/lib/python3.7/site-packages/airflow/example_dags/example_short_circuit_decorator.py
[2022-10-29T09:45:17.177+0000] {processor.py:758} INFO - Processing file /home/airflow/.local/lib/python3.7/site-packages/airflow/example_dags/example_short_circuit_decorator.py for tasks to queue
[2022-10-29T09:45:17.178+0000] {logging_mixin.py:117} INFO - [2022-10-29T09:45:17.178+0000] {dagbag.py:525} INFO - Filling up the DagBag from /home/airflow/.local/lib/python3.7/site-packages/airflow/example_dags/example_short_circuit_decorator.py
[2022-10-29T09:45:17.212+0000] {processor.py:768} INFO - DAG(s) dict_keys(['example_short_circuit_decorator']) retrieved from /home/airflow/.local/lib/python3.7/site-packages/airflow/example_dags/example_short_circuit_decorator.py
[2022-10-29T09:45:17.268+0000] {logging_mixin.py:117} INFO - [2022-10-29T09:45:17.268+0000] {dag.py:2573} INFO - Sync 1 DAGs
[2022-10-29T09:45:17.308+0000] {logging_mixin.py:117} INFO - [2022-10-29T09:45:17.307+0000] {dag.py:3328} INFO - Setting next_dagrun for example_short_circuit_decorator to 2022-10-28T09:45:17.307695+00:00, run_after=2022-10-29T09:45:17.307695+00:00
[2022-10-29T09:45:17.338+0000] {processor.py:178} INFO - Processing /home/airflow/.local/lib/python3.7/site-packages/airflow/example_dags/example_short_circuit_decorator.py took 0.165 seconds
[2022-10-29T09:45:47.947+0000] {processor.py:156} INFO - Started process (PID=376) to work on /home/airflow/.local/lib/python3.7/site-packages/airflow/example_dags/example_short_circuit_decorator.py
[2022-10-29T09:45:47.949+0000] {processor.py:758} INFO - Processing file /home/airflow/.local/lib/python3.7/site-packages/airflow/example_dags/example_short_circuit_decorator.py for tasks to queue
[2022-10-29T09:45:47.950+0000] {logging_mixin.py:117} INFO - [2022-10-29T09:45:47.950+0000] {dagbag.py:525} INFO - Filling up the DagBag from /home/airflow/.local/lib/python3.7/site-packages/airflow/example_dags/example_short_circuit_decorator.py
[2022-10-29T09:45:47.980+0000] {processor.py:768} INFO - DAG(s) dict_keys(['example_short_circuit_decorator']) retrieved from /home/airflow/.local/lib/python3.7/site-packages/airflow/example_dags/example_short_circuit_decorator.py
[2022-10-29T09:45:48.042+0000] {logging_mixin.py:117} INFO - [2022-10-29T09:45:48.042+0000] {dag.py:2573} INFO - Sync 1 DAGs
[2022-10-29T09:45:48.082+0000] {logging_mixin.py:117} INFO - [2022-10-29T09:45:48.082+0000] {dag.py:3328} INFO - Setting next_dagrun for example_short_circuit_decorator to 2022-10-28T09:45:48.082013+00:00, run_after=2022-10-29T09:45:48.082013+00:00
[2022-10-29T09:45:48.114+0000] {processor.py:178} INFO - Processing /home/airflow/.local/lib/python3.7/site-packages/airflow/example_dags/example_short_circuit_decorator.py took 0.171 seconds
[2022-10-29T09:46:18.320+0000] {processor.py:156} INFO - Started process (PID=429) to work on /home/airflow/.local/lib/python3.7/site-packages/airflow/example_dags/example_short_circuit_decorator.py
[2022-10-29T09:46:18.321+0000] {processor.py:758} INFO - Processing file /home/airflow/.local/lib/python3.7/site-packages/airflow/example_dags/example_short_circuit_decorator.py for tasks to queue
[2022-10-29T09:46:18.323+0000] {logging_mixin.py:117} INFO - [2022-10-29T09:46:18.323+0000] {dagbag.py:525} INFO - Filling up the DagBag from /home/airflow/.local/lib/python3.7/site-packages/airflow/example_dags/example_short_circuit_decorator.py
[2022-10-29T09:46:18.362+0000] {processor.py:768} INFO - DAG(s) dict_keys(['example_short_circuit_decorator']) retrieved from /home/airflow/.local/lib/python3.7/site-packages/airflow/example_dags/example_short_circuit_decorator.py
[2022-10-29T09:46:18.418+0000] {logging_mixin.py:117} INFO - [2022-10-29T09:46:18.418+0000] {dag.py:2573} INFO - Sync 1 DAGs
[2022-10-29T09:46:18.456+0000] {logging_mixin.py:117} INFO - [2022-10-29T09:46:18.456+0000] {dag.py:3328} INFO - Setting next_dagrun for example_short_circuit_decorator to 2022-10-28T09:46:18.456196+00:00, run_after=2022-10-29T09:46:18.456196+00:00
[2022-10-29T09:46:18.487+0000] {processor.py:178} INFO - Processing /home/airflow/.local/lib/python3.7/site-packages/airflow/example_dags/example_short_circuit_decorator.py took 0.170 seconds
[2022-10-29T09:53:32.117+0000] {processor.py:156} INFO - Started process (PID=310) to work on /home/airflow/.local/lib/python3.7/site-packages/airflow/example_dags/example_short_circuit_decorator.py
[2022-10-29T09:53:32.118+0000] {processor.py:758} INFO - Processing file /home/airflow/.local/lib/python3.7/site-packages/airflow/example_dags/example_short_circuit_decorator.py for tasks to queue
[2022-10-29T09:53:32.120+0000] {logging_mixin.py:117} INFO - [2022-10-29T09:53:32.120+0000] {dagbag.py:525} INFO - Filling up the DagBag from /home/airflow/.local/lib/python3.7/site-packages/airflow/example_dags/example_short_circuit_decorator.py
[2022-10-29T09:53:32.154+0000] {processor.py:768} INFO - DAG(s) dict_keys(['example_short_circuit_decorator']) retrieved from /home/airflow/.local/lib/python3.7/site-packages/airflow/example_dags/example_short_circuit_decorator.py
[2022-10-29T09:53:32.486+0000] {logging_mixin.py:117} INFO - [2022-10-29T09:53:32.486+0000] {dag.py:2573} INFO - Sync 1 DAGs
[2022-10-29T09:53:32.522+0000] {logging_mixin.py:117} INFO - [2022-10-29T09:53:32.522+0000] {dag.py:3328} INFO - Setting next_dagrun for example_short_circuit_decorator to 2022-10-28T09:53:32.522513+00:00, run_after=2022-10-29T09:53:32.522513+00:00
[2022-10-29T09:53:32.551+0000] {processor.py:178} INFO - Processing /home/airflow/.local/lib/python3.7/site-packages/airflow/example_dags/example_short_circuit_decorator.py took 0.438 seconds
[2022-10-29T09:54:02.678+0000] {processor.py:156} INFO - Started process (PID=363) to work on /home/airflow/.local/lib/python3.7/site-packages/airflow/example_dags/example_short_circuit_decorator.py
[2022-10-29T09:54:02.679+0000] {processor.py:758} INFO - Processing file /home/airflow/.local/lib/python3.7/site-packages/airflow/example_dags/example_short_circuit_decorator.py for tasks to queue
[2022-10-29T09:54:02.681+0000] {logging_mixin.py:117} INFO - [2022-10-29T09:54:02.680+0000] {dagbag.py:525} INFO - Filling up the DagBag from /home/airflow/.local/lib/python3.7/site-packages/airflow/example_dags/example_short_circuit_decorator.py
[2022-10-29T09:54:02.869+0000] {processor.py:768} INFO - DAG(s) dict_keys(['example_short_circuit_decorator']) retrieved from /home/airflow/.local/lib/python3.7/site-packages/airflow/example_dags/example_short_circuit_decorator.py
[2022-10-29T09:54:02.923+0000] {logging_mixin.py:117} INFO - [2022-10-29T09:54:02.922+0000] {dag.py:2573} INFO - Sync 1 DAGs
[2022-10-29T09:54:02.963+0000] {logging_mixin.py:117} INFO - [2022-10-29T09:54:02.963+0000] {dag.py:3328} INFO - Setting next_dagrun for example_short_circuit_decorator to 2022-10-28T09:54:02.962885+00:00, run_after=2022-10-29T09:54:02.962885+00:00
[2022-10-29T09:54:02.998+0000] {processor.py:178} INFO - Processing /home/airflow/.local/lib/python3.7/site-packages/airflow/example_dags/example_short_circuit_decorator.py took 0.325 seconds
[2022-10-29T09:54:33.368+0000] {processor.py:156} INFO - Started process (PID=427) to work on /home/airflow/.local/lib/python3.7/site-packages/airflow/example_dags/example_short_circuit_decorator.py
[2022-10-29T09:54:33.369+0000] {processor.py:758} INFO - Processing file /home/airflow/.local/lib/python3.7/site-packages/airflow/example_dags/example_short_circuit_decorator.py for tasks to queue
[2022-10-29T09:54:33.370+0000] {logging_mixin.py:117} INFO - [2022-10-29T09:54:33.370+0000] {dagbag.py:525} INFO - Filling up the DagBag from /home/airflow/.local/lib/python3.7/site-packages/airflow/example_dags/example_short_circuit_decorator.py
[2022-10-29T09:54:33.538+0000] {processor.py:768} INFO - DAG(s) dict_keys(['example_short_circuit_decorator']) retrieved from /home/airflow/.local/lib/python3.7/site-packages/airflow/example_dags/example_short_circuit_decorator.py
[2022-10-29T09:54:33.589+0000] {logging_mixin.py:117} INFO - [2022-10-29T09:54:33.589+0000] {dag.py:2573} INFO - Sync 1 DAGs
[2022-10-29T09:54:33.624+0000] {logging_mixin.py:117} INFO - [2022-10-29T09:54:33.624+0000] {dag.py:3328} INFO - Setting next_dagrun for example_short_circuit_decorator to 2022-10-28T09:54:33.624242+00:00, run_after=2022-10-29T09:54:33.624242+00:00
[2022-10-29T09:54:33.647+0000] {processor.py:178} INFO - Processing /home/airflow/.local/lib/python3.7/site-packages/airflow/example_dags/example_short_circuit_decorator.py took 0.282 seconds
[2022-10-29T09:55:04.268+0000] {processor.py:156} INFO - Started process (PID=488) to work on /home/airflow/.local/lib/python3.7/site-packages/airflow/example_dags/example_short_circuit_decorator.py
[2022-10-29T09:55:04.269+0000] {processor.py:758} INFO - Processing file /home/airflow/.local/lib/python3.7/site-packages/airflow/example_dags/example_short_circuit_decorator.py for tasks to queue
[2022-10-29T09:55:04.270+0000] {logging_mixin.py:117} INFO - [2022-10-29T09:55:04.270+0000] {dagbag.py:525} INFO - Filling up the DagBag from /home/airflow/.local/lib/python3.7/site-packages/airflow/example_dags/example_short_circuit_decorator.py
[2022-10-29T09:55:04.307+0000] {processor.py:768} INFO - DAG(s) dict_keys(['example_short_circuit_decorator']) retrieved from /home/airflow/.local/lib/python3.7/site-packages/airflow/example_dags/example_short_circuit_decorator.py
[2022-10-29T09:55:04.402+0000] {logging_mixin.py:117} INFO - [2022-10-29T09:55:04.402+0000] {dag.py:2573} INFO - Sync 1 DAGs
[2022-10-29T09:55:04.449+0000] {logging_mixin.py:117} INFO - [2022-10-29T09:55:04.449+0000] {dag.py:3328} INFO - Setting next_dagrun for example_short_circuit_decorator to 2022-10-28T09:55:04.448930+00:00, run_after=2022-10-29T09:55:04.448930+00:00
[2022-10-29T09:55:04.478+0000] {processor.py:178} INFO - Processing /home/airflow/.local/lib/python3.7/site-packages/airflow/example_dags/example_short_circuit_decorator.py took 0.214 seconds
[2022-10-29T09:55:34.568+0000] {processor.py:156} INFO - Started process (PID=545) to work on /home/airflow/.local/lib/python3.7/site-packages/airflow/example_dags/example_short_circuit_decorator.py
[2022-10-29T09:55:34.569+0000] {processor.py:758} INFO - Processing file /home/airflow/.local/lib/python3.7/site-packages/airflow/example_dags/example_short_circuit_decorator.py for tasks to queue
[2022-10-29T09:55:34.571+0000] {logging_mixin.py:117} INFO - [2022-10-29T09:55:34.570+0000] {dagbag.py:525} INFO - Filling up the DagBag from /home/airflow/.local/lib/python3.7/site-packages/airflow/example_dags/example_short_circuit_decorator.py
[2022-10-29T09:55:34.602+0000] {processor.py:768} INFO - DAG(s) dict_keys(['example_short_circuit_decorator']) retrieved from /home/airflow/.local/lib/python3.7/site-packages/airflow/example_dags/example_short_circuit_decorator.py
[2022-10-29T09:55:34.637+0000] {logging_mixin.py:117} INFO - [2022-10-29T09:55:34.637+0000] {dag.py:2573} INFO - Sync 1 DAGs
[2022-10-29T09:55:34.670+0000] {logging_mixin.py:117} INFO - [2022-10-29T09:55:34.670+0000] {dag.py:3328} INFO - Setting next_dagrun for example_short_circuit_decorator to 2022-10-28T09:55:34.669917+00:00, run_after=2022-10-29T09:55:34.669917+00:00
[2022-10-29T09:55:34.702+0000] {processor.py:178} INFO - Processing /home/airflow/.local/lib/python3.7/site-packages/airflow/example_dags/example_short_circuit_decorator.py took 0.138 seconds
[2022-10-29T09:56:04.987+0000] {processor.py:156} INFO - Started process (PID=606) to work on /home/airflow/.local/lib/python3.7/site-packages/airflow/example_dags/example_short_circuit_decorator.py
[2022-10-29T09:56:04.989+0000] {processor.py:758} INFO - Processing file /home/airflow/.local/lib/python3.7/site-packages/airflow/example_dags/example_short_circuit_decorator.py for tasks to queue
[2022-10-29T09:56:04.991+0000] {logging_mixin.py:117} INFO - [2022-10-29T09:56:04.991+0000] {dagbag.py:525} INFO - Filling up the DagBag from /home/airflow/.local/lib/python3.7/site-packages/airflow/example_dags/example_short_circuit_decorator.py
[2022-10-29T09:56:05.034+0000] {processor.py:768} INFO - DAG(s) dict_keys(['example_short_circuit_decorator']) retrieved from /home/airflow/.local/lib/python3.7/site-packages/airflow/example_dags/example_short_circuit_decorator.py
[2022-10-29T09:56:05.096+0000] {logging_mixin.py:117} INFO - [2022-10-29T09:56:05.096+0000] {dag.py:2573} INFO - Sync 1 DAGs
[2022-10-29T09:56:05.148+0000] {logging_mixin.py:117} INFO - [2022-10-29T09:56:05.148+0000] {dag.py:3328} INFO - Setting next_dagrun for example_short_circuit_decorator to 2022-10-28T09:56:05.147993+00:00, run_after=2022-10-29T09:56:05.147993+00:00
[2022-10-29T09:56:05.197+0000] {processor.py:178} INFO - Processing /home/airflow/.local/lib/python3.7/site-packages/airflow/example_dags/example_short_circuit_decorator.py took 0.214 seconds
[2022-10-29T09:56:35.314+0000] {processor.py:156} INFO - Started process (PID=662) to work on /home/airflow/.local/lib/python3.7/site-packages/airflow/example_dags/example_short_circuit_decorator.py
[2022-10-29T09:56:35.315+0000] {processor.py:758} INFO - Processing file /home/airflow/.local/lib/python3.7/site-packages/airflow/example_dags/example_short_circuit_decorator.py for tasks to queue
[2022-10-29T09:56:35.316+0000] {logging_mixin.py:117} INFO - [2022-10-29T09:56:35.316+0000] {dagbag.py:525} INFO - Filling up the DagBag from /home/airflow/.local/lib/python3.7/site-packages/airflow/example_dags/example_short_circuit_decorator.py
[2022-10-29T09:56:35.346+0000] {processor.py:768} INFO - DAG(s) dict_keys(['example_short_circuit_decorator']) retrieved from /home/airflow/.local/lib/python3.7/site-packages/airflow/example_dags/example_short_circuit_decorator.py
[2022-10-29T09:56:35.398+0000] {logging_mixin.py:117} INFO - [2022-10-29T09:56:35.397+0000] {dag.py:2573} INFO - Sync 1 DAGs
[2022-10-29T09:56:35.432+0000] {logging_mixin.py:117} INFO - [2022-10-29T09:56:35.431+0000] {dag.py:3328} INFO - Setting next_dagrun for example_short_circuit_decorator to 2022-10-28T09:56:35.431698+00:00, run_after=2022-10-29T09:56:35.431698+00:00
[2022-10-29T09:56:35.462+0000] {processor.py:178} INFO - Processing /home/airflow/.local/lib/python3.7/site-packages/airflow/example_dags/example_short_circuit_decorator.py took 0.152 seconds
[2022-10-29T09:57:05.590+0000] {processor.py:156} INFO - Started process (PID=725) to work on /home/airflow/.local/lib/python3.7/site-packages/airflow/example_dags/example_short_circuit_decorator.py
[2022-10-29T09:57:05.591+0000] {processor.py:758} INFO - Processing file /home/airflow/.local/lib/python3.7/site-packages/airflow/example_dags/example_short_circuit_decorator.py for tasks to queue
[2022-10-29T09:57:05.592+0000] {logging_mixin.py:117} INFO - [2022-10-29T09:57:05.592+0000] {dagbag.py:525} INFO - Filling up the DagBag from /home/airflow/.local/lib/python3.7/site-packages/airflow/example_dags/example_short_circuit_decorator.py
[2022-10-29T09:57:05.632+0000] {processor.py:768} INFO - DAG(s) dict_keys(['example_short_circuit_decorator']) retrieved from /home/airflow/.local/lib/python3.7/site-packages/airflow/example_dags/example_short_circuit_decorator.py
[2022-10-29T09:57:05.687+0000] {logging_mixin.py:117} INFO - [2022-10-29T09:57:05.686+0000] {dag.py:2573} INFO - Sync 1 DAGs
[2022-10-29T09:57:05.723+0000] {logging_mixin.py:117} INFO - [2022-10-29T09:57:05.723+0000] {dag.py:3328} INFO - Setting next_dagrun for example_short_circuit_decorator to 2022-10-28T09:57:05.722703+00:00, run_after=2022-10-29T09:57:05.722703+00:00
[2022-10-29T09:57:05.754+0000] {processor.py:178} INFO - Processing /home/airflow/.local/lib/python3.7/site-packages/airflow/example_dags/example_short_circuit_decorator.py took 0.167 seconds
[2022-10-29T10:02:56.060+0000] {processor.py:156} INFO - Started process (PID=78) to work on /home/airflow/.local/lib/python3.7/site-packages/airflow/example_dags/example_short_circuit_decorator.py
[2022-10-29T10:02:56.062+0000] {processor.py:758} INFO - Processing file /home/airflow/.local/lib/python3.7/site-packages/airflow/example_dags/example_short_circuit_decorator.py for tasks to queue
[2022-10-29T10:02:56.063+0000] {logging_mixin.py:117} INFO - [2022-10-29T10:02:56.063+0000] {dagbag.py:525} INFO - Filling up the DagBag from /home/airflow/.local/lib/python3.7/site-packages/airflow/example_dags/example_short_circuit_decorator.py
[2022-10-29T10:02:56.100+0000] {processor.py:768} INFO - DAG(s) dict_keys(['example_short_circuit_decorator']) retrieved from /home/airflow/.local/lib/python3.7/site-packages/airflow/example_dags/example_short_circuit_decorator.py
[2022-10-29T10:02:56.159+0000] {logging_mixin.py:117} INFO - [2022-10-29T10:02:56.159+0000] {dag.py:2573} INFO - Sync 1 DAGs
[2022-10-29T10:02:56.200+0000] {logging_mixin.py:117} INFO - [2022-10-29T10:02:56.199+0000] {dag.py:3328} INFO - Setting next_dagrun for example_short_circuit_decorator to 2022-10-28T10:02:56.199323+00:00, run_after=2022-10-29T10:02:56.199323+00:00
[2022-10-29T10:02:56.250+0000] {processor.py:178} INFO - Processing /home/airflow/.local/lib/python3.7/site-packages/airflow/example_dags/example_short_circuit_decorator.py took 0.194 seconds
[2022-10-29T10:03:26.528+0000] {processor.py:156} INFO - Started process (PID=140) to work on /home/airflow/.local/lib/python3.7/site-packages/airflow/example_dags/example_short_circuit_decorator.py
[2022-10-29T10:03:26.530+0000] {processor.py:758} INFO - Processing file /home/airflow/.local/lib/python3.7/site-packages/airflow/example_dags/example_short_circuit_decorator.py for tasks to queue
[2022-10-29T10:03:26.531+0000] {logging_mixin.py:117} INFO - [2022-10-29T10:03:26.531+0000] {dagbag.py:525} INFO - Filling up the DagBag from /home/airflow/.local/lib/python3.7/site-packages/airflow/example_dags/example_short_circuit_decorator.py
[2022-10-29T10:03:26.561+0000] {processor.py:768} INFO - DAG(s) dict_keys(['example_short_circuit_decorator']) retrieved from /home/airflow/.local/lib/python3.7/site-packages/airflow/example_dags/example_short_circuit_decorator.py
[2022-10-29T10:03:26.621+0000] {logging_mixin.py:117} INFO - [2022-10-29T10:03:26.621+0000] {dag.py:2573} INFO - Sync 1 DAGs
[2022-10-29T10:03:26.675+0000] {logging_mixin.py:117} INFO - [2022-10-29T10:03:26.674+0000] {dag.py:3328} INFO - Setting next_dagrun for example_short_circuit_decorator to 2022-10-28T10:03:26.673938+00:00, run_after=2022-10-29T10:03:26.673938+00:00
[2022-10-29T10:03:26.753+0000] {processor.py:178} INFO - Processing /home/airflow/.local/lib/python3.7/site-packages/airflow/example_dags/example_short_circuit_decorator.py took 0.228 seconds
