[2022-10-29T09:43:12.277+0000] {processor.py:156} INFO - Started process (PID=64) to work on /home/airflow/.local/lib/python3.7/site-packages/airflow/example_dags/example_branch_operator.py
[2022-10-29T09:43:12.278+0000] {processor.py:758} INFO - Processing file /home/airflow/.local/lib/python3.7/site-packages/airflow/example_dags/example_branch_operator.py for tasks to queue
[2022-10-29T09:43:12.279+0000] {logging_mixin.py:117} INFO - [2022-10-29T09:43:12.279+0000] {dagbag.py:525} INFO - Filling up the DagBag from /home/airflow/.local/lib/python3.7/site-packages/airflow/example_dags/example_branch_operator.py
[2022-10-29T09:43:12.299+0000] {processor.py:768} INFO - DAG(s) dict_keys(['example_branch_operator']) retrieved from /home/airflow/.local/lib/python3.7/site-packages/airflow/example_dags/example_branch_operator.py
[2022-10-29T09:43:12.325+0000] {logging_mixin.py:117} INFO - [2022-10-29T09:43:12.325+0000] {dag.py:2573} INFO - Sync 1 DAGs
[2022-10-29T09:43:12.359+0000] {logging_mixin.py:117} INFO - [2022-10-29T09:43:12.359+0000] {dag.py:3328} INFO - Setting next_dagrun for example_branch_operator to 2022-10-28T00:00:00+00:00, run_after=2022-10-29T00:00:00+00:00
[2022-10-29T09:43:12.387+0000] {processor.py:178} INFO - Processing /home/airflow/.local/lib/python3.7/site-packages/airflow/example_dags/example_branch_operator.py took 0.113 seconds
[2022-10-29T09:43:42.952+0000] {processor.py:156} INFO - Started process (PID=118) to work on /home/airflow/.local/lib/python3.7/site-packages/airflow/example_dags/example_branch_operator.py
[2022-10-29T09:43:42.953+0000] {processor.py:758} INFO - Processing file /home/airflow/.local/lib/python3.7/site-packages/airflow/example_dags/example_branch_operator.py for tasks to queue
[2022-10-29T09:43:42.955+0000] {logging_mixin.py:117} INFO - [2022-10-29T09:43:42.954+0000] {dagbag.py:525} INFO - Filling up the DagBag from /home/airflow/.local/lib/python3.7/site-packages/airflow/example_dags/example_branch_operator.py
[2022-10-29T09:43:42.984+0000] {processor.py:768} INFO - DAG(s) dict_keys(['example_branch_operator']) retrieved from /home/airflow/.local/lib/python3.7/site-packages/airflow/example_dags/example_branch_operator.py
[2022-10-29T09:43:43.039+0000] {logging_mixin.py:117} INFO - [2022-10-29T09:43:43.039+0000] {dag.py:2573} INFO - Sync 1 DAGs
[2022-10-29T09:43:43.078+0000] {logging_mixin.py:117} INFO - [2022-10-29T09:43:43.077+0000] {dag.py:3328} INFO - Setting next_dagrun for example_branch_operator to 2022-10-28T00:00:00+00:00, run_after=2022-10-29T00:00:00+00:00
[2022-10-29T09:43:43.106+0000] {processor.py:178} INFO - Processing /home/airflow/.local/lib/python3.7/site-packages/airflow/example_dags/example_branch_operator.py took 0.157 seconds
[2022-10-29T09:44:13.523+0000] {processor.py:156} INFO - Started process (PID=182) to work on /home/airflow/.local/lib/python3.7/site-packages/airflow/example_dags/example_branch_operator.py
[2022-10-29T09:44:13.524+0000] {processor.py:758} INFO - Processing file /home/airflow/.local/lib/python3.7/site-packages/airflow/example_dags/example_branch_operator.py for tasks to queue
[2022-10-29T09:44:13.526+0000] {logging_mixin.py:117} INFO - [2022-10-29T09:44:13.525+0000] {dagbag.py:525} INFO - Filling up the DagBag from /home/airflow/.local/lib/python3.7/site-packages/airflow/example_dags/example_branch_operator.py
[2022-10-29T09:44:13.549+0000] {processor.py:768} INFO - DAG(s) dict_keys(['example_branch_operator']) retrieved from /home/airflow/.local/lib/python3.7/site-packages/airflow/example_dags/example_branch_operator.py
[2022-10-29T09:44:13.603+0000] {logging_mixin.py:117} INFO - [2022-10-29T09:44:13.602+0000] {dag.py:2573} INFO - Sync 1 DAGs
[2022-10-29T09:44:13.642+0000] {logging_mixin.py:117} INFO - [2022-10-29T09:44:13.642+0000] {dag.py:3328} INFO - Setting next_dagrun for example_branch_operator to 2022-10-28T00:00:00+00:00, run_after=2022-10-29T00:00:00+00:00
[2022-10-29T09:44:13.676+0000] {processor.py:178} INFO - Processing /home/airflow/.local/lib/python3.7/site-packages/airflow/example_dags/example_branch_operator.py took 0.155 seconds
[2022-10-29T09:44:43.888+0000] {processor.py:156} INFO - Started process (PID=236) to work on /home/airflow/.local/lib/python3.7/site-packages/airflow/example_dags/example_branch_operator.py
[2022-10-29T09:44:43.889+0000] {processor.py:758} INFO - Processing file /home/airflow/.local/lib/python3.7/site-packages/airflow/example_dags/example_branch_operator.py for tasks to queue
[2022-10-29T09:44:43.891+0000] {logging_mixin.py:117} INFO - [2022-10-29T09:44:43.890+0000] {dagbag.py:525} INFO - Filling up the DagBag from /home/airflow/.local/lib/python3.7/site-packages/airflow/example_dags/example_branch_operator.py
[2022-10-29T09:44:43.916+0000] {processor.py:768} INFO - DAG(s) dict_keys(['example_branch_operator']) retrieved from /home/airflow/.local/lib/python3.7/site-packages/airflow/example_dags/example_branch_operator.py
[2022-10-29T09:44:43.967+0000] {logging_mixin.py:117} INFO - [2022-10-29T09:44:43.967+0000] {dag.py:2573} INFO - Sync 1 DAGs
[2022-10-29T09:44:44.006+0000] {logging_mixin.py:117} INFO - [2022-10-29T09:44:44.006+0000] {dag.py:3328} INFO - Setting next_dagrun for example_branch_operator to 2022-10-28T00:00:00+00:00, run_after=2022-10-29T00:00:00+00:00
[2022-10-29T09:44:44.033+0000] {processor.py:178} INFO - Processing /home/airflow/.local/lib/python3.7/site-packages/airflow/example_dags/example_branch_operator.py took 0.148 seconds
[2022-10-29T09:45:14.836+0000] {processor.py:156} INFO - Started process (PID=298) to work on /home/airflow/.local/lib/python3.7/site-packages/airflow/example_dags/example_branch_operator.py
[2022-10-29T09:45:14.837+0000] {processor.py:758} INFO - Processing file /home/airflow/.local/lib/python3.7/site-packages/airflow/example_dags/example_branch_operator.py for tasks to queue
[2022-10-29T09:45:14.838+0000] {logging_mixin.py:117} INFO - [2022-10-29T09:45:14.838+0000] {dagbag.py:525} INFO - Filling up the DagBag from /home/airflow/.local/lib/python3.7/site-packages/airflow/example_dags/example_branch_operator.py
[2022-10-29T09:45:14.864+0000] {processor.py:768} INFO - DAG(s) dict_keys(['example_branch_operator']) retrieved from /home/airflow/.local/lib/python3.7/site-packages/airflow/example_dags/example_branch_operator.py
[2022-10-29T09:45:14.925+0000] {logging_mixin.py:117} INFO - [2022-10-29T09:45:14.925+0000] {dag.py:2573} INFO - Sync 1 DAGs
[2022-10-29T09:45:14.960+0000] {logging_mixin.py:117} INFO - [2022-10-29T09:45:14.959+0000] {dag.py:3328} INFO - Setting next_dagrun for example_branch_operator to 2022-10-28T00:00:00+00:00, run_after=2022-10-29T00:00:00+00:00
[2022-10-29T09:45:14.990+0000] {processor.py:178} INFO - Processing /home/airflow/.local/lib/python3.7/site-packages/airflow/example_dags/example_branch_operator.py took 0.158 seconds
[2022-10-29T09:45:45.662+0000] {processor.py:156} INFO - Started process (PID=354) to work on /home/airflow/.local/lib/python3.7/site-packages/airflow/example_dags/example_branch_operator.py
[2022-10-29T09:45:45.663+0000] {processor.py:758} INFO - Processing file /home/airflow/.local/lib/python3.7/site-packages/airflow/example_dags/example_branch_operator.py for tasks to queue
[2022-10-29T09:45:45.665+0000] {logging_mixin.py:117} INFO - [2022-10-29T09:45:45.665+0000] {dagbag.py:525} INFO - Filling up the DagBag from /home/airflow/.local/lib/python3.7/site-packages/airflow/example_dags/example_branch_operator.py
[2022-10-29T09:45:45.687+0000] {processor.py:768} INFO - DAG(s) dict_keys(['example_branch_operator']) retrieved from /home/airflow/.local/lib/python3.7/site-packages/airflow/example_dags/example_branch_operator.py
[2022-10-29T09:45:45.741+0000] {logging_mixin.py:117} INFO - [2022-10-29T09:45:45.741+0000] {dag.py:2573} INFO - Sync 1 DAGs
[2022-10-29T09:45:45.784+0000] {logging_mixin.py:117} INFO - [2022-10-29T09:45:45.783+0000] {dag.py:3328} INFO - Setting next_dagrun for example_branch_operator to 2022-10-28T00:00:00+00:00, run_after=2022-10-29T00:00:00+00:00
[2022-10-29T09:45:45.817+0000] {processor.py:178} INFO - Processing /home/airflow/.local/lib/python3.7/site-packages/airflow/example_dags/example_branch_operator.py took 0.159 seconds
[2022-10-29T09:46:16.071+0000] {processor.py:156} INFO - Started process (PID=417) to work on /home/airflow/.local/lib/python3.7/site-packages/airflow/example_dags/example_branch_operator.py
[2022-10-29T09:46:16.073+0000] {processor.py:758} INFO - Processing file /home/airflow/.local/lib/python3.7/site-packages/airflow/example_dags/example_branch_operator.py for tasks to queue
[2022-10-29T09:46:16.074+0000] {logging_mixin.py:117} INFO - [2022-10-29T09:46:16.074+0000] {dagbag.py:525} INFO - Filling up the DagBag from /home/airflow/.local/lib/python3.7/site-packages/airflow/example_dags/example_branch_operator.py
[2022-10-29T09:46:16.096+0000] {processor.py:768} INFO - DAG(s) dict_keys(['example_branch_operator']) retrieved from /home/airflow/.local/lib/python3.7/site-packages/airflow/example_dags/example_branch_operator.py
[2022-10-29T09:46:16.198+0000] {logging_mixin.py:117} INFO - [2022-10-29T09:46:16.198+0000] {dag.py:2573} INFO - Sync 1 DAGs
[2022-10-29T09:46:16.236+0000] {logging_mixin.py:117} INFO - [2022-10-29T09:46:16.236+0000] {dag.py:3328} INFO - Setting next_dagrun for example_branch_operator to 2022-10-28T00:00:00+00:00, run_after=2022-10-29T00:00:00+00:00
[2022-10-29T09:46:16.269+0000] {processor.py:178} INFO - Processing /home/airflow/.local/lib/python3.7/site-packages/airflow/example_dags/example_branch_operator.py took 0.202 seconds
[2022-10-29T09:53:27.405+0000] {processor.py:156} INFO - Started process (PID=297) to work on /home/airflow/.local/lib/python3.7/site-packages/airflow/example_dags/example_branch_operator.py
[2022-10-29T09:53:27.410+0000] {processor.py:758} INFO - Processing file /home/airflow/.local/lib/python3.7/site-packages/airflow/example_dags/example_branch_operator.py for tasks to queue
[2022-10-29T09:53:27.416+0000] {logging_mixin.py:117} INFO - [2022-10-29T09:53:27.416+0000] {dagbag.py:525} INFO - Filling up the DagBag from /home/airflow/.local/lib/python3.7/site-packages/airflow/example_dags/example_branch_operator.py
[2022-10-29T09:53:27.457+0000] {processor.py:768} INFO - DAG(s) dict_keys(['example_branch_operator']) retrieved from /home/airflow/.local/lib/python3.7/site-packages/airflow/example_dags/example_branch_operator.py
[2022-10-29T09:53:27.953+0000] {logging_mixin.py:117} INFO - [2022-10-29T09:53:27.953+0000] {dag.py:2573} INFO - Sync 1 DAGs
[2022-10-29T09:53:28.033+0000] {logging_mixin.py:117} INFO - [2022-10-29T09:53:28.032+0000] {dag.py:3328} INFO - Setting next_dagrun for example_branch_operator to 2022-10-28T00:00:00+00:00, run_after=2022-10-29T00:00:00+00:00
[2022-10-29T09:53:28.105+0000] {processor.py:178} INFO - Processing /home/airflow/.local/lib/python3.7/site-packages/airflow/example_dags/example_branch_operator.py took 0.708 seconds
[2022-10-29T09:53:58.202+0000] {processor.py:156} INFO - Started process (PID=351) to work on /home/airflow/.local/lib/python3.7/site-packages/airflow/example_dags/example_branch_operator.py
[2022-10-29T09:53:58.203+0000] {processor.py:758} INFO - Processing file /home/airflow/.local/lib/python3.7/site-packages/airflow/example_dags/example_branch_operator.py for tasks to queue
[2022-10-29T09:53:58.204+0000] {logging_mixin.py:117} INFO - [2022-10-29T09:53:58.204+0000] {dagbag.py:525} INFO - Filling up the DagBag from /home/airflow/.local/lib/python3.7/site-packages/airflow/example_dags/example_branch_operator.py
[2022-10-29T09:53:58.222+0000] {processor.py:768} INFO - DAG(s) dict_keys(['example_branch_operator']) retrieved from /home/airflow/.local/lib/python3.7/site-packages/airflow/example_dags/example_branch_operator.py
[2022-10-29T09:53:58.399+0000] {logging_mixin.py:117} INFO - [2022-10-29T09:53:58.399+0000] {dag.py:2573} INFO - Sync 1 DAGs
[2022-10-29T09:53:58.425+0000] {logging_mixin.py:117} INFO - [2022-10-29T09:53:58.425+0000] {dag.py:3328} INFO - Setting next_dagrun for example_branch_operator to 2022-10-28T00:00:00+00:00, run_after=2022-10-29T00:00:00+00:00
[2022-10-29T09:53:58.451+0000] {processor.py:178} INFO - Processing /home/airflow/.local/lib/python3.7/site-packages/airflow/example_dags/example_branch_operator.py took 0.251 seconds
[2022-10-29T09:54:28.572+0000] {processor.py:156} INFO - Started process (PID=415) to work on /home/airflow/.local/lib/python3.7/site-packages/airflow/example_dags/example_branch_operator.py
[2022-10-29T09:54:28.573+0000] {processor.py:758} INFO - Processing file /home/airflow/.local/lib/python3.7/site-packages/airflow/example_dags/example_branch_operator.py for tasks to queue
[2022-10-29T09:54:28.574+0000] {logging_mixin.py:117} INFO - [2022-10-29T09:54:28.574+0000] {dagbag.py:525} INFO - Filling up the DagBag from /home/airflow/.local/lib/python3.7/site-packages/airflow/example_dags/example_branch_operator.py
[2022-10-29T09:54:28.742+0000] {processor.py:768} INFO - DAG(s) dict_keys(['example_branch_operator']) retrieved from /home/airflow/.local/lib/python3.7/site-packages/airflow/example_dags/example_branch_operator.py
[2022-10-29T09:54:28.789+0000] {logging_mixin.py:117} INFO - [2022-10-29T09:54:28.789+0000] {dag.py:2573} INFO - Sync 1 DAGs
[2022-10-29T09:54:28.830+0000] {logging_mixin.py:117} INFO - [2022-10-29T09:54:28.830+0000] {dag.py:3328} INFO - Setting next_dagrun for example_branch_operator to 2022-10-28T00:00:00+00:00, run_after=2022-10-29T00:00:00+00:00
[2022-10-29T09:54:28.862+0000] {processor.py:178} INFO - Processing /home/airflow/.local/lib/python3.7/site-packages/airflow/example_dags/example_branch_operator.py took 0.293 seconds
[2022-10-29T09:54:59.543+0000] {processor.py:156} INFO - Started process (PID=470) to work on /home/airflow/.local/lib/python3.7/site-packages/airflow/example_dags/example_branch_operator.py
[2022-10-29T09:54:59.544+0000] {processor.py:758} INFO - Processing file /home/airflow/.local/lib/python3.7/site-packages/airflow/example_dags/example_branch_operator.py for tasks to queue
[2022-10-29T09:54:59.545+0000] {logging_mixin.py:117} INFO - [2022-10-29T09:54:59.545+0000] {dagbag.py:525} INFO - Filling up the DagBag from /home/airflow/.local/lib/python3.7/site-packages/airflow/example_dags/example_branch_operator.py
[2022-10-29T09:54:59.741+0000] {processor.py:768} INFO - DAG(s) dict_keys(['example_branch_operator']) retrieved from /home/airflow/.local/lib/python3.7/site-packages/airflow/example_dags/example_branch_operator.py
[2022-10-29T09:54:59.797+0000] {logging_mixin.py:117} INFO - [2022-10-29T09:54:59.796+0000] {dag.py:2573} INFO - Sync 1 DAGs
[2022-10-29T09:54:59.837+0000] {logging_mixin.py:117} INFO - [2022-10-29T09:54:59.837+0000] {dag.py:3328} INFO - Setting next_dagrun for example_branch_operator to 2022-10-28T00:00:00+00:00, run_after=2022-10-29T00:00:00+00:00
[2022-10-29T09:54:59.866+0000] {processor.py:178} INFO - Processing /home/airflow/.local/lib/python3.7/site-packages/airflow/example_dags/example_branch_operator.py took 0.327 seconds
[2022-10-29T09:55:30.405+0000] {processor.py:156} INFO - Started process (PID=533) to work on /home/airflow/.local/lib/python3.7/site-packages/airflow/example_dags/example_branch_operator.py
[2022-10-29T09:55:30.406+0000] {processor.py:758} INFO - Processing file /home/airflow/.local/lib/python3.7/site-packages/airflow/example_dags/example_branch_operator.py for tasks to queue
[2022-10-29T09:55:30.408+0000] {logging_mixin.py:117} INFO - [2022-10-29T09:55:30.408+0000] {dagbag.py:525} INFO - Filling up the DagBag from /home/airflow/.local/lib/python3.7/site-packages/airflow/example_dags/example_branch_operator.py
[2022-10-29T09:55:30.432+0000] {processor.py:768} INFO - DAG(s) dict_keys(['example_branch_operator']) retrieved from /home/airflow/.local/lib/python3.7/site-packages/airflow/example_dags/example_branch_operator.py
[2022-10-29T09:55:30.464+0000] {logging_mixin.py:117} INFO - [2022-10-29T09:55:30.463+0000] {dag.py:2573} INFO - Sync 1 DAGs
[2022-10-29T09:55:30.514+0000] {logging_mixin.py:117} INFO - [2022-10-29T09:55:30.514+0000] {dag.py:3328} INFO - Setting next_dagrun for example_branch_operator to 2022-10-28T00:00:00+00:00, run_after=2022-10-29T00:00:00+00:00
[2022-10-29T09:55:30.561+0000] {processor.py:178} INFO - Processing /home/airflow/.local/lib/python3.7/site-packages/airflow/example_dags/example_branch_operator.py took 0.160 seconds
[2022-10-29T09:56:01.521+0000] {processor.py:156} INFO - Started process (PID=587) to work on /home/airflow/.local/lib/python3.7/site-packages/airflow/example_dags/example_branch_operator.py
[2022-10-29T09:56:01.523+0000] {processor.py:758} INFO - Processing file /home/airflow/.local/lib/python3.7/site-packages/airflow/example_dags/example_branch_operator.py for tasks to queue
[2022-10-29T09:56:01.524+0000] {logging_mixin.py:117} INFO - [2022-10-29T09:56:01.524+0000] {dagbag.py:525} INFO - Filling up the DagBag from /home/airflow/.local/lib/python3.7/site-packages/airflow/example_dags/example_branch_operator.py
[2022-10-29T09:56:01.554+0000] {processor.py:768} INFO - DAG(s) dict_keys(['example_branch_operator']) retrieved from /home/airflow/.local/lib/python3.7/site-packages/airflow/example_dags/example_branch_operator.py
[2022-10-29T09:56:01.626+0000] {logging_mixin.py:117} INFO - [2022-10-29T09:56:01.626+0000] {dag.py:2573} INFO - Sync 1 DAGs
[2022-10-29T09:56:01.668+0000] {logging_mixin.py:117} INFO - [2022-10-29T09:56:01.668+0000] {dag.py:3328} INFO - Setting next_dagrun for example_branch_operator to 2022-10-28T00:00:00+00:00, run_after=2022-10-29T00:00:00+00:00
[2022-10-29T09:56:01.701+0000] {processor.py:178} INFO - Processing /home/airflow/.local/lib/python3.7/site-packages/airflow/example_dags/example_branch_operator.py took 0.185 seconds
[2022-10-29T09:56:31.892+0000] {processor.py:156} INFO - Started process (PID=650) to work on /home/airflow/.local/lib/python3.7/site-packages/airflow/example_dags/example_branch_operator.py
[2022-10-29T09:56:31.894+0000] {processor.py:758} INFO - Processing file /home/airflow/.local/lib/python3.7/site-packages/airflow/example_dags/example_branch_operator.py for tasks to queue
[2022-10-29T09:56:31.895+0000] {logging_mixin.py:117} INFO - [2022-10-29T09:56:31.895+0000] {dagbag.py:525} INFO - Filling up the DagBag from /home/airflow/.local/lib/python3.7/site-packages/airflow/example_dags/example_branch_operator.py
[2022-10-29T09:56:31.918+0000] {processor.py:768} INFO - DAG(s) dict_keys(['example_branch_operator']) retrieved from /home/airflow/.local/lib/python3.7/site-packages/airflow/example_dags/example_branch_operator.py
[2022-10-29T09:56:31.970+0000] {logging_mixin.py:117} INFO - [2022-10-29T09:56:31.970+0000] {dag.py:2573} INFO - Sync 1 DAGs
[2022-10-29T09:56:32.008+0000] {logging_mixin.py:117} INFO - [2022-10-29T09:56:32.007+0000] {dag.py:3328} INFO - Setting next_dagrun for example_branch_operator to 2022-10-28T00:00:00+00:00, run_after=2022-10-29T00:00:00+00:00
[2022-10-29T09:56:32.040+0000] {processor.py:178} INFO - Processing /home/airflow/.local/lib/python3.7/site-packages/airflow/example_dags/example_branch_operator.py took 0.150 seconds
[2022-10-29T09:57:02.192+0000] {processor.py:156} INFO - Started process (PID=704) to work on /home/airflow/.local/lib/python3.7/site-packages/airflow/example_dags/example_branch_operator.py
[2022-10-29T09:57:02.194+0000] {processor.py:758} INFO - Processing file /home/airflow/.local/lib/python3.7/site-packages/airflow/example_dags/example_branch_operator.py for tasks to queue
[2022-10-29T09:57:02.195+0000] {logging_mixin.py:117} INFO - [2022-10-29T09:57:02.195+0000] {dagbag.py:525} INFO - Filling up the DagBag from /home/airflow/.local/lib/python3.7/site-packages/airflow/example_dags/example_branch_operator.py
[2022-10-29T09:57:02.216+0000] {processor.py:768} INFO - DAG(s) dict_keys(['example_branch_operator']) retrieved from /home/airflow/.local/lib/python3.7/site-packages/airflow/example_dags/example_branch_operator.py
[2022-10-29T09:57:02.264+0000] {logging_mixin.py:117} INFO - [2022-10-29T09:57:02.264+0000] {dag.py:2573} INFO - Sync 1 DAGs
[2022-10-29T09:57:02.299+0000] {logging_mixin.py:117} INFO - [2022-10-29T09:57:02.299+0000] {dag.py:3328} INFO - Setting next_dagrun for example_branch_operator to 2022-10-28T00:00:00+00:00, run_after=2022-10-29T00:00:00+00:00
[2022-10-29T09:57:02.326+0000] {processor.py:178} INFO - Processing /home/airflow/.local/lib/python3.7/site-packages/airflow/example_dags/example_branch_operator.py took 0.138 seconds
[2022-10-29T10:02:54.715+0000] {processor.py:156} INFO - Started process (PID=65) to work on /home/airflow/.local/lib/python3.7/site-packages/airflow/example_dags/example_branch_operator.py
[2022-10-29T10:02:54.716+0000] {processor.py:758} INFO - Processing file /home/airflow/.local/lib/python3.7/site-packages/airflow/example_dags/example_branch_operator.py for tasks to queue
[2022-10-29T10:02:54.717+0000] {logging_mixin.py:117} INFO - [2022-10-29T10:02:54.717+0000] {dagbag.py:525} INFO - Filling up the DagBag from /home/airflow/.local/lib/python3.7/site-packages/airflow/example_dags/example_branch_operator.py
[2022-10-29T10:02:54.741+0000] {processor.py:768} INFO - DAG(s) dict_keys(['example_branch_operator']) retrieved from /home/airflow/.local/lib/python3.7/site-packages/airflow/example_dags/example_branch_operator.py
[2022-10-29T10:02:54.802+0000] {logging_mixin.py:117} INFO - [2022-10-29T10:02:54.802+0000] {dag.py:2573} INFO - Sync 1 DAGs
[2022-10-29T10:02:54.849+0000] {logging_mixin.py:117} INFO - [2022-10-29T10:02:54.849+0000] {dag.py:3328} INFO - Setting next_dagrun for example_branch_operator to 2022-10-28T00:00:00+00:00, run_after=2022-10-29T00:00:00+00:00
[2022-10-29T10:02:54.882+0000] {processor.py:178} INFO - Processing /home/airflow/.local/lib/python3.7/site-packages/airflow/example_dags/example_branch_operator.py took 0.170 seconds
[2022-10-29T10:03:25.377+0000] {processor.py:156} INFO - Started process (PID=119) to work on /home/airflow/.local/lib/python3.7/site-packages/airflow/example_dags/example_branch_operator.py
[2022-10-29T10:03:25.379+0000] {processor.py:758} INFO - Processing file /home/airflow/.local/lib/python3.7/site-packages/airflow/example_dags/example_branch_operator.py for tasks to queue
[2022-10-29T10:03:25.380+0000] {logging_mixin.py:117} INFO - [2022-10-29T10:03:25.380+0000] {dagbag.py:525} INFO - Filling up the DagBag from /home/airflow/.local/lib/python3.7/site-packages/airflow/example_dags/example_branch_operator.py
[2022-10-29T10:03:25.403+0000] {processor.py:768} INFO - DAG(s) dict_keys(['example_branch_operator']) retrieved from /home/airflow/.local/lib/python3.7/site-packages/airflow/example_dags/example_branch_operator.py
[2022-10-29T10:03:25.455+0000] {logging_mixin.py:117} INFO - [2022-10-29T10:03:25.455+0000] {dag.py:2573} INFO - Sync 1 DAGs
[2022-10-29T10:03:25.493+0000] {logging_mixin.py:117} INFO - [2022-10-29T10:03:25.493+0000] {dag.py:3328} INFO - Setting next_dagrun for example_branch_operator to 2022-10-28T00:00:00+00:00, run_after=2022-10-29T00:00:00+00:00
[2022-10-29T10:03:25.521+0000] {processor.py:178} INFO - Processing /home/airflow/.local/lib/python3.7/site-packages/airflow/example_dags/example_branch_operator.py took 0.147 seconds
