[2022-10-29T09:43:13.907+0000] {processor.py:156} INFO - Started process (PID=81) to work on /home/airflow/.local/lib/python3.7/site-packages/airflow/example_dags/example_complex.py
[2022-10-29T09:43:13.908+0000] {processor.py:758} INFO - Processing file /home/airflow/.local/lib/python3.7/site-packages/airflow/example_dags/example_complex.py for tasks to queue
[2022-10-29T09:43:13.909+0000] {logging_mixin.py:117} INFO - [2022-10-29T09:43:13.909+0000] {dagbag.py:525} INFO - Filling up the DagBag from /home/airflow/.local/lib/python3.7/site-packages/airflow/example_dags/example_complex.py
[2022-10-29T09:43:13.935+0000] {processor.py:768} INFO - DAG(s) dict_keys(['example_complex']) retrieved from /home/airflow/.local/lib/python3.7/site-packages/airflow/example_dags/example_complex.py
[2022-10-29T09:43:13.970+0000] {logging_mixin.py:117} INFO - [2022-10-29T09:43:13.970+0000] {dag.py:2573} INFO - Sync 1 DAGs
[2022-10-29T09:43:14.001+0000] {logging_mixin.py:117} INFO - [2022-10-29T09:43:14.000+0000] {dag.py:3328} INFO - Setting next_dagrun for example_complex to None, run_after=None
[2022-10-29T09:43:14.027+0000] {processor.py:178} INFO - Processing /home/airflow/.local/lib/python3.7/site-packages/airflow/example_dags/example_complex.py took 0.123 seconds
[2022-10-29T09:43:45.272+0000] {processor.py:156} INFO - Started process (PID=135) to work on /home/airflow/.local/lib/python3.7/site-packages/airflow/example_dags/example_complex.py
[2022-10-29T09:43:45.273+0000] {processor.py:758} INFO - Processing file /home/airflow/.local/lib/python3.7/site-packages/airflow/example_dags/example_complex.py for tasks to queue
[2022-10-29T09:43:45.274+0000] {logging_mixin.py:117} INFO - [2022-10-29T09:43:45.274+0000] {dagbag.py:525} INFO - Filling up the DagBag from /home/airflow/.local/lib/python3.7/site-packages/airflow/example_dags/example_complex.py
[2022-10-29T09:43:45.302+0000] {processor.py:768} INFO - DAG(s) dict_keys(['example_complex']) retrieved from /home/airflow/.local/lib/python3.7/site-packages/airflow/example_dags/example_complex.py
[2022-10-29T09:43:45.370+0000] {logging_mixin.py:117} INFO - [2022-10-29T09:43:45.369+0000] {dag.py:2573} INFO - Sync 1 DAGs
[2022-10-29T09:43:45.408+0000] {logging_mixin.py:117} INFO - [2022-10-29T09:43:45.408+0000] {dag.py:3328} INFO - Setting next_dagrun for example_complex to None, run_after=None
[2022-10-29T09:43:45.437+0000] {processor.py:178} INFO - Processing /home/airflow/.local/lib/python3.7/site-packages/airflow/example_dags/example_complex.py took 0.168 seconds
[2022-10-29T09:44:15.864+0000] {processor.py:156} INFO - Started process (PID=199) to work on /home/airflow/.local/lib/python3.7/site-packages/airflow/example_dags/example_complex.py
[2022-10-29T09:44:15.865+0000] {processor.py:758} INFO - Processing file /home/airflow/.local/lib/python3.7/site-packages/airflow/example_dags/example_complex.py for tasks to queue
[2022-10-29T09:44:15.867+0000] {logging_mixin.py:117} INFO - [2022-10-29T09:44:15.867+0000] {dagbag.py:525} INFO - Filling up the DagBag from /home/airflow/.local/lib/python3.7/site-packages/airflow/example_dags/example_complex.py
[2022-10-29T09:44:15.898+0000] {processor.py:768} INFO - DAG(s) dict_keys(['example_complex']) retrieved from /home/airflow/.local/lib/python3.7/site-packages/airflow/example_dags/example_complex.py
[2022-10-29T09:44:15.965+0000] {logging_mixin.py:117} INFO - [2022-10-29T09:44:15.965+0000] {dag.py:2573} INFO - Sync 1 DAGs
[2022-10-29T09:44:16.009+0000] {logging_mixin.py:117} INFO - [2022-10-29T09:44:16.009+0000] {dag.py:3328} INFO - Setting next_dagrun for example_complex to None, run_after=None
[2022-10-29T09:44:16.043+0000] {processor.py:178} INFO - Processing /home/airflow/.local/lib/python3.7/site-packages/airflow/example_dags/example_complex.py took 0.182 seconds
[2022-10-29T09:44:46.849+0000] {processor.py:156} INFO - Started process (PID=260) to work on /home/airflow/.local/lib/python3.7/site-packages/airflow/example_dags/example_complex.py
[2022-10-29T09:44:46.850+0000] {processor.py:758} INFO - Processing file /home/airflow/.local/lib/python3.7/site-packages/airflow/example_dags/example_complex.py for tasks to queue
[2022-10-29T09:44:46.851+0000] {logging_mixin.py:117} INFO - [2022-10-29T09:44:46.851+0000] {dagbag.py:525} INFO - Filling up the DagBag from /home/airflow/.local/lib/python3.7/site-packages/airflow/example_dags/example_complex.py
[2022-10-29T09:44:46.878+0000] {processor.py:768} INFO - DAG(s) dict_keys(['example_complex']) retrieved from /home/airflow/.local/lib/python3.7/site-packages/airflow/example_dags/example_complex.py
[2022-10-29T09:44:46.939+0000] {logging_mixin.py:117} INFO - [2022-10-29T09:44:46.939+0000] {dag.py:2573} INFO - Sync 1 DAGs
[2022-10-29T09:44:46.976+0000] {logging_mixin.py:117} INFO - [2022-10-29T09:44:46.976+0000] {dag.py:3328} INFO - Setting next_dagrun for example_complex to None, run_after=None
[2022-10-29T09:44:47.004+0000] {processor.py:178} INFO - Processing /home/airflow/.local/lib/python3.7/site-packages/airflow/example_dags/example_complex.py took 0.158 seconds
[2022-10-29T09:45:17.789+0000] {processor.py:156} INFO - Started process (PID=315) to work on /home/airflow/.local/lib/python3.7/site-packages/airflow/example_dags/example_complex.py
[2022-10-29T09:45:17.790+0000] {processor.py:758} INFO - Processing file /home/airflow/.local/lib/python3.7/site-packages/airflow/example_dags/example_complex.py for tasks to queue
[2022-10-29T09:45:17.792+0000] {logging_mixin.py:117} INFO - [2022-10-29T09:45:17.792+0000] {dagbag.py:525} INFO - Filling up the DagBag from /home/airflow/.local/lib/python3.7/site-packages/airflow/example_dags/example_complex.py
[2022-10-29T09:45:17.825+0000] {processor.py:768} INFO - DAG(s) dict_keys(['example_complex']) retrieved from /home/airflow/.local/lib/python3.7/site-packages/airflow/example_dags/example_complex.py
[2022-10-29T09:45:17.901+0000] {logging_mixin.py:117} INFO - [2022-10-29T09:45:17.900+0000] {dag.py:2573} INFO - Sync 1 DAGs
[2022-10-29T09:45:17.946+0000] {logging_mixin.py:117} INFO - [2022-10-29T09:45:17.946+0000] {dag.py:3328} INFO - Setting next_dagrun for example_complex to None, run_after=None
[2022-10-29T09:45:17.978+0000] {processor.py:178} INFO - Processing /home/airflow/.local/lib/python3.7/site-packages/airflow/example_dags/example_complex.py took 0.192 seconds
[2022-10-29T09:45:48.567+0000] {processor.py:156} INFO - Started process (PID=380) to work on /home/airflow/.local/lib/python3.7/site-packages/airflow/example_dags/example_complex.py
[2022-10-29T09:45:48.569+0000] {processor.py:758} INFO - Processing file /home/airflow/.local/lib/python3.7/site-packages/airflow/example_dags/example_complex.py for tasks to queue
[2022-10-29T09:45:48.570+0000] {logging_mixin.py:117} INFO - [2022-10-29T09:45:48.570+0000] {dagbag.py:525} INFO - Filling up the DagBag from /home/airflow/.local/lib/python3.7/site-packages/airflow/example_dags/example_complex.py
[2022-10-29T09:45:48.599+0000] {processor.py:768} INFO - DAG(s) dict_keys(['example_complex']) retrieved from /home/airflow/.local/lib/python3.7/site-packages/airflow/example_dags/example_complex.py
[2022-10-29T09:45:48.670+0000] {logging_mixin.py:117} INFO - [2022-10-29T09:45:48.670+0000] {dag.py:2573} INFO - Sync 1 DAGs
[2022-10-29T09:45:48.708+0000] {logging_mixin.py:117} INFO - [2022-10-29T09:45:48.708+0000] {dag.py:3328} INFO - Setting next_dagrun for example_complex to None, run_after=None
[2022-10-29T09:45:48.736+0000] {processor.py:178} INFO - Processing /home/airflow/.local/lib/python3.7/site-packages/airflow/example_dags/example_complex.py took 0.173 seconds
[2022-10-29T09:46:19.025+0000] {processor.py:156} INFO - Started process (PID=434) to work on /home/airflow/.local/lib/python3.7/site-packages/airflow/example_dags/example_complex.py
[2022-10-29T09:46:19.026+0000] {processor.py:758} INFO - Processing file /home/airflow/.local/lib/python3.7/site-packages/airflow/example_dags/example_complex.py for tasks to queue
[2022-10-29T09:46:19.028+0000] {logging_mixin.py:117} INFO - [2022-10-29T09:46:19.027+0000] {dagbag.py:525} INFO - Filling up the DagBag from /home/airflow/.local/lib/python3.7/site-packages/airflow/example_dags/example_complex.py
[2022-10-29T09:46:19.056+0000] {processor.py:768} INFO - DAG(s) dict_keys(['example_complex']) retrieved from /home/airflow/.local/lib/python3.7/site-packages/airflow/example_dags/example_complex.py
[2022-10-29T09:46:19.130+0000] {logging_mixin.py:117} INFO - [2022-10-29T09:46:19.130+0000] {dag.py:2573} INFO - Sync 1 DAGs
[2022-10-29T09:46:19.166+0000] {logging_mixin.py:117} INFO - [2022-10-29T09:46:19.166+0000] {dag.py:3328} INFO - Setting next_dagrun for example_complex to None, run_after=None
[2022-10-29T09:46:19.197+0000] {processor.py:178} INFO - Processing /home/airflow/.local/lib/python3.7/site-packages/airflow/example_dags/example_complex.py took 0.177 seconds
[2022-10-29T09:53:33.829+0000] {processor.py:156} INFO - Started process (PID=314) to work on /home/airflow/.local/lib/python3.7/site-packages/airflow/example_dags/example_complex.py
[2022-10-29T09:53:33.836+0000] {processor.py:758} INFO - Processing file /home/airflow/.local/lib/python3.7/site-packages/airflow/example_dags/example_complex.py for tasks to queue
[2022-10-29T09:53:33.838+0000] {logging_mixin.py:117} INFO - [2022-10-29T09:53:33.837+0000] {dagbag.py:525} INFO - Filling up the DagBag from /home/airflow/.local/lib/python3.7/site-packages/airflow/example_dags/example_complex.py
[2022-10-29T09:53:33.890+0000] {processor.py:768} INFO - DAG(s) dict_keys(['example_complex']) retrieved from /home/airflow/.local/lib/python3.7/site-packages/airflow/example_dags/example_complex.py
[2022-10-29T09:53:34.486+0000] {logging_mixin.py:117} INFO - [2022-10-29T09:53:34.484+0000] {dag.py:2573} INFO - Sync 1 DAGs
[2022-10-29T09:53:34.560+0000] {logging_mixin.py:117} INFO - [2022-10-29T09:53:34.560+0000] {dag.py:3328} INFO - Setting next_dagrun for example_complex to None, run_after=None
[2022-10-29T09:53:34.649+0000] {processor.py:178} INFO - Processing /home/airflow/.local/lib/python3.7/site-packages/airflow/example_dags/example_complex.py took 0.825 seconds
[2022-10-29T09:54:04.873+0000] {processor.py:156} INFO - Started process (PID=377) to work on /home/airflow/.local/lib/python3.7/site-packages/airflow/example_dags/example_complex.py
[2022-10-29T09:54:04.874+0000] {processor.py:758} INFO - Processing file /home/airflow/.local/lib/python3.7/site-packages/airflow/example_dags/example_complex.py for tasks to queue
[2022-10-29T09:54:04.875+0000] {logging_mixin.py:117} INFO - [2022-10-29T09:54:04.875+0000] {dagbag.py:525} INFO - Filling up the DagBag from /home/airflow/.local/lib/python3.7/site-packages/airflow/example_dags/example_complex.py
[2022-10-29T09:54:04.906+0000] {processor.py:768} INFO - DAG(s) dict_keys(['example_complex']) retrieved from /home/airflow/.local/lib/python3.7/site-packages/airflow/example_dags/example_complex.py
[2022-10-29T09:54:05.187+0000] {logging_mixin.py:117} INFO - [2022-10-29T09:54:05.186+0000] {dag.py:2573} INFO - Sync 1 DAGs
[2022-10-29T09:54:05.231+0000] {logging_mixin.py:117} INFO - [2022-10-29T09:54:05.231+0000] {dag.py:3328} INFO - Setting next_dagrun for example_complex to None, run_after=None
[2022-10-29T09:54:05.264+0000] {processor.py:178} INFO - Processing /home/airflow/.local/lib/python3.7/site-packages/airflow/example_dags/example_complex.py took 0.395 seconds
[2022-10-29T09:54:35.509+0000] {processor.py:156} INFO - Started process (PID=432) to work on /home/airflow/.local/lib/python3.7/site-packages/airflow/example_dags/example_complex.py
[2022-10-29T09:54:35.510+0000] {processor.py:758} INFO - Processing file /home/airflow/.local/lib/python3.7/site-packages/airflow/example_dags/example_complex.py for tasks to queue
[2022-10-29T09:54:35.512+0000] {logging_mixin.py:117} INFO - [2022-10-29T09:54:35.512+0000] {dagbag.py:525} INFO - Filling up the DagBag from /home/airflow/.local/lib/python3.7/site-packages/airflow/example_dags/example_complex.py
[2022-10-29T09:54:35.690+0000] {processor.py:768} INFO - DAG(s) dict_keys(['example_complex']) retrieved from /home/airflow/.local/lib/python3.7/site-packages/airflow/example_dags/example_complex.py
[2022-10-29T09:54:35.753+0000] {logging_mixin.py:117} INFO - [2022-10-29T09:54:35.753+0000] {dag.py:2573} INFO - Sync 1 DAGs
[2022-10-29T09:54:35.788+0000] {logging_mixin.py:117} INFO - [2022-10-29T09:54:35.788+0000] {dag.py:3328} INFO - Setting next_dagrun for example_complex to None, run_after=None
[2022-10-29T09:54:35.823+0000] {processor.py:178} INFO - Processing /home/airflow/.local/lib/python3.7/site-packages/airflow/example_dags/example_complex.py took 0.317 seconds
[2022-10-29T09:55:06.827+0000] {processor.py:156} INFO - Started process (PID=496) to work on /home/airflow/.local/lib/python3.7/site-packages/airflow/example_dags/example_complex.py
[2022-10-29T09:55:06.829+0000] {processor.py:758} INFO - Processing file /home/airflow/.local/lib/python3.7/site-packages/airflow/example_dags/example_complex.py for tasks to queue
[2022-10-29T09:55:06.830+0000] {logging_mixin.py:117} INFO - [2022-10-29T09:55:06.830+0000] {dagbag.py:525} INFO - Filling up the DagBag from /home/airflow/.local/lib/python3.7/site-packages/airflow/example_dags/example_complex.py
[2022-10-29T09:55:06.866+0000] {processor.py:768} INFO - DAG(s) dict_keys(['example_complex']) retrieved from /home/airflow/.local/lib/python3.7/site-packages/airflow/example_dags/example_complex.py
[2022-10-29T09:55:06.926+0000] {logging_mixin.py:117} INFO - [2022-10-29T09:55:06.925+0000] {dag.py:2573} INFO - Sync 1 DAGs
[2022-10-29T09:55:06.962+0000] {logging_mixin.py:117} INFO - [2022-10-29T09:55:06.962+0000] {dag.py:3328} INFO - Setting next_dagrun for example_complex to None, run_after=None
[2022-10-29T09:55:06.991+0000] {processor.py:178} INFO - Processing /home/airflow/.local/lib/python3.7/site-packages/airflow/example_dags/example_complex.py took 0.168 seconds
[2022-10-29T09:55:37.191+0000] {processor.py:156} INFO - Started process (PID=550) to work on /home/airflow/.local/lib/python3.7/site-packages/airflow/example_dags/example_complex.py
[2022-10-29T09:55:37.193+0000] {processor.py:758} INFO - Processing file /home/airflow/.local/lib/python3.7/site-packages/airflow/example_dags/example_complex.py for tasks to queue
[2022-10-29T09:55:37.194+0000] {logging_mixin.py:117} INFO - [2022-10-29T09:55:37.194+0000] {dagbag.py:525} INFO - Filling up the DagBag from /home/airflow/.local/lib/python3.7/site-packages/airflow/example_dags/example_complex.py
[2022-10-29T09:55:37.228+0000] {processor.py:768} INFO - DAG(s) dict_keys(['example_complex']) retrieved from /home/airflow/.local/lib/python3.7/site-packages/airflow/example_dags/example_complex.py
[2022-10-29T09:55:37.271+0000] {logging_mixin.py:117} INFO - [2022-10-29T09:55:37.271+0000] {dag.py:2573} INFO - Sync 1 DAGs
[2022-10-29T09:55:37.308+0000] {logging_mixin.py:117} INFO - [2022-10-29T09:55:37.308+0000] {dag.py:3328} INFO - Setting next_dagrun for example_complex to None, run_after=None
[2022-10-29T09:55:37.339+0000] {processor.py:178} INFO - Processing /home/airflow/.local/lib/python3.7/site-packages/airflow/example_dags/example_complex.py took 0.152 seconds
[2022-10-29T09:56:07.508+0000] {processor.py:156} INFO - Started process (PID=613) to work on /home/airflow/.local/lib/python3.7/site-packages/airflow/example_dags/example_complex.py
[2022-10-29T09:56:07.509+0000] {processor.py:758} INFO - Processing file /home/airflow/.local/lib/python3.7/site-packages/airflow/example_dags/example_complex.py for tasks to queue
[2022-10-29T09:56:07.510+0000] {logging_mixin.py:117} INFO - [2022-10-29T09:56:07.510+0000] {dagbag.py:525} INFO - Filling up the DagBag from /home/airflow/.local/lib/python3.7/site-packages/airflow/example_dags/example_complex.py
[2022-10-29T09:56:07.536+0000] {processor.py:768} INFO - DAG(s) dict_keys(['example_complex']) retrieved from /home/airflow/.local/lib/python3.7/site-packages/airflow/example_dags/example_complex.py
[2022-10-29T09:56:07.584+0000] {logging_mixin.py:117} INFO - [2022-10-29T09:56:07.584+0000] {dag.py:2573} INFO - Sync 1 DAGs
[2022-10-29T09:56:07.616+0000] {logging_mixin.py:117} INFO - [2022-10-29T09:56:07.616+0000] {dag.py:3328} INFO - Setting next_dagrun for example_complex to None, run_after=None
[2022-10-29T09:56:07.640+0000] {processor.py:178} INFO - Processing /home/airflow/.local/lib/python3.7/site-packages/airflow/example_dags/example_complex.py took 0.134 seconds
[2022-10-29T09:56:38.000+0000] {processor.py:156} INFO - Started process (PID=667) to work on /home/airflow/.local/lib/python3.7/site-packages/airflow/example_dags/example_complex.py
[2022-10-29T09:56:38.002+0000] {processor.py:758} INFO - Processing file /home/airflow/.local/lib/python3.7/site-packages/airflow/example_dags/example_complex.py for tasks to queue
[2022-10-29T09:56:38.004+0000] {logging_mixin.py:117} INFO - [2022-10-29T09:56:38.004+0000] {dagbag.py:525} INFO - Filling up the DagBag from /home/airflow/.local/lib/python3.7/site-packages/airflow/example_dags/example_complex.py
[2022-10-29T09:56:38.038+0000] {processor.py:768} INFO - DAG(s) dict_keys(['example_complex']) retrieved from /home/airflow/.local/lib/python3.7/site-packages/airflow/example_dags/example_complex.py
[2022-10-29T09:56:38.105+0000] {logging_mixin.py:117} INFO - [2022-10-29T09:56:38.104+0000] {dag.py:2573} INFO - Sync 1 DAGs
[2022-10-29T09:56:38.148+0000] {logging_mixin.py:117} INFO - [2022-10-29T09:56:38.147+0000] {dag.py:3328} INFO - Setting next_dagrun for example_complex to None, run_after=None
[2022-10-29T09:56:38.183+0000] {processor.py:178} INFO - Processing /home/airflow/.local/lib/python3.7/site-packages/airflow/example_dags/example_complex.py took 0.186 seconds
[2022-10-29T09:57:08.348+0000] {processor.py:156} INFO - Started process (PID=730) to work on /home/airflow/.local/lib/python3.7/site-packages/airflow/example_dags/example_complex.py
[2022-10-29T09:57:08.349+0000] {processor.py:758} INFO - Processing file /home/airflow/.local/lib/python3.7/site-packages/airflow/example_dags/example_complex.py for tasks to queue
[2022-10-29T09:57:08.350+0000] {logging_mixin.py:117} INFO - [2022-10-29T09:57:08.350+0000] {dagbag.py:525} INFO - Filling up the DagBag from /home/airflow/.local/lib/python3.7/site-packages/airflow/example_dags/example_complex.py
[2022-10-29T09:57:08.376+0000] {processor.py:768} INFO - DAG(s) dict_keys(['example_complex']) retrieved from /home/airflow/.local/lib/python3.7/site-packages/airflow/example_dags/example_complex.py
[2022-10-29T09:57:08.434+0000] {logging_mixin.py:117} INFO - [2022-10-29T09:57:08.433+0000] {dag.py:2573} INFO - Sync 1 DAGs
[2022-10-29T09:57:08.468+0000] {logging_mixin.py:117} INFO - [2022-10-29T09:57:08.467+0000] {dag.py:3328} INFO - Setting next_dagrun for example_complex to None, run_after=None
[2022-10-29T09:57:08.494+0000] {processor.py:178} INFO - Processing /home/airflow/.local/lib/python3.7/site-packages/airflow/example_dags/example_complex.py took 0.150 seconds
[2022-10-29T10:02:56.834+0000] {processor.py:156} INFO - Started process (PID=82) to work on /home/airflow/.local/lib/python3.7/site-packages/airflow/example_dags/example_complex.py
[2022-10-29T10:02:56.836+0000] {processor.py:758} INFO - Processing file /home/airflow/.local/lib/python3.7/site-packages/airflow/example_dags/example_complex.py for tasks to queue
[2022-10-29T10:02:56.837+0000] {logging_mixin.py:117} INFO - [2022-10-29T10:02:56.837+0000] {dagbag.py:525} INFO - Filling up the DagBag from /home/airflow/.local/lib/python3.7/site-packages/airflow/example_dags/example_complex.py
[2022-10-29T10:02:56.869+0000] {processor.py:768} INFO - DAG(s) dict_keys(['example_complex']) retrieved from /home/airflow/.local/lib/python3.7/site-packages/airflow/example_dags/example_complex.py
[2022-10-29T10:02:56.934+0000] {logging_mixin.py:117} INFO - [2022-10-29T10:02:56.934+0000] {dag.py:2573} INFO - Sync 1 DAGs
[2022-10-29T10:02:56.974+0000] {logging_mixin.py:117} INFO - [2022-10-29T10:02:56.974+0000] {dag.py:3328} INFO - Setting next_dagrun for example_complex to None, run_after=None
[2022-10-29T10:02:57.004+0000] {processor.py:178} INFO - Processing /home/airflow/.local/lib/python3.7/site-packages/airflow/example_dags/example_complex.py took 0.173 seconds
[2022-10-29T10:03:27.204+0000] {processor.py:156} INFO - Started process (PID=145) to work on /home/airflow/.local/lib/python3.7/site-packages/airflow/example_dags/example_complex.py
[2022-10-29T10:03:27.205+0000] {processor.py:758} INFO - Processing file /home/airflow/.local/lib/python3.7/site-packages/airflow/example_dags/example_complex.py for tasks to queue
[2022-10-29T10:03:27.207+0000] {logging_mixin.py:117} INFO - [2022-10-29T10:03:27.207+0000] {dagbag.py:525} INFO - Filling up the DagBag from /home/airflow/.local/lib/python3.7/site-packages/airflow/example_dags/example_complex.py
[2022-10-29T10:03:27.233+0000] {processor.py:768} INFO - DAG(s) dict_keys(['example_complex']) retrieved from /home/airflow/.local/lib/python3.7/site-packages/airflow/example_dags/example_complex.py
[2022-10-29T10:03:27.298+0000] {logging_mixin.py:117} INFO - [2022-10-29T10:03:27.298+0000] {dag.py:2573} INFO - Sync 1 DAGs
[2022-10-29T10:03:27.341+0000] {logging_mixin.py:117} INFO - [2022-10-29T10:03:27.340+0000] {dag.py:3328} INFO - Setting next_dagrun for example_complex to None, run_after=None
[2022-10-29T10:03:27.373+0000] {processor.py:178} INFO - Processing /home/airflow/.local/lib/python3.7/site-packages/airflow/example_dags/example_complex.py took 0.174 seconds
