[2022-10-29T09:43:11.407+0000] {processor.py:156} INFO - Started process (PID=55) to work on /home/airflow/.local/lib/python3.7/site-packages/airflow/example_dags/example_skip_dag.py
[2022-10-29T09:43:11.409+0000] {processor.py:758} INFO - Processing file /home/airflow/.local/lib/python3.7/site-packages/airflow/example_dags/example_skip_dag.py for tasks to queue
[2022-10-29T09:43:11.410+0000] {logging_mixin.py:117} INFO - [2022-10-29T09:43:11.410+0000] {dagbag.py:525} INFO - Filling up the DagBag from /home/airflow/.local/lib/python3.7/site-packages/airflow/example_dags/example_skip_dag.py
[2022-10-29T09:43:11.448+0000] {processor.py:768} INFO - DAG(s) dict_keys(['example_skip_dag']) retrieved from /home/airflow/.local/lib/python3.7/site-packages/airflow/example_dags/example_skip_dag.py
[2022-10-29T09:43:11.476+0000] {logging_mixin.py:117} INFO - [2022-10-29T09:43:11.475+0000] {dag.py:2573} INFO - Sync 1 DAGs
[2022-10-29T09:43:11.512+0000] {logging_mixin.py:117} INFO - [2022-10-29T09:43:11.511+0000] {dag.py:3328} INFO - Setting next_dagrun for example_skip_dag to 2022-10-28T09:43:11.511427+00:00, run_after=2022-10-29T09:43:11.511427+00:00
[2022-10-29T09:43:11.545+0000] {processor.py:178} INFO - Processing /home/airflow/.local/lib/python3.7/site-packages/airflow/example_dags/example_skip_dag.py took 0.140 seconds
[2022-10-29T09:43:41.785+0000] {processor.py:156} INFO - Started process (PID=109) to work on /home/airflow/.local/lib/python3.7/site-packages/airflow/example_dags/example_skip_dag.py
[2022-10-29T09:43:41.786+0000] {processor.py:758} INFO - Processing file /home/airflow/.local/lib/python3.7/site-packages/airflow/example_dags/example_skip_dag.py for tasks to queue
[2022-10-29T09:43:41.787+0000] {logging_mixin.py:117} INFO - [2022-10-29T09:43:41.787+0000] {dagbag.py:525} INFO - Filling up the DagBag from /home/airflow/.local/lib/python3.7/site-packages/airflow/example_dags/example_skip_dag.py
[2022-10-29T09:43:41.809+0000] {processor.py:768} INFO - DAG(s) dict_keys(['example_skip_dag']) retrieved from /home/airflow/.local/lib/python3.7/site-packages/airflow/example_dags/example_skip_dag.py
[2022-10-29T09:43:41.870+0000] {logging_mixin.py:117} INFO - [2022-10-29T09:43:41.870+0000] {dag.py:2573} INFO - Sync 1 DAGs
[2022-10-29T09:43:41.904+0000] {logging_mixin.py:117} INFO - [2022-10-29T09:43:41.903+0000] {dag.py:3328} INFO - Setting next_dagrun for example_skip_dag to 2022-10-28T09:43:41.903490+00:00, run_after=2022-10-29T09:43:41.903490+00:00
[2022-10-29T09:43:41.932+0000] {processor.py:178} INFO - Processing /home/airflow/.local/lib/python3.7/site-packages/airflow/example_dags/example_skip_dag.py took 0.150 seconds
[2022-10-29T09:44:12.228+0000] {processor.py:156} INFO - Started process (PID=171) to work on /home/airflow/.local/lib/python3.7/site-packages/airflow/example_dags/example_skip_dag.py
[2022-10-29T09:44:12.231+0000] {processor.py:758} INFO - Processing file /home/airflow/.local/lib/python3.7/site-packages/airflow/example_dags/example_skip_dag.py for tasks to queue
[2022-10-29T09:44:12.233+0000] {logging_mixin.py:117} INFO - [2022-10-29T09:44:12.233+0000] {dagbag.py:525} INFO - Filling up the DagBag from /home/airflow/.local/lib/python3.7/site-packages/airflow/example_dags/example_skip_dag.py
[2022-10-29T09:44:12.264+0000] {processor.py:768} INFO - DAG(s) dict_keys(['example_skip_dag']) retrieved from /home/airflow/.local/lib/python3.7/site-packages/airflow/example_dags/example_skip_dag.py
[2022-10-29T09:44:12.347+0000] {logging_mixin.py:117} INFO - [2022-10-29T09:44:12.347+0000] {dag.py:2573} INFO - Sync 1 DAGs
[2022-10-29T09:44:12.397+0000] {logging_mixin.py:117} INFO - [2022-10-29T09:44:12.397+0000] {dag.py:3328} INFO - Setting next_dagrun for example_skip_dag to 2022-10-28T09:44:12.397273+00:00, run_after=2022-10-29T09:44:12.397273+00:00
[2022-10-29T09:44:12.427+0000] {processor.py:178} INFO - Processing /home/airflow/.local/lib/python3.7/site-packages/airflow/example_dags/example_skip_dag.py took 0.203 seconds
[2022-10-29T09:44:42.736+0000] {processor.py:156} INFO - Started process (PID=226) to work on /home/airflow/.local/lib/python3.7/site-packages/airflow/example_dags/example_skip_dag.py
[2022-10-29T09:44:42.738+0000] {processor.py:758} INFO - Processing file /home/airflow/.local/lib/python3.7/site-packages/airflow/example_dags/example_skip_dag.py for tasks to queue
[2022-10-29T09:44:42.740+0000] {logging_mixin.py:117} INFO - [2022-10-29T09:44:42.740+0000] {dagbag.py:525} INFO - Filling up the DagBag from /home/airflow/.local/lib/python3.7/site-packages/airflow/example_dags/example_skip_dag.py
[2022-10-29T09:44:42.762+0000] {processor.py:768} INFO - DAG(s) dict_keys(['example_skip_dag']) retrieved from /home/airflow/.local/lib/python3.7/site-packages/airflow/example_dags/example_skip_dag.py
[2022-10-29T09:44:42.821+0000] {logging_mixin.py:117} INFO - [2022-10-29T09:44:42.821+0000] {dag.py:2573} INFO - Sync 1 DAGs
[2022-10-29T09:44:42.868+0000] {logging_mixin.py:117} INFO - [2022-10-29T09:44:42.867+0000] {dag.py:3328} INFO - Setting next_dagrun for example_skip_dag to 2022-10-28T09:44:42.867566+00:00, run_after=2022-10-29T09:44:42.867566+00:00
[2022-10-29T09:44:42.899+0000] {processor.py:178} INFO - Processing /home/airflow/.local/lib/python3.7/site-packages/airflow/example_dags/example_skip_dag.py took 0.166 seconds
[2022-10-29T09:45:13.403+0000] {processor.py:156} INFO - Started process (PID=288) to work on /home/airflow/.local/lib/python3.7/site-packages/airflow/example_dags/example_skip_dag.py
[2022-10-29T09:45:13.405+0000] {processor.py:758} INFO - Processing file /home/airflow/.local/lib/python3.7/site-packages/airflow/example_dags/example_skip_dag.py for tasks to queue
[2022-10-29T09:45:13.406+0000] {logging_mixin.py:117} INFO - [2022-10-29T09:45:13.406+0000] {dagbag.py:525} INFO - Filling up the DagBag from /home/airflow/.local/lib/python3.7/site-packages/airflow/example_dags/example_skip_dag.py
[2022-10-29T09:45:13.422+0000] {processor.py:768} INFO - DAG(s) dict_keys(['example_skip_dag']) retrieved from /home/airflow/.local/lib/python3.7/site-packages/airflow/example_dags/example_skip_dag.py
[2022-10-29T09:45:13.477+0000] {logging_mixin.py:117} INFO - [2022-10-29T09:45:13.477+0000] {dag.py:2573} INFO - Sync 1 DAGs
[2022-10-29T09:45:13.511+0000] {logging_mixin.py:117} INFO - [2022-10-29T09:45:13.510+0000] {dag.py:3328} INFO - Setting next_dagrun for example_skip_dag to 2022-10-28T09:45:13.510546+00:00, run_after=2022-10-29T09:45:13.510546+00:00
[2022-10-29T09:45:13.540+0000] {processor.py:178} INFO - Processing /home/airflow/.local/lib/python3.7/site-packages/airflow/example_dags/example_skip_dag.py took 0.140 seconds
[2022-10-29T09:45:43.733+0000] {processor.py:156} INFO - Started process (PID=344) to work on /home/airflow/.local/lib/python3.7/site-packages/airflow/example_dags/example_skip_dag.py
[2022-10-29T09:45:43.735+0000] {processor.py:758} INFO - Processing file /home/airflow/.local/lib/python3.7/site-packages/airflow/example_dags/example_skip_dag.py for tasks to queue
[2022-10-29T09:45:43.736+0000] {logging_mixin.py:117} INFO - [2022-10-29T09:45:43.736+0000] {dagbag.py:525} INFO - Filling up the DagBag from /home/airflow/.local/lib/python3.7/site-packages/airflow/example_dags/example_skip_dag.py
[2022-10-29T09:45:43.756+0000] {processor.py:768} INFO - DAG(s) dict_keys(['example_skip_dag']) retrieved from /home/airflow/.local/lib/python3.7/site-packages/airflow/example_dags/example_skip_dag.py
[2022-10-29T09:45:43.815+0000] {logging_mixin.py:117} INFO - [2022-10-29T09:45:43.815+0000] {dag.py:2573} INFO - Sync 1 DAGs
[2022-10-29T09:45:43.857+0000] {logging_mixin.py:117} INFO - [2022-10-29T09:45:43.856+0000] {dag.py:3328} INFO - Setting next_dagrun for example_skip_dag to 2022-10-28T09:45:43.856518+00:00, run_after=2022-10-29T09:45:43.856518+00:00
[2022-10-29T09:45:43.885+0000] {processor.py:178} INFO - Processing /home/airflow/.local/lib/python3.7/site-packages/airflow/example_dags/example_skip_dag.py took 0.155 seconds
[2022-10-29T09:46:14.012+0000] {processor.py:156} INFO - Started process (PID=407) to work on /home/airflow/.local/lib/python3.7/site-packages/airflow/example_dags/example_skip_dag.py
[2022-10-29T09:46:14.014+0000] {processor.py:758} INFO - Processing file /home/airflow/.local/lib/python3.7/site-packages/airflow/example_dags/example_skip_dag.py for tasks to queue
[2022-10-29T09:46:14.015+0000] {logging_mixin.py:117} INFO - [2022-10-29T09:46:14.015+0000] {dagbag.py:525} INFO - Filling up the DagBag from /home/airflow/.local/lib/python3.7/site-packages/airflow/example_dags/example_skip_dag.py
[2022-10-29T09:46:14.031+0000] {processor.py:768} INFO - DAG(s) dict_keys(['example_skip_dag']) retrieved from /home/airflow/.local/lib/python3.7/site-packages/airflow/example_dags/example_skip_dag.py
[2022-10-29T09:46:14.089+0000] {logging_mixin.py:117} INFO - [2022-10-29T09:46:14.089+0000] {dag.py:2573} INFO - Sync 1 DAGs
[2022-10-29T09:46:14.124+0000] {logging_mixin.py:117} INFO - [2022-10-29T09:46:14.124+0000] {dag.py:3328} INFO - Setting next_dagrun for example_skip_dag to 2022-10-28T09:46:14.123916+00:00, run_after=2022-10-29T09:46:14.123916+00:00
[2022-10-29T09:46:14.154+0000] {processor.py:178} INFO - Processing /home/airflow/.local/lib/python3.7/site-packages/airflow/example_dags/example_skip_dag.py took 0.146 seconds
[2022-10-29T09:53:23.964+0000] {processor.py:156} INFO - Started process (PID=279) to work on /home/airflow/.local/lib/python3.7/site-packages/airflow/example_dags/example_skip_dag.py
[2022-10-29T09:53:23.967+0000] {processor.py:758} INFO - Processing file /home/airflow/.local/lib/python3.7/site-packages/airflow/example_dags/example_skip_dag.py for tasks to queue
[2022-10-29T09:53:23.969+0000] {logging_mixin.py:117} INFO - [2022-10-29T09:53:23.968+0000] {dagbag.py:525} INFO - Filling up the DagBag from /home/airflow/.local/lib/python3.7/site-packages/airflow/example_dags/example_skip_dag.py
[2022-10-29T09:53:23.989+0000] {processor.py:768} INFO - DAG(s) dict_keys(['example_skip_dag']) retrieved from /home/airflow/.local/lib/python3.7/site-packages/airflow/example_dags/example_skip_dag.py
[2022-10-29T09:53:24.275+0000] {logging_mixin.py:117} INFO - [2022-10-29T09:53:24.274+0000] {dag.py:2573} INFO - Sync 1 DAGs
[2022-10-29T09:53:24.354+0000] {logging_mixin.py:117} INFO - [2022-10-29T09:53:24.354+0000] {dag.py:3328} INFO - Setting next_dagrun for example_skip_dag to 2022-10-28T09:53:24.354099+00:00, run_after=2022-10-29T09:53:24.354099+00:00
[2022-10-29T09:53:24.401+0000] {processor.py:178} INFO - Processing /home/airflow/.local/lib/python3.7/site-packages/airflow/example_dags/example_skip_dag.py took 0.441 seconds
[2022-10-29T09:53:54.525+0000] {processor.py:156} INFO - Started process (PID=341) to work on /home/airflow/.local/lib/python3.7/site-packages/airflow/example_dags/example_skip_dag.py
[2022-10-29T09:53:54.526+0000] {processor.py:758} INFO - Processing file /home/airflow/.local/lib/python3.7/site-packages/airflow/example_dags/example_skip_dag.py for tasks to queue
[2022-10-29T09:53:54.529+0000] {logging_mixin.py:117} INFO - [2022-10-29T09:53:54.528+0000] {dagbag.py:525} INFO - Filling up the DagBag from /home/airflow/.local/lib/python3.7/site-packages/airflow/example_dags/example_skip_dag.py
[2022-10-29T09:53:54.551+0000] {processor.py:768} INFO - DAG(s) dict_keys(['example_skip_dag']) retrieved from /home/airflow/.local/lib/python3.7/site-packages/airflow/example_dags/example_skip_dag.py
[2022-10-29T09:53:54.942+0000] {logging_mixin.py:117} INFO - [2022-10-29T09:53:54.942+0000] {dag.py:2573} INFO - Sync 1 DAGs
[2022-10-29T09:53:54.984+0000] {logging_mixin.py:117} INFO - [2022-10-29T09:53:54.983+0000] {dag.py:3328} INFO - Setting next_dagrun for example_skip_dag to 2022-10-28T09:53:54.983551+00:00, run_after=2022-10-29T09:53:54.983551+00:00
[2022-10-29T09:53:55.018+0000] {processor.py:178} INFO - Processing /home/airflow/.local/lib/python3.7/site-packages/airflow/example_dags/example_skip_dag.py took 0.499 seconds
[2022-10-29T09:54:25.225+0000] {processor.py:156} INFO - Started process (PID=396) to work on /home/airflow/.local/lib/python3.7/site-packages/airflow/example_dags/example_skip_dag.py
[2022-10-29T09:54:25.227+0000] {processor.py:758} INFO - Processing file /home/airflow/.local/lib/python3.7/site-packages/airflow/example_dags/example_skip_dag.py for tasks to queue
[2022-10-29T09:54:25.228+0000] {logging_mixin.py:117} INFO - [2022-10-29T09:54:25.228+0000] {dagbag.py:525} INFO - Filling up the DagBag from /home/airflow/.local/lib/python3.7/site-packages/airflow/example_dags/example_skip_dag.py
[2022-10-29T09:54:25.244+0000] {processor.py:768} INFO - DAG(s) dict_keys(['example_skip_dag']) retrieved from /home/airflow/.local/lib/python3.7/site-packages/airflow/example_dags/example_skip_dag.py
[2022-10-29T09:54:25.420+0000] {logging_mixin.py:117} INFO - [2022-10-29T09:54:25.419+0000] {dag.py:2573} INFO - Sync 1 DAGs
[2022-10-29T09:54:25.452+0000] {logging_mixin.py:117} INFO - [2022-10-29T09:54:25.452+0000] {dag.py:3328} INFO - Setting next_dagrun for example_skip_dag to 2022-10-28T09:54:25.452393+00:00, run_after=2022-10-29T09:54:25.452393+00:00
[2022-10-29T09:54:25.494+0000] {processor.py:178} INFO - Processing /home/airflow/.local/lib/python3.7/site-packages/airflow/example_dags/example_skip_dag.py took 0.272 seconds
[2022-10-29T09:54:55.672+0000] {processor.py:156} INFO - Started process (PID=460) to work on /home/airflow/.local/lib/python3.7/site-packages/airflow/example_dags/example_skip_dag.py
[2022-10-29T09:54:55.673+0000] {processor.py:758} INFO - Processing file /home/airflow/.local/lib/python3.7/site-packages/airflow/example_dags/example_skip_dag.py for tasks to queue
[2022-10-29T09:54:55.675+0000] {logging_mixin.py:117} INFO - [2022-10-29T09:54:55.674+0000] {dagbag.py:525} INFO - Filling up the DagBag from /home/airflow/.local/lib/python3.7/site-packages/airflow/example_dags/example_skip_dag.py
[2022-10-29T09:54:55.860+0000] {processor.py:768} INFO - DAG(s) dict_keys(['example_skip_dag']) retrieved from /home/airflow/.local/lib/python3.7/site-packages/airflow/example_dags/example_skip_dag.py
[2022-10-29T09:54:55.974+0000] {logging_mixin.py:117} INFO - [2022-10-29T09:54:55.973+0000] {dag.py:2573} INFO - Sync 1 DAGs
[2022-10-29T09:54:56.026+0000] {logging_mixin.py:117} INFO - [2022-10-29T09:54:56.026+0000] {dag.py:3328} INFO - Setting next_dagrun for example_skip_dag to 2022-10-28T09:54:56.025732+00:00, run_after=2022-10-29T09:54:56.025732+00:00
[2022-10-29T09:54:56.061+0000] {processor.py:178} INFO - Processing /home/airflow/.local/lib/python3.7/site-packages/airflow/example_dags/example_skip_dag.py took 0.392 seconds
[2022-10-29T09:55:26.364+0000] {processor.py:156} INFO - Started process (PID=514) to work on /home/airflow/.local/lib/python3.7/site-packages/airflow/example_dags/example_skip_dag.py
[2022-10-29T09:55:26.366+0000] {processor.py:758} INFO - Processing file /home/airflow/.local/lib/python3.7/site-packages/airflow/example_dags/example_skip_dag.py for tasks to queue
[2022-10-29T09:55:26.367+0000] {logging_mixin.py:117} INFO - [2022-10-29T09:55:26.367+0000] {dagbag.py:525} INFO - Filling up the DagBag from /home/airflow/.local/lib/python3.7/site-packages/airflow/example_dags/example_skip_dag.py
[2022-10-29T09:55:26.387+0000] {processor.py:768} INFO - DAG(s) dict_keys(['example_skip_dag']) retrieved from /home/airflow/.local/lib/python3.7/site-packages/airflow/example_dags/example_skip_dag.py
[2022-10-29T09:55:26.419+0000] {logging_mixin.py:117} INFO - [2022-10-29T09:55:26.419+0000] {dag.py:2573} INFO - Sync 1 DAGs
[2022-10-29T09:55:26.462+0000] {logging_mixin.py:117} INFO - [2022-10-29T09:55:26.462+0000] {dag.py:3328} INFO - Setting next_dagrun for example_skip_dag to 2022-10-28T09:55:26.461794+00:00, run_after=2022-10-29T09:55:26.461794+00:00
[2022-10-29T09:55:26.488+0000] {processor.py:178} INFO - Processing /home/airflow/.local/lib/python3.7/site-packages/airflow/example_dags/example_skip_dag.py took 0.126 seconds
[2022-10-29T09:55:57.242+0000] {processor.py:156} INFO - Started process (PID=577) to work on /home/airflow/.local/lib/python3.7/site-packages/airflow/example_dags/example_skip_dag.py
[2022-10-29T09:55:57.243+0000] {processor.py:758} INFO - Processing file /home/airflow/.local/lib/python3.7/site-packages/airflow/example_dags/example_skip_dag.py for tasks to queue
[2022-10-29T09:55:57.245+0000] {logging_mixin.py:117} INFO - [2022-10-29T09:55:57.245+0000] {dagbag.py:525} INFO - Filling up the DagBag from /home/airflow/.local/lib/python3.7/site-packages/airflow/example_dags/example_skip_dag.py
[2022-10-29T09:55:57.264+0000] {processor.py:768} INFO - DAG(s) dict_keys(['example_skip_dag']) retrieved from /home/airflow/.local/lib/python3.7/site-packages/airflow/example_dags/example_skip_dag.py
[2022-10-29T09:55:57.327+0000] {logging_mixin.py:117} INFO - [2022-10-29T09:55:57.327+0000] {dag.py:2573} INFO - Sync 1 DAGs
[2022-10-29T09:55:57.363+0000] {logging_mixin.py:117} INFO - [2022-10-29T09:55:57.363+0000] {dag.py:3328} INFO - Setting next_dagrun for example_skip_dag to 2022-10-28T09:55:57.363330+00:00, run_after=2022-10-29T09:55:57.363330+00:00
[2022-10-29T09:55:57.400+0000] {processor.py:178} INFO - Processing /home/airflow/.local/lib/python3.7/site-packages/airflow/example_dags/example_skip_dag.py took 0.161 seconds
[2022-10-29T09:56:27.494+0000] {processor.py:156} INFO - Started process (PID=631) to work on /home/airflow/.local/lib/python3.7/site-packages/airflow/example_dags/example_skip_dag.py
[2022-10-29T09:56:27.495+0000] {processor.py:758} INFO - Processing file /home/airflow/.local/lib/python3.7/site-packages/airflow/example_dags/example_skip_dag.py for tasks to queue
[2022-10-29T09:56:27.496+0000] {logging_mixin.py:117} INFO - [2022-10-29T09:56:27.496+0000] {dagbag.py:525} INFO - Filling up the DagBag from /home/airflow/.local/lib/python3.7/site-packages/airflow/example_dags/example_skip_dag.py
[2022-10-29T09:56:27.513+0000] {processor.py:768} INFO - DAG(s) dict_keys(['example_skip_dag']) retrieved from /home/airflow/.local/lib/python3.7/site-packages/airflow/example_dags/example_skip_dag.py
[2022-10-29T09:56:27.562+0000] {logging_mixin.py:117} INFO - [2022-10-29T09:56:27.562+0000] {dag.py:2573} INFO - Sync 1 DAGs
[2022-10-29T09:56:27.595+0000] {logging_mixin.py:117} INFO - [2022-10-29T09:56:27.594+0000] {dag.py:3328} INFO - Setting next_dagrun for example_skip_dag to 2022-10-28T09:56:27.594678+00:00, run_after=2022-10-29T09:56:27.594678+00:00
[2022-10-29T09:56:27.624+0000] {processor.py:178} INFO - Processing /home/airflow/.local/lib/python3.7/site-packages/airflow/example_dags/example_skip_dag.py took 0.133 seconds
[2022-10-29T09:56:58.011+0000] {processor.py:156} INFO - Started process (PID=694) to work on /home/airflow/.local/lib/python3.7/site-packages/airflow/example_dags/example_skip_dag.py
[2022-10-29T09:56:58.012+0000] {processor.py:758} INFO - Processing file /home/airflow/.local/lib/python3.7/site-packages/airflow/example_dags/example_skip_dag.py for tasks to queue
[2022-10-29T09:56:58.013+0000] {logging_mixin.py:117} INFO - [2022-10-29T09:56:58.013+0000] {dagbag.py:525} INFO - Filling up the DagBag from /home/airflow/.local/lib/python3.7/site-packages/airflow/example_dags/example_skip_dag.py
[2022-10-29T09:56:58.031+0000] {processor.py:768} INFO - DAG(s) dict_keys(['example_skip_dag']) retrieved from /home/airflow/.local/lib/python3.7/site-packages/airflow/example_dags/example_skip_dag.py
[2022-10-29T09:56:58.088+0000] {logging_mixin.py:117} INFO - [2022-10-29T09:56:58.088+0000] {dag.py:2573} INFO - Sync 1 DAGs
[2022-10-29T09:56:58.129+0000] {logging_mixin.py:117} INFO - [2022-10-29T09:56:58.129+0000] {dag.py:3328} INFO - Setting next_dagrun for example_skip_dag to 2022-10-28T09:56:58.129331+00:00, run_after=2022-10-29T09:56:58.129331+00:00
[2022-10-29T09:56:58.158+0000] {processor.py:178} INFO - Processing /home/airflow/.local/lib/python3.7/site-packages/airflow/example_dags/example_skip_dag.py took 0.151 seconds
[2022-10-29T10:02:53.468+0000] {processor.py:156} INFO - Started process (PID=56) to work on /home/airflow/.local/lib/python3.7/site-packages/airflow/example_dags/example_skip_dag.py
[2022-10-29T10:02:53.470+0000] {processor.py:758} INFO - Processing file /home/airflow/.local/lib/python3.7/site-packages/airflow/example_dags/example_skip_dag.py for tasks to queue
[2022-10-29T10:02:53.471+0000] {logging_mixin.py:117} INFO - [2022-10-29T10:02:53.471+0000] {dagbag.py:525} INFO - Filling up the DagBag from /home/airflow/.local/lib/python3.7/site-packages/airflow/example_dags/example_skip_dag.py
[2022-10-29T10:02:53.507+0000] {processor.py:768} INFO - DAG(s) dict_keys(['example_skip_dag']) retrieved from /home/airflow/.local/lib/python3.7/site-packages/airflow/example_dags/example_skip_dag.py
[2022-10-29T10:02:53.534+0000] {logging_mixin.py:117} INFO - [2022-10-29T10:02:53.533+0000] {dag.py:2573} INFO - Sync 1 DAGs
[2022-10-29T10:02:53.567+0000] {logging_mixin.py:117} INFO - [2022-10-29T10:02:53.567+0000] {dag.py:3328} INFO - Setting next_dagrun for example_skip_dag to 2022-10-28T10:02:53.567051+00:00, run_after=2022-10-29T10:02:53.567051+00:00
[2022-10-29T10:02:53.594+0000] {processor.py:178} INFO - Processing /home/airflow/.local/lib/python3.7/site-packages/airflow/example_dags/example_skip_dag.py took 0.129 seconds
[2022-10-29T10:03:23.932+0000] {processor.py:156} INFO - Started process (PID=110) to work on /home/airflow/.local/lib/python3.7/site-packages/airflow/example_dags/example_skip_dag.py
[2022-10-29T10:03:23.934+0000] {processor.py:758} INFO - Processing file /home/airflow/.local/lib/python3.7/site-packages/airflow/example_dags/example_skip_dag.py for tasks to queue
[2022-10-29T10:03:23.936+0000] {logging_mixin.py:117} INFO - [2022-10-29T10:03:23.936+0000] {dagbag.py:525} INFO - Filling up the DagBag from /home/airflow/.local/lib/python3.7/site-packages/airflow/example_dags/example_skip_dag.py
[2022-10-29T10:03:23.954+0000] {processor.py:768} INFO - DAG(s) dict_keys(['example_skip_dag']) retrieved from /home/airflow/.local/lib/python3.7/site-packages/airflow/example_dags/example_skip_dag.py
[2022-10-29T10:03:24.024+0000] {logging_mixin.py:117} INFO - [2022-10-29T10:03:24.023+0000] {dag.py:2573} INFO - Sync 1 DAGs
[2022-10-29T10:03:24.071+0000] {logging_mixin.py:117} INFO - [2022-10-29T10:03:24.071+0000] {dag.py:3328} INFO - Setting next_dagrun for example_skip_dag to 2022-10-28T10:03:24.071118+00:00, run_after=2022-10-29T10:03:24.071118+00:00
[2022-10-29T10:03:24.109+0000] {processor.py:178} INFO - Processing /home/airflow/.local/lib/python3.7/site-packages/airflow/example_dags/example_skip_dag.py took 0.179 seconds
