[2022-10-29T09:43:14.451+0000] {processor.py:156} INFO - Started process (PID=87) to work on /home/airflow/.local/lib/python3.7/site-packages/airflow/example_dags/example_time_delta_sensor_async.py
[2022-10-29T09:43:14.452+0000] {processor.py:758} INFO - Processing file /home/airflow/.local/lib/python3.7/site-packages/airflow/example_dags/example_time_delta_sensor_async.py for tasks to queue
[2022-10-29T09:43:14.453+0000] {logging_mixin.py:117} INFO - [2022-10-29T09:43:14.453+0000] {dagbag.py:525} INFO - Filling up the DagBag from /home/airflow/.local/lib/python3.7/site-packages/airflow/example_dags/example_time_delta_sensor_async.py
[2022-10-29T09:43:14.469+0000] {processor.py:768} INFO - DAG(s) dict_keys(['example_time_delta_sensor_async']) retrieved from /home/airflow/.local/lib/python3.7/site-packages/airflow/example_dags/example_time_delta_sensor_async.py
[2022-10-29T09:43:14.503+0000] {logging_mixin.py:117} INFO - [2022-10-29T09:43:14.502+0000] {dag.py:2573} INFO - Sync 1 DAGs
[2022-10-29T09:43:14.551+0000] {logging_mixin.py:117} INFO - [2022-10-29T09:43:14.551+0000] {dag.py:3328} INFO - Setting next_dagrun for example_time_delta_sensor_async to None, run_after=None
[2022-10-29T09:43:14.580+0000] {processor.py:178} INFO - Processing /home/airflow/.local/lib/python3.7/site-packages/airflow/example_dags/example_time_delta_sensor_async.py took 0.133 seconds
[2022-10-29T09:43:45.852+0000] {processor.py:156} INFO - Started process (PID=141) to work on /home/airflow/.local/lib/python3.7/site-packages/airflow/example_dags/example_time_delta_sensor_async.py
[2022-10-29T09:43:45.853+0000] {processor.py:758} INFO - Processing file /home/airflow/.local/lib/python3.7/site-packages/airflow/example_dags/example_time_delta_sensor_async.py for tasks to queue
[2022-10-29T09:43:45.854+0000] {logging_mixin.py:117} INFO - [2022-10-29T09:43:45.854+0000] {dagbag.py:525} INFO - Filling up the DagBag from /home/airflow/.local/lib/python3.7/site-packages/airflow/example_dags/example_time_delta_sensor_async.py
[2022-10-29T09:43:45.869+0000] {processor.py:768} INFO - DAG(s) dict_keys(['example_time_delta_sensor_async']) retrieved from /home/airflow/.local/lib/python3.7/site-packages/airflow/example_dags/example_time_delta_sensor_async.py
[2022-10-29T09:43:46.164+0000] {logging_mixin.py:117} INFO - [2022-10-29T09:43:46.164+0000] {dag.py:2573} INFO - Sync 1 DAGs
[2022-10-29T09:43:46.198+0000] {logging_mixin.py:117} INFO - [2022-10-29T09:43:46.198+0000] {dag.py:3328} INFO - Setting next_dagrun for example_time_delta_sensor_async to None, run_after=None
[2022-10-29T09:43:46.226+0000] {processor.py:178} INFO - Processing /home/airflow/.local/lib/python3.7/site-packages/airflow/example_dags/example_time_delta_sensor_async.py took 0.378 seconds
[2022-10-29T09:44:16.540+0000] {processor.py:156} INFO - Started process (PID=207) to work on /home/airflow/.local/lib/python3.7/site-packages/airflow/example_dags/example_time_delta_sensor_async.py
[2022-10-29T09:44:16.541+0000] {processor.py:758} INFO - Processing file /home/airflow/.local/lib/python3.7/site-packages/airflow/example_dags/example_time_delta_sensor_async.py for tasks to queue
[2022-10-29T09:44:16.543+0000] {logging_mixin.py:117} INFO - [2022-10-29T09:44:16.542+0000] {dagbag.py:525} INFO - Filling up the DagBag from /home/airflow/.local/lib/python3.7/site-packages/airflow/example_dags/example_time_delta_sensor_async.py
[2022-10-29T09:44:16.560+0000] {processor.py:768} INFO - DAG(s) dict_keys(['example_time_delta_sensor_async']) retrieved from /home/airflow/.local/lib/python3.7/site-packages/airflow/example_dags/example_time_delta_sensor_async.py
[2022-10-29T09:44:16.854+0000] {logging_mixin.py:117} INFO - [2022-10-29T09:44:16.854+0000] {dag.py:2573} INFO - Sync 1 DAGs
[2022-10-29T09:44:16.891+0000] {logging_mixin.py:117} INFO - [2022-10-29T09:44:16.890+0000] {dag.py:3328} INFO - Setting next_dagrun for example_time_delta_sensor_async to None, run_after=None
[2022-10-29T09:44:16.919+0000] {processor.py:178} INFO - Processing /home/airflow/.local/lib/python3.7/site-packages/airflow/example_dags/example_time_delta_sensor_async.py took 0.382 seconds
[2022-10-29T09:44:47.796+0000] {processor.py:156} INFO - Started process (PID=270) to work on /home/airflow/.local/lib/python3.7/site-packages/airflow/example_dags/example_time_delta_sensor_async.py
[2022-10-29T09:44:47.798+0000] {processor.py:758} INFO - Processing file /home/airflow/.local/lib/python3.7/site-packages/airflow/example_dags/example_time_delta_sensor_async.py for tasks to queue
[2022-10-29T09:44:47.799+0000] {logging_mixin.py:117} INFO - [2022-10-29T09:44:47.799+0000] {dagbag.py:525} INFO - Filling up the DagBag from /home/airflow/.local/lib/python3.7/site-packages/airflow/example_dags/example_time_delta_sensor_async.py
[2022-10-29T09:44:47.815+0000] {processor.py:768} INFO - DAG(s) dict_keys(['example_time_delta_sensor_async']) retrieved from /home/airflow/.local/lib/python3.7/site-packages/airflow/example_dags/example_time_delta_sensor_async.py
[2022-10-29T09:44:48.134+0000] {logging_mixin.py:117} INFO - [2022-10-29T09:44:48.134+0000] {dag.py:2573} INFO - Sync 1 DAGs
[2022-10-29T09:44:48.178+0000] {logging_mixin.py:117} INFO - [2022-10-29T09:44:48.177+0000] {dag.py:3328} INFO - Setting next_dagrun for example_time_delta_sensor_async to None, run_after=None
[2022-10-29T09:44:48.210+0000] {processor.py:178} INFO - Processing /home/airflow/.local/lib/python3.7/site-packages/airflow/example_dags/example_time_delta_sensor_async.py took 0.417 seconds
[2022-10-29T09:45:18.605+0000] {processor.py:156} INFO - Started process (PID=323) to work on /home/airflow/.local/lib/python3.7/site-packages/airflow/example_dags/example_time_delta_sensor_async.py
[2022-10-29T09:45:18.606+0000] {processor.py:758} INFO - Processing file /home/airflow/.local/lib/python3.7/site-packages/airflow/example_dags/example_time_delta_sensor_async.py for tasks to queue
[2022-10-29T09:45:18.608+0000] {logging_mixin.py:117} INFO - [2022-10-29T09:45:18.608+0000] {dagbag.py:525} INFO - Filling up the DagBag from /home/airflow/.local/lib/python3.7/site-packages/airflow/example_dags/example_time_delta_sensor_async.py
[2022-10-29T09:45:18.623+0000] {processor.py:768} INFO - DAG(s) dict_keys(['example_time_delta_sensor_async']) retrieved from /home/airflow/.local/lib/python3.7/site-packages/airflow/example_dags/example_time_delta_sensor_async.py
[2022-10-29T09:45:18.909+0000] {logging_mixin.py:117} INFO - [2022-10-29T09:45:18.909+0000] {dag.py:2573} INFO - Sync 1 DAGs
[2022-10-29T09:45:18.936+0000] {logging_mixin.py:117} INFO - [2022-10-29T09:45:18.936+0000] {dag.py:3328} INFO - Setting next_dagrun for example_time_delta_sensor_async to None, run_after=None
[2022-10-29T09:45:18.964+0000] {processor.py:178} INFO - Processing /home/airflow/.local/lib/python3.7/site-packages/airflow/example_dags/example_time_delta_sensor_async.py took 0.362 seconds
[2022-10-29T09:45:49.408+0000] {processor.py:156} INFO - Started process (PID=386) to work on /home/airflow/.local/lib/python3.7/site-packages/airflow/example_dags/example_time_delta_sensor_async.py
[2022-10-29T09:45:49.410+0000] {processor.py:758} INFO - Processing file /home/airflow/.local/lib/python3.7/site-packages/airflow/example_dags/example_time_delta_sensor_async.py for tasks to queue
[2022-10-29T09:45:49.411+0000] {logging_mixin.py:117} INFO - [2022-10-29T09:45:49.411+0000] {dagbag.py:525} INFO - Filling up the DagBag from /home/airflow/.local/lib/python3.7/site-packages/airflow/example_dags/example_time_delta_sensor_async.py
[2022-10-29T09:45:49.428+0000] {processor.py:768} INFO - DAG(s) dict_keys(['example_time_delta_sensor_async']) retrieved from /home/airflow/.local/lib/python3.7/site-packages/airflow/example_dags/example_time_delta_sensor_async.py
[2022-10-29T09:45:49.735+0000] {logging_mixin.py:117} INFO - [2022-10-29T09:45:49.735+0000] {dag.py:2573} INFO - Sync 1 DAGs
[2022-10-29T09:45:49.768+0000] {logging_mixin.py:117} INFO - [2022-10-29T09:45:49.767+0000] {dag.py:3328} INFO - Setting next_dagrun for example_time_delta_sensor_async to None, run_after=None
[2022-10-29T09:45:49.797+0000] {processor.py:178} INFO - Processing /home/airflow/.local/lib/python3.7/site-packages/airflow/example_dags/example_time_delta_sensor_async.py took 0.392 seconds
[2022-10-29T09:46:20.644+0000] {processor.py:156} INFO - Started process (PID=440) to work on /home/airflow/.local/lib/python3.7/site-packages/airflow/example_dags/example_time_delta_sensor_async.py
[2022-10-29T09:46:20.645+0000] {processor.py:758} INFO - Processing file /home/airflow/.local/lib/python3.7/site-packages/airflow/example_dags/example_time_delta_sensor_async.py for tasks to queue
[2022-10-29T09:46:20.646+0000] {logging_mixin.py:117} INFO - [2022-10-29T09:46:20.646+0000] {dagbag.py:525} INFO - Filling up the DagBag from /home/airflow/.local/lib/python3.7/site-packages/airflow/example_dags/example_time_delta_sensor_async.py
[2022-10-29T09:46:20.665+0000] {processor.py:768} INFO - DAG(s) dict_keys(['example_time_delta_sensor_async']) retrieved from /home/airflow/.local/lib/python3.7/site-packages/airflow/example_dags/example_time_delta_sensor_async.py
[2022-10-29T09:46:20.975+0000] {logging_mixin.py:117} INFO - [2022-10-29T09:46:20.974+0000] {dag.py:2573} INFO - Sync 1 DAGs
[2022-10-29T09:46:21.016+0000] {logging_mixin.py:117} INFO - [2022-10-29T09:46:21.016+0000] {dag.py:3328} INFO - Setting next_dagrun for example_time_delta_sensor_async to None, run_after=None
[2022-10-29T09:46:21.047+0000] {processor.py:178} INFO - Processing /home/airflow/.local/lib/python3.7/site-packages/airflow/example_dags/example_time_delta_sensor_async.py took 0.407 seconds
[2022-10-29T09:53:35.874+0000] {processor.py:156} INFO - Started process (PID=320) to work on /home/airflow/.local/lib/python3.7/site-packages/airflow/example_dags/example_time_delta_sensor_async.py
[2022-10-29T09:53:35.875+0000] {processor.py:758} INFO - Processing file /home/airflow/.local/lib/python3.7/site-packages/airflow/example_dags/example_time_delta_sensor_async.py for tasks to queue
[2022-10-29T09:53:35.876+0000] {logging_mixin.py:117} INFO - [2022-10-29T09:53:35.876+0000] {dagbag.py:525} INFO - Filling up the DagBag from /home/airflow/.local/lib/python3.7/site-packages/airflow/example_dags/example_time_delta_sensor_async.py
[2022-10-29T09:53:35.889+0000] {processor.py:768} INFO - DAG(s) dict_keys(['example_time_delta_sensor_async']) retrieved from /home/airflow/.local/lib/python3.7/site-packages/airflow/example_dags/example_time_delta_sensor_async.py
[2022-10-29T09:53:36.310+0000] {logging_mixin.py:117} INFO - [2022-10-29T09:53:36.309+0000] {dag.py:2573} INFO - Sync 1 DAGs
[2022-10-29T09:53:36.341+0000] {logging_mixin.py:117} INFO - [2022-10-29T09:53:36.341+0000] {dag.py:3328} INFO - Setting next_dagrun for example_time_delta_sensor_async to None, run_after=None
[2022-10-29T09:53:36.370+0000] {processor.py:178} INFO - Processing /home/airflow/.local/lib/python3.7/site-packages/airflow/example_dags/example_time_delta_sensor_async.py took 0.498 seconds
[2022-10-29T09:54:06.603+0000] {processor.py:156} INFO - Started process (PID=384) to work on /home/airflow/.local/lib/python3.7/site-packages/airflow/example_dags/example_time_delta_sensor_async.py
[2022-10-29T09:54:06.605+0000] {processor.py:758} INFO - Processing file /home/airflow/.local/lib/python3.7/site-packages/airflow/example_dags/example_time_delta_sensor_async.py for tasks to queue
[2022-10-29T09:54:06.606+0000] {logging_mixin.py:117} INFO - [2022-10-29T09:54:06.606+0000] {dagbag.py:525} INFO - Filling up the DagBag from /home/airflow/.local/lib/python3.7/site-packages/airflow/example_dags/example_time_delta_sensor_async.py
[2022-10-29T09:54:06.622+0000] {processor.py:768} INFO - DAG(s) dict_keys(['example_time_delta_sensor_async']) retrieved from /home/airflow/.local/lib/python3.7/site-packages/airflow/example_dags/example_time_delta_sensor_async.py
[2022-10-29T09:54:07.026+0000] {logging_mixin.py:117} INFO - [2022-10-29T09:54:07.026+0000] {dag.py:2573} INFO - Sync 1 DAGs
[2022-10-29T09:54:07.052+0000] {logging_mixin.py:117} INFO - [2022-10-29T09:54:07.052+0000] {dag.py:3328} INFO - Setting next_dagrun for example_time_delta_sensor_async to None, run_after=None
[2022-10-29T09:54:07.074+0000] {processor.py:178} INFO - Processing /home/airflow/.local/lib/python3.7/site-packages/airflow/example_dags/example_time_delta_sensor_async.py took 0.473 seconds
[2022-10-29T09:54:37.516+0000] {processor.py:156} INFO - Started process (PID=440) to work on /home/airflow/.local/lib/python3.7/site-packages/airflow/example_dags/example_time_delta_sensor_async.py
[2022-10-29T09:54:37.517+0000] {processor.py:758} INFO - Processing file /home/airflow/.local/lib/python3.7/site-packages/airflow/example_dags/example_time_delta_sensor_async.py for tasks to queue
[2022-10-29T09:54:37.519+0000] {logging_mixin.py:117} INFO - [2022-10-29T09:54:37.519+0000] {dagbag.py:525} INFO - Filling up the DagBag from /home/airflow/.local/lib/python3.7/site-packages/airflow/example_dags/example_time_delta_sensor_async.py
[2022-10-29T09:54:37.674+0000] {processor.py:768} INFO - DAG(s) dict_keys(['example_time_delta_sensor_async']) retrieved from /home/airflow/.local/lib/python3.7/site-packages/airflow/example_dags/example_time_delta_sensor_async.py
[2022-10-29T09:54:37.980+0000] {logging_mixin.py:117} INFO - [2022-10-29T09:54:37.980+0000] {dag.py:2573} INFO - Sync 1 DAGs
[2022-10-29T09:54:38.020+0000] {logging_mixin.py:117} INFO - [2022-10-29T09:54:38.020+0000] {dag.py:3328} INFO - Setting next_dagrun for example_time_delta_sensor_async to None, run_after=None
[2022-10-29T09:54:38.053+0000] {processor.py:178} INFO - Processing /home/airflow/.local/lib/python3.7/site-packages/airflow/example_dags/example_time_delta_sensor_async.py took 0.541 seconds
[2022-10-29T09:55:08.829+0000] {processor.py:156} INFO - Started process (PID=504) to work on /home/airflow/.local/lib/python3.7/site-packages/airflow/example_dags/example_time_delta_sensor_async.py
[2022-10-29T09:55:08.833+0000] {processor.py:758} INFO - Processing file /home/airflow/.local/lib/python3.7/site-packages/airflow/example_dags/example_time_delta_sensor_async.py for tasks to queue
[2022-10-29T09:55:08.835+0000] {logging_mixin.py:117} INFO - [2022-10-29T09:55:08.835+0000] {dagbag.py:525} INFO - Filling up the DagBag from /home/airflow/.local/lib/python3.7/site-packages/airflow/example_dags/example_time_delta_sensor_async.py
[2022-10-29T09:55:08.855+0000] {processor.py:768} INFO - DAG(s) dict_keys(['example_time_delta_sensor_async']) retrieved from /home/airflow/.local/lib/python3.7/site-packages/airflow/example_dags/example_time_delta_sensor_async.py
[2022-10-29T09:55:09.135+0000] {logging_mixin.py:117} INFO - [2022-10-29T09:55:09.135+0000] {dag.py:2573} INFO - Sync 1 DAGs
[2022-10-29T09:55:09.169+0000] {logging_mixin.py:117} INFO - [2022-10-29T09:55:09.169+0000] {dag.py:3328} INFO - Setting next_dagrun for example_time_delta_sensor_async to None, run_after=None
[2022-10-29T09:55:09.198+0000] {processor.py:178} INFO - Processing /home/airflow/.local/lib/python3.7/site-packages/airflow/example_dags/example_time_delta_sensor_async.py took 0.372 seconds
[2022-10-29T09:55:40.052+0000] {processor.py:156} INFO - Started process (PID=558) to work on /home/airflow/.local/lib/python3.7/site-packages/airflow/example_dags/example_time_delta_sensor_async.py
[2022-10-29T09:55:40.053+0000] {processor.py:758} INFO - Processing file /home/airflow/.local/lib/python3.7/site-packages/airflow/example_dags/example_time_delta_sensor_async.py for tasks to queue
[2022-10-29T09:55:40.055+0000] {logging_mixin.py:117} INFO - [2022-10-29T09:55:40.054+0000] {dagbag.py:525} INFO - Filling up the DagBag from /home/airflow/.local/lib/python3.7/site-packages/airflow/example_dags/example_time_delta_sensor_async.py
[2022-10-29T09:55:40.070+0000] {processor.py:768} INFO - DAG(s) dict_keys(['example_time_delta_sensor_async']) retrieved from /home/airflow/.local/lib/python3.7/site-packages/airflow/example_dags/example_time_delta_sensor_async.py
[2022-10-29T09:55:40.110+0000] {logging_mixin.py:117} INFO - [2022-10-29T09:55:40.109+0000] {dag.py:2573} INFO - Sync 1 DAGs
[2022-10-29T09:55:40.147+0000] {logging_mixin.py:117} INFO - [2022-10-29T09:55:40.146+0000] {dag.py:3328} INFO - Setting next_dagrun for example_time_delta_sensor_async to None, run_after=None
[2022-10-29T09:55:40.178+0000] {processor.py:178} INFO - Processing /home/airflow/.local/lib/python3.7/site-packages/airflow/example_dags/example_time_delta_sensor_async.py took 0.130 seconds
[2022-10-29T09:56:10.310+0000] {processor.py:156} INFO - Started process (PID=621) to work on /home/airflow/.local/lib/python3.7/site-packages/airflow/example_dags/example_time_delta_sensor_async.py
[2022-10-29T09:56:10.311+0000] {processor.py:758} INFO - Processing file /home/airflow/.local/lib/python3.7/site-packages/airflow/example_dags/example_time_delta_sensor_async.py for tasks to queue
[2022-10-29T09:56:10.312+0000] {logging_mixin.py:117} INFO - [2022-10-29T09:56:10.312+0000] {dagbag.py:525} INFO - Filling up the DagBag from /home/airflow/.local/lib/python3.7/site-packages/airflow/example_dags/example_time_delta_sensor_async.py
[2022-10-29T09:56:10.324+0000] {processor.py:768} INFO - DAG(s) dict_keys(['example_time_delta_sensor_async']) retrieved from /home/airflow/.local/lib/python3.7/site-packages/airflow/example_dags/example_time_delta_sensor_async.py
[2022-10-29T09:56:10.534+0000] {logging_mixin.py:117} INFO - [2022-10-29T09:56:10.534+0000] {dag.py:2573} INFO - Sync 1 DAGs
[2022-10-29T09:56:10.561+0000] {logging_mixin.py:117} INFO - [2022-10-29T09:56:10.561+0000] {dag.py:3328} INFO - Setting next_dagrun for example_time_delta_sensor_async to None, run_after=None
[2022-10-29T09:56:10.585+0000] {processor.py:178} INFO - Processing /home/airflow/.local/lib/python3.7/site-packages/airflow/example_dags/example_time_delta_sensor_async.py took 0.277 seconds
[2022-10-29T09:56:40.821+0000] {processor.py:156} INFO - Started process (PID=682) to work on /home/airflow/.local/lib/python3.7/site-packages/airflow/example_dags/example_time_delta_sensor_async.py
[2022-10-29T09:56:40.823+0000] {processor.py:758} INFO - Processing file /home/airflow/.local/lib/python3.7/site-packages/airflow/example_dags/example_time_delta_sensor_async.py for tasks to queue
[2022-10-29T09:56:40.824+0000] {logging_mixin.py:117} INFO - [2022-10-29T09:56:40.824+0000] {dagbag.py:525} INFO - Filling up the DagBag from /home/airflow/.local/lib/python3.7/site-packages/airflow/example_dags/example_time_delta_sensor_async.py
[2022-10-29T09:56:40.842+0000] {processor.py:768} INFO - DAG(s) dict_keys(['example_time_delta_sensor_async']) retrieved from /home/airflow/.local/lib/python3.7/site-packages/airflow/example_dags/example_time_delta_sensor_async.py
[2022-10-29T09:56:41.128+0000] {logging_mixin.py:117} INFO - [2022-10-29T09:56:41.127+0000] {dag.py:2573} INFO - Sync 1 DAGs
[2022-10-29T09:56:41.170+0000] {logging_mixin.py:117} INFO - [2022-10-29T09:56:41.170+0000] {dag.py:3328} INFO - Setting next_dagrun for example_time_delta_sensor_async to None, run_after=None
[2022-10-29T09:56:41.202+0000] {processor.py:178} INFO - Processing /home/airflow/.local/lib/python3.7/site-packages/airflow/example_dags/example_time_delta_sensor_async.py took 0.385 seconds
[2022-10-29T09:57:11.523+0000] {processor.py:156} INFO - Started process (PID=738) to work on /home/airflow/.local/lib/python3.7/site-packages/airflow/example_dags/example_time_delta_sensor_async.py
[2022-10-29T09:57:11.524+0000] {processor.py:758} INFO - Processing file /home/airflow/.local/lib/python3.7/site-packages/airflow/example_dags/example_time_delta_sensor_async.py for tasks to queue
[2022-10-29T09:57:11.525+0000] {logging_mixin.py:117} INFO - [2022-10-29T09:57:11.525+0000] {dagbag.py:525} INFO - Filling up the DagBag from /home/airflow/.local/lib/python3.7/site-packages/airflow/example_dags/example_time_delta_sensor_async.py
[2022-10-29T09:57:11.539+0000] {processor.py:768} INFO - DAG(s) dict_keys(['example_time_delta_sensor_async']) retrieved from /home/airflow/.local/lib/python3.7/site-packages/airflow/example_dags/example_time_delta_sensor_async.py
[2022-10-29T09:57:11.823+0000] {logging_mixin.py:117} INFO - [2022-10-29T09:57:11.823+0000] {dag.py:2573} INFO - Sync 1 DAGs
[2022-10-29T09:57:11.857+0000] {logging_mixin.py:117} INFO - [2022-10-29T09:57:11.856+0000] {dag.py:3328} INFO - Setting next_dagrun for example_time_delta_sensor_async to None, run_after=None
[2022-10-29T09:57:11.887+0000] {processor.py:178} INFO - Processing /home/airflow/.local/lib/python3.7/site-packages/airflow/example_dags/example_time_delta_sensor_async.py took 0.368 seconds
[2022-10-29T10:02:57.531+0000] {processor.py:156} INFO - Started process (PID=88) to work on /home/airflow/.local/lib/python3.7/site-packages/airflow/example_dags/example_time_delta_sensor_async.py
[2022-10-29T10:02:57.533+0000] {processor.py:758} INFO - Processing file /home/airflow/.local/lib/python3.7/site-packages/airflow/example_dags/example_time_delta_sensor_async.py for tasks to queue
[2022-10-29T10:02:57.534+0000] {logging_mixin.py:117} INFO - [2022-10-29T10:02:57.534+0000] {dagbag.py:525} INFO - Filling up the DagBag from /home/airflow/.local/lib/python3.7/site-packages/airflow/example_dags/example_time_delta_sensor_async.py
[2022-10-29T10:02:57.553+0000] {processor.py:768} INFO - DAG(s) dict_keys(['example_time_delta_sensor_async']) retrieved from /home/airflow/.local/lib/python3.7/site-packages/airflow/example_dags/example_time_delta_sensor_async.py
[2022-10-29T10:02:57.815+0000] {logging_mixin.py:117} INFO - [2022-10-29T10:02:57.815+0000] {dag.py:2573} INFO - Sync 1 DAGs
[2022-10-29T10:02:57.845+0000] {logging_mixin.py:117} INFO - [2022-10-29T10:02:57.845+0000] {dag.py:3328} INFO - Setting next_dagrun for example_time_delta_sensor_async to None, run_after=None
[2022-10-29T10:02:57.872+0000] {processor.py:178} INFO - Processing /home/airflow/.local/lib/python3.7/site-packages/airflow/example_dags/example_time_delta_sensor_async.py took 0.344 seconds
[2022-10-29T10:03:28.009+0000] {processor.py:156} INFO - Started process (PID=152) to work on /home/airflow/.local/lib/python3.7/site-packages/airflow/example_dags/example_time_delta_sensor_async.py
[2022-10-29T10:03:28.011+0000] {processor.py:758} INFO - Processing file /home/airflow/.local/lib/python3.7/site-packages/airflow/example_dags/example_time_delta_sensor_async.py for tasks to queue
[2022-10-29T10:03:28.013+0000] {logging_mixin.py:117} INFO - [2022-10-29T10:03:28.013+0000] {dagbag.py:525} INFO - Filling up the DagBag from /home/airflow/.local/lib/python3.7/site-packages/airflow/example_dags/example_time_delta_sensor_async.py
[2022-10-29T10:03:28.036+0000] {processor.py:768} INFO - DAG(s) dict_keys(['example_time_delta_sensor_async']) retrieved from /home/airflow/.local/lib/python3.7/site-packages/airflow/example_dags/example_time_delta_sensor_async.py
[2022-10-29T10:03:28.570+0000] {logging_mixin.py:117} INFO - [2022-10-29T10:03:28.570+0000] {dag.py:2573} INFO - Sync 1 DAGs
[2022-10-29T10:03:28.627+0000] {logging_mixin.py:117} INFO - [2022-10-29T10:03:28.627+0000] {dag.py:3328} INFO - Setting next_dagrun for example_time_delta_sensor_async to None, run_after=None
[2022-10-29T10:03:28.666+0000] {processor.py:178} INFO - Processing /home/airflow/.local/lib/python3.7/site-packages/airflow/example_dags/example_time_delta_sensor_async.py took 0.660 seconds
