[2022-10-29T09:43:13.321+0000] {processor.py:156} INFO - Started process (PID=74) to work on /home/airflow/.local/lib/python3.7/site-packages/airflow/example_dags/example_branch_datetime_operator.py
[2022-10-29T09:43:13.322+0000] {processor.py:758} INFO - Processing file /home/airflow/.local/lib/python3.7/site-packages/airflow/example_dags/example_branch_datetime_operator.py for tasks to queue
[2022-10-29T09:43:13.323+0000] {logging_mixin.py:117} INFO - [2022-10-29T09:43:13.323+0000] {dagbag.py:525} INFO - Filling up the DagBag from /home/airflow/.local/lib/python3.7/site-packages/airflow/example_dags/example_branch_datetime_operator.py
[2022-10-29T09:43:13.349+0000] {processor.py:768} INFO - DAG(s) dict_keys(['example_branch_datetime_operator_3', 'example_branch_datetime_operator_2', 'example_branch_datetime_operator']) retrieved from /home/airflow/.local/lib/python3.7/site-packages/airflow/example_dags/example_branch_datetime_operator.py
[2022-10-29T09:43:13.380+0000] {logging_mixin.py:117} INFO - [2022-10-29T09:43:13.380+0000] {dag.py:2573} INFO - Sync 3 DAGs
[2022-10-29T09:43:13.417+0000] {logging_mixin.py:117} INFO - [2022-10-29T09:43:13.417+0000] {dag.py:3328} INFO - Setting next_dagrun for example_branch_datetime_operator to 2022-10-28T00:00:00+00:00, run_after=2022-10-29T00:00:00+00:00
[2022-10-29T09:43:13.423+0000] {logging_mixin.py:117} INFO - [2022-10-29T09:43:13.423+0000] {dag.py:3328} INFO - Setting next_dagrun for example_branch_datetime_operator_2 to 2022-10-28T00:00:00+00:00, run_after=2022-10-29T00:00:00+00:00
[2022-10-29T09:43:13.427+0000] {logging_mixin.py:117} INFO - [2022-10-29T09:43:13.427+0000] {dag.py:3328} INFO - Setting next_dagrun for example_branch_datetime_operator_3 to 2022-10-28T00:00:00+00:00, run_after=2022-10-29T00:00:00+00:00
[2022-10-29T09:43:13.450+0000] {processor.py:178} INFO - Processing /home/airflow/.local/lib/python3.7/site-packages/airflow/example_dags/example_branch_datetime_operator.py took 0.132 seconds
[2022-10-29T09:43:44.413+0000] {processor.py:156} INFO - Started process (PID=128) to work on /home/airflow/.local/lib/python3.7/site-packages/airflow/example_dags/example_branch_datetime_operator.py
[2022-10-29T09:43:44.414+0000] {processor.py:758} INFO - Processing file /home/airflow/.local/lib/python3.7/site-packages/airflow/example_dags/example_branch_datetime_operator.py for tasks to queue
[2022-10-29T09:43:44.415+0000] {logging_mixin.py:117} INFO - [2022-10-29T09:43:44.415+0000] {dagbag.py:525} INFO - Filling up the DagBag from /home/airflow/.local/lib/python3.7/site-packages/airflow/example_dags/example_branch_datetime_operator.py
[2022-10-29T09:43:44.441+0000] {processor.py:768} INFO - DAG(s) dict_keys(['example_branch_datetime_operator', 'example_branch_datetime_operator_2', 'example_branch_datetime_operator_3']) retrieved from /home/airflow/.local/lib/python3.7/site-packages/airflow/example_dags/example_branch_datetime_operator.py
[2022-10-29T09:43:44.506+0000] {logging_mixin.py:117} INFO - [2022-10-29T09:43:44.506+0000] {dag.py:2573} INFO - Sync 3 DAGs
[2022-10-29T09:43:44.545+0000] {logging_mixin.py:117} INFO - [2022-10-29T09:43:44.545+0000] {dag.py:3328} INFO - Setting next_dagrun for example_branch_datetime_operator to 2022-10-28T00:00:00+00:00, run_after=2022-10-29T00:00:00+00:00
[2022-10-29T09:43:44.553+0000] {logging_mixin.py:117} INFO - [2022-10-29T09:43:44.553+0000] {dag.py:3328} INFO - Setting next_dagrun for example_branch_datetime_operator_2 to 2022-10-28T00:00:00+00:00, run_after=2022-10-29T00:00:00+00:00
[2022-10-29T09:43:44.558+0000] {logging_mixin.py:117} INFO - [2022-10-29T09:43:44.558+0000] {dag.py:3328} INFO - Setting next_dagrun for example_branch_datetime_operator_3 to 2022-10-28T00:00:00+00:00, run_after=2022-10-29T00:00:00+00:00
[2022-10-29T09:43:44.588+0000] {processor.py:178} INFO - Processing /home/airflow/.local/lib/python3.7/site-packages/airflow/example_dags/example_branch_datetime_operator.py took 0.178 seconds
[2022-10-29T09:44:14.951+0000] {processor.py:156} INFO - Started process (PID=192) to work on /home/airflow/.local/lib/python3.7/site-packages/airflow/example_dags/example_branch_datetime_operator.py
[2022-10-29T09:44:14.953+0000] {processor.py:758} INFO - Processing file /home/airflow/.local/lib/python3.7/site-packages/airflow/example_dags/example_branch_datetime_operator.py for tasks to queue
[2022-10-29T09:44:14.955+0000] {logging_mixin.py:117} INFO - [2022-10-29T09:44:14.955+0000] {dagbag.py:525} INFO - Filling up the DagBag from /home/airflow/.local/lib/python3.7/site-packages/airflow/example_dags/example_branch_datetime_operator.py
[2022-10-29T09:44:14.986+0000] {processor.py:768} INFO - DAG(s) dict_keys(['example_branch_datetime_operator_3', 'example_branch_datetime_operator', 'example_branch_datetime_operator_2']) retrieved from /home/airflow/.local/lib/python3.7/site-packages/airflow/example_dags/example_branch_datetime_operator.py
[2022-10-29T09:44:15.063+0000] {logging_mixin.py:117} INFO - [2022-10-29T09:44:15.062+0000] {dag.py:2573} INFO - Sync 3 DAGs
[2022-10-29T09:44:15.130+0000] {logging_mixin.py:117} INFO - [2022-10-29T09:44:15.129+0000] {dag.py:3328} INFO - Setting next_dagrun for example_branch_datetime_operator to 2022-10-28T00:00:00+00:00, run_after=2022-10-29T00:00:00+00:00
[2022-10-29T09:44:15.142+0000] {logging_mixin.py:117} INFO - [2022-10-29T09:44:15.142+0000] {dag.py:3328} INFO - Setting next_dagrun for example_branch_datetime_operator_2 to 2022-10-28T00:00:00+00:00, run_after=2022-10-29T00:00:00+00:00
[2022-10-29T09:44:15.149+0000] {logging_mixin.py:117} INFO - [2022-10-29T09:44:15.149+0000] {dag.py:3328} INFO - Setting next_dagrun for example_branch_datetime_operator_3 to 2022-10-28T00:00:00+00:00, run_after=2022-10-29T00:00:00+00:00
[2022-10-29T09:44:15.182+0000] {processor.py:178} INFO - Processing /home/airflow/.local/lib/python3.7/site-packages/airflow/example_dags/example_branch_datetime_operator.py took 0.235 seconds
[2022-10-29T09:44:45.997+0000] {processor.py:156} INFO - Started process (PID=246) to work on /home/airflow/.local/lib/python3.7/site-packages/airflow/example_dags/example_branch_datetime_operator.py
[2022-10-29T09:44:45.998+0000] {processor.py:758} INFO - Processing file /home/airflow/.local/lib/python3.7/site-packages/airflow/example_dags/example_branch_datetime_operator.py for tasks to queue
[2022-10-29T09:44:46.000+0000] {logging_mixin.py:117} INFO - [2022-10-29T09:44:45.999+0000] {dagbag.py:525} INFO - Filling up the DagBag from /home/airflow/.local/lib/python3.7/site-packages/airflow/example_dags/example_branch_datetime_operator.py
[2022-10-29T09:44:46.024+0000] {processor.py:768} INFO - DAG(s) dict_keys(['example_branch_datetime_operator_2', 'example_branch_datetime_operator', 'example_branch_datetime_operator_3']) retrieved from /home/airflow/.local/lib/python3.7/site-packages/airflow/example_dags/example_branch_datetime_operator.py
[2022-10-29T09:44:46.088+0000] {logging_mixin.py:117} INFO - [2022-10-29T09:44:46.088+0000] {dag.py:2573} INFO - Sync 3 DAGs
[2022-10-29T09:44:46.127+0000] {logging_mixin.py:117} INFO - [2022-10-29T09:44:46.127+0000] {dag.py:3328} INFO - Setting next_dagrun for example_branch_datetime_operator to 2022-10-28T00:00:00+00:00, run_after=2022-10-29T00:00:00+00:00
[2022-10-29T09:44:46.135+0000] {logging_mixin.py:117} INFO - [2022-10-29T09:44:46.135+0000] {dag.py:3328} INFO - Setting next_dagrun for example_branch_datetime_operator_2 to 2022-10-28T00:00:00+00:00, run_after=2022-10-29T00:00:00+00:00
[2022-10-29T09:44:46.139+0000] {logging_mixin.py:117} INFO - [2022-10-29T09:44:46.139+0000] {dag.py:3328} INFO - Setting next_dagrun for example_branch_datetime_operator_3 to 2022-10-28T00:00:00+00:00, run_after=2022-10-29T00:00:00+00:00
[2022-10-29T09:44:46.167+0000] {processor.py:178} INFO - Processing /home/airflow/.local/lib/python3.7/site-packages/airflow/example_dags/example_branch_datetime_operator.py took 0.174 seconds
[2022-10-29T09:45:16.964+0000] {processor.py:156} INFO - Started process (PID=308) to work on /home/airflow/.local/lib/python3.7/site-packages/airflow/example_dags/example_branch_datetime_operator.py
[2022-10-29T09:45:16.966+0000] {processor.py:758} INFO - Processing file /home/airflow/.local/lib/python3.7/site-packages/airflow/example_dags/example_branch_datetime_operator.py for tasks to queue
[2022-10-29T09:45:16.968+0000] {logging_mixin.py:117} INFO - [2022-10-29T09:45:16.967+0000] {dagbag.py:525} INFO - Filling up the DagBag from /home/airflow/.local/lib/python3.7/site-packages/airflow/example_dags/example_branch_datetime_operator.py
[2022-10-29T09:45:16.990+0000] {processor.py:768} INFO - DAG(s) dict_keys(['example_branch_datetime_operator_3', 'example_branch_datetime_operator_2', 'example_branch_datetime_operator']) retrieved from /home/airflow/.local/lib/python3.7/site-packages/airflow/example_dags/example_branch_datetime_operator.py
[2022-10-29T09:45:17.053+0000] {logging_mixin.py:117} INFO - [2022-10-29T09:45:17.053+0000] {dag.py:2573} INFO - Sync 3 DAGs
[2022-10-29T09:45:17.093+0000] {logging_mixin.py:117} INFO - [2022-10-29T09:45:17.093+0000] {dag.py:3328} INFO - Setting next_dagrun for example_branch_datetime_operator to 2022-10-28T00:00:00+00:00, run_after=2022-10-29T00:00:00+00:00
[2022-10-29T09:45:17.102+0000] {logging_mixin.py:117} INFO - [2022-10-29T09:45:17.102+0000] {dag.py:3328} INFO - Setting next_dagrun for example_branch_datetime_operator_2 to 2022-10-28T00:00:00+00:00, run_after=2022-10-29T00:00:00+00:00
[2022-10-29T09:45:17.110+0000] {logging_mixin.py:117} INFO - [2022-10-29T09:45:17.109+0000] {dag.py:3328} INFO - Setting next_dagrun for example_branch_datetime_operator_3 to 2022-10-28T00:00:00+00:00, run_after=2022-10-29T00:00:00+00:00
[2022-10-29T09:45:17.139+0000] {processor.py:178} INFO - Processing /home/airflow/.local/lib/python3.7/site-packages/airflow/example_dags/example_branch_datetime_operator.py took 0.179 seconds
[2022-10-29T09:45:47.674+0000] {processor.py:156} INFO - Started process (PID=373) to work on /home/airflow/.local/lib/python3.7/site-packages/airflow/example_dags/example_branch_datetime_operator.py
[2022-10-29T09:45:47.676+0000] {processor.py:758} INFO - Processing file /home/airflow/.local/lib/python3.7/site-packages/airflow/example_dags/example_branch_datetime_operator.py for tasks to queue
[2022-10-29T09:45:47.678+0000] {logging_mixin.py:117} INFO - [2022-10-29T09:45:47.677+0000] {dagbag.py:525} INFO - Filling up the DagBag from /home/airflow/.local/lib/python3.7/site-packages/airflow/example_dags/example_branch_datetime_operator.py
[2022-10-29T09:45:47.706+0000] {processor.py:768} INFO - DAG(s) dict_keys(['example_branch_datetime_operator', 'example_branch_datetime_operator_3', 'example_branch_datetime_operator_2']) retrieved from /home/airflow/.local/lib/python3.7/site-packages/airflow/example_dags/example_branch_datetime_operator.py
[2022-10-29T09:45:47.799+0000] {logging_mixin.py:117} INFO - [2022-10-29T09:45:47.799+0000] {dag.py:2573} INFO - Sync 3 DAGs
[2022-10-29T09:45:47.849+0000] {logging_mixin.py:117} INFO - [2022-10-29T09:45:47.849+0000] {dag.py:3328} INFO - Setting next_dagrun for example_branch_datetime_operator to 2022-10-28T00:00:00+00:00, run_after=2022-10-29T00:00:00+00:00
[2022-10-29T09:45:47.863+0000] {logging_mixin.py:117} INFO - [2022-10-29T09:45:47.862+0000] {dag.py:3328} INFO - Setting next_dagrun for example_branch_datetime_operator_2 to 2022-10-28T00:00:00+00:00, run_after=2022-10-29T00:00:00+00:00
[2022-10-29T09:45:47.870+0000] {logging_mixin.py:117} INFO - [2022-10-29T09:45:47.869+0000] {dag.py:3328} INFO - Setting next_dagrun for example_branch_datetime_operator_3 to 2022-10-28T00:00:00+00:00, run_after=2022-10-29T00:00:00+00:00
[2022-10-29T09:45:47.906+0000] {processor.py:178} INFO - Processing /home/airflow/.local/lib/python3.7/site-packages/airflow/example_dags/example_branch_datetime_operator.py took 0.236 seconds
[2022-10-29T09:46:18.107+0000] {processor.py:156} INFO - Started process (PID=427) to work on /home/airflow/.local/lib/python3.7/site-packages/airflow/example_dags/example_branch_datetime_operator.py
[2022-10-29T09:46:18.108+0000] {processor.py:758} INFO - Processing file /home/airflow/.local/lib/python3.7/site-packages/airflow/example_dags/example_branch_datetime_operator.py for tasks to queue
[2022-10-29T09:46:18.110+0000] {logging_mixin.py:117} INFO - [2022-10-29T09:46:18.110+0000] {dagbag.py:525} INFO - Filling up the DagBag from /home/airflow/.local/lib/python3.7/site-packages/airflow/example_dags/example_branch_datetime_operator.py
[2022-10-29T09:46:18.139+0000] {processor.py:768} INFO - DAG(s) dict_keys(['example_branch_datetime_operator_3', 'example_branch_datetime_operator_2', 'example_branch_datetime_operator']) retrieved from /home/airflow/.local/lib/python3.7/site-packages/airflow/example_dags/example_branch_datetime_operator.py
[2022-10-29T09:46:18.225+0000] {logging_mixin.py:117} INFO - [2022-10-29T09:46:18.225+0000] {dag.py:2573} INFO - Sync 3 DAGs
[2022-10-29T09:46:18.264+0000] {logging_mixin.py:117} INFO - [2022-10-29T09:46:18.264+0000] {dag.py:3328} INFO - Setting next_dagrun for example_branch_datetime_operator to 2022-10-28T00:00:00+00:00, run_after=2022-10-29T00:00:00+00:00
[2022-10-29T09:46:18.272+0000] {logging_mixin.py:117} INFO - [2022-10-29T09:46:18.272+0000] {dag.py:3328} INFO - Setting next_dagrun for example_branch_datetime_operator_2 to 2022-10-28T00:00:00+00:00, run_after=2022-10-29T00:00:00+00:00
[2022-10-29T09:46:18.278+0000] {logging_mixin.py:117} INFO - [2022-10-29T09:46:18.278+0000] {dag.py:3328} INFO - Setting next_dagrun for example_branch_datetime_operator_3 to 2022-10-28T00:00:00+00:00, run_after=2022-10-29T00:00:00+00:00
[2022-10-29T09:46:18.311+0000] {processor.py:178} INFO - Processing /home/airflow/.local/lib/python3.7/site-packages/airflow/example_dags/example_branch_datetime_operator.py took 0.207 seconds
[2022-10-29T09:53:31.450+0000] {processor.py:156} INFO - Started process (PID=307) to work on /home/airflow/.local/lib/python3.7/site-packages/airflow/example_dags/example_branch_datetime_operator.py
[2022-10-29T09:53:31.452+0000] {processor.py:758} INFO - Processing file /home/airflow/.local/lib/python3.7/site-packages/airflow/example_dags/example_branch_datetime_operator.py for tasks to queue
[2022-10-29T09:53:31.453+0000] {logging_mixin.py:117} INFO - [2022-10-29T09:53:31.453+0000] {dagbag.py:525} INFO - Filling up the DagBag from /home/airflow/.local/lib/python3.7/site-packages/airflow/example_dags/example_branch_datetime_operator.py
[2022-10-29T09:53:31.486+0000] {processor.py:768} INFO - DAG(s) dict_keys(['example_branch_datetime_operator', 'example_branch_datetime_operator_2', 'example_branch_datetime_operator_3']) retrieved from /home/airflow/.local/lib/python3.7/site-packages/airflow/example_dags/example_branch_datetime_operator.py
[2022-10-29T09:53:31.910+0000] {logging_mixin.py:117} INFO - [2022-10-29T09:53:31.910+0000] {dag.py:2573} INFO - Sync 3 DAGs
[2022-10-29T09:53:31.951+0000] {logging_mixin.py:117} INFO - [2022-10-29T09:53:31.950+0000] {dag.py:3328} INFO - Setting next_dagrun for example_branch_datetime_operator to 2022-10-28T00:00:00+00:00, run_after=2022-10-29T00:00:00+00:00
[2022-10-29T09:53:31.958+0000] {logging_mixin.py:117} INFO - [2022-10-29T09:53:31.958+0000] {dag.py:3328} INFO - Setting next_dagrun for example_branch_datetime_operator_2 to 2022-10-28T00:00:00+00:00, run_after=2022-10-29T00:00:00+00:00
[2022-10-29T09:53:31.963+0000] {logging_mixin.py:117} INFO - [2022-10-29T09:53:31.963+0000] {dag.py:3328} INFO - Setting next_dagrun for example_branch_datetime_operator_3 to 2022-10-28T00:00:00+00:00, run_after=2022-10-29T00:00:00+00:00
[2022-10-29T09:53:31.994+0000] {processor.py:178} INFO - Processing /home/airflow/.local/lib/python3.7/site-packages/airflow/example_dags/example_branch_datetime_operator.py took 0.549 seconds
[2022-10-29T09:54:02.336+0000] {processor.py:156} INFO - Started process (PID=361) to work on /home/airflow/.local/lib/python3.7/site-packages/airflow/example_dags/example_branch_datetime_operator.py
[2022-10-29T09:54:02.337+0000] {processor.py:758} INFO - Processing file /home/airflow/.local/lib/python3.7/site-packages/airflow/example_dags/example_branch_datetime_operator.py for tasks to queue
[2022-10-29T09:54:02.339+0000] {logging_mixin.py:117} INFO - [2022-10-29T09:54:02.338+0000] {dagbag.py:525} INFO - Filling up the DagBag from /home/airflow/.local/lib/python3.7/site-packages/airflow/example_dags/example_branch_datetime_operator.py
[2022-10-29T09:54:02.372+0000] {processor.py:768} INFO - DAG(s) dict_keys(['example_branch_datetime_operator_3', 'example_branch_datetime_operator_2', 'example_branch_datetime_operator']) retrieved from /home/airflow/.local/lib/python3.7/site-packages/airflow/example_dags/example_branch_datetime_operator.py
[2022-10-29T09:54:02.582+0000] {logging_mixin.py:117} INFO - [2022-10-29T09:54:02.582+0000] {dag.py:2573} INFO - Sync 3 DAGs
[2022-10-29T09:54:02.619+0000] {logging_mixin.py:117} INFO - [2022-10-29T09:54:02.619+0000] {dag.py:3328} INFO - Setting next_dagrun for example_branch_datetime_operator to 2022-10-28T00:00:00+00:00, run_after=2022-10-29T00:00:00+00:00
[2022-10-29T09:54:02.628+0000] {logging_mixin.py:117} INFO - [2022-10-29T09:54:02.628+0000] {dag.py:3328} INFO - Setting next_dagrun for example_branch_datetime_operator_2 to 2022-10-28T00:00:00+00:00, run_after=2022-10-29T00:00:00+00:00
[2022-10-29T09:54:02.634+0000] {logging_mixin.py:117} INFO - [2022-10-29T09:54:02.634+0000] {dag.py:3328} INFO - Setting next_dagrun for example_branch_datetime_operator_3 to 2022-10-28T00:00:00+00:00, run_after=2022-10-29T00:00:00+00:00
[2022-10-29T09:54:02.664+0000] {processor.py:178} INFO - Processing /home/airflow/.local/lib/python3.7/site-packages/airflow/example_dags/example_branch_datetime_operator.py took 0.331 seconds
[2022-10-29T09:54:32.998+0000] {processor.py:156} INFO - Started process (PID=425) to work on /home/airflow/.local/lib/python3.7/site-packages/airflow/example_dags/example_branch_datetime_operator.py
[2022-10-29T09:54:33.000+0000] {processor.py:758} INFO - Processing file /home/airflow/.local/lib/python3.7/site-packages/airflow/example_dags/example_branch_datetime_operator.py for tasks to queue
[2022-10-29T09:54:33.001+0000] {logging_mixin.py:117} INFO - [2022-10-29T09:54:33.001+0000] {dagbag.py:525} INFO - Filling up the DagBag from /home/airflow/.local/lib/python3.7/site-packages/airflow/example_dags/example_branch_datetime_operator.py
[2022-10-29T09:54:33.186+0000] {processor.py:768} INFO - DAG(s) dict_keys(['example_branch_datetime_operator_2', 'example_branch_datetime_operator_3', 'example_branch_datetime_operator']) retrieved from /home/airflow/.local/lib/python3.7/site-packages/airflow/example_dags/example_branch_datetime_operator.py
[2022-10-29T09:54:33.245+0000] {logging_mixin.py:117} INFO - [2022-10-29T09:54:33.245+0000] {dag.py:2573} INFO - Sync 3 DAGs
[2022-10-29T09:54:33.287+0000] {logging_mixin.py:117} INFO - [2022-10-29T09:54:33.286+0000] {dag.py:3328} INFO - Setting next_dagrun for example_branch_datetime_operator to 2022-10-28T00:00:00+00:00, run_after=2022-10-29T00:00:00+00:00
[2022-10-29T09:54:33.294+0000] {logging_mixin.py:117} INFO - [2022-10-29T09:54:33.294+0000] {dag.py:3328} INFO - Setting next_dagrun for example_branch_datetime_operator_2 to 2022-10-28T00:00:00+00:00, run_after=2022-10-29T00:00:00+00:00
[2022-10-29T09:54:33.300+0000] {logging_mixin.py:117} INFO - [2022-10-29T09:54:33.300+0000] {dag.py:3328} INFO - Setting next_dagrun for example_branch_datetime_operator_3 to 2022-10-28T00:00:00+00:00, run_after=2022-10-29T00:00:00+00:00
[2022-10-29T09:54:33.330+0000] {processor.py:178} INFO - Processing /home/airflow/.local/lib/python3.7/site-packages/airflow/example_dags/example_branch_datetime_operator.py took 0.336 seconds
[2022-10-29T09:55:03.997+0000] {processor.py:156} INFO - Started process (PID=480) to work on /home/airflow/.local/lib/python3.7/site-packages/airflow/example_dags/example_branch_datetime_operator.py
[2022-10-29T09:55:03.998+0000] {processor.py:758} INFO - Processing file /home/airflow/.local/lib/python3.7/site-packages/airflow/example_dags/example_branch_datetime_operator.py for tasks to queue
[2022-10-29T09:55:04.000+0000] {logging_mixin.py:117} INFO - [2022-10-29T09:55:03.999+0000] {dagbag.py:525} INFO - Filling up the DagBag from /home/airflow/.local/lib/python3.7/site-packages/airflow/example_dags/example_branch_datetime_operator.py
[2022-10-29T09:55:04.025+0000] {processor.py:768} INFO - DAG(s) dict_keys(['example_branch_datetime_operator', 'example_branch_datetime_operator_3', 'example_branch_datetime_operator_2']) retrieved from /home/airflow/.local/lib/python3.7/site-packages/airflow/example_dags/example_branch_datetime_operator.py
[2022-10-29T09:55:04.090+0000] {logging_mixin.py:117} INFO - [2022-10-29T09:55:04.090+0000] {dag.py:2573} INFO - Sync 3 DAGs
[2022-10-29T09:55:04.152+0000] {logging_mixin.py:117} INFO - [2022-10-29T09:55:04.152+0000] {dag.py:3328} INFO - Setting next_dagrun for example_branch_datetime_operator to 2022-10-28T00:00:00+00:00, run_after=2022-10-29T00:00:00+00:00
[2022-10-29T09:55:04.160+0000] {logging_mixin.py:117} INFO - [2022-10-29T09:55:04.160+0000] {dag.py:3328} INFO - Setting next_dagrun for example_branch_datetime_operator_2 to 2022-10-28T00:00:00+00:00, run_after=2022-10-29T00:00:00+00:00
[2022-10-29T09:55:04.164+0000] {logging_mixin.py:117} INFO - [2022-10-29T09:55:04.164+0000] {dag.py:3328} INFO - Setting next_dagrun for example_branch_datetime_operator_3 to 2022-10-28T00:00:00+00:00, run_after=2022-10-29T00:00:00+00:00
[2022-10-29T09:55:04.192+0000] {processor.py:178} INFO - Processing /home/airflow/.local/lib/python3.7/site-packages/airflow/example_dags/example_branch_datetime_operator.py took 0.199 seconds
[2022-10-29T09:55:34.400+0000] {processor.py:156} INFO - Started process (PID=543) to work on /home/airflow/.local/lib/python3.7/site-packages/airflow/example_dags/example_branch_datetime_operator.py
[2022-10-29T09:55:34.402+0000] {processor.py:758} INFO - Processing file /home/airflow/.local/lib/python3.7/site-packages/airflow/example_dags/example_branch_datetime_operator.py for tasks to queue
[2022-10-29T09:55:34.403+0000] {logging_mixin.py:117} INFO - [2022-10-29T09:55:34.403+0000] {dagbag.py:525} INFO - Filling up the DagBag from /home/airflow/.local/lib/python3.7/site-packages/airflow/example_dags/example_branch_datetime_operator.py
[2022-10-29T09:55:34.430+0000] {processor.py:768} INFO - DAG(s) dict_keys(['example_branch_datetime_operator_2', 'example_branch_datetime_operator_3', 'example_branch_datetime_operator']) retrieved from /home/airflow/.local/lib/python3.7/site-packages/airflow/example_dags/example_branch_datetime_operator.py
[2022-10-29T09:55:34.472+0000] {logging_mixin.py:117} INFO - [2022-10-29T09:55:34.471+0000] {dag.py:2573} INFO - Sync 3 DAGs
[2022-10-29T09:55:34.513+0000] {logging_mixin.py:117} INFO - [2022-10-29T09:55:34.513+0000] {dag.py:3328} INFO - Setting next_dagrun for example_branch_datetime_operator to 2022-10-28T00:00:00+00:00, run_after=2022-10-29T00:00:00+00:00
[2022-10-29T09:55:34.522+0000] {logging_mixin.py:117} INFO - [2022-10-29T09:55:34.522+0000] {dag.py:3328} INFO - Setting next_dagrun for example_branch_datetime_operator_2 to 2022-10-28T00:00:00+00:00, run_after=2022-10-29T00:00:00+00:00
[2022-10-29T09:55:34.527+0000] {logging_mixin.py:117} INFO - [2022-10-29T09:55:34.527+0000] {dag.py:3328} INFO - Setting next_dagrun for example_branch_datetime_operator_3 to 2022-10-28T00:00:00+00:00, run_after=2022-10-29T00:00:00+00:00
[2022-10-29T09:55:34.556+0000] {processor.py:178} INFO - Processing /home/airflow/.local/lib/python3.7/site-packages/airflow/example_dags/example_branch_datetime_operator.py took 0.160 seconds
[2022-10-29T09:56:04.715+0000] {processor.py:156} INFO - Started process (PID=597) to work on /home/airflow/.local/lib/python3.7/site-packages/airflow/example_dags/example_branch_datetime_operator.py
[2022-10-29T09:56:04.716+0000] {processor.py:758} INFO - Processing file /home/airflow/.local/lib/python3.7/site-packages/airflow/example_dags/example_branch_datetime_operator.py for tasks to queue
[2022-10-29T09:56:04.717+0000] {logging_mixin.py:117} INFO - [2022-10-29T09:56:04.717+0000] {dagbag.py:525} INFO - Filling up the DagBag from /home/airflow/.local/lib/python3.7/site-packages/airflow/example_dags/example_branch_datetime_operator.py
[2022-10-29T09:56:04.741+0000] {processor.py:768} INFO - DAG(s) dict_keys(['example_branch_datetime_operator_3', 'example_branch_datetime_operator_2', 'example_branch_datetime_operator']) retrieved from /home/airflow/.local/lib/python3.7/site-packages/airflow/example_dags/example_branch_datetime_operator.py
[2022-10-29T09:56:04.816+0000] {logging_mixin.py:117} INFO - [2022-10-29T09:56:04.816+0000] {dag.py:2573} INFO - Sync 3 DAGs
[2022-10-29T09:56:04.893+0000] {logging_mixin.py:117} INFO - [2022-10-29T09:56:04.893+0000] {dag.py:3328} INFO - Setting next_dagrun for example_branch_datetime_operator to 2022-10-28T00:00:00+00:00, run_after=2022-10-29T00:00:00+00:00
[2022-10-29T09:56:04.929+0000] {logging_mixin.py:117} INFO - [2022-10-29T09:56:04.929+0000] {dag.py:3328} INFO - Setting next_dagrun for example_branch_datetime_operator_2 to 2022-10-28T00:00:00+00:00, run_after=2022-10-29T00:00:00+00:00
[2022-10-29T09:56:04.934+0000] {logging_mixin.py:117} INFO - [2022-10-29T09:56:04.934+0000] {dag.py:3328} INFO - Setting next_dagrun for example_branch_datetime_operator_3 to 2022-10-28T00:00:00+00:00, run_after=2022-10-29T00:00:00+00:00
[2022-10-29T09:56:04.967+0000] {processor.py:178} INFO - Processing /home/airflow/.local/lib/python3.7/site-packages/airflow/example_dags/example_branch_datetime_operator.py took 0.255 seconds
[2022-10-29T09:56:35.134+0000] {processor.py:156} INFO - Started process (PID=660) to work on /home/airflow/.local/lib/python3.7/site-packages/airflow/example_dags/example_branch_datetime_operator.py
[2022-10-29T09:56:35.136+0000] {processor.py:758} INFO - Processing file /home/airflow/.local/lib/python3.7/site-packages/airflow/example_dags/example_branch_datetime_operator.py for tasks to queue
[2022-10-29T09:56:35.137+0000] {logging_mixin.py:117} INFO - [2022-10-29T09:56:35.137+0000] {dagbag.py:525} INFO - Filling up the DagBag from /home/airflow/.local/lib/python3.7/site-packages/airflow/example_dags/example_branch_datetime_operator.py
[2022-10-29T09:56:35.162+0000] {processor.py:768} INFO - DAG(s) dict_keys(['example_branch_datetime_operator_3', 'example_branch_datetime_operator', 'example_branch_datetime_operator_2']) retrieved from /home/airflow/.local/lib/python3.7/site-packages/airflow/example_dags/example_branch_datetime_operator.py
[2022-10-29T09:56:35.226+0000] {logging_mixin.py:117} INFO - [2022-10-29T09:56:35.226+0000] {dag.py:2573} INFO - Sync 3 DAGs
[2022-10-29T09:56:35.263+0000] {logging_mixin.py:117} INFO - [2022-10-29T09:56:35.263+0000] {dag.py:3328} INFO - Setting next_dagrun for example_branch_datetime_operator to 2022-10-28T00:00:00+00:00, run_after=2022-10-29T00:00:00+00:00
[2022-10-29T09:56:35.273+0000] {logging_mixin.py:117} INFO - [2022-10-29T09:56:35.273+0000] {dag.py:3328} INFO - Setting next_dagrun for example_branch_datetime_operator_2 to 2022-10-28T00:00:00+00:00, run_after=2022-10-29T00:00:00+00:00
[2022-10-29T09:56:35.277+0000] {logging_mixin.py:117} INFO - [2022-10-29T09:56:35.277+0000] {dag.py:3328} INFO - Setting next_dagrun for example_branch_datetime_operator_3 to 2022-10-28T00:00:00+00:00, run_after=2022-10-29T00:00:00+00:00
[2022-10-29T09:56:35.306+0000] {processor.py:178} INFO - Processing /home/airflow/.local/lib/python3.7/site-packages/airflow/example_dags/example_branch_datetime_operator.py took 0.175 seconds
[2022-10-29T09:57:05.402+0000] {processor.py:156} INFO - Started process (PID=721) to work on /home/airflow/.local/lib/python3.7/site-packages/airflow/example_dags/example_branch_datetime_operator.py
[2022-10-29T09:57:05.403+0000] {processor.py:758} INFO - Processing file /home/airflow/.local/lib/python3.7/site-packages/airflow/example_dags/example_branch_datetime_operator.py for tasks to queue
[2022-10-29T09:57:05.405+0000] {logging_mixin.py:117} INFO - [2022-10-29T09:57:05.404+0000] {dagbag.py:525} INFO - Filling up the DagBag from /home/airflow/.local/lib/python3.7/site-packages/airflow/example_dags/example_branch_datetime_operator.py
[2022-10-29T09:57:05.427+0000] {processor.py:768} INFO - DAG(s) dict_keys(['example_branch_datetime_operator_3', 'example_branch_datetime_operator', 'example_branch_datetime_operator_2']) retrieved from /home/airflow/.local/lib/python3.7/site-packages/airflow/example_dags/example_branch_datetime_operator.py
[2022-10-29T09:57:05.494+0000] {logging_mixin.py:117} INFO - [2022-10-29T09:57:05.494+0000] {dag.py:2573} INFO - Sync 3 DAGs
[2022-10-29T09:57:05.535+0000] {logging_mixin.py:117} INFO - [2022-10-29T09:57:05.535+0000] {dag.py:3328} INFO - Setting next_dagrun for example_branch_datetime_operator to 2022-10-28T00:00:00+00:00, run_after=2022-10-29T00:00:00+00:00
[2022-10-29T09:57:05.543+0000] {logging_mixin.py:117} INFO - [2022-10-29T09:57:05.543+0000] {dag.py:3328} INFO - Setting next_dagrun for example_branch_datetime_operator_2 to 2022-10-28T00:00:00+00:00, run_after=2022-10-29T00:00:00+00:00
[2022-10-29T09:57:05.548+0000] {logging_mixin.py:117} INFO - [2022-10-29T09:57:05.548+0000] {dag.py:3328} INFO - Setting next_dagrun for example_branch_datetime_operator_3 to 2022-10-28T00:00:00+00:00, run_after=2022-10-29T00:00:00+00:00
[2022-10-29T09:57:05.577+0000] {processor.py:178} INFO - Processing /home/airflow/.local/lib/python3.7/site-packages/airflow/example_dags/example_branch_datetime_operator.py took 0.178 seconds
[2022-10-29T10:02:55.705+0000] {processor.py:156} INFO - Started process (PID=75) to work on /home/airflow/.local/lib/python3.7/site-packages/airflow/example_dags/example_branch_datetime_operator.py
[2022-10-29T10:02:55.707+0000] {processor.py:758} INFO - Processing file /home/airflow/.local/lib/python3.7/site-packages/airflow/example_dags/example_branch_datetime_operator.py for tasks to queue
[2022-10-29T10:02:55.708+0000] {logging_mixin.py:117} INFO - [2022-10-29T10:02:55.708+0000] {dagbag.py:525} INFO - Filling up the DagBag from /home/airflow/.local/lib/python3.7/site-packages/airflow/example_dags/example_branch_datetime_operator.py
[2022-10-29T10:02:55.733+0000] {processor.py:768} INFO - DAG(s) dict_keys(['example_branch_datetime_operator_3', 'example_branch_datetime_operator_2', 'example_branch_datetime_operator']) retrieved from /home/airflow/.local/lib/python3.7/site-packages/airflow/example_dags/example_branch_datetime_operator.py
[2022-10-29T10:02:55.802+0000] {logging_mixin.py:117} INFO - [2022-10-29T10:02:55.802+0000] {dag.py:2573} INFO - Sync 3 DAGs
[2022-10-29T10:02:55.844+0000] {logging_mixin.py:117} INFO - [2022-10-29T10:02:55.844+0000] {dag.py:3328} INFO - Setting next_dagrun for example_branch_datetime_operator to 2022-10-28T00:00:00+00:00, run_after=2022-10-29T00:00:00+00:00
[2022-10-29T10:02:55.852+0000] {logging_mixin.py:117} INFO - [2022-10-29T10:02:55.852+0000] {dag.py:3328} INFO - Setting next_dagrun for example_branch_datetime_operator_2 to 2022-10-28T00:00:00+00:00, run_after=2022-10-29T00:00:00+00:00
[2022-10-29T10:02:55.857+0000] {logging_mixin.py:117} INFO - [2022-10-29T10:02:55.857+0000] {dag.py:3328} INFO - Setting next_dagrun for example_branch_datetime_operator_3 to 2022-10-28T00:00:00+00:00, run_after=2022-10-29T00:00:00+00:00
[2022-10-29T10:02:55.887+0000] {processor.py:178} INFO - Processing /home/airflow/.local/lib/python3.7/site-packages/airflow/example_dags/example_branch_datetime_operator.py took 0.186 seconds
[2022-10-29T10:03:26.325+0000] {processor.py:156} INFO - Started process (PID=138) to work on /home/airflow/.local/lib/python3.7/site-packages/airflow/example_dags/example_branch_datetime_operator.py
[2022-10-29T10:03:26.327+0000] {processor.py:758} INFO - Processing file /home/airflow/.local/lib/python3.7/site-packages/airflow/example_dags/example_branch_datetime_operator.py for tasks to queue
[2022-10-29T10:03:26.328+0000] {logging_mixin.py:117} INFO - [2022-10-29T10:03:26.328+0000] {dagbag.py:525} INFO - Filling up the DagBag from /home/airflow/.local/lib/python3.7/site-packages/airflow/example_dags/example_branch_datetime_operator.py
[2022-10-29T10:03:26.352+0000] {processor.py:768} INFO - DAG(s) dict_keys(['example_branch_datetime_operator', 'example_branch_datetime_operator_2', 'example_branch_datetime_operator_3']) retrieved from /home/airflow/.local/lib/python3.7/site-packages/airflow/example_dags/example_branch_datetime_operator.py
[2022-10-29T10:03:26.416+0000] {logging_mixin.py:117} INFO - [2022-10-29T10:03:26.416+0000] {dag.py:2573} INFO - Sync 3 DAGs
[2022-10-29T10:03:26.454+0000] {logging_mixin.py:117} INFO - [2022-10-29T10:03:26.454+0000] {dag.py:3328} INFO - Setting next_dagrun for example_branch_datetime_operator to 2022-10-28T00:00:00+00:00, run_after=2022-10-29T00:00:00+00:00
[2022-10-29T10:03:26.463+0000] {logging_mixin.py:117} INFO - [2022-10-29T10:03:26.462+0000] {dag.py:3328} INFO - Setting next_dagrun for example_branch_datetime_operator_2 to 2022-10-28T00:00:00+00:00, run_after=2022-10-29T00:00:00+00:00
[2022-10-29T10:03:26.467+0000] {logging_mixin.py:117} INFO - [2022-10-29T10:03:26.467+0000] {dag.py:3328} INFO - Setting next_dagrun for example_branch_datetime_operator_3 to 2022-10-28T00:00:00+00:00, run_after=2022-10-29T00:00:00+00:00
[2022-10-29T10:03:26.495+0000] {processor.py:178} INFO - Processing /home/airflow/.local/lib/python3.7/site-packages/airflow/example_dags/example_branch_datetime_operator.py took 0.172 seconds
