[2022-10-29T09:43:11.979+0000] {processor.py:156} INFO - Started process (PID=61) to work on /home/airflow/.local/lib/python3.7/site-packages/airflow/example_dags/example_trigger_controller_dag.py
[2022-10-29T09:43:11.984+0000] {processor.py:758} INFO - Processing file /home/airflow/.local/lib/python3.7/site-packages/airflow/example_dags/example_trigger_controller_dag.py for tasks to queue
[2022-10-29T09:43:11.999+0000] {logging_mixin.py:117} INFO - [2022-10-29T09:43:11.999+0000] {dagbag.py:525} INFO - Filling up the DagBag from /home/airflow/.local/lib/python3.7/site-packages/airflow/example_dags/example_trigger_controller_dag.py
[2022-10-29T09:43:12.026+0000] {processor.py:768} INFO - DAG(s) dict_keys(['example_trigger_controller_dag']) retrieved from /home/airflow/.local/lib/python3.7/site-packages/airflow/example_dags/example_trigger_controller_dag.py
[2022-10-29T09:43:12.061+0000] {logging_mixin.py:117} INFO - [2022-10-29T09:43:12.061+0000] {dag.py:2573} INFO - Sync 1 DAGs
[2022-10-29T09:43:12.097+0000] {logging_mixin.py:117} INFO - [2022-10-29T09:43:12.097+0000] {dag.py:3328} INFO - Setting next_dagrun for example_trigger_controller_dag to 2021-01-01T00:00:00+00:00, run_after=2021-01-01T00:00:00+00:00
[2022-10-29T09:43:12.132+0000] {processor.py:178} INFO - Processing /home/airflow/.local/lib/python3.7/site-packages/airflow/example_dags/example_trigger_controller_dag.py took 0.160 seconds
[2022-10-29T09:43:42.609+0000] {processor.py:156} INFO - Started process (PID=115) to work on /home/airflow/.local/lib/python3.7/site-packages/airflow/example_dags/example_trigger_controller_dag.py
[2022-10-29T09:43:42.610+0000] {processor.py:758} INFO - Processing file /home/airflow/.local/lib/python3.7/site-packages/airflow/example_dags/example_trigger_controller_dag.py for tasks to queue
[2022-10-29T09:43:42.611+0000] {logging_mixin.py:117} INFO - [2022-10-29T09:43:42.611+0000] {dagbag.py:525} INFO - Filling up the DagBag from /home/airflow/.local/lib/python3.7/site-packages/airflow/example_dags/example_trigger_controller_dag.py
[2022-10-29T09:43:42.626+0000] {processor.py:768} INFO - DAG(s) dict_keys(['example_trigger_controller_dag']) retrieved from /home/airflow/.local/lib/python3.7/site-packages/airflow/example_dags/example_trigger_controller_dag.py
[2022-10-29T09:43:42.687+0000] {logging_mixin.py:117} INFO - [2022-10-29T09:43:42.686+0000] {dag.py:2573} INFO - Sync 1 DAGs
[2022-10-29T09:43:42.724+0000] {logging_mixin.py:117} INFO - [2022-10-29T09:43:42.723+0000] {dag.py:3328} INFO - Setting next_dagrun for example_trigger_controller_dag to 2021-01-01T00:00:00+00:00, run_after=2021-01-01T00:00:00+00:00
[2022-10-29T09:43:42.756+0000] {processor.py:178} INFO - Processing /home/airflow/.local/lib/python3.7/site-packages/airflow/example_dags/example_trigger_controller_dag.py took 0.150 seconds
[2022-10-29T09:44:13.230+0000] {processor.py:156} INFO - Started process (PID=179) to work on /home/airflow/.local/lib/python3.7/site-packages/airflow/example_dags/example_trigger_controller_dag.py
[2022-10-29T09:44:13.232+0000] {processor.py:758} INFO - Processing file /home/airflow/.local/lib/python3.7/site-packages/airflow/example_dags/example_trigger_controller_dag.py for tasks to queue
[2022-10-29T09:44:13.234+0000] {logging_mixin.py:117} INFO - [2022-10-29T09:44:13.234+0000] {dagbag.py:525} INFO - Filling up the DagBag from /home/airflow/.local/lib/python3.7/site-packages/airflow/example_dags/example_trigger_controller_dag.py
[2022-10-29T09:44:13.254+0000] {processor.py:768} INFO - DAG(s) dict_keys(['example_trigger_controller_dag']) retrieved from /home/airflow/.local/lib/python3.7/site-packages/airflow/example_dags/example_trigger_controller_dag.py
[2022-10-29T09:44:13.331+0000] {logging_mixin.py:117} INFO - [2022-10-29T09:44:13.331+0000] {dag.py:2573} INFO - Sync 1 DAGs
[2022-10-29T09:44:13.376+0000] {logging_mixin.py:117} INFO - [2022-10-29T09:44:13.375+0000] {dag.py:3328} INFO - Setting next_dagrun for example_trigger_controller_dag to 2021-01-01T00:00:00+00:00, run_after=2021-01-01T00:00:00+00:00
[2022-10-29T09:44:13.405+0000] {processor.py:178} INFO - Processing /home/airflow/.local/lib/python3.7/site-packages/airflow/example_dags/example_trigger_controller_dag.py took 0.179 seconds
[2022-10-29T09:44:43.578+0000] {processor.py:156} INFO - Started process (PID=233) to work on /home/airflow/.local/lib/python3.7/site-packages/airflow/example_dags/example_trigger_controller_dag.py
[2022-10-29T09:44:43.579+0000] {processor.py:758} INFO - Processing file /home/airflow/.local/lib/python3.7/site-packages/airflow/example_dags/example_trigger_controller_dag.py for tasks to queue
[2022-10-29T09:44:43.581+0000] {logging_mixin.py:117} INFO - [2022-10-29T09:44:43.580+0000] {dagbag.py:525} INFO - Filling up the DagBag from /home/airflow/.local/lib/python3.7/site-packages/airflow/example_dags/example_trigger_controller_dag.py
[2022-10-29T09:44:43.596+0000] {processor.py:768} INFO - DAG(s) dict_keys(['example_trigger_controller_dag']) retrieved from /home/airflow/.local/lib/python3.7/site-packages/airflow/example_dags/example_trigger_controller_dag.py
[2022-10-29T09:44:43.648+0000] {logging_mixin.py:117} INFO - [2022-10-29T09:44:43.648+0000] {dag.py:2573} INFO - Sync 1 DAGs
[2022-10-29T09:44:43.691+0000] {logging_mixin.py:117} INFO - [2022-10-29T09:44:43.690+0000] {dag.py:3328} INFO - Setting next_dagrun for example_trigger_controller_dag to 2021-01-01T00:00:00+00:00, run_after=2021-01-01T00:00:00+00:00
[2022-10-29T09:44:43.722+0000] {processor.py:178} INFO - Processing /home/airflow/.local/lib/python3.7/site-packages/airflow/example_dags/example_trigger_controller_dag.py took 0.148 seconds
[2022-10-29T09:45:14.444+0000] {processor.py:156} INFO - Started process (PID=295) to work on /home/airflow/.local/lib/python3.7/site-packages/airflow/example_dags/example_trigger_controller_dag.py
[2022-10-29T09:45:14.446+0000] {processor.py:758} INFO - Processing file /home/airflow/.local/lib/python3.7/site-packages/airflow/example_dags/example_trigger_controller_dag.py for tasks to queue
[2022-10-29T09:45:14.447+0000] {logging_mixin.py:117} INFO - [2022-10-29T09:45:14.447+0000] {dagbag.py:525} INFO - Filling up the DagBag from /home/airflow/.local/lib/python3.7/site-packages/airflow/example_dags/example_trigger_controller_dag.py
[2022-10-29T09:45:14.463+0000] {processor.py:768} INFO - DAG(s) dict_keys(['example_trigger_controller_dag']) retrieved from /home/airflow/.local/lib/python3.7/site-packages/airflow/example_dags/example_trigger_controller_dag.py
[2022-10-29T09:45:14.566+0000] {logging_mixin.py:117} INFO - [2022-10-29T09:45:14.566+0000] {dag.py:2573} INFO - Sync 1 DAGs
[2022-10-29T09:45:14.607+0000] {logging_mixin.py:117} INFO - [2022-10-29T09:45:14.606+0000] {dag.py:3328} INFO - Setting next_dagrun for example_trigger_controller_dag to 2021-01-01T00:00:00+00:00, run_after=2021-01-01T00:00:00+00:00
[2022-10-29T09:45:14.633+0000] {processor.py:178} INFO - Processing /home/airflow/.local/lib/python3.7/site-packages/airflow/example_dags/example_trigger_controller_dag.py took 0.192 seconds
[2022-10-29T09:45:45.350+0000] {processor.py:156} INFO - Started process (PID=351) to work on /home/airflow/.local/lib/python3.7/site-packages/airflow/example_dags/example_trigger_controller_dag.py
[2022-10-29T09:45:45.351+0000] {processor.py:758} INFO - Processing file /home/airflow/.local/lib/python3.7/site-packages/airflow/example_dags/example_trigger_controller_dag.py for tasks to queue
[2022-10-29T09:45:45.352+0000] {logging_mixin.py:117} INFO - [2022-10-29T09:45:45.352+0000] {dagbag.py:525} INFO - Filling up the DagBag from /home/airflow/.local/lib/python3.7/site-packages/airflow/example_dags/example_trigger_controller_dag.py
[2022-10-29T09:45:45.366+0000] {processor.py:768} INFO - DAG(s) dict_keys(['example_trigger_controller_dag']) retrieved from /home/airflow/.local/lib/python3.7/site-packages/airflow/example_dags/example_trigger_controller_dag.py
[2022-10-29T09:45:45.420+0000] {logging_mixin.py:117} INFO - [2022-10-29T09:45:45.420+0000] {dag.py:2573} INFO - Sync 1 DAGs
[2022-10-29T09:45:45.457+0000] {logging_mixin.py:117} INFO - [2022-10-29T09:45:45.457+0000] {dag.py:3328} INFO - Setting next_dagrun for example_trigger_controller_dag to 2021-01-01T00:00:00+00:00, run_after=2021-01-01T00:00:00+00:00
[2022-10-29T09:45:45.485+0000] {processor.py:178} INFO - Processing /home/airflow/.local/lib/python3.7/site-packages/airflow/example_dags/example_trigger_controller_dag.py took 0.138 seconds
[2022-10-29T09:46:15.629+0000] {processor.py:156} INFO - Started process (PID=414) to work on /home/airflow/.local/lib/python3.7/site-packages/airflow/example_dags/example_trigger_controller_dag.py
[2022-10-29T09:46:15.630+0000] {processor.py:758} INFO - Processing file /home/airflow/.local/lib/python3.7/site-packages/airflow/example_dags/example_trigger_controller_dag.py for tasks to queue
[2022-10-29T09:46:15.631+0000] {logging_mixin.py:117} INFO - [2022-10-29T09:46:15.631+0000] {dagbag.py:525} INFO - Filling up the DagBag from /home/airflow/.local/lib/python3.7/site-packages/airflow/example_dags/example_trigger_controller_dag.py
[2022-10-29T09:46:15.647+0000] {processor.py:768} INFO - DAG(s) dict_keys(['example_trigger_controller_dag']) retrieved from /home/airflow/.local/lib/python3.7/site-packages/airflow/example_dags/example_trigger_controller_dag.py
[2022-10-29T09:46:15.700+0000] {logging_mixin.py:117} INFO - [2022-10-29T09:46:15.700+0000] {dag.py:2573} INFO - Sync 1 DAGs
[2022-10-29T09:46:15.732+0000] {logging_mixin.py:117} INFO - [2022-10-29T09:46:15.732+0000] {dag.py:3328} INFO - Setting next_dagrun for example_trigger_controller_dag to 2021-01-01T00:00:00+00:00, run_after=2021-01-01T00:00:00+00:00
[2022-10-29T09:46:15.763+0000] {processor.py:178} INFO - Processing /home/airflow/.local/lib/python3.7/site-packages/airflow/example_dags/example_trigger_controller_dag.py took 0.137 seconds
[2022-10-29T09:53:26.218+0000] {processor.py:156} INFO - Started process (PID=292) to work on /home/airflow/.local/lib/python3.7/site-packages/airflow/example_dags/example_trigger_controller_dag.py
[2022-10-29T09:53:26.219+0000] {processor.py:758} INFO - Processing file /home/airflow/.local/lib/python3.7/site-packages/airflow/example_dags/example_trigger_controller_dag.py for tasks to queue
[2022-10-29T09:53:26.221+0000] {logging_mixin.py:117} INFO - [2022-10-29T09:53:26.220+0000] {dagbag.py:525} INFO - Filling up the DagBag from /home/airflow/.local/lib/python3.7/site-packages/airflow/example_dags/example_trigger_controller_dag.py
[2022-10-29T09:53:26.240+0000] {processor.py:768} INFO - DAG(s) dict_keys(['example_trigger_controller_dag']) retrieved from /home/airflow/.local/lib/python3.7/site-packages/airflow/example_dags/example_trigger_controller_dag.py
[2022-10-29T09:53:26.583+0000] {logging_mixin.py:117} INFO - [2022-10-29T09:53:26.583+0000] {dag.py:2573} INFO - Sync 1 DAGs
[2022-10-29T09:53:26.650+0000] {logging_mixin.py:117} INFO - [2022-10-29T09:53:26.649+0000] {dag.py:3328} INFO - Setting next_dagrun for example_trigger_controller_dag to 2021-01-01T00:00:00+00:00, run_after=2021-01-01T00:00:00+00:00
[2022-10-29T09:53:26.710+0000] {processor.py:178} INFO - Processing /home/airflow/.local/lib/python3.7/site-packages/airflow/example_dags/example_trigger_controller_dag.py took 0.495 seconds
[2022-10-29T09:53:56.811+0000] {processor.py:156} INFO - Started process (PID=348) to work on /home/airflow/.local/lib/python3.7/site-packages/airflow/example_dags/example_trigger_controller_dag.py
[2022-10-29T09:53:56.812+0000] {processor.py:758} INFO - Processing file /home/airflow/.local/lib/python3.7/site-packages/airflow/example_dags/example_trigger_controller_dag.py for tasks to queue
[2022-10-29T09:53:56.813+0000] {logging_mixin.py:117} INFO - [2022-10-29T09:53:56.813+0000] {dagbag.py:525} INFO - Filling up the DagBag from /home/airflow/.local/lib/python3.7/site-packages/airflow/example_dags/example_trigger_controller_dag.py
[2022-10-29T09:53:56.828+0000] {processor.py:768} INFO - DAG(s) dict_keys(['example_trigger_controller_dag']) retrieved from /home/airflow/.local/lib/python3.7/site-packages/airflow/example_dags/example_trigger_controller_dag.py
[2022-10-29T09:53:56.993+0000] {logging_mixin.py:117} INFO - [2022-10-29T09:53:56.993+0000] {dag.py:2573} INFO - Sync 1 DAGs
[2022-10-29T09:53:57.028+0000] {logging_mixin.py:117} INFO - [2022-10-29T09:53:57.028+0000] {dag.py:3328} INFO - Setting next_dagrun for example_trigger_controller_dag to 2021-01-01T00:00:00+00:00, run_after=2021-01-01T00:00:00+00:00
[2022-10-29T09:53:57.055+0000] {processor.py:178} INFO - Processing /home/airflow/.local/lib/python3.7/site-packages/airflow/example_dags/example_trigger_controller_dag.py took 0.247 seconds
[2022-10-29T09:54:27.239+0000] {processor.py:156} INFO - Started process (PID=403) to work on /home/airflow/.local/lib/python3.7/site-packages/airflow/example_dags/example_trigger_controller_dag.py
[2022-10-29T09:54:27.240+0000] {processor.py:758} INFO - Processing file /home/airflow/.local/lib/python3.7/site-packages/airflow/example_dags/example_trigger_controller_dag.py for tasks to queue
[2022-10-29T09:54:27.242+0000] {logging_mixin.py:117} INFO - [2022-10-29T09:54:27.242+0000] {dagbag.py:525} INFO - Filling up the DagBag from /home/airflow/.local/lib/python3.7/site-packages/airflow/example_dags/example_trigger_controller_dag.py
[2022-10-29T09:54:27.256+0000] {processor.py:768} INFO - DAG(s) dict_keys(['example_trigger_controller_dag']) retrieved from /home/airflow/.local/lib/python3.7/site-packages/airflow/example_dags/example_trigger_controller_dag.py
[2022-10-29T09:54:27.423+0000] {logging_mixin.py:117} INFO - [2022-10-29T09:54:27.422+0000] {dag.py:2573} INFO - Sync 1 DAGs
[2022-10-29T09:54:27.455+0000] {logging_mixin.py:117} INFO - [2022-10-29T09:54:27.455+0000] {dag.py:3328} INFO - Setting next_dagrun for example_trigger_controller_dag to 2021-01-01T00:00:00+00:00, run_after=2021-01-01T00:00:00+00:00
[2022-10-29T09:54:27.483+0000] {processor.py:178} INFO - Processing /home/airflow/.local/lib/python3.7/site-packages/airflow/example_dags/example_trigger_controller_dag.py took 0.247 seconds
[2022-10-29T09:54:58.075+0000] {processor.py:156} INFO - Started process (PID=467) to work on /home/airflow/.local/lib/python3.7/site-packages/airflow/example_dags/example_trigger_controller_dag.py
[2022-10-29T09:54:58.076+0000] {processor.py:758} INFO - Processing file /home/airflow/.local/lib/python3.7/site-packages/airflow/example_dags/example_trigger_controller_dag.py for tasks to queue
[2022-10-29T09:54:58.078+0000] {logging_mixin.py:117} INFO - [2022-10-29T09:54:58.077+0000] {dagbag.py:525} INFO - Filling up the DagBag from /home/airflow/.local/lib/python3.7/site-packages/airflow/example_dags/example_trigger_controller_dag.py
[2022-10-29T09:54:58.247+0000] {processor.py:768} INFO - DAG(s) dict_keys(['example_trigger_controller_dag']) retrieved from /home/airflow/.local/lib/python3.7/site-packages/airflow/example_dags/example_trigger_controller_dag.py
[2022-10-29T09:54:58.296+0000] {logging_mixin.py:117} INFO - [2022-10-29T09:54:58.295+0000] {dag.py:2573} INFO - Sync 1 DAGs
[2022-10-29T09:54:58.336+0000] {logging_mixin.py:117} INFO - [2022-10-29T09:54:58.336+0000] {dag.py:3328} INFO - Setting next_dagrun for example_trigger_controller_dag to 2021-01-01T00:00:00+00:00, run_after=2021-01-01T00:00:00+00:00
[2022-10-29T09:54:58.364+0000] {processor.py:178} INFO - Processing /home/airflow/.local/lib/python3.7/site-packages/airflow/example_dags/example_trigger_controller_dag.py took 0.293 seconds
[2022-10-29T09:55:29.176+0000] {processor.py:156} INFO - Started process (PID=530) to work on /home/airflow/.local/lib/python3.7/site-packages/airflow/example_dags/example_trigger_controller_dag.py
[2022-10-29T09:55:29.177+0000] {processor.py:758} INFO - Processing file /home/airflow/.local/lib/python3.7/site-packages/airflow/example_dags/example_trigger_controller_dag.py for tasks to queue
[2022-10-29T09:55:29.178+0000] {logging_mixin.py:117} INFO - [2022-10-29T09:55:29.178+0000] {dagbag.py:525} INFO - Filling up the DagBag from /home/airflow/.local/lib/python3.7/site-packages/airflow/example_dags/example_trigger_controller_dag.py
[2022-10-29T09:55:29.191+0000] {processor.py:768} INFO - DAG(s) dict_keys(['example_trigger_controller_dag']) retrieved from /home/airflow/.local/lib/python3.7/site-packages/airflow/example_dags/example_trigger_controller_dag.py
[2022-10-29T09:55:29.222+0000] {logging_mixin.py:117} INFO - [2022-10-29T09:55:29.222+0000] {dag.py:2573} INFO - Sync 1 DAGs
[2022-10-29T09:55:29.259+0000] {logging_mixin.py:117} INFO - [2022-10-29T09:55:29.258+0000] {dag.py:3328} INFO - Setting next_dagrun for example_trigger_controller_dag to 2021-01-01T00:00:00+00:00, run_after=2021-01-01T00:00:00+00:00
[2022-10-29T09:55:29.287+0000] {processor.py:178} INFO - Processing /home/airflow/.local/lib/python3.7/site-packages/airflow/example_dags/example_trigger_controller_dag.py took 0.114 seconds
[2022-10-29T09:56:00.148+0000] {processor.py:156} INFO - Started process (PID=584) to work on /home/airflow/.local/lib/python3.7/site-packages/airflow/example_dags/example_trigger_controller_dag.py
[2022-10-29T09:56:00.149+0000] {processor.py:758} INFO - Processing file /home/airflow/.local/lib/python3.7/site-packages/airflow/example_dags/example_trigger_controller_dag.py for tasks to queue
[2022-10-29T09:56:00.150+0000] {logging_mixin.py:117} INFO - [2022-10-29T09:56:00.150+0000] {dagbag.py:525} INFO - Filling up the DagBag from /home/airflow/.local/lib/python3.7/site-packages/airflow/example_dags/example_trigger_controller_dag.py
[2022-10-29T09:56:00.164+0000] {processor.py:768} INFO - DAG(s) dict_keys(['example_trigger_controller_dag']) retrieved from /home/airflow/.local/lib/python3.7/site-packages/airflow/example_dags/example_trigger_controller_dag.py
[2022-10-29T09:56:00.218+0000] {logging_mixin.py:117} INFO - [2022-10-29T09:56:00.217+0000] {dag.py:2573} INFO - Sync 1 DAGs
[2022-10-29T09:56:00.257+0000] {logging_mixin.py:117} INFO - [2022-10-29T09:56:00.257+0000] {dag.py:3328} INFO - Setting next_dagrun for example_trigger_controller_dag to 2021-01-01T00:00:00+00:00, run_after=2021-01-01T00:00:00+00:00
[2022-10-29T09:56:00.288+0000] {processor.py:178} INFO - Processing /home/airflow/.local/lib/python3.7/site-packages/airflow/example_dags/example_trigger_controller_dag.py took 0.143 seconds
[2022-10-29T09:56:30.599+0000] {processor.py:156} INFO - Started process (PID=647) to work on /home/airflow/.local/lib/python3.7/site-packages/airflow/example_dags/example_trigger_controller_dag.py
[2022-10-29T09:56:30.601+0000] {processor.py:758} INFO - Processing file /home/airflow/.local/lib/python3.7/site-packages/airflow/example_dags/example_trigger_controller_dag.py for tasks to queue
[2022-10-29T09:56:30.602+0000] {logging_mixin.py:117} INFO - [2022-10-29T09:56:30.602+0000] {dagbag.py:525} INFO - Filling up the DagBag from /home/airflow/.local/lib/python3.7/site-packages/airflow/example_dags/example_trigger_controller_dag.py
[2022-10-29T09:56:30.619+0000] {processor.py:768} INFO - DAG(s) dict_keys(['example_trigger_controller_dag']) retrieved from /home/airflow/.local/lib/python3.7/site-packages/airflow/example_dags/example_trigger_controller_dag.py
[2022-10-29T09:56:30.683+0000] {logging_mixin.py:117} INFO - [2022-10-29T09:56:30.683+0000] {dag.py:2573} INFO - Sync 1 DAGs
[2022-10-29T09:56:30.719+0000] {logging_mixin.py:117} INFO - [2022-10-29T09:56:30.719+0000] {dag.py:3328} INFO - Setting next_dagrun for example_trigger_controller_dag to 2021-01-01T00:00:00+00:00, run_after=2021-01-01T00:00:00+00:00
[2022-10-29T09:56:30.750+0000] {processor.py:178} INFO - Processing /home/airflow/.local/lib/python3.7/site-packages/airflow/example_dags/example_trigger_controller_dag.py took 0.154 seconds
[2022-10-29T09:57:00.902+0000] {processor.py:156} INFO - Started process (PID=701) to work on /home/airflow/.local/lib/python3.7/site-packages/airflow/example_dags/example_trigger_controller_dag.py
[2022-10-29T09:57:00.903+0000] {processor.py:758} INFO - Processing file /home/airflow/.local/lib/python3.7/site-packages/airflow/example_dags/example_trigger_controller_dag.py for tasks to queue
[2022-10-29T09:57:00.904+0000] {logging_mixin.py:117} INFO - [2022-10-29T09:57:00.904+0000] {dagbag.py:525} INFO - Filling up the DagBag from /home/airflow/.local/lib/python3.7/site-packages/airflow/example_dags/example_trigger_controller_dag.py
[2022-10-29T09:57:00.919+0000] {processor.py:768} INFO - DAG(s) dict_keys(['example_trigger_controller_dag']) retrieved from /home/airflow/.local/lib/python3.7/site-packages/airflow/example_dags/example_trigger_controller_dag.py
[2022-10-29T09:57:00.967+0000] {logging_mixin.py:117} INFO - [2022-10-29T09:57:00.966+0000] {dag.py:2573} INFO - Sync 1 DAGs
[2022-10-29T09:57:01.006+0000] {logging_mixin.py:117} INFO - [2022-10-29T09:57:01.006+0000] {dag.py:3328} INFO - Setting next_dagrun for example_trigger_controller_dag to 2021-01-01T00:00:00+00:00, run_after=2021-01-01T00:00:00+00:00
[2022-10-29T09:57:01.037+0000] {processor.py:178} INFO - Processing /home/airflow/.local/lib/python3.7/site-packages/airflow/example_dags/example_trigger_controller_dag.py took 0.138 seconds
[2022-10-29T10:02:54.225+0000] {processor.py:156} INFO - Started process (PID=62) to work on /home/airflow/.local/lib/python3.7/site-packages/airflow/example_dags/example_trigger_controller_dag.py
[2022-10-29T10:02:54.226+0000] {processor.py:758} INFO - Processing file /home/airflow/.local/lib/python3.7/site-packages/airflow/example_dags/example_trigger_controller_dag.py for tasks to queue
[2022-10-29T10:02:54.227+0000] {logging_mixin.py:117} INFO - [2022-10-29T10:02:54.227+0000] {dagbag.py:525} INFO - Filling up the DagBag from /home/airflow/.local/lib/python3.7/site-packages/airflow/example_dags/example_trigger_controller_dag.py
[2022-10-29T10:02:54.244+0000] {processor.py:768} INFO - DAG(s) dict_keys(['example_trigger_controller_dag']) retrieved from /home/airflow/.local/lib/python3.7/site-packages/airflow/example_dags/example_trigger_controller_dag.py
[2022-10-29T10:02:54.311+0000] {logging_mixin.py:117} INFO - [2022-10-29T10:02:54.311+0000] {dag.py:2573} INFO - Sync 1 DAGs
[2022-10-29T10:02:54.353+0000] {logging_mixin.py:117} INFO - [2022-10-29T10:02:54.353+0000] {dag.py:3328} INFO - Setting next_dagrun for example_trigger_controller_dag to 2021-01-01T00:00:00+00:00, run_after=2021-01-01T00:00:00+00:00
[2022-10-29T10:02:54.383+0000] {processor.py:178} INFO - Processing /home/airflow/.local/lib/python3.7/site-packages/airflow/example_dags/example_trigger_controller_dag.py took 0.163 seconds
[2022-10-29T10:03:24.965+0000] {processor.py:156} INFO - Started process (PID=116) to work on /home/airflow/.local/lib/python3.7/site-packages/airflow/example_dags/example_trigger_controller_dag.py
[2022-10-29T10:03:24.967+0000] {processor.py:758} INFO - Processing file /home/airflow/.local/lib/python3.7/site-packages/airflow/example_dags/example_trigger_controller_dag.py for tasks to queue
[2022-10-29T10:03:24.968+0000] {logging_mixin.py:117} INFO - [2022-10-29T10:03:24.968+0000] {dagbag.py:525} INFO - Filling up the DagBag from /home/airflow/.local/lib/python3.7/site-packages/airflow/example_dags/example_trigger_controller_dag.py
[2022-10-29T10:03:24.986+0000] {processor.py:768} INFO - DAG(s) dict_keys(['example_trigger_controller_dag']) retrieved from /home/airflow/.local/lib/python3.7/site-packages/airflow/example_dags/example_trigger_controller_dag.py
[2022-10-29T10:03:25.041+0000] {logging_mixin.py:117} INFO - [2022-10-29T10:03:25.041+0000] {dag.py:2573} INFO - Sync 1 DAGs
[2022-10-29T10:03:25.080+0000] {logging_mixin.py:117} INFO - [2022-10-29T10:03:25.080+0000] {dag.py:3328} INFO - Setting next_dagrun for example_trigger_controller_dag to 2021-01-01T00:00:00+00:00, run_after=2021-01-01T00:00:00+00:00
[2022-10-29T10:03:25.110+0000] {processor.py:178} INFO - Processing /home/airflow/.local/lib/python3.7/site-packages/airflow/example_dags/example_trigger_controller_dag.py took 0.153 seconds
