[2022-10-29T09:43:12.122+0000] {processor.py:156} INFO - Started process (PID=62) to work on /home/airflow/.local/lib/python3.7/site-packages/airflow/example_dags/example_dag_decorator.py
[2022-10-29T09:43:12.123+0000] {processor.py:758} INFO - Processing file /home/airflow/.local/lib/python3.7/site-packages/airflow/example_dags/example_dag_decorator.py for tasks to queue
[2022-10-29T09:43:12.125+0000] {logging_mixin.py:117} INFO - [2022-10-29T09:43:12.125+0000] {dagbag.py:525} INFO - Filling up the DagBag from /home/airflow/.local/lib/python3.7/site-packages/airflow/example_dags/example_dag_decorator.py
[2022-10-29T09:43:12.163+0000] {processor.py:768} INFO - DAG(s) dict_keys(['example_dag_decorator']) retrieved from /home/airflow/.local/lib/python3.7/site-packages/airflow/example_dags/example_dag_decorator.py
[2022-10-29T09:43:12.189+0000] {logging_mixin.py:117} INFO - [2022-10-29T09:43:12.189+0000] {dag.py:2573} INFO - Sync 1 DAGs
[2022-10-29T09:43:12.219+0000] {logging_mixin.py:117} INFO - [2022-10-29T09:43:12.219+0000] {dag.py:3328} INFO - Setting next_dagrun for example_dag_decorator to None, run_after=None
[2022-10-29T09:43:12.245+0000] {processor.py:178} INFO - Processing /home/airflow/.local/lib/python3.7/site-packages/airflow/example_dags/example_dag_decorator.py took 0.126 seconds
[2022-10-29T09:43:42.675+0000] {processor.py:156} INFO - Started process (PID=116) to work on /home/airflow/.local/lib/python3.7/site-packages/airflow/example_dags/example_dag_decorator.py
[2022-10-29T09:43:42.676+0000] {processor.py:758} INFO - Processing file /home/airflow/.local/lib/python3.7/site-packages/airflow/example_dags/example_dag_decorator.py for tasks to queue
[2022-10-29T09:43:42.677+0000] {logging_mixin.py:117} INFO - [2022-10-29T09:43:42.677+0000] {dagbag.py:525} INFO - Filling up the DagBag from /home/airflow/.local/lib/python3.7/site-packages/airflow/example_dags/example_dag_decorator.py
[2022-10-29T09:43:42.713+0000] {processor.py:768} INFO - DAG(s) dict_keys(['example_dag_decorator']) retrieved from /home/airflow/.local/lib/python3.7/site-packages/airflow/example_dags/example_dag_decorator.py
[2022-10-29T09:43:42.846+0000] {logging_mixin.py:117} INFO - [2022-10-29T09:43:42.846+0000] {dag.py:2573} INFO - Sync 1 DAGs
[2022-10-29T09:43:42.884+0000] {logging_mixin.py:117} INFO - [2022-10-29T09:43:42.883+0000] {dag.py:3328} INFO - Setting next_dagrun for example_dag_decorator to None, run_after=None
[2022-10-29T09:43:42.917+0000] {processor.py:178} INFO - Processing /home/airflow/.local/lib/python3.7/site-packages/airflow/example_dags/example_dag_decorator.py took 0.244 seconds
[2022-10-29T09:44:13.230+0000] {processor.py:156} INFO - Started process (PID=180) to work on /home/airflow/.local/lib/python3.7/site-packages/airflow/example_dags/example_dag_decorator.py
[2022-10-29T09:44:13.232+0000] {processor.py:758} INFO - Processing file /home/airflow/.local/lib/python3.7/site-packages/airflow/example_dags/example_dag_decorator.py for tasks to queue
[2022-10-29T09:44:13.235+0000] {logging_mixin.py:117} INFO - [2022-10-29T09:44:13.234+0000] {dagbag.py:525} INFO - Filling up the DagBag from /home/airflow/.local/lib/python3.7/site-packages/airflow/example_dags/example_dag_decorator.py
[2022-10-29T09:44:13.295+0000] {processor.py:768} INFO - DAG(s) dict_keys(['example_dag_decorator']) retrieved from /home/airflow/.local/lib/python3.7/site-packages/airflow/example_dags/example_dag_decorator.py
[2022-10-29T09:44:13.423+0000] {logging_mixin.py:117} INFO - [2022-10-29T09:44:13.423+0000] {dag.py:2573} INFO - Sync 1 DAGs
[2022-10-29T09:44:13.457+0000] {logging_mixin.py:117} INFO - [2022-10-29T09:44:13.457+0000] {dag.py:3328} INFO - Setting next_dagrun for example_dag_decorator to None, run_after=None
[2022-10-29T09:44:13.489+0000] {processor.py:178} INFO - Processing /home/airflow/.local/lib/python3.7/site-packages/airflow/example_dags/example_dag_decorator.py took 0.263 seconds
[2022-10-29T09:44:43.617+0000] {processor.py:156} INFO - Started process (PID=234) to work on /home/airflow/.local/lib/python3.7/site-packages/airflow/example_dags/example_dag_decorator.py
[2022-10-29T09:44:43.619+0000] {processor.py:758} INFO - Processing file /home/airflow/.local/lib/python3.7/site-packages/airflow/example_dags/example_dag_decorator.py for tasks to queue
[2022-10-29T09:44:43.620+0000] {logging_mixin.py:117} INFO - [2022-10-29T09:44:43.620+0000] {dagbag.py:525} INFO - Filling up the DagBag from /home/airflow/.local/lib/python3.7/site-packages/airflow/example_dags/example_dag_decorator.py
[2022-10-29T09:44:43.660+0000] {processor.py:768} INFO - DAG(s) dict_keys(['example_dag_decorator']) retrieved from /home/airflow/.local/lib/python3.7/site-packages/airflow/example_dags/example_dag_decorator.py
[2022-10-29T09:44:43.784+0000] {logging_mixin.py:117} INFO - [2022-10-29T09:44:43.784+0000] {dag.py:2573} INFO - Sync 1 DAGs
[2022-10-29T09:44:43.822+0000] {logging_mixin.py:117} INFO - [2022-10-29T09:44:43.822+0000] {dag.py:3328} INFO - Setting next_dagrun for example_dag_decorator to None, run_after=None
[2022-10-29T09:44:43.854+0000] {processor.py:178} INFO - Processing /home/airflow/.local/lib/python3.7/site-packages/airflow/example_dags/example_dag_decorator.py took 0.240 seconds
[2022-10-29T09:45:14.571+0000] {processor.py:156} INFO - Started process (PID=296) to work on /home/airflow/.local/lib/python3.7/site-packages/airflow/example_dags/example_dag_decorator.py
[2022-10-29T09:45:14.572+0000] {processor.py:758} INFO - Processing file /home/airflow/.local/lib/python3.7/site-packages/airflow/example_dags/example_dag_decorator.py for tasks to queue
[2022-10-29T09:45:14.574+0000] {logging_mixin.py:117} INFO - [2022-10-29T09:45:14.573+0000] {dagbag.py:525} INFO - Filling up the DagBag from /home/airflow/.local/lib/python3.7/site-packages/airflow/example_dags/example_dag_decorator.py
[2022-10-29T09:45:14.609+0000] {processor.py:768} INFO - DAG(s) dict_keys(['example_dag_decorator']) retrieved from /home/airflow/.local/lib/python3.7/site-packages/airflow/example_dags/example_dag_decorator.py
[2022-10-29T09:45:14.732+0000] {logging_mixin.py:117} INFO - [2022-10-29T09:45:14.732+0000] {dag.py:2573} INFO - Sync 1 DAGs
[2022-10-29T09:45:14.769+0000] {logging_mixin.py:117} INFO - [2022-10-29T09:45:14.769+0000] {dag.py:3328} INFO - Setting next_dagrun for example_dag_decorator to None, run_after=None
[2022-10-29T09:45:14.802+0000] {processor.py:178} INFO - Processing /home/airflow/.local/lib/python3.7/site-packages/airflow/example_dags/example_dag_decorator.py took 0.236 seconds
[2022-10-29T09:45:45.404+0000] {processor.py:156} INFO - Started process (PID=352) to work on /home/airflow/.local/lib/python3.7/site-packages/airflow/example_dags/example_dag_decorator.py
[2022-10-29T09:45:45.405+0000] {processor.py:758} INFO - Processing file /home/airflow/.local/lib/python3.7/site-packages/airflow/example_dags/example_dag_decorator.py for tasks to queue
[2022-10-29T09:45:45.406+0000] {logging_mixin.py:117} INFO - [2022-10-29T09:45:45.406+0000] {dagbag.py:525} INFO - Filling up the DagBag from /home/airflow/.local/lib/python3.7/site-packages/airflow/example_dags/example_dag_decorator.py
[2022-10-29T09:45:45.443+0000] {processor.py:768} INFO - DAG(s) dict_keys(['example_dag_decorator']) retrieved from /home/airflow/.local/lib/python3.7/site-packages/airflow/example_dags/example_dag_decorator.py
[2022-10-29T09:45:45.562+0000] {logging_mixin.py:117} INFO - [2022-10-29T09:45:45.561+0000] {dag.py:2573} INFO - Sync 1 DAGs
[2022-10-29T09:45:45.595+0000] {logging_mixin.py:117} INFO - [2022-10-29T09:45:45.595+0000] {dag.py:3328} INFO - Setting next_dagrun for example_dag_decorator to None, run_after=None
[2022-10-29T09:45:45.626+0000] {processor.py:178} INFO - Processing /home/airflow/.local/lib/python3.7/site-packages/airflow/example_dags/example_dag_decorator.py took 0.225 seconds
[2022-10-29T09:46:15.800+0000] {processor.py:156} INFO - Started process (PID=415) to work on /home/airflow/.local/lib/python3.7/site-packages/airflow/example_dags/example_dag_decorator.py
[2022-10-29T09:46:15.801+0000] {processor.py:758} INFO - Processing file /home/airflow/.local/lib/python3.7/site-packages/airflow/example_dags/example_dag_decorator.py for tasks to queue
[2022-10-29T09:46:15.802+0000] {logging_mixin.py:117} INFO - [2022-10-29T09:46:15.802+0000] {dagbag.py:525} INFO - Filling up the DagBag from /home/airflow/.local/lib/python3.7/site-packages/airflow/example_dags/example_dag_decorator.py
[2022-10-29T09:46:15.840+0000] {processor.py:768} INFO - DAG(s) dict_keys(['example_dag_decorator']) retrieved from /home/airflow/.local/lib/python3.7/site-packages/airflow/example_dags/example_dag_decorator.py
[2022-10-29T09:46:15.965+0000] {logging_mixin.py:117} INFO - [2022-10-29T09:46:15.964+0000] {dag.py:2573} INFO - Sync 1 DAGs
[2022-10-29T09:46:15.998+0000] {logging_mixin.py:117} INFO - [2022-10-29T09:46:15.998+0000] {dag.py:3328} INFO - Setting next_dagrun for example_dag_decorator to None, run_after=None
[2022-10-29T09:46:16.032+0000] {processor.py:178} INFO - Processing /home/airflow/.local/lib/python3.7/site-packages/airflow/example_dags/example_dag_decorator.py took 0.235 seconds
[2022-10-29T09:53:26.681+0000] {processor.py:156} INFO - Started process (PID=295) to work on /home/airflow/.local/lib/python3.7/site-packages/airflow/example_dags/example_dag_decorator.py
[2022-10-29T09:53:26.684+0000] {processor.py:758} INFO - Processing file /home/airflow/.local/lib/python3.7/site-packages/airflow/example_dags/example_dag_decorator.py for tasks to queue
[2022-10-29T09:53:26.688+0000] {logging_mixin.py:117} INFO - [2022-10-29T09:53:26.688+0000] {dagbag.py:525} INFO - Filling up the DagBag from /home/airflow/.local/lib/python3.7/site-packages/airflow/example_dags/example_dag_decorator.py
[2022-10-29T09:53:26.741+0000] {processor.py:768} INFO - DAG(s) dict_keys(['example_dag_decorator']) retrieved from /home/airflow/.local/lib/python3.7/site-packages/airflow/example_dags/example_dag_decorator.py
[2022-10-29T09:53:27.179+0000] {logging_mixin.py:117} INFO - [2022-10-29T09:53:27.179+0000] {dag.py:2573} INFO - Sync 1 DAGs
[2022-10-29T09:53:27.248+0000] {logging_mixin.py:117} INFO - [2022-10-29T09:53:27.247+0000] {dag.py:3328} INFO - Setting next_dagrun for example_dag_decorator to None, run_after=None
[2022-10-29T09:53:27.303+0000] {processor.py:178} INFO - Processing /home/airflow/.local/lib/python3.7/site-packages/airflow/example_dags/example_dag_decorator.py took 0.627 seconds
[2022-10-29T09:53:57.810+0000] {processor.py:156} INFO - Started process (PID=349) to work on /home/airflow/.local/lib/python3.7/site-packages/airflow/example_dags/example_dag_decorator.py
[2022-10-29T09:53:57.811+0000] {processor.py:758} INFO - Processing file /home/airflow/.local/lib/python3.7/site-packages/airflow/example_dags/example_dag_decorator.py for tasks to queue
[2022-10-29T09:53:57.812+0000] {logging_mixin.py:117} INFO - [2022-10-29T09:53:57.812+0000] {dagbag.py:525} INFO - Filling up the DagBag from /home/airflow/.local/lib/python3.7/site-packages/airflow/example_dags/example_dag_decorator.py
[2022-10-29T09:53:57.982+0000] {processor.py:768} INFO - DAG(s) dict_keys(['example_dag_decorator']) retrieved from /home/airflow/.local/lib/python3.7/site-packages/airflow/example_dags/example_dag_decorator.py
[2022-10-29T09:53:58.023+0000] {logging_mixin.py:117} INFO - [2022-10-29T09:53:58.023+0000] {dag.py:2573} INFO - Sync 1 DAGs
[2022-10-29T09:53:58.063+0000] {logging_mixin.py:117} INFO - [2022-10-29T09:53:58.063+0000] {dag.py:3328} INFO - Setting next_dagrun for example_dag_decorator to None, run_after=None
[2022-10-29T09:53:58.090+0000] {processor.py:178} INFO - Processing /home/airflow/.local/lib/python3.7/site-packages/airflow/example_dags/example_dag_decorator.py took 0.284 seconds
[2022-10-29T09:54:28.247+0000] {processor.py:156} INFO - Started process (PID=411) to work on /home/airflow/.local/lib/python3.7/site-packages/airflow/example_dags/example_dag_decorator.py
[2022-10-29T09:54:28.248+0000] {processor.py:758} INFO - Processing file /home/airflow/.local/lib/python3.7/site-packages/airflow/example_dags/example_dag_decorator.py for tasks to queue
[2022-10-29T09:54:28.250+0000] {logging_mixin.py:117} INFO - [2022-10-29T09:54:28.249+0000] {dagbag.py:525} INFO - Filling up the DagBag from /home/airflow/.local/lib/python3.7/site-packages/airflow/example_dags/example_dag_decorator.py
[2022-10-29T09:54:28.423+0000] {processor.py:768} INFO - DAG(s) dict_keys(['example_dag_decorator']) retrieved from /home/airflow/.local/lib/python3.7/site-packages/airflow/example_dags/example_dag_decorator.py
[2022-10-29T09:54:28.476+0000] {logging_mixin.py:117} INFO - [2022-10-29T09:54:28.476+0000] {dag.py:2573} INFO - Sync 1 DAGs
[2022-10-29T09:54:28.510+0000] {logging_mixin.py:117} INFO - [2022-10-29T09:54:28.510+0000] {dag.py:3328} INFO - Setting next_dagrun for example_dag_decorator to None, run_after=None
[2022-10-29T09:54:28.537+0000] {processor.py:178} INFO - Processing /home/airflow/.local/lib/python3.7/site-packages/airflow/example_dags/example_dag_decorator.py took 0.294 seconds
[2022-10-29T09:54:59.180+0000] {processor.py:156} INFO - Started process (PID=468) to work on /home/airflow/.local/lib/python3.7/site-packages/airflow/example_dags/example_dag_decorator.py
[2022-10-29T09:54:59.181+0000] {processor.py:758} INFO - Processing file /home/airflow/.local/lib/python3.7/site-packages/airflow/example_dags/example_dag_decorator.py for tasks to queue
[2022-10-29T09:54:59.183+0000] {logging_mixin.py:117} INFO - [2022-10-29T09:54:59.183+0000] {dagbag.py:525} INFO - Filling up the DagBag from /home/airflow/.local/lib/python3.7/site-packages/airflow/example_dags/example_dag_decorator.py
[2022-10-29T09:54:59.368+0000] {processor.py:768} INFO - DAG(s) dict_keys(['example_dag_decorator']) retrieved from /home/airflow/.local/lib/python3.7/site-packages/airflow/example_dags/example_dag_decorator.py
[2022-10-29T09:54:59.431+0000] {logging_mixin.py:117} INFO - [2022-10-29T09:54:59.430+0000] {dag.py:2573} INFO - Sync 1 DAGs
[2022-10-29T09:54:59.471+0000] {logging_mixin.py:117} INFO - [2022-10-29T09:54:59.471+0000] {dag.py:3328} INFO - Setting next_dagrun for example_dag_decorator to None, run_after=None
[2022-10-29T09:54:59.502+0000] {processor.py:178} INFO - Processing /home/airflow/.local/lib/python3.7/site-packages/airflow/example_dags/example_dag_decorator.py took 0.325 seconds
[2022-10-29T09:55:30.189+0000] {processor.py:156} INFO - Started process (PID=531) to work on /home/airflow/.local/lib/python3.7/site-packages/airflow/example_dags/example_dag_decorator.py
[2022-10-29T09:55:30.191+0000] {processor.py:758} INFO - Processing file /home/airflow/.local/lib/python3.7/site-packages/airflow/example_dags/example_dag_decorator.py for tasks to queue
[2022-10-29T09:55:30.200+0000] {logging_mixin.py:117} INFO - [2022-10-29T09:55:30.192+0000] {dagbag.py:525} INFO - Filling up the DagBag from /home/airflow/.local/lib/python3.7/site-packages/airflow/example_dags/example_dag_decorator.py
[2022-10-29T09:55:30.250+0000] {processor.py:768} INFO - DAG(s) dict_keys(['example_dag_decorator']) retrieved from /home/airflow/.local/lib/python3.7/site-packages/airflow/example_dags/example_dag_decorator.py
[2022-10-29T09:55:30.285+0000] {logging_mixin.py:117} INFO - [2022-10-29T09:55:30.285+0000] {dag.py:2573} INFO - Sync 1 DAGs
[2022-10-29T09:55:30.330+0000] {logging_mixin.py:117} INFO - [2022-10-29T09:55:30.330+0000] {dag.py:3328} INFO - Setting next_dagrun for example_dag_decorator to None, run_after=None
[2022-10-29T09:55:30.367+0000] {processor.py:178} INFO - Processing /home/airflow/.local/lib/python3.7/site-packages/airflow/example_dags/example_dag_decorator.py took 0.182 seconds
[2022-10-29T09:56:01.191+0000] {processor.py:156} INFO - Started process (PID=585) to work on /home/airflow/.local/lib/python3.7/site-packages/airflow/example_dags/example_dag_decorator.py
[2022-10-29T09:56:01.192+0000] {processor.py:758} INFO - Processing file /home/airflow/.local/lib/python3.7/site-packages/airflow/example_dags/example_dag_decorator.py for tasks to queue
[2022-10-29T09:56:01.193+0000] {logging_mixin.py:117} INFO - [2022-10-29T09:56:01.193+0000] {dagbag.py:525} INFO - Filling up the DagBag from /home/airflow/.local/lib/python3.7/site-packages/airflow/example_dags/example_dag_decorator.py
[2022-10-29T09:56:01.242+0000] {processor.py:768} INFO - DAG(s) dict_keys(['example_dag_decorator']) retrieved from /home/airflow/.local/lib/python3.7/site-packages/airflow/example_dags/example_dag_decorator.py
[2022-10-29T09:56:01.404+0000] {logging_mixin.py:117} INFO - [2022-10-29T09:56:01.404+0000] {dag.py:2573} INFO - Sync 1 DAGs
[2022-10-29T09:56:01.442+0000] {logging_mixin.py:117} INFO - [2022-10-29T09:56:01.442+0000] {dag.py:3328} INFO - Setting next_dagrun for example_dag_decorator to None, run_after=None
[2022-10-29T09:56:01.472+0000] {processor.py:178} INFO - Processing /home/airflow/.local/lib/python3.7/site-packages/airflow/example_dags/example_dag_decorator.py took 0.286 seconds
[2022-10-29T09:56:31.633+0000] {processor.py:156} INFO - Started process (PID=648) to work on /home/airflow/.local/lib/python3.7/site-packages/airflow/example_dags/example_dag_decorator.py
[2022-10-29T09:56:31.635+0000] {processor.py:758} INFO - Processing file /home/airflow/.local/lib/python3.7/site-packages/airflow/example_dags/example_dag_decorator.py for tasks to queue
[2022-10-29T09:56:31.636+0000] {logging_mixin.py:117} INFO - [2022-10-29T09:56:31.636+0000] {dagbag.py:525} INFO - Filling up the DagBag from /home/airflow/.local/lib/python3.7/site-packages/airflow/example_dags/example_dag_decorator.py
[2022-10-29T09:56:31.673+0000] {processor.py:768} INFO - DAG(s) dict_keys(['example_dag_decorator']) retrieved from /home/airflow/.local/lib/python3.7/site-packages/airflow/example_dags/example_dag_decorator.py
[2022-10-29T09:56:31.782+0000] {logging_mixin.py:117} INFO - [2022-10-29T09:56:31.782+0000] {dag.py:2573} INFO - Sync 1 DAGs
[2022-10-29T09:56:31.814+0000] {logging_mixin.py:117} INFO - [2022-10-29T09:56:31.814+0000] {dag.py:3328} INFO - Setting next_dagrun for example_dag_decorator to None, run_after=None
[2022-10-29T09:56:31.843+0000] {processor.py:178} INFO - Processing /home/airflow/.local/lib/python3.7/site-packages/airflow/example_dags/example_dag_decorator.py took 0.213 seconds
[2022-10-29T09:57:01.943+0000] {processor.py:156} INFO - Started process (PID=702) to work on /home/airflow/.local/lib/python3.7/site-packages/airflow/example_dags/example_dag_decorator.py
[2022-10-29T09:57:01.945+0000] {processor.py:758} INFO - Processing file /home/airflow/.local/lib/python3.7/site-packages/airflow/example_dags/example_dag_decorator.py for tasks to queue
[2022-10-29T09:57:01.946+0000] {logging_mixin.py:117} INFO - [2022-10-29T09:57:01.945+0000] {dagbag.py:525} INFO - Filling up the DagBag from /home/airflow/.local/lib/python3.7/site-packages/airflow/example_dags/example_dag_decorator.py
[2022-10-29T09:57:01.986+0000] {processor.py:768} INFO - DAG(s) dict_keys(['example_dag_decorator']) retrieved from /home/airflow/.local/lib/python3.7/site-packages/airflow/example_dags/example_dag_decorator.py
[2022-10-29T09:57:02.112+0000] {logging_mixin.py:117} INFO - [2022-10-29T09:57:02.112+0000] {dag.py:2573} INFO - Sync 1 DAGs
[2022-10-29T09:57:02.155+0000] {logging_mixin.py:117} INFO - [2022-10-29T09:57:02.154+0000] {dag.py:3328} INFO - Setting next_dagrun for example_dag_decorator to None, run_after=None
[2022-10-29T09:57:02.190+0000] {processor.py:178} INFO - Processing /home/airflow/.local/lib/python3.7/site-packages/airflow/example_dags/example_dag_decorator.py took 0.251 seconds
[2022-10-29T10:02:54.427+0000] {processor.py:156} INFO - Started process (PID=63) to work on /home/airflow/.local/lib/python3.7/site-packages/airflow/example_dags/example_dag_decorator.py
[2022-10-29T10:02:54.429+0000] {processor.py:758} INFO - Processing file /home/airflow/.local/lib/python3.7/site-packages/airflow/example_dags/example_dag_decorator.py for tasks to queue
[2022-10-29T10:02:54.430+0000] {logging_mixin.py:117} INFO - [2022-10-29T10:02:54.430+0000] {dagbag.py:525} INFO - Filling up the DagBag from /home/airflow/.local/lib/python3.7/site-packages/airflow/example_dags/example_dag_decorator.py
[2022-10-29T10:02:54.489+0000] {processor.py:768} INFO - DAG(s) dict_keys(['example_dag_decorator']) retrieved from /home/airflow/.local/lib/python3.7/site-packages/airflow/example_dags/example_dag_decorator.py
[2022-10-29T10:02:54.608+0000] {logging_mixin.py:117} INFO - [2022-10-29T10:02:54.608+0000] {dag.py:2573} INFO - Sync 1 DAGs
[2022-10-29T10:02:54.646+0000] {logging_mixin.py:117} INFO - [2022-10-29T10:02:54.646+0000] {dag.py:3328} INFO - Setting next_dagrun for example_dag_decorator to None, run_after=None
[2022-10-29T10:02:54.680+0000] {processor.py:178} INFO - Processing /home/airflow/.local/lib/python3.7/site-packages/airflow/example_dags/example_dag_decorator.py took 0.256 seconds
[2022-10-29T10:03:25.090+0000] {processor.py:156} INFO - Started process (PID=117) to work on /home/airflow/.local/lib/python3.7/site-packages/airflow/example_dags/example_dag_decorator.py
[2022-10-29T10:03:25.091+0000] {processor.py:758} INFO - Processing file /home/airflow/.local/lib/python3.7/site-packages/airflow/example_dags/example_dag_decorator.py for tasks to queue
[2022-10-29T10:03:25.093+0000] {logging_mixin.py:117} INFO - [2022-10-29T10:03:25.092+0000] {dagbag.py:525} INFO - Filling up the DagBag from /home/airflow/.local/lib/python3.7/site-packages/airflow/example_dags/example_dag_decorator.py
[2022-10-29T10:03:25.131+0000] {processor.py:768} INFO - DAG(s) dict_keys(['example_dag_decorator']) retrieved from /home/airflow/.local/lib/python3.7/site-packages/airflow/example_dags/example_dag_decorator.py
[2022-10-29T10:03:25.242+0000] {logging_mixin.py:117} INFO - [2022-10-29T10:03:25.242+0000] {dag.py:2573} INFO - Sync 1 DAGs
[2022-10-29T10:03:25.272+0000] {logging_mixin.py:117} INFO - [2022-10-29T10:03:25.272+0000] {dag.py:3328} INFO - Setting next_dagrun for example_dag_decorator to None, run_after=None
[2022-10-29T10:03:25.305+0000] {processor.py:178} INFO - Processing /home/airflow/.local/lib/python3.7/site-packages/airflow/example_dags/example_dag_decorator.py took 0.219 seconds
