[2022-10-29T09:43:12.343+0000] {processor.py:156} INFO - Started process (PID=65) to work on /home/airflow/.local/lib/python3.7/site-packages/airflow/example_dags/example_sla_dag.py
[2022-10-29T09:43:12.345+0000] {processor.py:758} INFO - Processing file /home/airflow/.local/lib/python3.7/site-packages/airflow/example_dags/example_sla_dag.py for tasks to queue
[2022-10-29T09:43:12.346+0000] {logging_mixin.py:117} INFO - [2022-10-29T09:43:12.346+0000] {dagbag.py:525} INFO - Filling up the DagBag from /home/airflow/.local/lib/python3.7/site-packages/airflow/example_dags/example_sla_dag.py
[2022-10-29T09:43:12.370+0000] {processor.py:768} INFO - DAG(s) dict_keys(['example_sla_dag']) retrieved from /home/airflow/.local/lib/python3.7/site-packages/airflow/example_dags/example_sla_dag.py
[2022-10-29T09:43:12.406+0000] {logging_mixin.py:117} INFO - [2022-10-29T09:43:12.405+0000] {dag.py:2573} INFO - Sync 1 DAGs
[2022-10-29T09:43:12.454+0000] {logging_mixin.py:117} INFO - [2022-10-29T09:43:12.454+0000] {dag.py:3328} INFO - Setting next_dagrun for example_sla_dag to 2022-10-29T09:40:00+00:00, run_after=2022-10-29T09:42:00+00:00
[2022-10-29T09:43:12.485+0000] {processor.py:178} INFO - Processing /home/airflow/.local/lib/python3.7/site-packages/airflow/example_dags/example_sla_dag.py took 0.144 seconds
[2022-10-29T09:43:43.166+0000] {processor.py:156} INFO - Started process (PID=119) to work on /home/airflow/.local/lib/python3.7/site-packages/airflow/example_dags/example_sla_dag.py
[2022-10-29T09:43:43.167+0000] {processor.py:758} INFO - Processing file /home/airflow/.local/lib/python3.7/site-packages/airflow/example_dags/example_sla_dag.py for tasks to queue
[2022-10-29T09:43:43.168+0000] {logging_mixin.py:117} INFO - [2022-10-29T09:43:43.168+0000] {dagbag.py:525} INFO - Filling up the DagBag from /home/airflow/.local/lib/python3.7/site-packages/airflow/example_dags/example_sla_dag.py
[2022-10-29T09:43:43.200+0000] {processor.py:768} INFO - DAG(s) dict_keys(['example_sla_dag']) retrieved from /home/airflow/.local/lib/python3.7/site-packages/airflow/example_dags/example_sla_dag.py
[2022-10-29T09:43:43.247+0000] {logging_mixin.py:117} INFO - [2022-10-29T09:43:43.246+0000] {dag.py:2573} INFO - Sync 1 DAGs
[2022-10-29T09:43:43.293+0000] {logging_mixin.py:117} INFO - [2022-10-29T09:43:43.293+0000] {dag.py:3328} INFO - Setting next_dagrun for example_sla_dag to 2022-10-29T09:40:00+00:00, run_after=2022-10-29T09:42:00+00:00
[2022-10-29T09:43:43.328+0000] {processor.py:178} INFO - Processing /home/airflow/.local/lib/python3.7/site-packages/airflow/example_dags/example_sla_dag.py took 0.165 seconds
[2022-10-29T09:44:13.676+0000] {processor.py:156} INFO - Started process (PID=183) to work on /home/airflow/.local/lib/python3.7/site-packages/airflow/example_dags/example_sla_dag.py
[2022-10-29T09:44:13.677+0000] {processor.py:758} INFO - Processing file /home/airflow/.local/lib/python3.7/site-packages/airflow/example_dags/example_sla_dag.py for tasks to queue
[2022-10-29T09:44:13.678+0000] {logging_mixin.py:117} INFO - [2022-10-29T09:44:13.678+0000] {dagbag.py:525} INFO - Filling up the DagBag from /home/airflow/.local/lib/python3.7/site-packages/airflow/example_dags/example_sla_dag.py
[2022-10-29T09:44:13.714+0000] {processor.py:768} INFO - DAG(s) dict_keys(['example_sla_dag']) retrieved from /home/airflow/.local/lib/python3.7/site-packages/airflow/example_dags/example_sla_dag.py
[2022-10-29T09:44:13.772+0000] {logging_mixin.py:117} INFO - [2022-10-29T09:44:13.771+0000] {dag.py:2573} INFO - Sync 1 DAGs
[2022-10-29T09:44:13.820+0000] {logging_mixin.py:117} INFO - [2022-10-29T09:44:13.820+0000] {dag.py:3328} INFO - Setting next_dagrun for example_sla_dag to 2022-10-29T09:42:00+00:00, run_after=2022-10-29T09:44:00+00:00
[2022-10-29T09:44:13.852+0000] {processor.py:178} INFO - Processing /home/airflow/.local/lib/python3.7/site-packages/airflow/example_dags/example_sla_dag.py took 0.179 seconds
[2022-10-29T09:44:43.999+0000] {processor.py:156} INFO - Started process (PID=237) to work on /home/airflow/.local/lib/python3.7/site-packages/airflow/example_dags/example_sla_dag.py
[2022-10-29T09:44:44.001+0000] {processor.py:758} INFO - Processing file /home/airflow/.local/lib/python3.7/site-packages/airflow/example_dags/example_sla_dag.py for tasks to queue
[2022-10-29T09:44:44.002+0000] {logging_mixin.py:117} INFO - [2022-10-29T09:44:44.002+0000] {dagbag.py:525} INFO - Filling up the DagBag from /home/airflow/.local/lib/python3.7/site-packages/airflow/example_dags/example_sla_dag.py
[2022-10-29T09:44:44.031+0000] {processor.py:768} INFO - DAG(s) dict_keys(['example_sla_dag']) retrieved from /home/airflow/.local/lib/python3.7/site-packages/airflow/example_dags/example_sla_dag.py
[2022-10-29T09:44:44.085+0000] {logging_mixin.py:117} INFO - [2022-10-29T09:44:44.085+0000] {dag.py:2573} INFO - Sync 1 DAGs
[2022-10-29T09:44:44.140+0000] {logging_mixin.py:117} INFO - [2022-10-29T09:44:44.140+0000] {dag.py:3328} INFO - Setting next_dagrun for example_sla_dag to 2022-10-29T09:42:00+00:00, run_after=2022-10-29T09:44:00+00:00
[2022-10-29T09:44:44.170+0000] {processor.py:178} INFO - Processing /home/airflow/.local/lib/python3.7/site-packages/airflow/example_dags/example_sla_dag.py took 0.173 seconds
[2022-10-29T09:45:14.919+0000] {processor.py:156} INFO - Started process (PID=299) to work on /home/airflow/.local/lib/python3.7/site-packages/airflow/example_dags/example_sla_dag.py
[2022-10-29T09:45:14.921+0000] {processor.py:758} INFO - Processing file /home/airflow/.local/lib/python3.7/site-packages/airflow/example_dags/example_sla_dag.py for tasks to queue
[2022-10-29T09:45:14.922+0000] {logging_mixin.py:117} INFO - [2022-10-29T09:45:14.922+0000] {dagbag.py:525} INFO - Filling up the DagBag from /home/airflow/.local/lib/python3.7/site-packages/airflow/example_dags/example_sla_dag.py
[2022-10-29T09:45:14.947+0000] {processor.py:768} INFO - DAG(s) dict_keys(['example_sla_dag']) retrieved from /home/airflow/.local/lib/python3.7/site-packages/airflow/example_dags/example_sla_dag.py
[2022-10-29T09:45:15.004+0000] {logging_mixin.py:117} INFO - [2022-10-29T09:45:15.003+0000] {dag.py:2573} INFO - Sync 1 DAGs
[2022-10-29T09:45:15.052+0000] {logging_mixin.py:117} INFO - [2022-10-29T09:45:15.052+0000] {dag.py:3328} INFO - Setting next_dagrun for example_sla_dag to 2022-10-29T09:42:00+00:00, run_after=2022-10-29T09:44:00+00:00
[2022-10-29T09:45:15.085+0000] {processor.py:178} INFO - Processing /home/airflow/.local/lib/python3.7/site-packages/airflow/example_dags/example_sla_dag.py took 0.169 seconds
[2022-10-29T09:45:45.748+0000] {processor.py:156} INFO - Started process (PID=355) to work on /home/airflow/.local/lib/python3.7/site-packages/airflow/example_dags/example_sla_dag.py
[2022-10-29T09:45:45.749+0000] {processor.py:758} INFO - Processing file /home/airflow/.local/lib/python3.7/site-packages/airflow/example_dags/example_sla_dag.py for tasks to queue
[2022-10-29T09:45:45.750+0000] {logging_mixin.py:117} INFO - [2022-10-29T09:45:45.750+0000] {dagbag.py:525} INFO - Filling up the DagBag from /home/airflow/.local/lib/python3.7/site-packages/airflow/example_dags/example_sla_dag.py
[2022-10-29T09:45:45.781+0000] {processor.py:768} INFO - DAG(s) dict_keys(['example_sla_dag']) retrieved from /home/airflow/.local/lib/python3.7/site-packages/airflow/example_dags/example_sla_dag.py
[2022-10-29T09:45:45.835+0000] {logging_mixin.py:117} INFO - [2022-10-29T09:45:45.835+0000] {dag.py:2573} INFO - Sync 1 DAGs
[2022-10-29T09:45:45.879+0000] {logging_mixin.py:117} INFO - [2022-10-29T09:45:45.879+0000] {dag.py:3328} INFO - Setting next_dagrun for example_sla_dag to 2022-10-29T09:42:00+00:00, run_after=2022-10-29T09:44:00+00:00
[2022-10-29T09:45:45.907+0000] {processor.py:178} INFO - Processing /home/airflow/.local/lib/python3.7/site-packages/airflow/example_dags/example_sla_dag.py took 0.162 seconds
[2022-10-29T09:46:16.198+0000] {processor.py:156} INFO - Started process (PID=418) to work on /home/airflow/.local/lib/python3.7/site-packages/airflow/example_dags/example_sla_dag.py
[2022-10-29T09:46:16.199+0000] {processor.py:758} INFO - Processing file /home/airflow/.local/lib/python3.7/site-packages/airflow/example_dags/example_sla_dag.py for tasks to queue
[2022-10-29T09:46:16.201+0000] {logging_mixin.py:117} INFO - [2022-10-29T09:46:16.201+0000] {dagbag.py:525} INFO - Filling up the DagBag from /home/airflow/.local/lib/python3.7/site-packages/airflow/example_dags/example_sla_dag.py
[2022-10-29T09:46:16.229+0000] {processor.py:768} INFO - DAG(s) dict_keys(['example_sla_dag']) retrieved from /home/airflow/.local/lib/python3.7/site-packages/airflow/example_dags/example_sla_dag.py
[2022-10-29T09:46:16.282+0000] {logging_mixin.py:117} INFO - [2022-10-29T09:46:16.282+0000] {dag.py:2573} INFO - Sync 1 DAGs
[2022-10-29T09:46:16.327+0000] {logging_mixin.py:117} INFO - [2022-10-29T09:46:16.327+0000] {dag.py:3328} INFO - Setting next_dagrun for example_sla_dag to 2022-10-29T09:44:00+00:00, run_after=2022-10-29T09:46:00+00:00
[2022-10-29T09:46:16.361+0000] {processor.py:178} INFO - Processing /home/airflow/.local/lib/python3.7/site-packages/airflow/example_dags/example_sla_dag.py took 0.165 seconds
[2022-10-29T09:53:27.635+0000] {processor.py:156} INFO - Started process (PID=298) to work on /home/airflow/.local/lib/python3.7/site-packages/airflow/example_dags/example_sla_dag.py
[2022-10-29T09:53:27.637+0000] {processor.py:758} INFO - Processing file /home/airflow/.local/lib/python3.7/site-packages/airflow/example_dags/example_sla_dag.py for tasks to queue
[2022-10-29T09:53:27.638+0000] {logging_mixin.py:117} INFO - [2022-10-29T09:53:27.638+0000] {dagbag.py:525} INFO - Filling up the DagBag from /home/airflow/.local/lib/python3.7/site-packages/airflow/example_dags/example_sla_dag.py
[2022-10-29T09:53:27.686+0000] {processor.py:768} INFO - DAG(s) dict_keys(['example_sla_dag']) retrieved from /home/airflow/.local/lib/python3.7/site-packages/airflow/example_dags/example_sla_dag.py
[2022-10-29T09:53:28.191+0000] {logging_mixin.py:117} INFO - [2022-10-29T09:53:28.190+0000] {dag.py:2573} INFO - Sync 1 DAGs
[2022-10-29T09:53:28.248+0000] {logging_mixin.py:117} INFO - [2022-10-29T09:53:28.248+0000] {dag.py:3328} INFO - Setting next_dagrun for example_sla_dag to 2022-10-29T09:50:00+00:00, run_after=2022-10-29T09:52:00+00:00
[2022-10-29T09:53:28.299+0000] {processor.py:178} INFO - Processing /home/airflow/.local/lib/python3.7/site-packages/airflow/example_dags/example_sla_dag.py took 0.669 seconds
[2022-10-29T09:53:58.508+0000] {processor.py:156} INFO - Started process (PID=352) to work on /home/airflow/.local/lib/python3.7/site-packages/airflow/example_dags/example_sla_dag.py
[2022-10-29T09:53:58.509+0000] {processor.py:758} INFO - Processing file /home/airflow/.local/lib/python3.7/site-packages/airflow/example_dags/example_sla_dag.py for tasks to queue
[2022-10-29T09:53:58.510+0000] {logging_mixin.py:117} INFO - [2022-10-29T09:53:58.510+0000] {dagbag.py:525} INFO - Filling up the DagBag from /home/airflow/.local/lib/python3.7/site-packages/airflow/example_dags/example_sla_dag.py
[2022-10-29T09:53:58.534+0000] {processor.py:768} INFO - DAG(s) dict_keys(['example_sla_dag']) retrieved from /home/airflow/.local/lib/python3.7/site-packages/airflow/example_dags/example_sla_dag.py
[2022-10-29T09:53:58.694+0000] {logging_mixin.py:117} INFO - [2022-10-29T09:53:58.694+0000] {dag.py:2573} INFO - Sync 1 DAGs
[2022-10-29T09:53:58.724+0000] {logging_mixin.py:117} INFO - [2022-10-29T09:53:58.724+0000] {dag.py:3328} INFO - Setting next_dagrun for example_sla_dag to 2022-10-29T09:50:00+00:00, run_after=2022-10-29T09:52:00+00:00
[2022-10-29T09:53:58.749+0000] {processor.py:178} INFO - Processing /home/airflow/.local/lib/python3.7/site-packages/airflow/example_dags/example_sla_dag.py took 0.244 seconds
[2022-10-29T09:54:28.926+0000] {processor.py:156} INFO - Started process (PID=416) to work on /home/airflow/.local/lib/python3.7/site-packages/airflow/example_dags/example_sla_dag.py
[2022-10-29T09:54:28.927+0000] {processor.py:758} INFO - Processing file /home/airflow/.local/lib/python3.7/site-packages/airflow/example_dags/example_sla_dag.py for tasks to queue
[2022-10-29T09:54:28.928+0000] {logging_mixin.py:117} INFO - [2022-10-29T09:54:28.928+0000] {dagbag.py:525} INFO - Filling up the DagBag from /home/airflow/.local/lib/python3.7/site-packages/airflow/example_dags/example_sla_dag.py
[2022-10-29T09:54:29.100+0000] {processor.py:768} INFO - DAG(s) dict_keys(['example_sla_dag']) retrieved from /home/airflow/.local/lib/python3.7/site-packages/airflow/example_dags/example_sla_dag.py
[2022-10-29T09:54:29.150+0000] {logging_mixin.py:117} INFO - [2022-10-29T09:54:29.150+0000] {dag.py:2573} INFO - Sync 1 DAGs
[2022-10-29T09:54:29.194+0000] {logging_mixin.py:117} INFO - [2022-10-29T09:54:29.193+0000] {dag.py:3328} INFO - Setting next_dagrun for example_sla_dag to 2022-10-29T09:52:00+00:00, run_after=2022-10-29T09:54:00+00:00
[2022-10-29T09:54:29.221+0000] {processor.py:178} INFO - Processing /home/airflow/.local/lib/python3.7/site-packages/airflow/example_dags/example_sla_dag.py took 0.298 seconds
[2022-10-29T09:54:59.592+0000] {processor.py:156} INFO - Started process (PID=471) to work on /home/airflow/.local/lib/python3.7/site-packages/airflow/example_dags/example_sla_dag.py
[2022-10-29T09:54:59.593+0000] {processor.py:758} INFO - Processing file /home/airflow/.local/lib/python3.7/site-packages/airflow/example_dags/example_sla_dag.py for tasks to queue
[2022-10-29T09:54:59.595+0000] {logging_mixin.py:117} INFO - [2022-10-29T09:54:59.595+0000] {dagbag.py:525} INFO - Filling up the DagBag from /home/airflow/.local/lib/python3.7/site-packages/airflow/example_dags/example_sla_dag.py
[2022-10-29T09:54:59.788+0000] {processor.py:768} INFO - DAG(s) dict_keys(['example_sla_dag']) retrieved from /home/airflow/.local/lib/python3.7/site-packages/airflow/example_dags/example_sla_dag.py
[2022-10-29T09:54:59.838+0000] {logging_mixin.py:117} INFO - [2022-10-29T09:54:59.838+0000] {dag.py:2573} INFO - Sync 1 DAGs
[2022-10-29T09:54:59.875+0000] {logging_mixin.py:117} INFO - [2022-10-29T09:54:59.875+0000] {dag.py:3328} INFO - Setting next_dagrun for example_sla_dag to 2022-10-29T09:52:00+00:00, run_after=2022-10-29T09:54:00+00:00
[2022-10-29T09:54:59.902+0000] {processor.py:178} INFO - Processing /home/airflow/.local/lib/python3.7/site-packages/airflow/example_dags/example_sla_dag.py took 0.313 seconds
[2022-10-29T09:55:30.437+0000] {processor.py:156} INFO - Started process (PID=534) to work on /home/airflow/.local/lib/python3.7/site-packages/airflow/example_dags/example_sla_dag.py
[2022-10-29T09:55:30.439+0000] {processor.py:758} INFO - Processing file /home/airflow/.local/lib/python3.7/site-packages/airflow/example_dags/example_sla_dag.py for tasks to queue
[2022-10-29T09:55:30.440+0000] {logging_mixin.py:117} INFO - [2022-10-29T09:55:30.440+0000] {dagbag.py:525} INFO - Filling up the DagBag from /home/airflow/.local/lib/python3.7/site-packages/airflow/example_dags/example_sla_dag.py
[2022-10-29T09:55:30.471+0000] {processor.py:768} INFO - DAG(s) dict_keys(['example_sla_dag']) retrieved from /home/airflow/.local/lib/python3.7/site-packages/airflow/example_dags/example_sla_dag.py
[2022-10-29T09:55:30.504+0000] {logging_mixin.py:117} INFO - [2022-10-29T09:55:30.504+0000] {dag.py:2573} INFO - Sync 1 DAGs
[2022-10-29T09:55:30.573+0000] {logging_mixin.py:117} INFO - [2022-10-29T09:55:30.572+0000] {dag.py:3328} INFO - Setting next_dagrun for example_sla_dag to 2022-10-29T09:52:00+00:00, run_after=2022-10-29T09:54:00+00:00
[2022-10-29T09:55:30.605+0000] {processor.py:178} INFO - Processing /home/airflow/.local/lib/python3.7/site-packages/airflow/example_dags/example_sla_dag.py took 0.171 seconds
[2022-10-29T09:56:01.601+0000] {processor.py:156} INFO - Started process (PID=588) to work on /home/airflow/.local/lib/python3.7/site-packages/airflow/example_dags/example_sla_dag.py
[2022-10-29T09:56:01.602+0000] {processor.py:758} INFO - Processing file /home/airflow/.local/lib/python3.7/site-packages/airflow/example_dags/example_sla_dag.py for tasks to queue
[2022-10-29T09:56:01.603+0000] {logging_mixin.py:117} INFO - [2022-10-29T09:56:01.603+0000] {dagbag.py:525} INFO - Filling up the DagBag from /home/airflow/.local/lib/python3.7/site-packages/airflow/example_dags/example_sla_dag.py
[2022-10-29T09:56:01.639+0000] {processor.py:768} INFO - DAG(s) dict_keys(['example_sla_dag']) retrieved from /home/airflow/.local/lib/python3.7/site-packages/airflow/example_dags/example_sla_dag.py
[2022-10-29T09:56:01.746+0000] {logging_mixin.py:117} INFO - [2022-10-29T09:56:01.745+0000] {dag.py:2573} INFO - Sync 1 DAGs
[2022-10-29T09:56:01.788+0000] {logging_mixin.py:117} INFO - [2022-10-29T09:56:01.788+0000] {dag.py:3328} INFO - Setting next_dagrun for example_sla_dag to 2022-10-29T09:54:00+00:00, run_after=2022-10-29T09:56:00+00:00
[2022-10-29T09:56:01.822+0000] {processor.py:178} INFO - Processing /home/airflow/.local/lib/python3.7/site-packages/airflow/example_dags/example_sla_dag.py took 0.225 seconds
[2022-10-29T09:56:32.089+0000] {processor.py:156} INFO - Started process (PID=651) to work on /home/airflow/.local/lib/python3.7/site-packages/airflow/example_dags/example_sla_dag.py
[2022-10-29T09:56:32.090+0000] {processor.py:758} INFO - Processing file /home/airflow/.local/lib/python3.7/site-packages/airflow/example_dags/example_sla_dag.py for tasks to queue
[2022-10-29T09:56:32.091+0000] {logging_mixin.py:117} INFO - [2022-10-29T09:56:32.091+0000] {dagbag.py:525} INFO - Filling up the DagBag from /home/airflow/.local/lib/python3.7/site-packages/airflow/example_dags/example_sla_dag.py
[2022-10-29T09:56:32.124+0000] {processor.py:768} INFO - DAG(s) dict_keys(['example_sla_dag']) retrieved from /home/airflow/.local/lib/python3.7/site-packages/airflow/example_dags/example_sla_dag.py
[2022-10-29T09:56:32.173+0000] {logging_mixin.py:117} INFO - [2022-10-29T09:56:32.173+0000] {dag.py:2573} INFO - Sync 1 DAGs
[2022-10-29T09:56:32.215+0000] {logging_mixin.py:117} INFO - [2022-10-29T09:56:32.214+0000] {dag.py:3328} INFO - Setting next_dagrun for example_sla_dag to 2022-10-29T09:54:00+00:00, run_after=2022-10-29T09:56:00+00:00
[2022-10-29T09:56:32.242+0000] {processor.py:178} INFO - Processing /home/airflow/.local/lib/python3.7/site-packages/airflow/example_dags/example_sla_dag.py took 0.157 seconds
[2022-10-29T09:57:02.372+0000] {processor.py:156} INFO - Started process (PID=705) to work on /home/airflow/.local/lib/python3.7/site-packages/airflow/example_dags/example_sla_dag.py
[2022-10-29T09:57:02.374+0000] {processor.py:758} INFO - Processing file /home/airflow/.local/lib/python3.7/site-packages/airflow/example_dags/example_sla_dag.py for tasks to queue
[2022-10-29T09:57:02.375+0000] {logging_mixin.py:117} INFO - [2022-10-29T09:57:02.375+0000] {dagbag.py:525} INFO - Filling up the DagBag from /home/airflow/.local/lib/python3.7/site-packages/airflow/example_dags/example_sla_dag.py
[2022-10-29T09:57:02.405+0000] {processor.py:768} INFO - DAG(s) dict_keys(['example_sla_dag']) retrieved from /home/airflow/.local/lib/python3.7/site-packages/airflow/example_dags/example_sla_dag.py
[2022-10-29T09:57:02.458+0000] {logging_mixin.py:117} INFO - [2022-10-29T09:57:02.458+0000] {dag.py:2573} INFO - Sync 1 DAGs
[2022-10-29T09:57:02.511+0000] {logging_mixin.py:117} INFO - [2022-10-29T09:57:02.510+0000] {dag.py:3328} INFO - Setting next_dagrun for example_sla_dag to 2022-10-29T09:54:00+00:00, run_after=2022-10-29T09:56:00+00:00
[2022-10-29T09:57:02.538+0000] {processor.py:178} INFO - Processing /home/airflow/.local/lib/python3.7/site-packages/airflow/example_dags/example_sla_dag.py took 0.169 seconds
[2022-10-29T10:02:54.758+0000] {processor.py:156} INFO - Started process (PID=66) to work on /home/airflow/.local/lib/python3.7/site-packages/airflow/example_dags/example_sla_dag.py
[2022-10-29T10:02:54.759+0000] {processor.py:758} INFO - Processing file /home/airflow/.local/lib/python3.7/site-packages/airflow/example_dags/example_sla_dag.py for tasks to queue
[2022-10-29T10:02:54.761+0000] {logging_mixin.py:117} INFO - [2022-10-29T10:02:54.760+0000] {dagbag.py:525} INFO - Filling up the DagBag from /home/airflow/.local/lib/python3.7/site-packages/airflow/example_dags/example_sla_dag.py
[2022-10-29T10:02:54.789+0000] {processor.py:768} INFO - DAG(s) dict_keys(['example_sla_dag']) retrieved from /home/airflow/.local/lib/python3.7/site-packages/airflow/example_dags/example_sla_dag.py
[2022-10-29T10:02:54.850+0000] {logging_mixin.py:117} INFO - [2022-10-29T10:02:54.850+0000] {dag.py:2573} INFO - Sync 1 DAGs
[2022-10-29T10:02:54.898+0000] {logging_mixin.py:117} INFO - [2022-10-29T10:02:54.898+0000] {dag.py:3328} INFO - Setting next_dagrun for example_sla_dag to 2022-10-29T10:00:00+00:00, run_after=2022-10-29T10:02:00+00:00
[2022-10-29T10:02:54.930+0000] {processor.py:178} INFO - Processing /home/airflow/.local/lib/python3.7/site-packages/airflow/example_dags/example_sla_dag.py took 0.175 seconds
[2022-10-29T10:03:25.398+0000] {processor.py:156} INFO - Started process (PID=120) to work on /home/airflow/.local/lib/python3.7/site-packages/airflow/example_dags/example_sla_dag.py
[2022-10-29T10:03:25.399+0000] {processor.py:758} INFO - Processing file /home/airflow/.local/lib/python3.7/site-packages/airflow/example_dags/example_sla_dag.py for tasks to queue
[2022-10-29T10:03:25.401+0000] {logging_mixin.py:117} INFO - [2022-10-29T10:03:25.401+0000] {dagbag.py:525} INFO - Filling up the DagBag from /home/airflow/.local/lib/python3.7/site-packages/airflow/example_dags/example_sla_dag.py
[2022-10-29T10:03:25.429+0000] {processor.py:768} INFO - DAG(s) dict_keys(['example_sla_dag']) retrieved from /home/airflow/.local/lib/python3.7/site-packages/airflow/example_dags/example_sla_dag.py
[2022-10-29T10:03:25.479+0000] {logging_mixin.py:117} INFO - [2022-10-29T10:03:25.478+0000] {dag.py:2573} INFO - Sync 1 DAGs
[2022-10-29T10:03:25.518+0000] {logging_mixin.py:117} INFO - [2022-10-29T10:03:25.518+0000] {dag.py:3328} INFO - Setting next_dagrun for example_sla_dag to 2022-10-29T10:00:00+00:00, run_after=2022-10-29T10:02:00+00:00
[2022-10-29T10:03:25.546+0000] {processor.py:178} INFO - Processing /home/airflow/.local/lib/python3.7/site-packages/airflow/example_dags/example_sla_dag.py took 0.152 seconds
