[2022-10-29T09:43:13.488+0000] {processor.py:156} INFO - Started process (PID=76) to work on /home/airflow/.local/lib/python3.7/site-packages/airflow/example_dags/example_subdag_operator.py
[2022-10-29T09:43:13.489+0000] {processor.py:758} INFO - Processing file /home/airflow/.local/lib/python3.7/site-packages/airflow/example_dags/example_subdag_operator.py for tasks to queue
[2022-10-29T09:43:13.490+0000] {logging_mixin.py:117} INFO - [2022-10-29T09:43:13.490+0000] {dagbag.py:525} INFO - Filling up the DagBag from /home/airflow/.local/lib/python3.7/site-packages/airflow/example_dags/example_subdag_operator.py
[2022-10-29T09:43:13.528+0000] {processor.py:768} INFO - DAG(s) dict_keys(['example_subdag_operator.section-1', 'example_subdag_operator.section-2', 'example_subdag_operator']) retrieved from /home/airflow/.local/lib/python3.7/site-packages/airflow/example_dags/example_subdag_operator.py
[2022-10-29T09:43:13.548+0000] {logging_mixin.py:117} INFO - [2022-10-29T09:43:13.548+0000] {dag.py:2573} INFO - Sync 3 DAGs
[2022-10-29T09:43:13.578+0000] {logging_mixin.py:117} INFO - [2022-10-29T09:43:13.577+0000] {dag.py:3328} INFO - Setting next_dagrun for example_subdag_operator to 2022-01-01T00:00:00+00:00, run_after=2022-01-01T00:00:00+00:00
[2022-10-29T09:43:13.582+0000] {logging_mixin.py:117} INFO - [2022-10-29T09:43:13.581+0000] {dag.py:3328} INFO - Setting next_dagrun for example_subdag_operator.section-1 to None, run_after=None
[2022-10-29T09:43:13.583+0000] {logging_mixin.py:117} INFO - [2022-10-29T09:43:13.583+0000] {dag.py:3328} INFO - Setting next_dagrun for example_subdag_operator.section-2 to None, run_after=None
[2022-10-29T09:43:13.593+0000] {logging_mixin.py:117} INFO - [2022-10-29T09:43:13.592+0000] {dag.py:2573} INFO - Sync 2 DAGs
[2022-10-29T09:43:13.601+0000] {logging_mixin.py:117} INFO - [2022-10-29T09:43:13.600+0000] {dag.py:3328} INFO - Setting next_dagrun for example_subdag_operator.section-1 to None, run_after=None
[2022-10-29T09:43:13.602+0000] {logging_mixin.py:117} INFO - [2022-10-29T09:43:13.601+0000] {dag.py:3328} INFO - Setting next_dagrun for example_subdag_operator.section-2 to None, run_after=None
[2022-10-29T09:43:13.621+0000] {processor.py:178} INFO - Processing /home/airflow/.local/lib/python3.7/site-packages/airflow/example_dags/example_subdag_operator.py took 0.138 seconds
[2022-10-29T09:43:44.634+0000] {processor.py:156} INFO - Started process (PID=130) to work on /home/airflow/.local/lib/python3.7/site-packages/airflow/example_dags/example_subdag_operator.py
[2022-10-29T09:43:44.635+0000] {processor.py:758} INFO - Processing file /home/airflow/.local/lib/python3.7/site-packages/airflow/example_dags/example_subdag_operator.py for tasks to queue
[2022-10-29T09:43:44.637+0000] {logging_mixin.py:117} INFO - [2022-10-29T09:43:44.637+0000] {dagbag.py:525} INFO - Filling up the DagBag from /home/airflow/.local/lib/python3.7/site-packages/airflow/example_dags/example_subdag_operator.py
[2022-10-29T09:43:44.678+0000] {processor.py:768} INFO - DAG(s) dict_keys(['example_subdag_operator.section-1', 'example_subdag_operator.section-2', 'example_subdag_operator']) retrieved from /home/airflow/.local/lib/python3.7/site-packages/airflow/example_dags/example_subdag_operator.py
[2022-10-29T09:43:44.959+0000] {logging_mixin.py:117} INFO - [2022-10-29T09:43:44.959+0000] {dag.py:2573} INFO - Sync 3 DAGs
[2022-10-29T09:43:44.998+0000] {logging_mixin.py:117} INFO - [2022-10-29T09:43:44.997+0000] {dag.py:3328} INFO - Setting next_dagrun for example_subdag_operator to 2022-01-01T00:00:00+00:00, run_after=2022-01-01T00:00:00+00:00
[2022-10-29T09:43:45.004+0000] {logging_mixin.py:117} INFO - [2022-10-29T09:43:45.004+0000] {dag.py:3328} INFO - Setting next_dagrun for example_subdag_operator.section-1 to None, run_after=None
[2022-10-29T09:43:45.007+0000] {logging_mixin.py:117} INFO - [2022-10-29T09:43:45.007+0000] {dag.py:3328} INFO - Setting next_dagrun for example_subdag_operator.section-2 to None, run_after=None
[2022-10-29T09:43:45.019+0000] {logging_mixin.py:117} INFO - [2022-10-29T09:43:45.019+0000] {dag.py:2573} INFO - Sync 2 DAGs
[2022-10-29T09:43:45.028+0000] {logging_mixin.py:117} INFO - [2022-10-29T09:43:45.028+0000] {dag.py:3328} INFO - Setting next_dagrun for example_subdag_operator.section-1 to None, run_after=None
[2022-10-29T09:43:45.029+0000] {logging_mixin.py:117} INFO - [2022-10-29T09:43:45.029+0000] {dag.py:3328} INFO - Setting next_dagrun for example_subdag_operator.section-2 to None, run_after=None
[2022-10-29T09:43:45.046+0000] {processor.py:178} INFO - Processing /home/airflow/.local/lib/python3.7/site-packages/airflow/example_dags/example_subdag_operator.py took 0.415 seconds
[2022-10-29T09:44:15.204+0000] {processor.py:156} INFO - Started process (PID=194) to work on /home/airflow/.local/lib/python3.7/site-packages/airflow/example_dags/example_subdag_operator.py
[2022-10-29T09:44:15.205+0000] {processor.py:758} INFO - Processing file /home/airflow/.local/lib/python3.7/site-packages/airflow/example_dags/example_subdag_operator.py for tasks to queue
[2022-10-29T09:44:15.207+0000] {logging_mixin.py:117} INFO - [2022-10-29T09:44:15.207+0000] {dagbag.py:525} INFO - Filling up the DagBag from /home/airflow/.local/lib/python3.7/site-packages/airflow/example_dags/example_subdag_operator.py
[2022-10-29T09:44:15.251+0000] {processor.py:768} INFO - DAG(s) dict_keys(['example_subdag_operator.section-1', 'example_subdag_operator.section-2', 'example_subdag_operator']) retrieved from /home/airflow/.local/lib/python3.7/site-packages/airflow/example_dags/example_subdag_operator.py
[2022-10-29T09:44:15.566+0000] {logging_mixin.py:117} INFO - [2022-10-29T09:44:15.566+0000] {dag.py:2573} INFO - Sync 3 DAGs
[2022-10-29T09:44:15.607+0000] {logging_mixin.py:117} INFO - [2022-10-29T09:44:15.607+0000] {dag.py:3328} INFO - Setting next_dagrun for example_subdag_operator to 2022-01-01T00:00:00+00:00, run_after=2022-01-01T00:00:00+00:00
[2022-10-29T09:44:15.613+0000] {logging_mixin.py:117} INFO - [2022-10-29T09:44:15.613+0000] {dag.py:3328} INFO - Setting next_dagrun for example_subdag_operator.section-1 to None, run_after=None
[2022-10-29T09:44:15.616+0000] {logging_mixin.py:117} INFO - [2022-10-29T09:44:15.616+0000] {dag.py:3328} INFO - Setting next_dagrun for example_subdag_operator.section-2 to None, run_after=None
[2022-10-29T09:44:15.629+0000] {logging_mixin.py:117} INFO - [2022-10-29T09:44:15.628+0000] {dag.py:2573} INFO - Sync 2 DAGs
[2022-10-29T09:44:15.639+0000] {logging_mixin.py:117} INFO - [2022-10-29T09:44:15.639+0000] {dag.py:3328} INFO - Setting next_dagrun for example_subdag_operator.section-1 to None, run_after=None
[2022-10-29T09:44:15.640+0000] {logging_mixin.py:117} INFO - [2022-10-29T09:44:15.640+0000] {dag.py:3328} INFO - Setting next_dagrun for example_subdag_operator.section-2 to None, run_after=None
[2022-10-29T09:44:15.662+0000] {processor.py:178} INFO - Processing /home/airflow/.local/lib/python3.7/site-packages/airflow/example_dags/example_subdag_operator.py took 0.462 seconds
[2022-10-29T09:44:46.171+0000] {processor.py:156} INFO - Started process (PID=248) to work on /home/airflow/.local/lib/python3.7/site-packages/airflow/example_dags/example_subdag_operator.py
[2022-10-29T09:44:46.172+0000] {processor.py:758} INFO - Processing file /home/airflow/.local/lib/python3.7/site-packages/airflow/example_dags/example_subdag_operator.py for tasks to queue
[2022-10-29T09:44:46.173+0000] {logging_mixin.py:117} INFO - [2022-10-29T09:44:46.173+0000] {dagbag.py:525} INFO - Filling up the DagBag from /home/airflow/.local/lib/python3.7/site-packages/airflow/example_dags/example_subdag_operator.py
[2022-10-29T09:44:46.217+0000] {processor.py:768} INFO - DAG(s) dict_keys(['example_subdag_operator.section-1', 'example_subdag_operator.section-2', 'example_subdag_operator']) retrieved from /home/airflow/.local/lib/python3.7/site-packages/airflow/example_dags/example_subdag_operator.py
[2022-10-29T09:44:46.539+0000] {logging_mixin.py:117} INFO - [2022-10-29T09:44:46.539+0000] {dag.py:2573} INFO - Sync 3 DAGs
[2022-10-29T09:44:46.582+0000] {logging_mixin.py:117} INFO - [2022-10-29T09:44:46.581+0000] {dag.py:3328} INFO - Setting next_dagrun for example_subdag_operator to 2022-01-01T00:00:00+00:00, run_after=2022-01-01T00:00:00+00:00
[2022-10-29T09:44:46.589+0000] {logging_mixin.py:117} INFO - [2022-10-29T09:44:46.588+0000] {dag.py:3328} INFO - Setting next_dagrun for example_subdag_operator.section-1 to None, run_after=None
[2022-10-29T09:44:46.592+0000] {logging_mixin.py:117} INFO - [2022-10-29T09:44:46.591+0000] {dag.py:3328} INFO - Setting next_dagrun for example_subdag_operator.section-2 to None, run_after=None
[2022-10-29T09:44:46.605+0000] {logging_mixin.py:117} INFO - [2022-10-29T09:44:46.605+0000] {dag.py:2573} INFO - Sync 2 DAGs
[2022-10-29T09:44:46.615+0000] {logging_mixin.py:117} INFO - [2022-10-29T09:44:46.615+0000] {dag.py:3328} INFO - Setting next_dagrun for example_subdag_operator.section-1 to None, run_after=None
[2022-10-29T09:44:46.616+0000] {logging_mixin.py:117} INFO - [2022-10-29T09:44:46.616+0000] {dag.py:3328} INFO - Setting next_dagrun for example_subdag_operator.section-2 to None, run_after=None
[2022-10-29T09:44:46.636+0000] {processor.py:178} INFO - Processing /home/airflow/.local/lib/python3.7/site-packages/airflow/example_dags/example_subdag_operator.py took 0.468 seconds
[2022-10-29T09:45:17.142+0000] {processor.py:156} INFO - Started process (PID=310) to work on /home/airflow/.local/lib/python3.7/site-packages/airflow/example_dags/example_subdag_operator.py
[2022-10-29T09:45:17.143+0000] {processor.py:758} INFO - Processing file /home/airflow/.local/lib/python3.7/site-packages/airflow/example_dags/example_subdag_operator.py for tasks to queue
[2022-10-29T09:45:17.145+0000] {logging_mixin.py:117} INFO - [2022-10-29T09:45:17.145+0000] {dagbag.py:525} INFO - Filling up the DagBag from /home/airflow/.local/lib/python3.7/site-packages/airflow/example_dags/example_subdag_operator.py
[2022-10-29T09:45:17.188+0000] {processor.py:768} INFO - DAG(s) dict_keys(['example_subdag_operator.section-1', 'example_subdag_operator.section-2', 'example_subdag_operator']) retrieved from /home/airflow/.local/lib/python3.7/site-packages/airflow/example_dags/example_subdag_operator.py
[2022-10-29T09:45:17.497+0000] {logging_mixin.py:117} INFO - [2022-10-29T09:45:17.497+0000] {dag.py:2573} INFO - Sync 3 DAGs
[2022-10-29T09:45:17.537+0000] {logging_mixin.py:117} INFO - [2022-10-29T09:45:17.536+0000] {dag.py:3328} INFO - Setting next_dagrun for example_subdag_operator to 2022-01-01T00:00:00+00:00, run_after=2022-01-01T00:00:00+00:00
[2022-10-29T09:45:17.545+0000] {logging_mixin.py:117} INFO - [2022-10-29T09:45:17.545+0000] {dag.py:3328} INFO - Setting next_dagrun for example_subdag_operator.section-1 to None, run_after=None
[2022-10-29T09:45:17.548+0000] {logging_mixin.py:117} INFO - [2022-10-29T09:45:17.548+0000] {dag.py:3328} INFO - Setting next_dagrun for example_subdag_operator.section-2 to None, run_after=None
[2022-10-29T09:45:17.561+0000] {logging_mixin.py:117} INFO - [2022-10-29T09:45:17.561+0000] {dag.py:2573} INFO - Sync 2 DAGs
[2022-10-29T09:45:17.571+0000] {logging_mixin.py:117} INFO - [2022-10-29T09:45:17.570+0000] {dag.py:3328} INFO - Setting next_dagrun for example_subdag_operator.section-1 to None, run_after=None
[2022-10-29T09:45:17.572+0000] {logging_mixin.py:117} INFO - [2022-10-29T09:45:17.571+0000] {dag.py:3328} INFO - Setting next_dagrun for example_subdag_operator.section-2 to None, run_after=None
[2022-10-29T09:45:17.592+0000] {processor.py:178} INFO - Processing /home/airflow/.local/lib/python3.7/site-packages/airflow/example_dags/example_subdag_operator.py took 0.453 seconds
[2022-10-29T09:45:47.900+0000] {processor.py:156} INFO - Started process (PID=375) to work on /home/airflow/.local/lib/python3.7/site-packages/airflow/example_dags/example_subdag_operator.py
[2022-10-29T09:45:47.902+0000] {processor.py:758} INFO - Processing file /home/airflow/.local/lib/python3.7/site-packages/airflow/example_dags/example_subdag_operator.py for tasks to queue
[2022-10-29T09:45:47.903+0000] {logging_mixin.py:117} INFO - [2022-10-29T09:45:47.903+0000] {dagbag.py:525} INFO - Filling up the DagBag from /home/airflow/.local/lib/python3.7/site-packages/airflow/example_dags/example_subdag_operator.py
[2022-10-29T09:45:47.953+0000] {processor.py:768} INFO - DAG(s) dict_keys(['example_subdag_operator.section-1', 'example_subdag_operator.section-2', 'example_subdag_operator']) retrieved from /home/airflow/.local/lib/python3.7/site-packages/airflow/example_dags/example_subdag_operator.py
[2022-10-29T09:45:48.263+0000] {logging_mixin.py:117} INFO - [2022-10-29T09:45:48.262+0000] {dag.py:2573} INFO - Sync 3 DAGs
[2022-10-29T09:45:48.308+0000] {logging_mixin.py:117} INFO - [2022-10-29T09:45:48.308+0000] {dag.py:3328} INFO - Setting next_dagrun for example_subdag_operator to 2022-01-01T00:00:00+00:00, run_after=2022-01-01T00:00:00+00:00
[2022-10-29T09:45:48.316+0000] {logging_mixin.py:117} INFO - [2022-10-29T09:45:48.315+0000] {dag.py:3328} INFO - Setting next_dagrun for example_subdag_operator.section-1 to None, run_after=None
[2022-10-29T09:45:48.319+0000] {logging_mixin.py:117} INFO - [2022-10-29T09:45:48.319+0000] {dag.py:3328} INFO - Setting next_dagrun for example_subdag_operator.section-2 to None, run_after=None
[2022-10-29T09:45:48.334+0000] {logging_mixin.py:117} INFO - [2022-10-29T09:45:48.334+0000] {dag.py:2573} INFO - Sync 2 DAGs
[2022-10-29T09:45:48.344+0000] {logging_mixin.py:117} INFO - [2022-10-29T09:45:48.344+0000] {dag.py:3328} INFO - Setting next_dagrun for example_subdag_operator.section-1 to None, run_after=None
[2022-10-29T09:45:48.345+0000] {logging_mixin.py:117} INFO - [2022-10-29T09:45:48.345+0000] {dag.py:3328} INFO - Setting next_dagrun for example_subdag_operator.section-2 to None, run_after=None
[2022-10-29T09:45:48.363+0000] {processor.py:178} INFO - Processing /home/airflow/.local/lib/python3.7/site-packages/airflow/example_dags/example_subdag_operator.py took 0.468 seconds
[2022-10-29T09:46:18.532+0000] {processor.py:156} INFO - Started process (PID=430) to work on /home/airflow/.local/lib/python3.7/site-packages/airflow/example_dags/example_subdag_operator.py
[2022-10-29T09:46:18.533+0000] {processor.py:758} INFO - Processing file /home/airflow/.local/lib/python3.7/site-packages/airflow/example_dags/example_subdag_operator.py for tasks to queue
[2022-10-29T09:46:18.535+0000] {logging_mixin.py:117} INFO - [2022-10-29T09:46:18.535+0000] {dagbag.py:525} INFO - Filling up the DagBag from /home/airflow/.local/lib/python3.7/site-packages/airflow/example_dags/example_subdag_operator.py
[2022-10-29T09:46:18.578+0000] {processor.py:768} INFO - DAG(s) dict_keys(['example_subdag_operator.section-1', 'example_subdag_operator.section-2', 'example_subdag_operator']) retrieved from /home/airflow/.local/lib/python3.7/site-packages/airflow/example_dags/example_subdag_operator.py
[2022-10-29T09:46:18.889+0000] {logging_mixin.py:117} INFO - [2022-10-29T09:46:18.888+0000] {dag.py:2573} INFO - Sync 3 DAGs
[2022-10-29T09:46:18.928+0000] {logging_mixin.py:117} INFO - [2022-10-29T09:46:18.927+0000] {dag.py:3328} INFO - Setting next_dagrun for example_subdag_operator to 2022-01-01T00:00:00+00:00, run_after=2022-01-01T00:00:00+00:00
[2022-10-29T09:46:18.934+0000] {logging_mixin.py:117} INFO - [2022-10-29T09:46:18.934+0000] {dag.py:3328} INFO - Setting next_dagrun for example_subdag_operator.section-1 to None, run_after=None
[2022-10-29T09:46:18.936+0000] {logging_mixin.py:117} INFO - [2022-10-29T09:46:18.936+0000] {dag.py:3328} INFO - Setting next_dagrun for example_subdag_operator.section-2 to None, run_after=None
[2022-10-29T09:46:18.950+0000] {logging_mixin.py:117} INFO - [2022-10-29T09:46:18.950+0000] {dag.py:2573} INFO - Sync 2 DAGs
[2022-10-29T09:46:18.961+0000] {logging_mixin.py:117} INFO - [2022-10-29T09:46:18.961+0000] {dag.py:3328} INFO - Setting next_dagrun for example_subdag_operator.section-1 to None, run_after=None
[2022-10-29T09:46:18.962+0000] {logging_mixin.py:117} INFO - [2022-10-29T09:46:18.962+0000] {dag.py:3328} INFO - Setting next_dagrun for example_subdag_operator.section-2 to None, run_after=None
[2022-10-29T09:46:18.983+0000] {processor.py:178} INFO - Processing /home/airflow/.local/lib/python3.7/site-packages/airflow/example_dags/example_subdag_operator.py took 0.455 seconds
[2022-10-29T09:53:32.030+0000] {processor.py:156} INFO - Started process (PID=309) to work on /home/airflow/.local/lib/python3.7/site-packages/airflow/example_dags/example_subdag_operator.py
[2022-10-29T09:53:32.032+0000] {processor.py:758} INFO - Processing file /home/airflow/.local/lib/python3.7/site-packages/airflow/example_dags/example_subdag_operator.py for tasks to queue
[2022-10-29T09:53:32.033+0000] {logging_mixin.py:117} INFO - [2022-10-29T09:53:32.033+0000] {dagbag.py:525} INFO - Filling up the DagBag from /home/airflow/.local/lib/python3.7/site-packages/airflow/example_dags/example_subdag_operator.py
[2022-10-29T09:53:32.076+0000] {processor.py:768} INFO - DAG(s) dict_keys(['example_subdag_operator.section-1', 'example_subdag_operator.section-2', 'example_subdag_operator']) retrieved from /home/airflow/.local/lib/python3.7/site-packages/airflow/example_dags/example_subdag_operator.py
[2022-10-29T09:53:32.675+0000] {logging_mixin.py:117} INFO - [2022-10-29T09:53:32.675+0000] {dag.py:2573} INFO - Sync 3 DAGs
[2022-10-29T09:53:32.748+0000] {logging_mixin.py:117} INFO - [2022-10-29T09:53:32.748+0000] {dag.py:3328} INFO - Setting next_dagrun for example_subdag_operator to 2022-01-01T00:00:00+00:00, run_after=2022-01-01T00:00:00+00:00
[2022-10-29T09:53:32.764+0000] {logging_mixin.py:117} INFO - [2022-10-29T09:53:32.761+0000] {dag.py:3328} INFO - Setting next_dagrun for example_subdag_operator.section-1 to None, run_after=None
[2022-10-29T09:53:32.768+0000] {logging_mixin.py:117} INFO - [2022-10-29T09:53:32.768+0000] {dag.py:3328} INFO - Setting next_dagrun for example_subdag_operator.section-2 to None, run_after=None
[2022-10-29T09:53:32.801+0000] {logging_mixin.py:117} INFO - [2022-10-29T09:53:32.801+0000] {dag.py:2573} INFO - Sync 2 DAGs
[2022-10-29T09:53:32.835+0000] {logging_mixin.py:117} INFO - [2022-10-29T09:53:32.834+0000] {dag.py:3328} INFO - Setting next_dagrun for example_subdag_operator.section-1 to None, run_after=None
[2022-10-29T09:53:32.837+0000] {logging_mixin.py:117} INFO - [2022-10-29T09:53:32.837+0000] {dag.py:3328} INFO - Setting next_dagrun for example_subdag_operator.section-2 to None, run_after=None
[2022-10-29T09:53:32.876+0000] {processor.py:178} INFO - Processing /home/airflow/.local/lib/python3.7/site-packages/airflow/example_dags/example_subdag_operator.py took 0.848 seconds
[2022-10-29T09:54:03.067+0000] {processor.py:156} INFO - Started process (PID=364) to work on /home/airflow/.local/lib/python3.7/site-packages/airflow/example_dags/example_subdag_operator.py
[2022-10-29T09:54:03.069+0000] {processor.py:758} INFO - Processing file /home/airflow/.local/lib/python3.7/site-packages/airflow/example_dags/example_subdag_operator.py for tasks to queue
[2022-10-29T09:54:03.070+0000] {logging_mixin.py:117} INFO - [2022-10-29T09:54:03.070+0000] {dagbag.py:525} INFO - Filling up the DagBag from /home/airflow/.local/lib/python3.7/site-packages/airflow/example_dags/example_subdag_operator.py
[2022-10-29T09:54:03.115+0000] {processor.py:768} INFO - DAG(s) dict_keys(['example_subdag_operator.section-1', 'example_subdag_operator.section-2', 'example_subdag_operator']) retrieved from /home/airflow/.local/lib/python3.7/site-packages/airflow/example_dags/example_subdag_operator.py
[2022-10-29T09:54:03.541+0000] {logging_mixin.py:117} INFO - [2022-10-29T09:54:03.540+0000] {dag.py:2573} INFO - Sync 3 DAGs
[2022-10-29T09:54:03.586+0000] {logging_mixin.py:117} INFO - [2022-10-29T09:54:03.586+0000] {dag.py:3328} INFO - Setting next_dagrun for example_subdag_operator to 2022-01-01T00:00:00+00:00, run_after=2022-01-01T00:00:00+00:00
[2022-10-29T09:54:03.591+0000] {logging_mixin.py:117} INFO - [2022-10-29T09:54:03.591+0000] {dag.py:3328} INFO - Setting next_dagrun for example_subdag_operator.section-1 to None, run_after=None
[2022-10-29T09:54:03.594+0000] {logging_mixin.py:117} INFO - [2022-10-29T09:54:03.594+0000] {dag.py:3328} INFO - Setting next_dagrun for example_subdag_operator.section-2 to None, run_after=None
[2022-10-29T09:54:03.605+0000] {logging_mixin.py:117} INFO - [2022-10-29T09:54:03.604+0000] {dag.py:2573} INFO - Sync 2 DAGs
[2022-10-29T09:54:03.615+0000] {logging_mixin.py:117} INFO - [2022-10-29T09:54:03.615+0000] {dag.py:3328} INFO - Setting next_dagrun for example_subdag_operator.section-1 to None, run_after=None
[2022-10-29T09:54:03.616+0000] {logging_mixin.py:117} INFO - [2022-10-29T09:54:03.616+0000] {dag.py:3328} INFO - Setting next_dagrun for example_subdag_operator.section-2 to None, run_after=None
[2022-10-29T09:54:03.637+0000] {processor.py:178} INFO - Processing /home/airflow/.local/lib/python3.7/site-packages/airflow/example_dags/example_subdag_operator.py took 0.573 seconds
[2022-10-29T09:54:34.491+0000] {processor.py:156} INFO - Started process (PID=428) to work on /home/airflow/.local/lib/python3.7/site-packages/airflow/example_dags/example_subdag_operator.py
[2022-10-29T09:54:34.492+0000] {processor.py:758} INFO - Processing file /home/airflow/.local/lib/python3.7/site-packages/airflow/example_dags/example_subdag_operator.py for tasks to queue
[2022-10-29T09:54:34.494+0000] {logging_mixin.py:117} INFO - [2022-10-29T09:54:34.494+0000] {dagbag.py:525} INFO - Filling up the DagBag from /home/airflow/.local/lib/python3.7/site-packages/airflow/example_dags/example_subdag_operator.py
[2022-10-29T09:54:34.702+0000] {processor.py:768} INFO - DAG(s) dict_keys(['example_subdag_operator.section-1', 'example_subdag_operator.section-2', 'example_subdag_operator']) retrieved from /home/airflow/.local/lib/python3.7/site-packages/airflow/example_dags/example_subdag_operator.py
[2022-10-29T09:54:34.994+0000] {logging_mixin.py:117} INFO - [2022-10-29T09:54:34.994+0000] {dag.py:2573} INFO - Sync 3 DAGs
[2022-10-29T09:54:35.024+0000] {logging_mixin.py:117} INFO - [2022-10-29T09:54:35.024+0000] {dag.py:3328} INFO - Setting next_dagrun for example_subdag_operator to 2022-01-01T00:00:00+00:00, run_after=2022-01-01T00:00:00+00:00
[2022-10-29T09:54:35.031+0000] {logging_mixin.py:117} INFO - [2022-10-29T09:54:35.030+0000] {dag.py:3328} INFO - Setting next_dagrun for example_subdag_operator.section-1 to None, run_after=None
[2022-10-29T09:54:35.034+0000] {logging_mixin.py:117} INFO - [2022-10-29T09:54:35.033+0000] {dag.py:3328} INFO - Setting next_dagrun for example_subdag_operator.section-2 to None, run_after=None
[2022-10-29T09:54:35.045+0000] {logging_mixin.py:117} INFO - [2022-10-29T09:54:35.044+0000] {dag.py:2573} INFO - Sync 2 DAGs
[2022-10-29T09:54:35.053+0000] {logging_mixin.py:117} INFO - [2022-10-29T09:54:35.053+0000] {dag.py:3328} INFO - Setting next_dagrun for example_subdag_operator.section-1 to None, run_after=None
[2022-10-29T09:54:35.054+0000] {logging_mixin.py:117} INFO - [2022-10-29T09:54:35.054+0000] {dag.py:3328} INFO - Setting next_dagrun for example_subdag_operator.section-2 to None, run_after=None
[2022-10-29T09:54:35.073+0000] {processor.py:178} INFO - Processing /home/airflow/.local/lib/python3.7/site-packages/airflow/example_dags/example_subdag_operator.py took 0.586 seconds
[2022-10-29T09:55:05.266+0000] {processor.py:156} INFO - Started process (PID=492) to work on /home/airflow/.local/lib/python3.7/site-packages/airflow/example_dags/example_subdag_operator.py
[2022-10-29T09:55:05.268+0000] {processor.py:758} INFO - Processing file /home/airflow/.local/lib/python3.7/site-packages/airflow/example_dags/example_subdag_operator.py for tasks to queue
[2022-10-29T09:55:05.269+0000] {logging_mixin.py:117} INFO - [2022-10-29T09:55:05.269+0000] {dagbag.py:525} INFO - Filling up the DagBag from /home/airflow/.local/lib/python3.7/site-packages/airflow/example_dags/example_subdag_operator.py
[2022-10-29T09:55:05.310+0000] {processor.py:768} INFO - DAG(s) dict_keys(['example_subdag_operator.section-1', 'example_subdag_operator.section-2', 'example_subdag_operator']) retrieved from /home/airflow/.local/lib/python3.7/site-packages/airflow/example_dags/example_subdag_operator.py
[2022-10-29T09:55:05.655+0000] {logging_mixin.py:117} INFO - [2022-10-29T09:55:05.655+0000] {dag.py:2573} INFO - Sync 3 DAGs
[2022-10-29T09:55:05.697+0000] {logging_mixin.py:117} INFO - [2022-10-29T09:55:05.697+0000] {dag.py:3328} INFO - Setting next_dagrun for example_subdag_operator to 2022-01-01T00:00:00+00:00, run_after=2022-01-01T00:00:00+00:00
[2022-10-29T09:55:05.704+0000] {logging_mixin.py:117} INFO - [2022-10-29T09:55:05.704+0000] {dag.py:3328} INFO - Setting next_dagrun for example_subdag_operator.section-1 to None, run_after=None
[2022-10-29T09:55:05.707+0000] {logging_mixin.py:117} INFO - [2022-10-29T09:55:05.707+0000] {dag.py:3328} INFO - Setting next_dagrun for example_subdag_operator.section-2 to None, run_after=None
[2022-10-29T09:55:05.720+0000] {logging_mixin.py:117} INFO - [2022-10-29T09:55:05.720+0000] {dag.py:2573} INFO - Sync 2 DAGs
[2022-10-29T09:55:05.729+0000] {logging_mixin.py:117} INFO - [2022-10-29T09:55:05.729+0000] {dag.py:3328} INFO - Setting next_dagrun for example_subdag_operator.section-1 to None, run_after=None
[2022-10-29T09:55:05.730+0000] {logging_mixin.py:117} INFO - [2022-10-29T09:55:05.730+0000] {dag.py:3328} INFO - Setting next_dagrun for example_subdag_operator.section-2 to None, run_after=None
[2022-10-29T09:55:05.749+0000] {processor.py:178} INFO - Processing /home/airflow/.local/lib/python3.7/site-packages/airflow/example_dags/example_subdag_operator.py took 0.486 seconds
[2022-10-29T09:55:35.791+0000] {processor.py:156} INFO - Started process (PID=547) to work on /home/airflow/.local/lib/python3.7/site-packages/airflow/example_dags/example_subdag_operator.py
[2022-10-29T09:55:35.792+0000] {processor.py:758} INFO - Processing file /home/airflow/.local/lib/python3.7/site-packages/airflow/example_dags/example_subdag_operator.py for tasks to queue
[2022-10-29T09:55:35.793+0000] {logging_mixin.py:117} INFO - [2022-10-29T09:55:35.793+0000] {dagbag.py:525} INFO - Filling up the DagBag from /home/airflow/.local/lib/python3.7/site-packages/airflow/example_dags/example_subdag_operator.py
[2022-10-29T09:55:35.833+0000] {processor.py:768} INFO - DAG(s) dict_keys(['example_subdag_operator.section-1', 'example_subdag_operator.section-2', 'example_subdag_operator']) retrieved from /home/airflow/.local/lib/python3.7/site-packages/airflow/example_dags/example_subdag_operator.py
[2022-10-29T09:55:35.858+0000] {logging_mixin.py:117} INFO - [2022-10-29T09:55:35.858+0000] {dag.py:2573} INFO - Sync 3 DAGs
[2022-10-29T09:55:35.897+0000] {logging_mixin.py:117} INFO - [2022-10-29T09:55:35.897+0000] {dag.py:3328} INFO - Setting next_dagrun for example_subdag_operator to 2022-01-01T00:00:00+00:00, run_after=2022-01-01T00:00:00+00:00
[2022-10-29T09:55:35.902+0000] {logging_mixin.py:117} INFO - [2022-10-29T09:55:35.902+0000] {dag.py:3328} INFO - Setting next_dagrun for example_subdag_operator.section-1 to None, run_after=None
[2022-10-29T09:55:35.905+0000] {logging_mixin.py:117} INFO - [2022-10-29T09:55:35.904+0000] {dag.py:3328} INFO - Setting next_dagrun for example_subdag_operator.section-2 to None, run_after=None
[2022-10-29T09:55:35.916+0000] {logging_mixin.py:117} INFO - [2022-10-29T09:55:35.916+0000] {dag.py:2573} INFO - Sync 2 DAGs
[2022-10-29T09:55:35.925+0000] {logging_mixin.py:117} INFO - [2022-10-29T09:55:35.925+0000] {dag.py:3328} INFO - Setting next_dagrun for example_subdag_operator.section-1 to None, run_after=None
[2022-10-29T09:55:35.926+0000] {logging_mixin.py:117} INFO - [2022-10-29T09:55:35.926+0000] {dag.py:3328} INFO - Setting next_dagrun for example_subdag_operator.section-2 to None, run_after=None
[2022-10-29T09:55:35.947+0000] {processor.py:178} INFO - Processing /home/airflow/.local/lib/python3.7/site-packages/airflow/example_dags/example_subdag_operator.py took 0.160 seconds
[2022-10-29T09:56:06.031+0000] {processor.py:156} INFO - Started process (PID=609) to work on /home/airflow/.local/lib/python3.7/site-packages/airflow/example_dags/example_subdag_operator.py
[2022-10-29T09:56:06.032+0000] {processor.py:758} INFO - Processing file /home/airflow/.local/lib/python3.7/site-packages/airflow/example_dags/example_subdag_operator.py for tasks to queue
[2022-10-29T09:56:06.033+0000] {logging_mixin.py:117} INFO - [2022-10-29T09:56:06.033+0000] {dagbag.py:525} INFO - Filling up the DagBag from /home/airflow/.local/lib/python3.7/site-packages/airflow/example_dags/example_subdag_operator.py
[2022-10-29T09:56:06.082+0000] {processor.py:768} INFO - DAG(s) dict_keys(['example_subdag_operator.section-1', 'example_subdag_operator.section-2', 'example_subdag_operator']) retrieved from /home/airflow/.local/lib/python3.7/site-packages/airflow/example_dags/example_subdag_operator.py
[2022-10-29T09:56:06.377+0000] {logging_mixin.py:117} INFO - [2022-10-29T09:56:06.377+0000] {dag.py:2573} INFO - Sync 3 DAGs
[2022-10-29T09:56:06.418+0000] {logging_mixin.py:117} INFO - [2022-10-29T09:56:06.418+0000] {dag.py:3328} INFO - Setting next_dagrun for example_subdag_operator to 2022-01-01T00:00:00+00:00, run_after=2022-01-01T00:00:00+00:00
[2022-10-29T09:56:06.424+0000] {logging_mixin.py:117} INFO - [2022-10-29T09:56:06.424+0000] {dag.py:3328} INFO - Setting next_dagrun for example_subdag_operator.section-1 to None, run_after=None
[2022-10-29T09:56:06.427+0000] {logging_mixin.py:117} INFO - [2022-10-29T09:56:06.427+0000] {dag.py:3328} INFO - Setting next_dagrun for example_subdag_operator.section-2 to None, run_after=None
[2022-10-29T09:56:06.437+0000] {logging_mixin.py:117} INFO - [2022-10-29T09:56:06.437+0000] {dag.py:2573} INFO - Sync 2 DAGs
[2022-10-29T09:56:06.446+0000] {logging_mixin.py:117} INFO - [2022-10-29T09:56:06.446+0000] {dag.py:3328} INFO - Setting next_dagrun for example_subdag_operator.section-1 to None, run_after=None
[2022-10-29T09:56:06.447+0000] {logging_mixin.py:117} INFO - [2022-10-29T09:56:06.447+0000] {dag.py:3328} INFO - Setting next_dagrun for example_subdag_operator.section-2 to None, run_after=None
[2022-10-29T09:56:06.464+0000] {processor.py:178} INFO - Processing /home/airflow/.local/lib/python3.7/site-packages/airflow/example_dags/example_subdag_operator.py took 0.438 seconds
[2022-10-29T09:56:36.505+0000] {processor.py:156} INFO - Started process (PID=664) to work on /home/airflow/.local/lib/python3.7/site-packages/airflow/example_dags/example_subdag_operator.py
[2022-10-29T09:56:36.506+0000] {processor.py:758} INFO - Processing file /home/airflow/.local/lib/python3.7/site-packages/airflow/example_dags/example_subdag_operator.py for tasks to queue
[2022-10-29T09:56:36.508+0000] {logging_mixin.py:117} INFO - [2022-10-29T09:56:36.507+0000] {dagbag.py:525} INFO - Filling up the DagBag from /home/airflow/.local/lib/python3.7/site-packages/airflow/example_dags/example_subdag_operator.py
[2022-10-29T09:56:36.554+0000] {processor.py:768} INFO - DAG(s) dict_keys(['example_subdag_operator.section-1', 'example_subdag_operator.section-2', 'example_subdag_operator']) retrieved from /home/airflow/.local/lib/python3.7/site-packages/airflow/example_dags/example_subdag_operator.py
[2022-10-29T09:56:36.870+0000] {logging_mixin.py:117} INFO - [2022-10-29T09:56:36.870+0000] {dag.py:2573} INFO - Sync 3 DAGs
[2022-10-29T09:56:36.903+0000] {logging_mixin.py:117} INFO - [2022-10-29T09:56:36.903+0000] {dag.py:3328} INFO - Setting next_dagrun for example_subdag_operator to 2022-01-01T00:00:00+00:00, run_after=2022-01-01T00:00:00+00:00
[2022-10-29T09:56:36.909+0000] {logging_mixin.py:117} INFO - [2022-10-29T09:56:36.909+0000] {dag.py:3328} INFO - Setting next_dagrun for example_subdag_operator.section-1 to None, run_after=None
[2022-10-29T09:56:36.911+0000] {logging_mixin.py:117} INFO - [2022-10-29T09:56:36.911+0000] {dag.py:3328} INFO - Setting next_dagrun for example_subdag_operator.section-2 to None, run_after=None
[2022-10-29T09:56:36.921+0000] {logging_mixin.py:117} INFO - [2022-10-29T09:56:36.921+0000] {dag.py:2573} INFO - Sync 2 DAGs
[2022-10-29T09:56:36.930+0000] {logging_mixin.py:117} INFO - [2022-10-29T09:56:36.929+0000] {dag.py:3328} INFO - Setting next_dagrun for example_subdag_operator.section-1 to None, run_after=None
[2022-10-29T09:56:36.931+0000] {logging_mixin.py:117} INFO - [2022-10-29T09:56:36.931+0000] {dag.py:3328} INFO - Setting next_dagrun for example_subdag_operator.section-2 to None, run_after=None
[2022-10-29T09:56:36.949+0000] {processor.py:178} INFO - Processing /home/airflow/.local/lib/python3.7/site-packages/airflow/example_dags/example_subdag_operator.py took 0.447 seconds
[2022-10-29T09:57:07.101+0000] {processor.py:156} INFO - Started process (PID=728) to work on /home/airflow/.local/lib/python3.7/site-packages/airflow/example_dags/example_subdag_operator.py
[2022-10-29T09:57:07.102+0000] {processor.py:758} INFO - Processing file /home/airflow/.local/lib/python3.7/site-packages/airflow/example_dags/example_subdag_operator.py for tasks to queue
[2022-10-29T09:57:07.104+0000] {logging_mixin.py:117} INFO - [2022-10-29T09:57:07.104+0000] {dagbag.py:525} INFO - Filling up the DagBag from /home/airflow/.local/lib/python3.7/site-packages/airflow/example_dags/example_subdag_operator.py
[2022-10-29T09:57:07.208+0000] {processor.py:768} INFO - DAG(s) dict_keys(['example_subdag_operator.section-1', 'example_subdag_operator.section-2', 'example_subdag_operator']) retrieved from /home/airflow/.local/lib/python3.7/site-packages/airflow/example_dags/example_subdag_operator.py
[2022-10-29T09:57:07.512+0000] {logging_mixin.py:117} INFO - [2022-10-29T09:57:07.511+0000] {dag.py:2573} INFO - Sync 3 DAGs
[2022-10-29T09:57:07.547+0000] {logging_mixin.py:117} INFO - [2022-10-29T09:57:07.546+0000] {dag.py:3328} INFO - Setting next_dagrun for example_subdag_operator to 2022-01-01T00:00:00+00:00, run_after=2022-01-01T00:00:00+00:00
[2022-10-29T09:57:07.552+0000] {logging_mixin.py:117} INFO - [2022-10-29T09:57:07.552+0000] {dag.py:3328} INFO - Setting next_dagrun for example_subdag_operator.section-1 to None, run_after=None
[2022-10-29T09:57:07.554+0000] {logging_mixin.py:117} INFO - [2022-10-29T09:57:07.554+0000] {dag.py:3328} INFO - Setting next_dagrun for example_subdag_operator.section-2 to None, run_after=None
[2022-10-29T09:57:07.565+0000] {logging_mixin.py:117} INFO - [2022-10-29T09:57:07.564+0000] {dag.py:2573} INFO - Sync 2 DAGs
[2022-10-29T09:57:07.574+0000] {logging_mixin.py:117} INFO - [2022-10-29T09:57:07.574+0000] {dag.py:3328} INFO - Setting next_dagrun for example_subdag_operator.section-1 to None, run_after=None
[2022-10-29T09:57:07.575+0000] {logging_mixin.py:117} INFO - [2022-10-29T09:57:07.575+0000] {dag.py:3328} INFO - Setting next_dagrun for example_subdag_operator.section-2 to None, run_after=None
[2022-10-29T09:57:07.597+0000] {processor.py:178} INFO - Processing /home/airflow/.local/lib/python3.7/site-packages/airflow/example_dags/example_subdag_operator.py took 0.500 seconds
[2022-10-29T10:02:55.922+0000] {processor.py:156} INFO - Started process (PID=77) to work on /home/airflow/.local/lib/python3.7/site-packages/airflow/example_dags/example_subdag_operator.py
[2022-10-29T10:02:55.923+0000] {processor.py:758} INFO - Processing file /home/airflow/.local/lib/python3.7/site-packages/airflow/example_dags/example_subdag_operator.py for tasks to queue
[2022-10-29T10:02:55.924+0000] {logging_mixin.py:117} INFO - [2022-10-29T10:02:55.924+0000] {dagbag.py:525} INFO - Filling up the DagBag from /home/airflow/.local/lib/python3.7/site-packages/airflow/example_dags/example_subdag_operator.py
[2022-10-29T10:02:56.035+0000] {processor.py:768} INFO - DAG(s) dict_keys(['example_subdag_operator.section-1', 'example_subdag_operator.section-2', 'example_subdag_operator']) retrieved from /home/airflow/.local/lib/python3.7/site-packages/airflow/example_dags/example_subdag_operator.py
[2022-10-29T10:02:56.402+0000] {logging_mixin.py:117} INFO - [2022-10-29T10:02:56.402+0000] {dag.py:2573} INFO - Sync 3 DAGs
[2022-10-29T10:02:56.446+0000] {logging_mixin.py:117} INFO - [2022-10-29T10:02:56.445+0000] {dag.py:3328} INFO - Setting next_dagrun for example_subdag_operator to 2022-01-01T00:00:00+00:00, run_after=2022-01-01T00:00:00+00:00
[2022-10-29T10:02:56.453+0000] {logging_mixin.py:117} INFO - [2022-10-29T10:02:56.453+0000] {dag.py:3328} INFO - Setting next_dagrun for example_subdag_operator.section-1 to None, run_after=None
[2022-10-29T10:02:56.457+0000] {logging_mixin.py:117} INFO - [2022-10-29T10:02:56.457+0000] {dag.py:3328} INFO - Setting next_dagrun for example_subdag_operator.section-2 to None, run_after=None
[2022-10-29T10:02:56.481+0000] {logging_mixin.py:117} INFO - [2022-10-29T10:02:56.480+0000] {dag.py:2573} INFO - Sync 2 DAGs
[2022-10-29T10:02:56.495+0000] {logging_mixin.py:117} INFO - [2022-10-29T10:02:56.494+0000] {dag.py:3328} INFO - Setting next_dagrun for example_subdag_operator.section-1 to None, run_after=None
[2022-10-29T10:02:56.497+0000] {logging_mixin.py:117} INFO - [2022-10-29T10:02:56.496+0000] {dag.py:3328} INFO - Setting next_dagrun for example_subdag_operator.section-2 to None, run_after=None
[2022-10-29T10:02:56.521+0000] {processor.py:178} INFO - Processing /home/airflow/.local/lib/python3.7/site-packages/airflow/example_dags/example_subdag_operator.py took 0.601 seconds
[2022-10-29T10:03:26.575+0000] {processor.py:156} INFO - Started process (PID=141) to work on /home/airflow/.local/lib/python3.7/site-packages/airflow/example_dags/example_subdag_operator.py
[2022-10-29T10:03:26.577+0000] {processor.py:758} INFO - Processing file /home/airflow/.local/lib/python3.7/site-packages/airflow/example_dags/example_subdag_operator.py for tasks to queue
[2022-10-29T10:03:26.578+0000] {logging_mixin.py:117} INFO - [2022-10-29T10:03:26.578+0000] {dagbag.py:525} INFO - Filling up the DagBag from /home/airflow/.local/lib/python3.7/site-packages/airflow/example_dags/example_subdag_operator.py
[2022-10-29T10:03:26.624+0000] {processor.py:768} INFO - DAG(s) dict_keys(['example_subdag_operator.section-1', 'example_subdag_operator.section-2', 'example_subdag_operator']) retrieved from /home/airflow/.local/lib/python3.7/site-packages/airflow/example_dags/example_subdag_operator.py
[2022-10-29T10:03:26.958+0000] {logging_mixin.py:117} INFO - [2022-10-29T10:03:26.958+0000] {dag.py:2573} INFO - Sync 3 DAGs
[2022-10-29T10:03:26.996+0000] {logging_mixin.py:117} INFO - [2022-10-29T10:03:26.995+0000] {dag.py:3328} INFO - Setting next_dagrun for example_subdag_operator to 2022-01-01T00:00:00+00:00, run_after=2022-01-01T00:00:00+00:00
[2022-10-29T10:03:27.003+0000] {logging_mixin.py:117} INFO - [2022-10-29T10:03:27.002+0000] {dag.py:3328} INFO - Setting next_dagrun for example_subdag_operator.section-1 to None, run_after=None
[2022-10-29T10:03:27.005+0000] {logging_mixin.py:117} INFO - [2022-10-29T10:03:27.005+0000] {dag.py:3328} INFO - Setting next_dagrun for example_subdag_operator.section-2 to None, run_after=None
[2022-10-29T10:03:27.017+0000] {logging_mixin.py:117} INFO - [2022-10-29T10:03:27.017+0000] {dag.py:2573} INFO - Sync 2 DAGs
[2022-10-29T10:03:27.028+0000] {logging_mixin.py:117} INFO - [2022-10-29T10:03:27.028+0000] {dag.py:3328} INFO - Setting next_dagrun for example_subdag_operator.section-1 to None, run_after=None
[2022-10-29T10:03:27.029+0000] {logging_mixin.py:117} INFO - [2022-10-29T10:03:27.029+0000] {dag.py:3328} INFO - Setting next_dagrun for example_subdag_operator.section-2 to None, run_after=None
[2022-10-29T10:03:27.047+0000] {processor.py:178} INFO - Processing /home/airflow/.local/lib/python3.7/site-packages/airflow/example_dags/example_subdag_operator.py took 0.475 seconds
