[2022-10-29T09:43:11.407+0000] {processor.py:156} INFO - Started process (PID=54) to work on /home/airflow/.local/lib/python3.7/site-packages/airflow/example_dags/example_external_task_marker_dag.py
[2022-10-29T09:43:11.409+0000] {processor.py:758} INFO - Processing file /home/airflow/.local/lib/python3.7/site-packages/airflow/example_dags/example_external_task_marker_dag.py for tasks to queue
[2022-10-29T09:43:11.410+0000] {logging_mixin.py:117} INFO - [2022-10-29T09:43:11.410+0000] {dagbag.py:525} INFO - Filling up the DagBag from /home/airflow/.local/lib/python3.7/site-packages/airflow/example_dags/example_external_task_marker_dag.py
[2022-10-29T09:43:11.445+0000] {processor.py:768} INFO - DAG(s) dict_keys(['example_external_task_marker_parent', 'example_external_task_marker_child']) retrieved from /home/airflow/.local/lib/python3.7/site-packages/airflow/example_dags/example_external_task_marker_dag.py
[2022-10-29T09:43:11.479+0000] {logging_mixin.py:117} INFO - [2022-10-29T09:43:11.479+0000] {dag.py:2573} INFO - Sync 2 DAGs
[2022-10-29T09:43:11.522+0000] {logging_mixin.py:117} INFO - [2022-10-29T09:43:11.522+0000] {dag.py:3328} INFO - Setting next_dagrun for example_external_task_marker_child to None, run_after=None
[2022-10-29T09:43:11.528+0000] {logging_mixin.py:117} INFO - [2022-10-29T09:43:11.528+0000] {dag.py:3328} INFO - Setting next_dagrun for example_external_task_marker_parent to None, run_after=None
[2022-10-29T09:43:11.557+0000] {processor.py:178} INFO - Processing /home/airflow/.local/lib/python3.7/site-packages/airflow/example_dags/example_external_task_marker_dag.py took 0.154 seconds
[2022-10-29T09:43:41.785+0000] {processor.py:156} INFO - Started process (PID=108) to work on /home/airflow/.local/lib/python3.7/site-packages/airflow/example_dags/example_external_task_marker_dag.py
[2022-10-29T09:43:41.786+0000] {processor.py:758} INFO - Processing file /home/airflow/.local/lib/python3.7/site-packages/airflow/example_dags/example_external_task_marker_dag.py for tasks to queue
[2022-10-29T09:43:41.787+0000] {logging_mixin.py:117} INFO - [2022-10-29T09:43:41.787+0000] {dagbag.py:525} INFO - Filling up the DagBag from /home/airflow/.local/lib/python3.7/site-packages/airflow/example_dags/example_external_task_marker_dag.py
[2022-10-29T09:43:41.808+0000] {processor.py:768} INFO - DAG(s) dict_keys(['example_external_task_marker_parent', 'example_external_task_marker_child']) retrieved from /home/airflow/.local/lib/python3.7/site-packages/airflow/example_dags/example_external_task_marker_dag.py
[2022-10-29T09:43:42.198+0000] {logging_mixin.py:117} INFO - [2022-10-29T09:43:42.197+0000] {dag.py:2573} INFO - Sync 2 DAGs
[2022-10-29T09:43:42.225+0000] {logging_mixin.py:117} INFO - [2022-10-29T09:43:42.225+0000] {dag.py:3328} INFO - Setting next_dagrun for example_external_task_marker_child to None, run_after=None
[2022-10-29T09:43:42.230+0000] {logging_mixin.py:117} INFO - [2022-10-29T09:43:42.229+0000] {dag.py:3328} INFO - Setting next_dagrun for example_external_task_marker_parent to None, run_after=None
[2022-10-29T09:43:42.259+0000] {processor.py:178} INFO - Processing /home/airflow/.local/lib/python3.7/site-packages/airflow/example_dags/example_external_task_marker_dag.py took 0.477 seconds
[2022-10-29T09:44:12.460+0000] {processor.py:156} INFO - Started process (PID=173) to work on /home/airflow/.local/lib/python3.7/site-packages/airflow/example_dags/example_external_task_marker_dag.py
[2022-10-29T09:44:12.461+0000] {processor.py:758} INFO - Processing file /home/airflow/.local/lib/python3.7/site-packages/airflow/example_dags/example_external_task_marker_dag.py for tasks to queue
[2022-10-29T09:44:12.462+0000] {logging_mixin.py:117} INFO - [2022-10-29T09:44:12.462+0000] {dagbag.py:525} INFO - Filling up the DagBag from /home/airflow/.local/lib/python3.7/site-packages/airflow/example_dags/example_external_task_marker_dag.py
[2022-10-29T09:44:12.486+0000] {processor.py:768} INFO - DAG(s) dict_keys(['example_external_task_marker_parent', 'example_external_task_marker_child']) retrieved from /home/airflow/.local/lib/python3.7/site-packages/airflow/example_dags/example_external_task_marker_dag.py
[2022-10-29T09:44:12.842+0000] {logging_mixin.py:117} INFO - [2022-10-29T09:44:12.842+0000] {dag.py:2573} INFO - Sync 2 DAGs
[2022-10-29T09:44:12.879+0000] {logging_mixin.py:117} INFO - [2022-10-29T09:44:12.879+0000] {dag.py:3328} INFO - Setting next_dagrun for example_external_task_marker_child to None, run_after=None
[2022-10-29T09:44:12.885+0000] {logging_mixin.py:117} INFO - [2022-10-29T09:44:12.885+0000] {dag.py:3328} INFO - Setting next_dagrun for example_external_task_marker_parent to None, run_after=None
[2022-10-29T09:44:12.918+0000] {processor.py:178} INFO - Processing /home/airflow/.local/lib/python3.7/site-packages/airflow/example_dags/example_external_task_marker_dag.py took 0.461 seconds
[2022-10-29T09:44:42.960+0000] {processor.py:156} INFO - Started process (PID=229) to work on /home/airflow/.local/lib/python3.7/site-packages/airflow/example_dags/example_external_task_marker_dag.py
[2022-10-29T09:44:42.961+0000] {processor.py:758} INFO - Processing file /home/airflow/.local/lib/python3.7/site-packages/airflow/example_dags/example_external_task_marker_dag.py for tasks to queue
[2022-10-29T09:44:42.962+0000] {logging_mixin.py:117} INFO - [2022-10-29T09:44:42.962+0000] {dagbag.py:525} INFO - Filling up the DagBag from /home/airflow/.local/lib/python3.7/site-packages/airflow/example_dags/example_external_task_marker_dag.py
[2022-10-29T09:44:42.982+0000] {processor.py:768} INFO - DAG(s) dict_keys(['example_external_task_marker_parent', 'example_external_task_marker_child']) retrieved from /home/airflow/.local/lib/python3.7/site-packages/airflow/example_dags/example_external_task_marker_dag.py
[2022-10-29T09:44:43.320+0000] {logging_mixin.py:117} INFO - [2022-10-29T09:44:43.320+0000] {dag.py:2573} INFO - Sync 2 DAGs
[2022-10-29T09:44:43.360+0000] {logging_mixin.py:117} INFO - [2022-10-29T09:44:43.360+0000] {dag.py:3328} INFO - Setting next_dagrun for example_external_task_marker_child to None, run_after=None
[2022-10-29T09:44:43.367+0000] {logging_mixin.py:117} INFO - [2022-10-29T09:44:43.366+0000] {dag.py:3328} INFO - Setting next_dagrun for example_external_task_marker_parent to None, run_after=None
[2022-10-29T09:44:43.395+0000] {processor.py:178} INFO - Processing /home/airflow/.local/lib/python3.7/site-packages/airflow/example_dags/example_external_task_marker_dag.py took 0.439 seconds
[2022-10-29T09:45:13.812+0000] {processor.py:156} INFO - Started process (PID=292) to work on /home/airflow/.local/lib/python3.7/site-packages/airflow/example_dags/example_external_task_marker_dag.py
[2022-10-29T09:45:13.813+0000] {processor.py:758} INFO - Processing file /home/airflow/.local/lib/python3.7/site-packages/airflow/example_dags/example_external_task_marker_dag.py for tasks to queue
[2022-10-29T09:45:13.814+0000] {logging_mixin.py:117} INFO - [2022-10-29T09:45:13.814+0000] {dagbag.py:525} INFO - Filling up the DagBag from /home/airflow/.local/lib/python3.7/site-packages/airflow/example_dags/example_external_task_marker_dag.py
[2022-10-29T09:45:13.831+0000] {processor.py:768} INFO - DAG(s) dict_keys(['example_external_task_marker_child', 'example_external_task_marker_parent']) retrieved from /home/airflow/.local/lib/python3.7/site-packages/airflow/example_dags/example_external_task_marker_dag.py
[2022-10-29T09:45:14.123+0000] {logging_mixin.py:117} INFO - [2022-10-29T09:45:14.122+0000] {dag.py:2573} INFO - Sync 2 DAGs
[2022-10-29T09:45:14.160+0000] {logging_mixin.py:117} INFO - [2022-10-29T09:45:14.160+0000] {dag.py:3328} INFO - Setting next_dagrun for example_external_task_marker_child to None, run_after=None
[2022-10-29T09:45:14.165+0000] {logging_mixin.py:117} INFO - [2022-10-29T09:45:14.165+0000] {dag.py:3328} INFO - Setting next_dagrun for example_external_task_marker_parent to None, run_after=None
[2022-10-29T09:45:14.189+0000] {processor.py:178} INFO - Processing /home/airflow/.local/lib/python3.7/site-packages/airflow/example_dags/example_external_task_marker_dag.py took 0.380 seconds
[2022-10-29T09:45:44.975+0000] {processor.py:156} INFO - Started process (PID=348) to work on /home/airflow/.local/lib/python3.7/site-packages/airflow/example_dags/example_external_task_marker_dag.py
[2022-10-29T09:45:44.977+0000] {processor.py:758} INFO - Processing file /home/airflow/.local/lib/python3.7/site-packages/airflow/example_dags/example_external_task_marker_dag.py for tasks to queue
[2022-10-29T09:45:44.978+0000] {logging_mixin.py:117} INFO - [2022-10-29T09:45:44.978+0000] {dagbag.py:525} INFO - Filling up the DagBag from /home/airflow/.local/lib/python3.7/site-packages/airflow/example_dags/example_external_task_marker_dag.py
[2022-10-29T09:45:44.997+0000] {processor.py:768} INFO - DAG(s) dict_keys(['example_external_task_marker_parent', 'example_external_task_marker_child']) retrieved from /home/airflow/.local/lib/python3.7/site-packages/airflow/example_dags/example_external_task_marker_dag.py
[2022-10-29T09:45:45.297+0000] {logging_mixin.py:117} INFO - [2022-10-29T09:45:45.297+0000] {dag.py:2573} INFO - Sync 2 DAGs
[2022-10-29T09:45:45.335+0000] {logging_mixin.py:117} INFO - [2022-10-29T09:45:45.335+0000] {dag.py:3328} INFO - Setting next_dagrun for example_external_task_marker_child to None, run_after=None
[2022-10-29T09:45:45.342+0000] {logging_mixin.py:117} INFO - [2022-10-29T09:45:45.342+0000] {dag.py:3328} INFO - Setting next_dagrun for example_external_task_marker_parent to None, run_after=None
[2022-10-29T09:45:45.368+0000] {processor.py:178} INFO - Processing /home/airflow/.local/lib/python3.7/site-packages/airflow/example_dags/example_external_task_marker_dag.py took 0.397 seconds
[2022-10-29T09:46:15.409+0000] {processor.py:156} INFO - Started process (PID=412) to work on /home/airflow/.local/lib/python3.7/site-packages/airflow/example_dags/example_external_task_marker_dag.py
[2022-10-29T09:46:15.410+0000] {processor.py:758} INFO - Processing file /home/airflow/.local/lib/python3.7/site-packages/airflow/example_dags/example_external_task_marker_dag.py for tasks to queue
[2022-10-29T09:46:15.412+0000] {logging_mixin.py:117} INFO - [2022-10-29T09:46:15.412+0000] {dagbag.py:525} INFO - Filling up the DagBag from /home/airflow/.local/lib/python3.7/site-packages/airflow/example_dags/example_external_task_marker_dag.py
[2022-10-29T09:46:15.430+0000] {processor.py:768} INFO - DAG(s) dict_keys(['example_external_task_marker_parent', 'example_external_task_marker_child']) retrieved from /home/airflow/.local/lib/python3.7/site-packages/airflow/example_dags/example_external_task_marker_dag.py
[2022-10-29T09:46:15.752+0000] {logging_mixin.py:117} INFO - [2022-10-29T09:46:15.752+0000] {dag.py:2573} INFO - Sync 2 DAGs
[2022-10-29T09:46:15.795+0000] {logging_mixin.py:117} INFO - [2022-10-29T09:46:15.795+0000] {dag.py:3328} INFO - Setting next_dagrun for example_external_task_marker_child to None, run_after=None
[2022-10-29T09:46:15.800+0000] {logging_mixin.py:117} INFO - [2022-10-29T09:46:15.800+0000] {dag.py:3328} INFO - Setting next_dagrun for example_external_task_marker_parent to None, run_after=None
[2022-10-29T09:46:15.827+0000] {processor.py:178} INFO - Processing /home/airflow/.local/lib/python3.7/site-packages/airflow/example_dags/example_external_task_marker_dag.py took 0.420 seconds
[2022-10-29T09:53:23.964+0000] {processor.py:156} INFO - Started process (PID=278) to work on /home/airflow/.local/lib/python3.7/site-packages/airflow/example_dags/example_external_task_marker_dag.py
[2022-10-29T09:53:23.967+0000] {processor.py:758} INFO - Processing file /home/airflow/.local/lib/python3.7/site-packages/airflow/example_dags/example_external_task_marker_dag.py for tasks to queue
[2022-10-29T09:53:23.969+0000] {logging_mixin.py:117} INFO - [2022-10-29T09:53:23.968+0000] {dagbag.py:525} INFO - Filling up the DagBag from /home/airflow/.local/lib/python3.7/site-packages/airflow/example_dags/example_external_task_marker_dag.py
[2022-10-29T09:53:23.986+0000] {processor.py:768} INFO - DAG(s) dict_keys(['example_external_task_marker_parent', 'example_external_task_marker_child']) retrieved from /home/airflow/.local/lib/python3.7/site-packages/airflow/example_dags/example_external_task_marker_dag.py
[2022-10-29T09:53:24.820+0000] {logging_mixin.py:117} INFO - [2022-10-29T09:53:24.819+0000] {dag.py:2573} INFO - Sync 2 DAGs
[2022-10-29T09:53:24.879+0000] {logging_mixin.py:117} INFO - [2022-10-29T09:53:24.879+0000] {dag.py:3328} INFO - Setting next_dagrun for example_external_task_marker_child to None, run_after=None
[2022-10-29T09:53:24.886+0000] {logging_mixin.py:117} INFO - [2022-10-29T09:53:24.886+0000] {dag.py:3328} INFO - Setting next_dagrun for example_external_task_marker_parent to None, run_after=None
[2022-10-29T09:53:24.931+0000] {processor.py:178} INFO - Processing /home/airflow/.local/lib/python3.7/site-packages/airflow/example_dags/example_external_task_marker_dag.py took 0.971 seconds
[2022-10-29T09:53:55.072+0000] {processor.py:156} INFO - Started process (PID=342) to work on /home/airflow/.local/lib/python3.7/site-packages/airflow/example_dags/example_external_task_marker_dag.py
[2022-10-29T09:53:55.074+0000] {processor.py:758} INFO - Processing file /home/airflow/.local/lib/python3.7/site-packages/airflow/example_dags/example_external_task_marker_dag.py for tasks to queue
[2022-10-29T09:53:55.075+0000] {logging_mixin.py:117} INFO - [2022-10-29T09:53:55.075+0000] {dagbag.py:525} INFO - Filling up the DagBag from /home/airflow/.local/lib/python3.7/site-packages/airflow/example_dags/example_external_task_marker_dag.py
[2022-10-29T09:53:55.097+0000] {processor.py:768} INFO - DAG(s) dict_keys(['example_external_task_marker_child', 'example_external_task_marker_parent']) retrieved from /home/airflow/.local/lib/python3.7/site-packages/airflow/example_dags/example_external_task_marker_dag.py
[2022-10-29T09:53:55.669+0000] {logging_mixin.py:117} INFO - [2022-10-29T09:53:55.668+0000] {dag.py:2573} INFO - Sync 2 DAGs
[2022-10-29T09:53:55.711+0000] {logging_mixin.py:117} INFO - [2022-10-29T09:53:55.710+0000] {dag.py:3328} INFO - Setting next_dagrun for example_external_task_marker_child to None, run_after=None
[2022-10-29T09:53:55.716+0000] {logging_mixin.py:117} INFO - [2022-10-29T09:53:55.716+0000] {dag.py:3328} INFO - Setting next_dagrun for example_external_task_marker_parent to None, run_after=None
[2022-10-29T09:53:55.749+0000] {processor.py:178} INFO - Processing /home/airflow/.local/lib/python3.7/site-packages/airflow/example_dags/example_external_task_marker_dag.py took 0.680 seconds
[2022-10-29T09:54:25.995+0000] {processor.py:156} INFO - Started process (PID=398) to work on /home/airflow/.local/lib/python3.7/site-packages/airflow/example_dags/example_external_task_marker_dag.py
[2022-10-29T09:54:25.996+0000] {processor.py:758} INFO - Processing file /home/airflow/.local/lib/python3.7/site-packages/airflow/example_dags/example_external_task_marker_dag.py for tasks to queue
[2022-10-29T09:54:25.997+0000] {logging_mixin.py:117} INFO - [2022-10-29T09:54:25.997+0000] {dagbag.py:525} INFO - Filling up the DagBag from /home/airflow/.local/lib/python3.7/site-packages/airflow/example_dags/example_external_task_marker_dag.py
[2022-10-29T09:54:26.014+0000] {processor.py:768} INFO - DAG(s) dict_keys(['example_external_task_marker_parent', 'example_external_task_marker_child']) retrieved from /home/airflow/.local/lib/python3.7/site-packages/airflow/example_dags/example_external_task_marker_dag.py
[2022-10-29T09:54:26.450+0000] {logging_mixin.py:117} INFO - [2022-10-29T09:54:26.450+0000] {dag.py:2573} INFO - Sync 2 DAGs
[2022-10-29T09:54:26.482+0000] {logging_mixin.py:117} INFO - [2022-10-29T09:54:26.482+0000] {dag.py:3328} INFO - Setting next_dagrun for example_external_task_marker_child to None, run_after=None
[2022-10-29T09:54:26.487+0000] {logging_mixin.py:117} INFO - [2022-10-29T09:54:26.487+0000] {dag.py:3328} INFO - Setting next_dagrun for example_external_task_marker_parent to None, run_after=None
[2022-10-29T09:54:26.515+0000] {processor.py:178} INFO - Processing /home/airflow/.local/lib/python3.7/site-packages/airflow/example_dags/example_external_task_marker_dag.py took 0.522 seconds
[2022-10-29T09:54:57.133+0000] {processor.py:156} INFO - Started process (PID=462) to work on /home/airflow/.local/lib/python3.7/site-packages/airflow/example_dags/example_external_task_marker_dag.py
[2022-10-29T09:54:57.135+0000] {processor.py:758} INFO - Processing file /home/airflow/.local/lib/python3.7/site-packages/airflow/example_dags/example_external_task_marker_dag.py for tasks to queue
[2022-10-29T09:54:57.137+0000] {logging_mixin.py:117} INFO - [2022-10-29T09:54:57.136+0000] {dagbag.py:525} INFO - Filling up the DagBag from /home/airflow/.local/lib/python3.7/site-packages/airflow/example_dags/example_external_task_marker_dag.py
[2022-10-29T09:54:57.282+0000] {processor.py:768} INFO - DAG(s) dict_keys(['example_external_task_marker_child', 'example_external_task_marker_parent']) retrieved from /home/airflow/.local/lib/python3.7/site-packages/airflow/example_dags/example_external_task_marker_dag.py
[2022-10-29T09:54:57.597+0000] {logging_mixin.py:117} INFO - [2022-10-29T09:54:57.596+0000] {dag.py:2573} INFO - Sync 2 DAGs
[2022-10-29T09:54:57.626+0000] {logging_mixin.py:117} INFO - [2022-10-29T09:54:57.626+0000] {dag.py:3328} INFO - Setting next_dagrun for example_external_task_marker_child to None, run_after=None
[2022-10-29T09:54:57.631+0000] {logging_mixin.py:117} INFO - [2022-10-29T09:54:57.630+0000] {dag.py:3328} INFO - Setting next_dagrun for example_external_task_marker_parent to None, run_after=None
[2022-10-29T09:54:57.659+0000] {processor.py:178} INFO - Processing /home/airflow/.local/lib/python3.7/site-packages/airflow/example_dags/example_external_task_marker_dag.py took 0.528 seconds
[2022-10-29T09:55:27.775+0000] {processor.py:156} INFO - Started process (PID=517) to work on /home/airflow/.local/lib/python3.7/site-packages/airflow/example_dags/example_external_task_marker_dag.py
[2022-10-29T09:55:27.777+0000] {processor.py:758} INFO - Processing file /home/airflow/.local/lib/python3.7/site-packages/airflow/example_dags/example_external_task_marker_dag.py for tasks to queue
[2022-10-29T09:55:27.779+0000] {logging_mixin.py:117} INFO - [2022-10-29T09:55:27.779+0000] {dagbag.py:525} INFO - Filling up the DagBag from /home/airflow/.local/lib/python3.7/site-packages/airflow/example_dags/example_external_task_marker_dag.py
[2022-10-29T09:55:27.810+0000] {processor.py:768} INFO - DAG(s) dict_keys(['example_external_task_marker_parent', 'example_external_task_marker_child']) retrieved from /home/airflow/.local/lib/python3.7/site-packages/airflow/example_dags/example_external_task_marker_dag.py
[2022-10-29T09:55:27.850+0000] {logging_mixin.py:117} INFO - [2022-10-29T09:55:27.849+0000] {dag.py:2573} INFO - Sync 2 DAGs
[2022-10-29T09:55:27.893+0000] {logging_mixin.py:117} INFO - [2022-10-29T09:55:27.893+0000] {dag.py:3328} INFO - Setting next_dagrun for example_external_task_marker_child to None, run_after=None
[2022-10-29T09:55:27.899+0000] {logging_mixin.py:117} INFO - [2022-10-29T09:55:27.899+0000] {dag.py:3328} INFO - Setting next_dagrun for example_external_task_marker_parent to None, run_after=None
[2022-10-29T09:55:27.927+0000] {processor.py:178} INFO - Processing /home/airflow/.local/lib/python3.7/site-packages/airflow/example_dags/example_external_task_marker_dag.py took 0.157 seconds
[2022-10-29T09:55:58.458+0000] {processor.py:156} INFO - Started process (PID=579) to work on /home/airflow/.local/lib/python3.7/site-packages/airflow/example_dags/example_external_task_marker_dag.py
[2022-10-29T09:55:58.459+0000] {processor.py:758} INFO - Processing file /home/airflow/.local/lib/python3.7/site-packages/airflow/example_dags/example_external_task_marker_dag.py for tasks to queue
[2022-10-29T09:55:58.461+0000] {logging_mixin.py:117} INFO - [2022-10-29T09:55:58.460+0000] {dagbag.py:525} INFO - Filling up the DagBag from /home/airflow/.local/lib/python3.7/site-packages/airflow/example_dags/example_external_task_marker_dag.py
[2022-10-29T09:55:58.482+0000] {processor.py:768} INFO - DAG(s) dict_keys(['example_external_task_marker_parent', 'example_external_task_marker_child']) retrieved from /home/airflow/.local/lib/python3.7/site-packages/airflow/example_dags/example_external_task_marker_dag.py
[2022-10-29T09:55:58.885+0000] {logging_mixin.py:117} INFO - [2022-10-29T09:55:58.884+0000] {dag.py:2573} INFO - Sync 2 DAGs
[2022-10-29T09:55:58.927+0000] {logging_mixin.py:117} INFO - [2022-10-29T09:55:58.926+0000] {dag.py:3328} INFO - Setting next_dagrun for example_external_task_marker_child to None, run_after=None
[2022-10-29T09:55:58.933+0000] {logging_mixin.py:117} INFO - [2022-10-29T09:55:58.933+0000] {dag.py:3328} INFO - Setting next_dagrun for example_external_task_marker_parent to None, run_after=None
[2022-10-29T09:55:58.967+0000] {processor.py:178} INFO - Processing /home/airflow/.local/lib/python3.7/site-packages/airflow/example_dags/example_external_task_marker_dag.py took 0.512 seconds
[2022-10-29T09:56:29.158+0000] {processor.py:156} INFO - Started process (PID=643) to work on /home/airflow/.local/lib/python3.7/site-packages/airflow/example_dags/example_external_task_marker_dag.py
[2022-10-29T09:56:29.159+0000] {processor.py:758} INFO - Processing file /home/airflow/.local/lib/python3.7/site-packages/airflow/example_dags/example_external_task_marker_dag.py for tasks to queue
[2022-10-29T09:56:29.160+0000] {logging_mixin.py:117} INFO - [2022-10-29T09:56:29.160+0000] {dagbag.py:525} INFO - Filling up the DagBag from /home/airflow/.local/lib/python3.7/site-packages/airflow/example_dags/example_external_task_marker_dag.py
[2022-10-29T09:56:29.182+0000] {processor.py:768} INFO - DAG(s) dict_keys(['example_external_task_marker_parent', 'example_external_task_marker_child']) retrieved from /home/airflow/.local/lib/python3.7/site-packages/airflow/example_dags/example_external_task_marker_dag.py
[2022-10-29T09:56:29.534+0000] {logging_mixin.py:117} INFO - [2022-10-29T09:56:29.534+0000] {dag.py:2573} INFO - Sync 2 DAGs
[2022-10-29T09:56:29.578+0000] {logging_mixin.py:117} INFO - [2022-10-29T09:56:29.578+0000] {dag.py:3328} INFO - Setting next_dagrun for example_external_task_marker_child to None, run_after=None
[2022-10-29T09:56:29.586+0000] {logging_mixin.py:117} INFO - [2022-10-29T09:56:29.586+0000] {dag.py:3328} INFO - Setting next_dagrun for example_external_task_marker_parent to None, run_after=None
[2022-10-29T09:56:29.616+0000] {processor.py:178} INFO - Processing /home/airflow/.local/lib/python3.7/site-packages/airflow/example_dags/example_external_task_marker_dag.py took 0.462 seconds
[2022-10-29T09:56:59.711+0000] {processor.py:156} INFO - Started process (PID=698) to work on /home/airflow/.local/lib/python3.7/site-packages/airflow/example_dags/example_external_task_marker_dag.py
[2022-10-29T09:56:59.712+0000] {processor.py:758} INFO - Processing file /home/airflow/.local/lib/python3.7/site-packages/airflow/example_dags/example_external_task_marker_dag.py for tasks to queue
[2022-10-29T09:56:59.713+0000] {logging_mixin.py:117} INFO - [2022-10-29T09:56:59.713+0000] {dagbag.py:525} INFO - Filling up the DagBag from /home/airflow/.local/lib/python3.7/site-packages/airflow/example_dags/example_external_task_marker_dag.py
[2022-10-29T09:56:59.731+0000] {processor.py:768} INFO - DAG(s) dict_keys(['example_external_task_marker_parent', 'example_external_task_marker_child']) retrieved from /home/airflow/.local/lib/python3.7/site-packages/airflow/example_dags/example_external_task_marker_dag.py
[2022-10-29T09:57:00.010+0000] {logging_mixin.py:117} INFO - [2022-10-29T09:57:00.010+0000] {dag.py:2573} INFO - Sync 2 DAGs
[2022-10-29T09:57:00.045+0000] {logging_mixin.py:117} INFO - [2022-10-29T09:57:00.044+0000] {dag.py:3328} INFO - Setting next_dagrun for example_external_task_marker_child to None, run_after=None
[2022-10-29T09:57:00.051+0000] {logging_mixin.py:117} INFO - [2022-10-29T09:57:00.051+0000] {dag.py:3328} INFO - Setting next_dagrun for example_external_task_marker_parent to None, run_after=None
[2022-10-29T09:57:00.076+0000] {processor.py:178} INFO - Processing /home/airflow/.local/lib/python3.7/site-packages/airflow/example_dags/example_external_task_marker_dag.py took 0.368 seconds
[2022-10-29T10:02:53.468+0000] {processor.py:156} INFO - Started process (PID=55) to work on /home/airflow/.local/lib/python3.7/site-packages/airflow/example_dags/example_external_task_marker_dag.py
[2022-10-29T10:02:53.470+0000] {processor.py:758} INFO - Processing file /home/airflow/.local/lib/python3.7/site-packages/airflow/example_dags/example_external_task_marker_dag.py for tasks to queue
[2022-10-29T10:02:53.471+0000] {logging_mixin.py:117} INFO - [2022-10-29T10:02:53.471+0000] {dagbag.py:525} INFO - Filling up the DagBag from /home/airflow/.local/lib/python3.7/site-packages/airflow/example_dags/example_external_task_marker_dag.py
[2022-10-29T10:02:53.503+0000] {processor.py:768} INFO - DAG(s) dict_keys(['example_external_task_marker_child', 'example_external_task_marker_parent']) retrieved from /home/airflow/.local/lib/python3.7/site-packages/airflow/example_dags/example_external_task_marker_dag.py
[2022-10-29T10:02:53.536+0000] {logging_mixin.py:117} INFO - [2022-10-29T10:02:53.535+0000] {dag.py:2573} INFO - Sync 2 DAGs
[2022-10-29T10:02:53.568+0000] {logging_mixin.py:117} INFO - [2022-10-29T10:02:53.568+0000] {dag.py:3328} INFO - Setting next_dagrun for example_external_task_marker_child to None, run_after=None
[2022-10-29T10:02:53.573+0000] {logging_mixin.py:117} INFO - [2022-10-29T10:02:53.573+0000] {dag.py:3328} INFO - Setting next_dagrun for example_external_task_marker_parent to None, run_after=None
[2022-10-29T10:02:53.596+0000] {processor.py:178} INFO - Processing /home/airflow/.local/lib/python3.7/site-packages/airflow/example_dags/example_external_task_marker_dag.py took 0.132 seconds
[2022-10-29T10:03:23.932+0000] {processor.py:156} INFO - Started process (PID=109) to work on /home/airflow/.local/lib/python3.7/site-packages/airflow/example_dags/example_external_task_marker_dag.py
[2022-10-29T10:03:23.934+0000] {processor.py:758} INFO - Processing file /home/airflow/.local/lib/python3.7/site-packages/airflow/example_dags/example_external_task_marker_dag.py for tasks to queue
[2022-10-29T10:03:23.936+0000] {logging_mixin.py:117} INFO - [2022-10-29T10:03:23.936+0000] {dagbag.py:525} INFO - Filling up the DagBag from /home/airflow/.local/lib/python3.7/site-packages/airflow/example_dags/example_external_task_marker_dag.py
[2022-10-29T10:03:23.955+0000] {processor.py:768} INFO - DAG(s) dict_keys(['example_external_task_marker_parent', 'example_external_task_marker_child']) retrieved from /home/airflow/.local/lib/python3.7/site-packages/airflow/example_dags/example_external_task_marker_dag.py
[2022-10-29T10:03:24.458+0000] {logging_mixin.py:117} INFO - [2022-10-29T10:03:24.457+0000] {dag.py:2573} INFO - Sync 2 DAGs
[2022-10-29T10:03:24.496+0000] {logging_mixin.py:117} INFO - [2022-10-29T10:03:24.495+0000] {dag.py:3328} INFO - Setting next_dagrun for example_external_task_marker_child to None, run_after=None
[2022-10-29T10:03:24.502+0000] {logging_mixin.py:117} INFO - [2022-10-29T10:03:24.501+0000] {dag.py:3328} INFO - Setting next_dagrun for example_external_task_marker_parent to None, run_after=None
[2022-10-29T10:03:24.536+0000] {processor.py:178} INFO - Processing /home/airflow/.local/lib/python3.7/site-packages/airflow/example_dags/example_external_task_marker_dag.py took 0.607 seconds
