[2022-10-29T09:43:11.599+0000] {processor.py:156} INFO - Started process (PID=57) to work on /home/airflow/.local/lib/python3.7/site-packages/airflow/example_dags/example_task_group_decorator.py
[2022-10-29T09:43:11.600+0000] {processor.py:758} INFO - Processing file /home/airflow/.local/lib/python3.7/site-packages/airflow/example_dags/example_task_group_decorator.py for tasks to queue
[2022-10-29T09:43:11.601+0000] {logging_mixin.py:117} INFO - [2022-10-29T09:43:11.601+0000] {dagbag.py:525} INFO - Filling up the DagBag from /home/airflow/.local/lib/python3.7/site-packages/airflow/example_dags/example_task_group_decorator.py
[2022-10-29T09:43:11.648+0000] {processor.py:768} INFO - DAG(s) dict_keys(['example_task_group_decorator']) retrieved from /home/airflow/.local/lib/python3.7/site-packages/airflow/example_dags/example_task_group_decorator.py
[2022-10-29T09:43:11.679+0000] {logging_mixin.py:117} INFO - [2022-10-29T09:43:11.679+0000] {dag.py:2573} INFO - Sync 1 DAGs
[2022-10-29T09:43:11.714+0000] {logging_mixin.py:117} INFO - [2022-10-29T09:43:11.714+0000] {dag.py:3328} INFO - Setting next_dagrun for example_task_group_decorator to 2022-10-28T09:43:11.714346+00:00, run_after=2022-10-29T09:43:11.714346+00:00
[2022-10-29T09:43:11.741+0000] {processor.py:178} INFO - Processing /home/airflow/.local/lib/python3.7/site-packages/airflow/example_dags/example_task_group_decorator.py took 0.145 seconds
[2022-10-29T09:43:41.963+0000] {processor.py:156} INFO - Started process (PID=110) to work on /home/airflow/.local/lib/python3.7/site-packages/airflow/example_dags/example_task_group_decorator.py
[2022-10-29T09:43:41.964+0000] {processor.py:758} INFO - Processing file /home/airflow/.local/lib/python3.7/site-packages/airflow/example_dags/example_task_group_decorator.py for tasks to queue
[2022-10-29T09:43:41.966+0000] {logging_mixin.py:117} INFO - [2022-10-29T09:43:41.965+0000] {dagbag.py:525} INFO - Filling up the DagBag from /home/airflow/.local/lib/python3.7/site-packages/airflow/example_dags/example_task_group_decorator.py
[2022-10-29T09:43:42.015+0000] {processor.py:768} INFO - DAG(s) dict_keys(['example_task_group_decorator']) retrieved from /home/airflow/.local/lib/python3.7/site-packages/airflow/example_dags/example_task_group_decorator.py
[2022-10-29T09:43:42.069+0000] {logging_mixin.py:117} INFO - [2022-10-29T09:43:42.069+0000] {dag.py:2573} INFO - Sync 1 DAGs
[2022-10-29T09:43:42.113+0000] {logging_mixin.py:117} INFO - [2022-10-29T09:43:42.113+0000] {dag.py:3328} INFO - Setting next_dagrun for example_task_group_decorator to 2022-10-28T09:43:42.113073+00:00, run_after=2022-10-29T09:43:42.113073+00:00
[2022-10-29T09:43:42.142+0000] {processor.py:178} INFO - Processing /home/airflow/.local/lib/python3.7/site-packages/airflow/example_dags/example_task_group_decorator.py took 0.182 seconds
[2022-10-29T09:44:12.228+0000] {processor.py:156} INFO - Started process (PID=172) to work on /home/airflow/.local/lib/python3.7/site-packages/airflow/example_dags/example_task_group_decorator.py
[2022-10-29T09:44:12.232+0000] {processor.py:758} INFO - Processing file /home/airflow/.local/lib/python3.7/site-packages/airflow/example_dags/example_task_group_decorator.py for tasks to queue
[2022-10-29T09:44:12.235+0000] {logging_mixin.py:117} INFO - [2022-10-29T09:44:12.235+0000] {dagbag.py:525} INFO - Filling up the DagBag from /home/airflow/.local/lib/python3.7/site-packages/airflow/example_dags/example_task_group_decorator.py
[2022-10-29T09:44:12.292+0000] {processor.py:768} INFO - DAG(s) dict_keys(['example_task_group_decorator']) retrieved from /home/airflow/.local/lib/python3.7/site-packages/airflow/example_dags/example_task_group_decorator.py
[2022-10-29T09:44:12.372+0000] {logging_mixin.py:117} INFO - [2022-10-29T09:44:12.371+0000] {dag.py:2573} INFO - Sync 1 DAGs
[2022-10-29T09:44:12.413+0000] {logging_mixin.py:117} INFO - [2022-10-29T09:44:12.413+0000] {dag.py:3328} INFO - Setting next_dagrun for example_task_group_decorator to 2022-10-28T09:44:12.413165+00:00, run_after=2022-10-29T09:44:12.413165+00:00
[2022-10-29T09:44:12.443+0000] {processor.py:178} INFO - Processing /home/airflow/.local/lib/python3.7/site-packages/airflow/example_dags/example_task_group_decorator.py took 0.220 seconds
[2022-10-29T09:44:42.935+0000] {processor.py:156} INFO - Started process (PID=228) to work on /home/airflow/.local/lib/python3.7/site-packages/airflow/example_dags/example_task_group_decorator.py
[2022-10-29T09:44:42.936+0000] {processor.py:758} INFO - Processing file /home/airflow/.local/lib/python3.7/site-packages/airflow/example_dags/example_task_group_decorator.py for tasks to queue
[2022-10-29T09:44:42.937+0000] {logging_mixin.py:117} INFO - [2022-10-29T09:44:42.937+0000] {dagbag.py:525} INFO - Filling up the DagBag from /home/airflow/.local/lib/python3.7/site-packages/airflow/example_dags/example_task_group_decorator.py
[2022-10-29T09:44:42.996+0000] {processor.py:768} INFO - DAG(s) dict_keys(['example_task_group_decorator']) retrieved from /home/airflow/.local/lib/python3.7/site-packages/airflow/example_dags/example_task_group_decorator.py
[2022-10-29T09:44:43.063+0000] {logging_mixin.py:117} INFO - [2022-10-29T09:44:43.063+0000] {dag.py:2573} INFO - Sync 1 DAGs
[2022-10-29T09:44:43.101+0000] {logging_mixin.py:117} INFO - [2022-10-29T09:44:43.101+0000] {dag.py:3328} INFO - Setting next_dagrun for example_task_group_decorator to 2022-10-28T09:44:43.101391+00:00, run_after=2022-10-29T09:44:43.101391+00:00
[2022-10-29T09:44:43.131+0000] {processor.py:178} INFO - Processing /home/airflow/.local/lib/python3.7/site-packages/airflow/example_dags/example_task_group_decorator.py took 0.200 seconds
[2022-10-29T09:45:13.573+0000] {processor.py:156} INFO - Started process (PID=290) to work on /home/airflow/.local/lib/python3.7/site-packages/airflow/example_dags/example_task_group_decorator.py
[2022-10-29T09:45:13.575+0000] {processor.py:758} INFO - Processing file /home/airflow/.local/lib/python3.7/site-packages/airflow/example_dags/example_task_group_decorator.py for tasks to queue
[2022-10-29T09:45:13.576+0000] {logging_mixin.py:117} INFO - [2022-10-29T09:45:13.576+0000] {dagbag.py:525} INFO - Filling up the DagBag from /home/airflow/.local/lib/python3.7/site-packages/airflow/example_dags/example_task_group_decorator.py
[2022-10-29T09:45:13.623+0000] {processor.py:768} INFO - DAG(s) dict_keys(['example_task_group_decorator']) retrieved from /home/airflow/.local/lib/python3.7/site-packages/airflow/example_dags/example_task_group_decorator.py
[2022-10-29T09:45:13.682+0000] {logging_mixin.py:117} INFO - [2022-10-29T09:45:13.682+0000] {dag.py:2573} INFO - Sync 1 DAGs
[2022-10-29T09:45:13.721+0000] {logging_mixin.py:117} INFO - [2022-10-29T09:45:13.721+0000] {dag.py:3328} INFO - Setting next_dagrun for example_task_group_decorator to 2022-10-28T09:45:13.720785+00:00, run_after=2022-10-29T09:45:13.720785+00:00
[2022-10-29T09:45:13.753+0000] {processor.py:178} INFO - Processing /home/airflow/.local/lib/python3.7/site-packages/airflow/example_dags/example_task_group_decorator.py took 0.183 seconds
[2022-10-29T09:45:43.921+0000] {processor.py:156} INFO - Started process (PID=346) to work on /home/airflow/.local/lib/python3.7/site-packages/airflow/example_dags/example_task_group_decorator.py
[2022-10-29T09:45:43.923+0000] {processor.py:758} INFO - Processing file /home/airflow/.local/lib/python3.7/site-packages/airflow/example_dags/example_task_group_decorator.py for tasks to queue
[2022-10-29T09:45:43.924+0000] {logging_mixin.py:117} INFO - [2022-10-29T09:45:43.924+0000] {dagbag.py:525} INFO - Filling up the DagBag from /home/airflow/.local/lib/python3.7/site-packages/airflow/example_dags/example_task_group_decorator.py
[2022-10-29T09:45:43.973+0000] {processor.py:768} INFO - DAG(s) dict_keys(['example_task_group_decorator']) retrieved from /home/airflow/.local/lib/python3.7/site-packages/airflow/example_dags/example_task_group_decorator.py
[2022-10-29T09:45:44.029+0000] {logging_mixin.py:117} INFO - [2022-10-29T09:45:44.028+0000] {dag.py:2573} INFO - Sync 1 DAGs
[2022-10-29T09:45:44.061+0000] {logging_mixin.py:117} INFO - [2022-10-29T09:45:44.061+0000] {dag.py:3328} INFO - Setting next_dagrun for example_task_group_decorator to 2022-10-28T09:45:44.060913+00:00, run_after=2022-10-29T09:45:44.060913+00:00
[2022-10-29T09:45:44.091+0000] {processor.py:178} INFO - Processing /home/airflow/.local/lib/python3.7/site-packages/airflow/example_dags/example_task_group_decorator.py took 0.174 seconds
[2022-10-29T09:46:14.189+0000] {processor.py:156} INFO - Started process (PID=409) to work on /home/airflow/.local/lib/python3.7/site-packages/airflow/example_dags/example_task_group_decorator.py
[2022-10-29T09:46:14.190+0000] {processor.py:758} INFO - Processing file /home/airflow/.local/lib/python3.7/site-packages/airflow/example_dags/example_task_group_decorator.py for tasks to queue
[2022-10-29T09:46:14.191+0000] {logging_mixin.py:117} INFO - [2022-10-29T09:46:14.191+0000] {dagbag.py:525} INFO - Filling up the DagBag from /home/airflow/.local/lib/python3.7/site-packages/airflow/example_dags/example_task_group_decorator.py
[2022-10-29T09:46:14.236+0000] {processor.py:768} INFO - DAG(s) dict_keys(['example_task_group_decorator']) retrieved from /home/airflow/.local/lib/python3.7/site-packages/airflow/example_dags/example_task_group_decorator.py
[2022-10-29T09:46:14.291+0000] {logging_mixin.py:117} INFO - [2022-10-29T09:46:14.291+0000] {dag.py:2573} INFO - Sync 1 DAGs
[2022-10-29T09:46:14.327+0000] {logging_mixin.py:117} INFO - [2022-10-29T09:46:14.326+0000] {dag.py:3328} INFO - Setting next_dagrun for example_task_group_decorator to 2022-10-28T09:46:14.326509+00:00, run_after=2022-10-29T09:46:14.326509+00:00
[2022-10-29T09:46:14.360+0000] {processor.py:178} INFO - Processing /home/airflow/.local/lib/python3.7/site-packages/airflow/example_dags/example_task_group_decorator.py took 0.174 seconds
[2022-10-29T09:53:24.989+0000] {processor.py:156} INFO - Started process (PID=281) to work on /home/airflow/.local/lib/python3.7/site-packages/airflow/example_dags/example_task_group_decorator.py
[2022-10-29T09:53:24.991+0000] {processor.py:758} INFO - Processing file /home/airflow/.local/lib/python3.7/site-packages/airflow/example_dags/example_task_group_decorator.py for tasks to queue
[2022-10-29T09:53:24.993+0000] {logging_mixin.py:117} INFO - [2022-10-29T09:53:24.993+0000] {dagbag.py:525} INFO - Filling up the DagBag from /home/airflow/.local/lib/python3.7/site-packages/airflow/example_dags/example_task_group_decorator.py
[2022-10-29T09:53:25.051+0000] {processor.py:768} INFO - DAG(s) dict_keys(['example_task_group_decorator']) retrieved from /home/airflow/.local/lib/python3.7/site-packages/airflow/example_dags/example_task_group_decorator.py
[2022-10-29T09:53:25.496+0000] {logging_mixin.py:117} INFO - [2022-10-29T09:53:25.496+0000] {dag.py:2573} INFO - Sync 1 DAGs
[2022-10-29T09:53:25.531+0000] {logging_mixin.py:117} INFO - [2022-10-29T09:53:25.531+0000] {dag.py:3328} INFO - Setting next_dagrun for example_task_group_decorator to 2022-10-28T09:53:25.531361+00:00, run_after=2022-10-29T09:53:25.531361+00:00
[2022-10-29T09:53:25.567+0000] {processor.py:178} INFO - Processing /home/airflow/.local/lib/python3.7/site-packages/airflow/example_dags/example_task_group_decorator.py took 0.584 seconds
[2022-10-29T09:53:55.803+0000] {processor.py:156} INFO - Started process (PID=344) to work on /home/airflow/.local/lib/python3.7/site-packages/airflow/example_dags/example_task_group_decorator.py
[2022-10-29T09:53:55.804+0000] {processor.py:758} INFO - Processing file /home/airflow/.local/lib/python3.7/site-packages/airflow/example_dags/example_task_group_decorator.py for tasks to queue
[2022-10-29T09:53:55.806+0000] {logging_mixin.py:117} INFO - [2022-10-29T09:53:55.805+0000] {dagbag.py:525} INFO - Filling up the DagBag from /home/airflow/.local/lib/python3.7/site-packages/airflow/example_dags/example_task_group_decorator.py
[2022-10-29T09:53:55.863+0000] {processor.py:768} INFO - DAG(s) dict_keys(['example_task_group_decorator']) retrieved from /home/airflow/.local/lib/python3.7/site-packages/airflow/example_dags/example_task_group_decorator.py
[2022-10-29T09:53:56.099+0000] {logging_mixin.py:117} INFO - [2022-10-29T09:53:56.098+0000] {dag.py:2573} INFO - Sync 1 DAGs
[2022-10-29T09:53:56.132+0000] {logging_mixin.py:117} INFO - [2022-10-29T09:53:56.132+0000] {dag.py:3328} INFO - Setting next_dagrun for example_task_group_decorator to 2022-10-28T09:53:56.131877+00:00, run_after=2022-10-29T09:53:56.131877+00:00
[2022-10-29T09:53:56.168+0000] {processor.py:178} INFO - Processing /home/airflow/.local/lib/python3.7/site-packages/airflow/example_dags/example_task_group_decorator.py took 0.368 seconds
[2022-10-29T09:54:26.567+0000] {processor.py:156} INFO - Started process (PID=399) to work on /home/airflow/.local/lib/python3.7/site-packages/airflow/example_dags/example_task_group_decorator.py
[2022-10-29T09:54:26.569+0000] {processor.py:758} INFO - Processing file /home/airflow/.local/lib/python3.7/site-packages/airflow/example_dags/example_task_group_decorator.py for tasks to queue
[2022-10-29T09:54:26.570+0000] {logging_mixin.py:117} INFO - [2022-10-29T09:54:26.570+0000] {dagbag.py:525} INFO - Filling up the DagBag from /home/airflow/.local/lib/python3.7/site-packages/airflow/example_dags/example_task_group_decorator.py
[2022-10-29T09:54:26.758+0000] {processor.py:768} INFO - DAG(s) dict_keys(['example_task_group_decorator']) retrieved from /home/airflow/.local/lib/python3.7/site-packages/airflow/example_dags/example_task_group_decorator.py
[2022-10-29T09:54:26.809+0000] {logging_mixin.py:117} INFO - [2022-10-29T09:54:26.809+0000] {dag.py:2573} INFO - Sync 1 DAGs
[2022-10-29T09:54:26.841+0000] {logging_mixin.py:117} INFO - [2022-10-29T09:54:26.841+0000] {dag.py:3328} INFO - Setting next_dagrun for example_task_group_decorator to 2022-10-28T09:54:26.840841+00:00, run_after=2022-10-29T09:54:26.840841+00:00
[2022-10-29T09:54:26.868+0000] {processor.py:178} INFO - Processing /home/airflow/.local/lib/python3.7/site-packages/airflow/example_dags/example_task_group_decorator.py took 0.305 seconds
[2022-10-29T09:54:57.134+0000] {processor.py:156} INFO - Started process (PID=463) to work on /home/airflow/.local/lib/python3.7/site-packages/airflow/example_dags/example_task_group_decorator.py
[2022-10-29T09:54:57.135+0000] {processor.py:758} INFO - Processing file /home/airflow/.local/lib/python3.7/site-packages/airflow/example_dags/example_task_group_decorator.py for tasks to queue
[2022-10-29T09:54:57.137+0000] {logging_mixin.py:117} INFO - [2022-10-29T09:54:57.136+0000] {dagbag.py:525} INFO - Filling up the DagBag from /home/airflow/.local/lib/python3.7/site-packages/airflow/example_dags/example_task_group_decorator.py
[2022-10-29T09:54:57.305+0000] {processor.py:768} INFO - DAG(s) dict_keys(['example_task_group_decorator']) retrieved from /home/airflow/.local/lib/python3.7/site-packages/airflow/example_dags/example_task_group_decorator.py
[2022-10-29T09:54:57.354+0000] {logging_mixin.py:117} INFO - [2022-10-29T09:54:57.354+0000] {dag.py:2573} INFO - Sync 1 DAGs
[2022-10-29T09:54:57.386+0000] {logging_mixin.py:117} INFO - [2022-10-29T09:54:57.386+0000] {dag.py:3328} INFO - Setting next_dagrun for example_task_group_decorator to 2022-10-28T09:54:57.386311+00:00, run_after=2022-10-29T09:54:57.386311+00:00
[2022-10-29T09:54:57.415+0000] {processor.py:178} INFO - Processing /home/airflow/.local/lib/python3.7/site-packages/airflow/example_dags/example_task_group_decorator.py took 0.284 seconds
[2022-10-29T09:55:27.567+0000] {processor.py:156} INFO - Started process (PID=516) to work on /home/airflow/.local/lib/python3.7/site-packages/airflow/example_dags/example_task_group_decorator.py
[2022-10-29T09:55:27.568+0000] {processor.py:758} INFO - Processing file /home/airflow/.local/lib/python3.7/site-packages/airflow/example_dags/example_task_group_decorator.py for tasks to queue
[2022-10-29T09:55:27.570+0000] {logging_mixin.py:117} INFO - [2022-10-29T09:55:27.569+0000] {dagbag.py:525} INFO - Filling up the DagBag from /home/airflow/.local/lib/python3.7/site-packages/airflow/example_dags/example_task_group_decorator.py
[2022-10-29T09:55:27.615+0000] {processor.py:768} INFO - DAG(s) dict_keys(['example_task_group_decorator']) retrieved from /home/airflow/.local/lib/python3.7/site-packages/airflow/example_dags/example_task_group_decorator.py
[2022-10-29T09:55:27.650+0000] {logging_mixin.py:117} INFO - [2022-10-29T09:55:27.649+0000] {dag.py:2573} INFO - Sync 1 DAGs
[2022-10-29T09:55:27.698+0000] {logging_mixin.py:117} INFO - [2022-10-29T09:55:27.697+0000] {dag.py:3328} INFO - Setting next_dagrun for example_task_group_decorator to 2022-10-28T09:55:27.697345+00:00, run_after=2022-10-29T09:55:27.697345+00:00
[2022-10-29T09:55:27.802+0000] {processor.py:178} INFO - Processing /home/airflow/.local/lib/python3.7/site-packages/airflow/example_dags/example_task_group_decorator.py took 0.239 seconds
[2022-10-29T09:55:58.458+0000] {processor.py:156} INFO - Started process (PID=580) to work on /home/airflow/.local/lib/python3.7/site-packages/airflow/example_dags/example_task_group_decorator.py
[2022-10-29T09:55:58.459+0000] {processor.py:758} INFO - Processing file /home/airflow/.local/lib/python3.7/site-packages/airflow/example_dags/example_task_group_decorator.py for tasks to queue
[2022-10-29T09:55:58.461+0000] {logging_mixin.py:117} INFO - [2022-10-29T09:55:58.460+0000] {dagbag.py:525} INFO - Filling up the DagBag from /home/airflow/.local/lib/python3.7/site-packages/airflow/example_dags/example_task_group_decorator.py
[2022-10-29T09:55:58.518+0000] {processor.py:768} INFO - DAG(s) dict_keys(['example_task_group_decorator']) retrieved from /home/airflow/.local/lib/python3.7/site-packages/airflow/example_dags/example_task_group_decorator.py
[2022-10-29T09:55:58.580+0000] {logging_mixin.py:117} INFO - [2022-10-29T09:55:58.579+0000] {dag.py:2573} INFO - Sync 1 DAGs
[2022-10-29T09:55:58.622+0000] {logging_mixin.py:117} INFO - [2022-10-29T09:55:58.622+0000] {dag.py:3328} INFO - Setting next_dagrun for example_task_group_decorator to 2022-10-28T09:55:58.622170+00:00, run_after=2022-10-29T09:55:58.622170+00:00
[2022-10-29T09:55:58.664+0000] {processor.py:178} INFO - Processing /home/airflow/.local/lib/python3.7/site-packages/airflow/example_dags/example_task_group_decorator.py took 0.210 seconds
[2022-10-29T09:56:28.918+0000] {processor.py:156} INFO - Started process (PID=640) to work on /home/airflow/.local/lib/python3.7/site-packages/airflow/example_dags/example_task_group_decorator.py
[2022-10-29T09:56:28.919+0000] {processor.py:758} INFO - Processing file /home/airflow/.local/lib/python3.7/site-packages/airflow/example_dags/example_task_group_decorator.py for tasks to queue
[2022-10-29T09:56:28.921+0000] {logging_mixin.py:117} INFO - [2022-10-29T09:56:28.920+0000] {dagbag.py:525} INFO - Filling up the DagBag from /home/airflow/.local/lib/python3.7/site-packages/airflow/example_dags/example_task_group_decorator.py
[2022-10-29T09:56:28.976+0000] {processor.py:768} INFO - DAG(s) dict_keys(['example_task_group_decorator']) retrieved from /home/airflow/.local/lib/python3.7/site-packages/airflow/example_dags/example_task_group_decorator.py
[2022-10-29T09:56:29.038+0000] {logging_mixin.py:117} INFO - [2022-10-29T09:56:29.038+0000] {dag.py:2573} INFO - Sync 1 DAGs
[2022-10-29T09:56:29.078+0000] {logging_mixin.py:117} INFO - [2022-10-29T09:56:29.078+0000] {dag.py:3328} INFO - Setting next_dagrun for example_task_group_decorator to 2022-10-28T09:56:29.078324+00:00, run_after=2022-10-29T09:56:29.078324+00:00
[2022-10-29T09:56:29.112+0000] {processor.py:178} INFO - Processing /home/airflow/.local/lib/python3.7/site-packages/airflow/example_dags/example_task_group_decorator.py took 0.198 seconds
[2022-10-29T09:56:59.254+0000] {processor.py:156} INFO - Started process (PID=696) to work on /home/airflow/.local/lib/python3.7/site-packages/airflow/example_dags/example_task_group_decorator.py
[2022-10-29T09:56:59.255+0000] {processor.py:758} INFO - Processing file /home/airflow/.local/lib/python3.7/site-packages/airflow/example_dags/example_task_group_decorator.py for tasks to queue
[2022-10-29T09:56:59.256+0000] {logging_mixin.py:117} INFO - [2022-10-29T09:56:59.256+0000] {dagbag.py:525} INFO - Filling up the DagBag from /home/airflow/.local/lib/python3.7/site-packages/airflow/example_dags/example_task_group_decorator.py
[2022-10-29T09:56:59.311+0000] {processor.py:768} INFO - DAG(s) dict_keys(['example_task_group_decorator']) retrieved from /home/airflow/.local/lib/python3.7/site-packages/airflow/example_dags/example_task_group_decorator.py
[2022-10-29T09:56:59.365+0000] {logging_mixin.py:117} INFO - [2022-10-29T09:56:59.365+0000] {dag.py:2573} INFO - Sync 1 DAGs
[2022-10-29T09:56:59.403+0000] {logging_mixin.py:117} INFO - [2022-10-29T09:56:59.403+0000] {dag.py:3328} INFO - Setting next_dagrun for example_task_group_decorator to 2022-10-28T09:56:59.403361+00:00, run_after=2022-10-29T09:56:59.403361+00:00
[2022-10-29T09:56:59.433+0000] {processor.py:178} INFO - Processing /home/airflow/.local/lib/python3.7/site-packages/airflow/example_dags/example_task_group_decorator.py took 0.182 seconds
[2022-10-29T10:02:53.861+0000] {processor.py:156} INFO - Started process (PID=58) to work on /home/airflow/.local/lib/python3.7/site-packages/airflow/example_dags/example_task_group_decorator.py
[2022-10-29T10:02:53.863+0000] {processor.py:758} INFO - Processing file /home/airflow/.local/lib/python3.7/site-packages/airflow/example_dags/example_task_group_decorator.py for tasks to queue
[2022-10-29T10:02:53.864+0000] {logging_mixin.py:117} INFO - [2022-10-29T10:02:53.864+0000] {dagbag.py:525} INFO - Filling up the DagBag from /home/airflow/.local/lib/python3.7/site-packages/airflow/example_dags/example_task_group_decorator.py
[2022-10-29T10:02:53.908+0000] {processor.py:768} INFO - DAG(s) dict_keys(['example_task_group_decorator']) retrieved from /home/airflow/.local/lib/python3.7/site-packages/airflow/example_dags/example_task_group_decorator.py
[2022-10-29T10:02:53.941+0000] {logging_mixin.py:117} INFO - [2022-10-29T10:02:53.941+0000] {dag.py:2573} INFO - Sync 1 DAGs
[2022-10-29T10:02:53.968+0000] {logging_mixin.py:117} INFO - [2022-10-29T10:02:53.968+0000] {dag.py:3328} INFO - Setting next_dagrun for example_task_group_decorator to 2022-10-28T10:02:53.967797+00:00, run_after=2022-10-29T10:02:53.967797+00:00
[2022-10-29T10:02:53.992+0000] {processor.py:178} INFO - Processing /home/airflow/.local/lib/python3.7/site-packages/airflow/example_dags/example_task_group_decorator.py took 0.134 seconds
[2022-10-29T10:03:24.463+0000] {processor.py:156} INFO - Started process (PID=112) to work on /home/airflow/.local/lib/python3.7/site-packages/airflow/example_dags/example_task_group_decorator.py
[2022-10-29T10:03:24.465+0000] {processor.py:758} INFO - Processing file /home/airflow/.local/lib/python3.7/site-packages/airflow/example_dags/example_task_group_decorator.py for tasks to queue
[2022-10-29T10:03:24.466+0000] {logging_mixin.py:117} INFO - [2022-10-29T10:03:24.466+0000] {dagbag.py:525} INFO - Filling up the DagBag from /home/airflow/.local/lib/python3.7/site-packages/airflow/example_dags/example_task_group_decorator.py
[2022-10-29T10:03:24.516+0000] {processor.py:768} INFO - DAG(s) dict_keys(['example_task_group_decorator']) retrieved from /home/airflow/.local/lib/python3.7/site-packages/airflow/example_dags/example_task_group_decorator.py
[2022-10-29T10:03:24.583+0000] {logging_mixin.py:117} INFO - [2022-10-29T10:03:24.583+0000] {dag.py:2573} INFO - Sync 1 DAGs
[2022-10-29T10:03:24.621+0000] {logging_mixin.py:117} INFO - [2022-10-29T10:03:24.621+0000] {dag.py:3328} INFO - Setting next_dagrun for example_task_group_decorator to 2022-10-28T10:03:24.621351+00:00, run_after=2022-10-29T10:03:24.621351+00:00
[2022-10-29T10:03:24.658+0000] {processor.py:178} INFO - Processing /home/airflow/.local/lib/python3.7/site-packages/airflow/example_dags/example_task_group_decorator.py took 0.198 seconds
