[2022-10-29T09:43:11.937+0000] {processor.py:156} INFO - Started process (PID=60) to work on /home/airflow/.local/lib/python3.7/site-packages/airflow/example_dags/example_branch_labels.py
[2022-10-29T09:43:11.939+0000] {processor.py:758} INFO - Processing file /home/airflow/.local/lib/python3.7/site-packages/airflow/example_dags/example_branch_labels.py for tasks to queue
[2022-10-29T09:43:11.940+0000] {logging_mixin.py:117} INFO - [2022-10-29T09:43:11.939+0000] {dagbag.py:525} INFO - Filling up the DagBag from /home/airflow/.local/lib/python3.7/site-packages/airflow/example_dags/example_branch_labels.py
[2022-10-29T09:43:11.961+0000] {processor.py:768} INFO - DAG(s) dict_keys(['example_branch_labels']) retrieved from /home/airflow/.local/lib/python3.7/site-packages/airflow/example_dags/example_branch_labels.py
[2022-10-29T09:43:12.005+0000] {logging_mixin.py:117} INFO - [2022-10-29T09:43:12.005+0000] {dag.py:2573} INFO - Sync 1 DAGs
[2022-10-29T09:43:12.057+0000] {logging_mixin.py:117} INFO - [2022-10-29T09:43:12.057+0000] {dag.py:3328} INFO - Setting next_dagrun for example_branch_labels to 2022-10-28T00:00:00+00:00, run_after=2022-10-29T00:00:00+00:00
[2022-10-29T09:43:12.085+0000] {processor.py:178} INFO - Processing /home/airflow/.local/lib/python3.7/site-packages/airflow/example_dags/example_branch_labels.py took 0.152 seconds
[2022-10-29T09:43:42.495+0000] {processor.py:156} INFO - Started process (PID=114) to work on /home/airflow/.local/lib/python3.7/site-packages/airflow/example_dags/example_branch_labels.py
[2022-10-29T09:43:42.497+0000] {processor.py:758} INFO - Processing file /home/airflow/.local/lib/python3.7/site-packages/airflow/example_dags/example_branch_labels.py for tasks to queue
[2022-10-29T09:43:42.498+0000] {logging_mixin.py:117} INFO - [2022-10-29T09:43:42.498+0000] {dagbag.py:525} INFO - Filling up the DagBag from /home/airflow/.local/lib/python3.7/site-packages/airflow/example_dags/example_branch_labels.py
[2022-10-29T09:43:42.516+0000] {processor.py:768} INFO - DAG(s) dict_keys(['example_branch_labels']) retrieved from /home/airflow/.local/lib/python3.7/site-packages/airflow/example_dags/example_branch_labels.py
[2022-10-29T09:43:42.566+0000] {logging_mixin.py:117} INFO - [2022-10-29T09:43:42.565+0000] {dag.py:2573} INFO - Sync 1 DAGs
[2022-10-29T09:43:42.603+0000] {logging_mixin.py:117} INFO - [2022-10-29T09:43:42.602+0000] {dag.py:3328} INFO - Setting next_dagrun for example_branch_labels to 2022-10-28T00:00:00+00:00, run_after=2022-10-29T00:00:00+00:00
[2022-10-29T09:43:42.631+0000] {processor.py:178} INFO - Processing /home/airflow/.local/lib/python3.7/site-packages/airflow/example_dags/example_branch_labels.py took 0.138 seconds
[2022-10-29T09:44:12.956+0000] {processor.py:156} INFO - Started process (PID=178) to work on /home/airflow/.local/lib/python3.7/site-packages/airflow/example_dags/example_branch_labels.py
[2022-10-29T09:44:12.957+0000] {processor.py:758} INFO - Processing file /home/airflow/.local/lib/python3.7/site-packages/airflow/example_dags/example_branch_labels.py for tasks to queue
[2022-10-29T09:44:12.958+0000] {logging_mixin.py:117} INFO - [2022-10-29T09:44:12.958+0000] {dagbag.py:525} INFO - Filling up the DagBag from /home/airflow/.local/lib/python3.7/site-packages/airflow/example_dags/example_branch_labels.py
[2022-10-29T09:44:12.981+0000] {processor.py:768} INFO - DAG(s) dict_keys(['example_branch_labels']) retrieved from /home/airflow/.local/lib/python3.7/site-packages/airflow/example_dags/example_branch_labels.py
[2022-10-29T09:44:13.056+0000] {logging_mixin.py:117} INFO - [2022-10-29T09:44:13.055+0000] {dag.py:2573} INFO - Sync 1 DAGs
[2022-10-29T09:44:13.101+0000] {logging_mixin.py:117} INFO - [2022-10-29T09:44:13.101+0000] {dag.py:3328} INFO - Setting next_dagrun for example_branch_labels to 2022-10-28T00:00:00+00:00, run_after=2022-10-29T00:00:00+00:00
[2022-10-29T09:44:13.134+0000] {processor.py:178} INFO - Processing /home/airflow/.local/lib/python3.7/site-packages/airflow/example_dags/example_branch_labels.py took 0.182 seconds
[2022-10-29T09:44:43.431+0000] {processor.py:156} INFO - Started process (PID=232) to work on /home/airflow/.local/lib/python3.7/site-packages/airflow/example_dags/example_branch_labels.py
[2022-10-29T09:44:43.432+0000] {processor.py:758} INFO - Processing file /home/airflow/.local/lib/python3.7/site-packages/airflow/example_dags/example_branch_labels.py for tasks to queue
[2022-10-29T09:44:43.434+0000] {logging_mixin.py:117} INFO - [2022-10-29T09:44:43.433+0000] {dagbag.py:525} INFO - Filling up the DagBag from /home/airflow/.local/lib/python3.7/site-packages/airflow/example_dags/example_branch_labels.py
[2022-10-29T09:44:43.454+0000] {processor.py:768} INFO - DAG(s) dict_keys(['example_branch_labels']) retrieved from /home/airflow/.local/lib/python3.7/site-packages/airflow/example_dags/example_branch_labels.py
[2022-10-29T09:44:43.506+0000] {logging_mixin.py:117} INFO - [2022-10-29T09:44:43.506+0000] {dag.py:2573} INFO - Sync 1 DAGs
[2022-10-29T09:44:43.549+0000] {logging_mixin.py:117} INFO - [2022-10-29T09:44:43.549+0000] {dag.py:3328} INFO - Setting next_dagrun for example_branch_labels to 2022-10-28T00:00:00+00:00, run_after=2022-10-29T00:00:00+00:00
[2022-10-29T09:44:43.581+0000] {processor.py:178} INFO - Processing /home/airflow/.local/lib/python3.7/site-packages/airflow/example_dags/example_branch_labels.py took 0.153 seconds
[2022-10-29T09:45:14.240+0000] {processor.py:156} INFO - Started process (PID=294) to work on /home/airflow/.local/lib/python3.7/site-packages/airflow/example_dags/example_branch_labels.py
[2022-10-29T09:45:14.247+0000] {processor.py:758} INFO - Processing file /home/airflow/.local/lib/python3.7/site-packages/airflow/example_dags/example_branch_labels.py for tasks to queue
[2022-10-29T09:45:14.252+0000] {logging_mixin.py:117} INFO - [2022-10-29T09:45:14.252+0000] {dagbag.py:525} INFO - Filling up the DagBag from /home/airflow/.local/lib/python3.7/site-packages/airflow/example_dags/example_branch_labels.py
[2022-10-29T09:45:14.283+0000] {processor.py:768} INFO - DAG(s) dict_keys(['example_branch_labels']) retrieved from /home/airflow/.local/lib/python3.7/site-packages/airflow/example_dags/example_branch_labels.py
[2022-10-29T09:45:14.338+0000] {logging_mixin.py:117} INFO - [2022-10-29T09:45:14.337+0000] {dag.py:2573} INFO - Sync 1 DAGs
[2022-10-29T09:45:14.379+0000] {logging_mixin.py:117} INFO - [2022-10-29T09:45:14.378+0000] {dag.py:3328} INFO - Setting next_dagrun for example_branch_labels to 2022-10-28T00:00:00+00:00, run_after=2022-10-29T00:00:00+00:00
[2022-10-29T09:45:14.407+0000] {processor.py:178} INFO - Processing /home/airflow/.local/lib/python3.7/site-packages/airflow/example_dags/example_branch_labels.py took 0.173 seconds
[2022-10-29T09:45:45.166+0000] {processor.py:156} INFO - Started process (PID=350) to work on /home/airflow/.local/lib/python3.7/site-packages/airflow/example_dags/example_branch_labels.py
[2022-10-29T09:45:45.167+0000] {processor.py:758} INFO - Processing file /home/airflow/.local/lib/python3.7/site-packages/airflow/example_dags/example_branch_labels.py for tasks to queue
[2022-10-29T09:45:45.168+0000] {logging_mixin.py:117} INFO - [2022-10-29T09:45:45.168+0000] {dagbag.py:525} INFO - Filling up the DagBag from /home/airflow/.local/lib/python3.7/site-packages/airflow/example_dags/example_branch_labels.py
[2022-10-29T09:45:45.186+0000] {processor.py:768} INFO - DAG(s) dict_keys(['example_branch_labels']) retrieved from /home/airflow/.local/lib/python3.7/site-packages/airflow/example_dags/example_branch_labels.py
[2022-10-29T09:45:45.240+0000] {logging_mixin.py:117} INFO - [2022-10-29T09:45:45.240+0000] {dag.py:2573} INFO - Sync 1 DAGs
[2022-10-29T09:45:45.279+0000] {logging_mixin.py:117} INFO - [2022-10-29T09:45:45.279+0000] {dag.py:3328} INFO - Setting next_dagrun for example_branch_labels to 2022-10-28T00:00:00+00:00, run_after=2022-10-29T00:00:00+00:00
[2022-10-29T09:45:45.314+0000] {processor.py:178} INFO - Processing /home/airflow/.local/lib/python3.7/site-packages/airflow/example_dags/example_branch_labels.py took 0.151 seconds
[2022-10-29T09:46:15.457+0000] {processor.py:156} INFO - Started process (PID=413) to work on /home/airflow/.local/lib/python3.7/site-packages/airflow/example_dags/example_branch_labels.py
[2022-10-29T09:46:15.458+0000] {processor.py:758} INFO - Processing file /home/airflow/.local/lib/python3.7/site-packages/airflow/example_dags/example_branch_labels.py for tasks to queue
[2022-10-29T09:46:15.459+0000] {logging_mixin.py:117} INFO - [2022-10-29T09:46:15.459+0000] {dagbag.py:525} INFO - Filling up the DagBag from /home/airflow/.local/lib/python3.7/site-packages/airflow/example_dags/example_branch_labels.py
[2022-10-29T09:46:15.477+0000] {processor.py:768} INFO - DAG(s) dict_keys(['example_branch_labels']) retrieved from /home/airflow/.local/lib/python3.7/site-packages/airflow/example_dags/example_branch_labels.py
[2022-10-29T09:46:15.529+0000] {logging_mixin.py:117} INFO - [2022-10-29T09:46:15.528+0000] {dag.py:2573} INFO - Sync 1 DAGs
[2022-10-29T09:46:15.565+0000] {logging_mixin.py:117} INFO - [2022-10-29T09:46:15.565+0000] {dag.py:3328} INFO - Setting next_dagrun for example_branch_labels to 2022-10-28T00:00:00+00:00, run_after=2022-10-29T00:00:00+00:00
[2022-10-29T09:46:15.593+0000] {processor.py:178} INFO - Processing /home/airflow/.local/lib/python3.7/site-packages/airflow/example_dags/example_branch_labels.py took 0.140 seconds
[2022-10-29T09:53:25.646+0000] {processor.py:156} INFO - Started process (PID=284) to work on /home/airflow/.local/lib/python3.7/site-packages/airflow/example_dags/example_branch_labels.py
[2022-10-29T09:53:25.647+0000] {processor.py:758} INFO - Processing file /home/airflow/.local/lib/python3.7/site-packages/airflow/example_dags/example_branch_labels.py for tasks to queue
[2022-10-29T09:53:25.648+0000] {logging_mixin.py:117} INFO - [2022-10-29T09:53:25.648+0000] {dagbag.py:525} INFO - Filling up the DagBag from /home/airflow/.local/lib/python3.7/site-packages/airflow/example_dags/example_branch_labels.py
[2022-10-29T09:53:25.666+0000] {processor.py:768} INFO - DAG(s) dict_keys(['example_branch_labels']) retrieved from /home/airflow/.local/lib/python3.7/site-packages/airflow/example_dags/example_branch_labels.py
[2022-10-29T09:53:26.003+0000] {logging_mixin.py:117} INFO - [2022-10-29T09:53:26.002+0000] {dag.py:2573} INFO - Sync 1 DAGs
[2022-10-29T09:53:26.054+0000] {logging_mixin.py:117} INFO - [2022-10-29T09:53:26.054+0000] {dag.py:3328} INFO - Setting next_dagrun for example_branch_labels to 2022-10-28T00:00:00+00:00, run_after=2022-10-29T00:00:00+00:00
[2022-10-29T09:53:26.091+0000] {processor.py:178} INFO - Processing /home/airflow/.local/lib/python3.7/site-packages/airflow/example_dags/example_branch_labels.py took 0.448 seconds
[2022-10-29T09:53:56.544+0000] {processor.py:156} INFO - Started process (PID=347) to work on /home/airflow/.local/lib/python3.7/site-packages/airflow/example_dags/example_branch_labels.py
[2022-10-29T09:53:56.545+0000] {processor.py:758} INFO - Processing file /home/airflow/.local/lib/python3.7/site-packages/airflow/example_dags/example_branch_labels.py for tasks to queue
[2022-10-29T09:53:56.546+0000] {logging_mixin.py:117} INFO - [2022-10-29T09:53:56.546+0000] {dagbag.py:525} INFO - Filling up the DagBag from /home/airflow/.local/lib/python3.7/site-packages/airflow/example_dags/example_branch_labels.py
[2022-10-29T09:53:56.559+0000] {processor.py:768} INFO - DAG(s) dict_keys(['example_branch_labels']) retrieved from /home/airflow/.local/lib/python3.7/site-packages/airflow/example_dags/example_branch_labels.py
[2022-10-29T09:53:56.712+0000] {logging_mixin.py:117} INFO - [2022-10-29T09:53:56.711+0000] {dag.py:2573} INFO - Sync 1 DAGs
[2022-10-29T09:53:56.741+0000] {logging_mixin.py:117} INFO - [2022-10-29T09:53:56.741+0000] {dag.py:3328} INFO - Setting next_dagrun for example_branch_labels to 2022-10-28T00:00:00+00:00, run_after=2022-10-29T00:00:00+00:00
[2022-10-29T09:53:56.760+0000] {processor.py:178} INFO - Processing /home/airflow/.local/lib/python3.7/site-packages/airflow/example_dags/example_branch_labels.py took 0.218 seconds
[2022-10-29T09:54:26.907+0000] {processor.py:156} INFO - Started process (PID=402) to work on /home/airflow/.local/lib/python3.7/site-packages/airflow/example_dags/example_branch_labels.py
[2022-10-29T09:54:26.908+0000] {processor.py:758} INFO - Processing file /home/airflow/.local/lib/python3.7/site-packages/airflow/example_dags/example_branch_labels.py for tasks to queue
[2022-10-29T09:54:26.910+0000] {logging_mixin.py:117} INFO - [2022-10-29T09:54:26.909+0000] {dagbag.py:525} INFO - Filling up the DagBag from /home/airflow/.local/lib/python3.7/site-packages/airflow/example_dags/example_branch_labels.py
[2022-10-29T09:54:26.929+0000] {processor.py:768} INFO - DAG(s) dict_keys(['example_branch_labels']) retrieved from /home/airflow/.local/lib/python3.7/site-packages/airflow/example_dags/example_branch_labels.py
[2022-10-29T09:54:27.115+0000] {logging_mixin.py:117} INFO - [2022-10-29T09:54:27.115+0000] {dag.py:2573} INFO - Sync 1 DAGs
[2022-10-29T09:54:27.154+0000] {logging_mixin.py:117} INFO - [2022-10-29T09:54:27.154+0000] {dag.py:3328} INFO - Setting next_dagrun for example_branch_labels to 2022-10-28T00:00:00+00:00, run_after=2022-10-29T00:00:00+00:00
[2022-10-29T09:54:27.182+0000] {processor.py:178} INFO - Processing /home/airflow/.local/lib/python3.7/site-packages/airflow/example_dags/example_branch_labels.py took 0.278 seconds
[2022-10-29T09:54:57.805+0000] {processor.py:156} INFO - Started process (PID=466) to work on /home/airflow/.local/lib/python3.7/site-packages/airflow/example_dags/example_branch_labels.py
[2022-10-29T09:54:57.807+0000] {processor.py:758} INFO - Processing file /home/airflow/.local/lib/python3.7/site-packages/airflow/example_dags/example_branch_labels.py for tasks to queue
[2022-10-29T09:54:57.808+0000] {logging_mixin.py:117} INFO - [2022-10-29T09:54:57.808+0000] {dagbag.py:525} INFO - Filling up the DagBag from /home/airflow/.local/lib/python3.7/site-packages/airflow/example_dags/example_branch_labels.py
[2022-10-29T09:54:57.979+0000] {processor.py:768} INFO - DAG(s) dict_keys(['example_branch_labels']) retrieved from /home/airflow/.local/lib/python3.7/site-packages/airflow/example_dags/example_branch_labels.py
[2022-10-29T09:54:58.035+0000] {logging_mixin.py:117} INFO - [2022-10-29T09:54:58.035+0000] {dag.py:2573} INFO - Sync 1 DAGs
[2022-10-29T09:54:58.081+0000] {logging_mixin.py:117} INFO - [2022-10-29T09:54:58.080+0000] {dag.py:3328} INFO - Setting next_dagrun for example_branch_labels to 2022-10-28T00:00:00+00:00, run_after=2022-10-29T00:00:00+00:00
[2022-10-29T09:54:58.118+0000] {processor.py:178} INFO - Processing /home/airflow/.local/lib/python3.7/site-packages/airflow/example_dags/example_branch_labels.py took 0.316 seconds
[2022-10-29T09:55:28.983+0000] {processor.py:156} INFO - Started process (PID=529) to work on /home/airflow/.local/lib/python3.7/site-packages/airflow/example_dags/example_branch_labels.py
[2022-10-29T09:55:28.984+0000] {processor.py:758} INFO - Processing file /home/airflow/.local/lib/python3.7/site-packages/airflow/example_dags/example_branch_labels.py for tasks to queue
[2022-10-29T09:55:28.986+0000] {logging_mixin.py:117} INFO - [2022-10-29T09:55:28.986+0000] {dagbag.py:525} INFO - Filling up the DagBag from /home/airflow/.local/lib/python3.7/site-packages/airflow/example_dags/example_branch_labels.py
[2022-10-29T09:55:29.010+0000] {processor.py:768} INFO - DAG(s) dict_keys(['example_branch_labels']) retrieved from /home/airflow/.local/lib/python3.7/site-packages/airflow/example_dags/example_branch_labels.py
[2022-10-29T09:55:29.045+0000] {logging_mixin.py:117} INFO - [2022-10-29T09:55:29.044+0000] {dag.py:2573} INFO - Sync 1 DAGs
[2022-10-29T09:55:29.097+0000] {logging_mixin.py:117} INFO - [2022-10-29T09:55:29.096+0000] {dag.py:3328} INFO - Setting next_dagrun for example_branch_labels to 2022-10-28T00:00:00+00:00, run_after=2022-10-29T00:00:00+00:00
[2022-10-29T09:55:29.126+0000] {processor.py:178} INFO - Processing /home/airflow/.local/lib/python3.7/site-packages/airflow/example_dags/example_branch_labels.py took 0.146 seconds
[2022-10-29T09:55:59.946+0000] {processor.py:156} INFO - Started process (PID=583) to work on /home/airflow/.local/lib/python3.7/site-packages/airflow/example_dags/example_branch_labels.py
[2022-10-29T09:55:59.948+0000] {processor.py:758} INFO - Processing file /home/airflow/.local/lib/python3.7/site-packages/airflow/example_dags/example_branch_labels.py for tasks to queue
[2022-10-29T09:55:59.949+0000] {logging_mixin.py:117} INFO - [2022-10-29T09:55:59.949+0000] {dagbag.py:525} INFO - Filling up the DagBag from /home/airflow/.local/lib/python3.7/site-packages/airflow/example_dags/example_branch_labels.py
[2022-10-29T09:55:59.978+0000] {processor.py:768} INFO - DAG(s) dict_keys(['example_branch_labels']) retrieved from /home/airflow/.local/lib/python3.7/site-packages/airflow/example_dags/example_branch_labels.py
[2022-10-29T09:56:00.040+0000] {logging_mixin.py:117} INFO - [2022-10-29T09:56:00.040+0000] {dag.py:2573} INFO - Sync 1 DAGs
[2022-10-29T09:56:00.079+0000] {logging_mixin.py:117} INFO - [2022-10-29T09:56:00.079+0000] {dag.py:3328} INFO - Setting next_dagrun for example_branch_labels to 2022-10-28T00:00:00+00:00, run_after=2022-10-29T00:00:00+00:00
[2022-10-29T09:56:00.113+0000] {processor.py:178} INFO - Processing /home/airflow/.local/lib/python3.7/site-packages/airflow/example_dags/example_branch_labels.py took 0.170 seconds
[2022-10-29T09:56:30.411+0000] {processor.py:156} INFO - Started process (PID=646) to work on /home/airflow/.local/lib/python3.7/site-packages/airflow/example_dags/example_branch_labels.py
[2022-10-29T09:56:30.412+0000] {processor.py:758} INFO - Processing file /home/airflow/.local/lib/python3.7/site-packages/airflow/example_dags/example_branch_labels.py for tasks to queue
[2022-10-29T09:56:30.414+0000] {logging_mixin.py:117} INFO - [2022-10-29T09:56:30.413+0000] {dagbag.py:525} INFO - Filling up the DagBag from /home/airflow/.local/lib/python3.7/site-packages/airflow/example_dags/example_branch_labels.py
[2022-10-29T09:56:30.431+0000] {processor.py:768} INFO - DAG(s) dict_keys(['example_branch_labels']) retrieved from /home/airflow/.local/lib/python3.7/site-packages/airflow/example_dags/example_branch_labels.py
[2022-10-29T09:56:30.487+0000] {logging_mixin.py:117} INFO - [2022-10-29T09:56:30.487+0000] {dag.py:2573} INFO - Sync 1 DAGs
[2022-10-29T09:56:30.529+0000] {logging_mixin.py:117} INFO - [2022-10-29T09:56:30.528+0000] {dag.py:3328} INFO - Setting next_dagrun for example_branch_labels to 2022-10-28T00:00:00+00:00, run_after=2022-10-29T00:00:00+00:00
[2022-10-29T09:56:30.564+0000] {processor.py:178} INFO - Processing /home/airflow/.local/lib/python3.7/site-packages/airflow/example_dags/example_branch_labels.py took 0.160 seconds
[2022-10-29T09:57:00.701+0000] {processor.py:156} INFO - Started process (PID=700) to work on /home/airflow/.local/lib/python3.7/site-packages/airflow/example_dags/example_branch_labels.py
[2022-10-29T09:57:00.703+0000] {processor.py:758} INFO - Processing file /home/airflow/.local/lib/python3.7/site-packages/airflow/example_dags/example_branch_labels.py for tasks to queue
[2022-10-29T09:57:00.704+0000] {logging_mixin.py:117} INFO - [2022-10-29T09:57:00.704+0000] {dagbag.py:525} INFO - Filling up the DagBag from /home/airflow/.local/lib/python3.7/site-packages/airflow/example_dags/example_branch_labels.py
[2022-10-29T09:57:00.730+0000] {processor.py:768} INFO - DAG(s) dict_keys(['example_branch_labels']) retrieved from /home/airflow/.local/lib/python3.7/site-packages/airflow/example_dags/example_branch_labels.py
[2022-10-29T09:57:00.788+0000] {logging_mixin.py:117} INFO - [2022-10-29T09:57:00.788+0000] {dag.py:2573} INFO - Sync 1 DAGs
[2022-10-29T09:57:00.837+0000] {logging_mixin.py:117} INFO - [2022-10-29T09:57:00.837+0000] {dag.py:3328} INFO - Setting next_dagrun for example_branch_labels to 2022-10-28T00:00:00+00:00, run_after=2022-10-29T00:00:00+00:00
[2022-10-29T09:57:00.866+0000] {processor.py:178} INFO - Processing /home/airflow/.local/lib/python3.7/site-packages/airflow/example_dags/example_branch_labels.py took 0.168 seconds
[2022-10-29T10:02:54.022+0000] {processor.py:156} INFO - Started process (PID=61) to work on /home/airflow/.local/lib/python3.7/site-packages/airflow/example_dags/example_branch_labels.py
[2022-10-29T10:02:54.023+0000] {processor.py:758} INFO - Processing file /home/airflow/.local/lib/python3.7/site-packages/airflow/example_dags/example_branch_labels.py for tasks to queue
[2022-10-29T10:02:54.024+0000] {logging_mixin.py:117} INFO - [2022-10-29T10:02:54.024+0000] {dagbag.py:525} INFO - Filling up the DagBag from /home/airflow/.local/lib/python3.7/site-packages/airflow/example_dags/example_branch_labels.py
[2022-10-29T10:02:54.037+0000] {processor.py:768} INFO - DAG(s) dict_keys(['example_branch_labels']) retrieved from /home/airflow/.local/lib/python3.7/site-packages/airflow/example_dags/example_branch_labels.py
[2022-10-29T10:02:54.092+0000] {logging_mixin.py:117} INFO - [2022-10-29T10:02:54.092+0000] {dag.py:2573} INFO - Sync 1 DAGs
[2022-10-29T10:02:54.134+0000] {logging_mixin.py:117} INFO - [2022-10-29T10:02:54.134+0000] {dag.py:3328} INFO - Setting next_dagrun for example_branch_labels to 2022-10-28T00:00:00+00:00, run_after=2022-10-29T00:00:00+00:00
[2022-10-29T10:02:54.164+0000] {processor.py:178} INFO - Processing /home/airflow/.local/lib/python3.7/site-packages/airflow/example_dags/example_branch_labels.py took 0.144 seconds
[2022-10-29T10:03:24.788+0000] {processor.py:156} INFO - Started process (PID=115) to work on /home/airflow/.local/lib/python3.7/site-packages/airflow/example_dags/example_branch_labels.py
[2022-10-29T10:03:24.789+0000] {processor.py:758} INFO - Processing file /home/airflow/.local/lib/python3.7/site-packages/airflow/example_dags/example_branch_labels.py for tasks to queue
[2022-10-29T10:03:24.791+0000] {logging_mixin.py:117} INFO - [2022-10-29T10:03:24.790+0000] {dagbag.py:525} INFO - Filling up the DagBag from /home/airflow/.local/lib/python3.7/site-packages/airflow/example_dags/example_branch_labels.py
[2022-10-29T10:03:24.816+0000] {processor.py:768} INFO - DAG(s) dict_keys(['example_branch_labels']) retrieved from /home/airflow/.local/lib/python3.7/site-packages/airflow/example_dags/example_branch_labels.py
[2022-10-29T10:03:24.958+0000] {logging_mixin.py:117} INFO - [2022-10-29T10:03:24.958+0000] {dag.py:2573} INFO - Sync 1 DAGs
[2022-10-29T10:03:25.026+0000] {logging_mixin.py:117} INFO - [2022-10-29T10:03:25.025+0000] {dag.py:3328} INFO - Setting next_dagrun for example_branch_labels to 2022-10-28T00:00:00+00:00, run_after=2022-10-29T00:00:00+00:00
[2022-10-29T10:03:25.053+0000] {processor.py:178} INFO - Processing /home/airflow/.local/lib/python3.7/site-packages/airflow/example_dags/example_branch_labels.py took 0.268 seconds
