[2022-10-29T09:43:14.283+0000] {processor.py:156} INFO - Started process (PID=86) to work on /home/airflow/.local/lib/python3.7/site-packages/airflow/example_dags/example_nested_branch_dag.py
[2022-10-29T09:43:14.285+0000] {processor.py:758} INFO - Processing file /home/airflow/.local/lib/python3.7/site-packages/airflow/example_dags/example_nested_branch_dag.py for tasks to queue
[2022-10-29T09:43:14.287+0000] {logging_mixin.py:117} INFO - [2022-10-29T09:43:14.286+0000] {dagbag.py:525} INFO - Filling up the DagBag from /home/airflow/.local/lib/python3.7/site-packages/airflow/example_dags/example_nested_branch_dag.py
[2022-10-29T09:43:14.322+0000] {processor.py:768} INFO - DAG(s) dict_keys(['example_nested_branch_dag']) retrieved from /home/airflow/.local/lib/python3.7/site-packages/airflow/example_dags/example_nested_branch_dag.py
[2022-10-29T09:43:14.379+0000] {logging_mixin.py:117} INFO - [2022-10-29T09:43:14.378+0000] {dag.py:2573} INFO - Sync 1 DAGs
[2022-10-29T09:43:14.438+0000] {logging_mixin.py:117} INFO - [2022-10-29T09:43:14.438+0000] {dag.py:3328} INFO - Setting next_dagrun for example_nested_branch_dag to 2022-10-28T00:00:00+00:00, run_after=2022-10-29T00:00:00+00:00
[2022-10-29T09:43:14.468+0000] {processor.py:178} INFO - Processing /home/airflow/.local/lib/python3.7/site-packages/airflow/example_dags/example_nested_branch_dag.py took 0.189 seconds
[2022-10-29T09:43:45.750+0000] {processor.py:156} INFO - Started process (PID=140) to work on /home/airflow/.local/lib/python3.7/site-packages/airflow/example_dags/example_nested_branch_dag.py
[2022-10-29T09:43:45.752+0000] {processor.py:758} INFO - Processing file /home/airflow/.local/lib/python3.7/site-packages/airflow/example_dags/example_nested_branch_dag.py for tasks to queue
[2022-10-29T09:43:45.753+0000] {logging_mixin.py:117} INFO - [2022-10-29T09:43:45.753+0000] {dagbag.py:525} INFO - Filling up the DagBag from /home/airflow/.local/lib/python3.7/site-packages/airflow/example_dags/example_nested_branch_dag.py
[2022-10-29T09:43:45.784+0000] {processor.py:768} INFO - DAG(s) dict_keys(['example_nested_branch_dag']) retrieved from /home/airflow/.local/lib/python3.7/site-packages/airflow/example_dags/example_nested_branch_dag.py
[2022-10-29T09:43:45.835+0000] {logging_mixin.py:117} INFO - [2022-10-29T09:43:45.834+0000] {dag.py:2573} INFO - Sync 1 DAGs
[2022-10-29T09:43:45.872+0000] {logging_mixin.py:117} INFO - [2022-10-29T09:43:45.872+0000] {dag.py:3328} INFO - Setting next_dagrun for example_nested_branch_dag to 2022-10-28T00:00:00+00:00, run_after=2022-10-29T00:00:00+00:00
[2022-10-29T09:43:45.901+0000] {processor.py:178} INFO - Processing /home/airflow/.local/lib/python3.7/site-packages/airflow/example_dags/example_nested_branch_dag.py took 0.153 seconds
[2022-10-29T09:44:16.290+0000] {processor.py:156} INFO - Started process (PID=204) to work on /home/airflow/.local/lib/python3.7/site-packages/airflow/example_dags/example_nested_branch_dag.py
[2022-10-29T09:44:16.291+0000] {processor.py:758} INFO - Processing file /home/airflow/.local/lib/python3.7/site-packages/airflow/example_dags/example_nested_branch_dag.py for tasks to queue
[2022-10-29T09:44:16.292+0000] {logging_mixin.py:117} INFO - [2022-10-29T09:44:16.292+0000] {dagbag.py:525} INFO - Filling up the DagBag from /home/airflow/.local/lib/python3.7/site-packages/airflow/example_dags/example_nested_branch_dag.py
[2022-10-29T09:44:16.328+0000] {processor.py:768} INFO - DAG(s) dict_keys(['example_nested_branch_dag']) retrieved from /home/airflow/.local/lib/python3.7/site-packages/airflow/example_dags/example_nested_branch_dag.py
[2022-10-29T09:44:16.384+0000] {logging_mixin.py:117} INFO - [2022-10-29T09:44:16.383+0000] {dag.py:2573} INFO - Sync 1 DAGs
[2022-10-29T09:44:16.428+0000] {logging_mixin.py:117} INFO - [2022-10-29T09:44:16.428+0000] {dag.py:3328} INFO - Setting next_dagrun for example_nested_branch_dag to 2022-10-28T00:00:00+00:00, run_after=2022-10-29T00:00:00+00:00
[2022-10-29T09:44:16.460+0000] {processor.py:178} INFO - Processing /home/airflow/.local/lib/python3.7/site-packages/airflow/example_dags/example_nested_branch_dag.py took 0.173 seconds
[2022-10-29T09:44:47.491+0000] {processor.py:156} INFO - Started process (PID=267) to work on /home/airflow/.local/lib/python3.7/site-packages/airflow/example_dags/example_nested_branch_dag.py
[2022-10-29T09:44:47.492+0000] {processor.py:758} INFO - Processing file /home/airflow/.local/lib/python3.7/site-packages/airflow/example_dags/example_nested_branch_dag.py for tasks to queue
[2022-10-29T09:44:47.493+0000] {logging_mixin.py:117} INFO - [2022-10-29T09:44:47.493+0000] {dagbag.py:525} INFO - Filling up the DagBag from /home/airflow/.local/lib/python3.7/site-packages/airflow/example_dags/example_nested_branch_dag.py
[2022-10-29T09:44:47.527+0000] {processor.py:768} INFO - DAG(s) dict_keys(['example_nested_branch_dag']) retrieved from /home/airflow/.local/lib/python3.7/site-packages/airflow/example_dags/example_nested_branch_dag.py
[2022-10-29T09:44:47.585+0000] {logging_mixin.py:117} INFO - [2022-10-29T09:44:47.584+0000] {dag.py:2573} INFO - Sync 1 DAGs
[2022-10-29T09:44:47.632+0000] {logging_mixin.py:117} INFO - [2022-10-29T09:44:47.632+0000] {dag.py:3328} INFO - Setting next_dagrun for example_nested_branch_dag to 2022-10-28T00:00:00+00:00, run_after=2022-10-29T00:00:00+00:00
[2022-10-29T09:44:47.665+0000] {processor.py:178} INFO - Processing /home/airflow/.local/lib/python3.7/site-packages/airflow/example_dags/example_nested_branch_dag.py took 0.177 seconds
[2022-10-29T09:45:18.284+0000] {processor.py:156} INFO - Started process (PID=320) to work on /home/airflow/.local/lib/python3.7/site-packages/airflow/example_dags/example_nested_branch_dag.py
[2022-10-29T09:45:18.285+0000] {processor.py:758} INFO - Processing file /home/airflow/.local/lib/python3.7/site-packages/airflow/example_dags/example_nested_branch_dag.py for tasks to queue
[2022-10-29T09:45:18.287+0000] {logging_mixin.py:117} INFO - [2022-10-29T09:45:18.286+0000] {dagbag.py:525} INFO - Filling up the DagBag from /home/airflow/.local/lib/python3.7/site-packages/airflow/example_dags/example_nested_branch_dag.py
[2022-10-29T09:45:18.317+0000] {processor.py:768} INFO - DAG(s) dict_keys(['example_nested_branch_dag']) retrieved from /home/airflow/.local/lib/python3.7/site-packages/airflow/example_dags/example_nested_branch_dag.py
[2022-10-29T09:45:18.372+0000] {logging_mixin.py:117} INFO - [2022-10-29T09:45:18.371+0000] {dag.py:2573} INFO - Sync 1 DAGs
[2022-10-29T09:45:18.413+0000] {logging_mixin.py:117} INFO - [2022-10-29T09:45:18.413+0000] {dag.py:3328} INFO - Setting next_dagrun for example_nested_branch_dag to 2022-10-28T00:00:00+00:00, run_after=2022-10-29T00:00:00+00:00
[2022-10-29T09:45:18.447+0000] {processor.py:178} INFO - Processing /home/airflow/.local/lib/python3.7/site-packages/airflow/example_dags/example_nested_branch_dag.py took 0.167 seconds
[2022-10-29T09:45:49.190+0000] {processor.py:156} INFO - Started process (PID=385) to work on /home/airflow/.local/lib/python3.7/site-packages/airflow/example_dags/example_nested_branch_dag.py
[2022-10-29T09:45:49.191+0000] {processor.py:758} INFO - Processing file /home/airflow/.local/lib/python3.7/site-packages/airflow/example_dags/example_nested_branch_dag.py for tasks to queue
[2022-10-29T09:45:49.192+0000] {logging_mixin.py:117} INFO - [2022-10-29T09:45:49.192+0000] {dagbag.py:525} INFO - Filling up the DagBag from /home/airflow/.local/lib/python3.7/site-packages/airflow/example_dags/example_nested_branch_dag.py
[2022-10-29T09:45:49.224+0000] {processor.py:768} INFO - DAG(s) dict_keys(['example_nested_branch_dag']) retrieved from /home/airflow/.local/lib/python3.7/site-packages/airflow/example_dags/example_nested_branch_dag.py
[2022-10-29T09:45:49.281+0000] {logging_mixin.py:117} INFO - [2022-10-29T09:45:49.280+0000] {dag.py:2573} INFO - Sync 1 DAGs
[2022-10-29T09:45:49.316+0000] {logging_mixin.py:117} INFO - [2022-10-29T09:45:49.315+0000] {dag.py:3328} INFO - Setting next_dagrun for example_nested_branch_dag to 2022-10-28T00:00:00+00:00, run_after=2022-10-29T00:00:00+00:00
[2022-10-29T09:45:49.348+0000] {processor.py:178} INFO - Processing /home/airflow/.local/lib/python3.7/site-packages/airflow/example_dags/example_nested_branch_dag.py took 0.162 seconds
[2022-10-29T09:46:19.531+0000] {processor.py:156} INFO - Started process (PID=439) to work on /home/airflow/.local/lib/python3.7/site-packages/airflow/example_dags/example_nested_branch_dag.py
[2022-10-29T09:46:19.533+0000] {processor.py:758} INFO - Processing file /home/airflow/.local/lib/python3.7/site-packages/airflow/example_dags/example_nested_branch_dag.py for tasks to queue
[2022-10-29T09:46:19.534+0000] {logging_mixin.py:117} INFO - [2022-10-29T09:46:19.534+0000] {dagbag.py:525} INFO - Filling up the DagBag from /home/airflow/.local/lib/python3.7/site-packages/airflow/example_dags/example_nested_branch_dag.py
[2022-10-29T09:46:19.568+0000] {processor.py:768} INFO - DAG(s) dict_keys(['example_nested_branch_dag']) retrieved from /home/airflow/.local/lib/python3.7/site-packages/airflow/example_dags/example_nested_branch_dag.py
[2022-10-29T09:46:19.636+0000] {logging_mixin.py:117} INFO - [2022-10-29T09:46:19.635+0000] {dag.py:2573} INFO - Sync 1 DAGs
[2022-10-29T09:46:19.681+0000] {logging_mixin.py:117} INFO - [2022-10-29T09:46:19.681+0000] {dag.py:3328} INFO - Setting next_dagrun for example_nested_branch_dag to 2022-10-28T00:00:00+00:00, run_after=2022-10-29T00:00:00+00:00
[2022-10-29T09:46:19.740+0000] {processor.py:178} INFO - Processing /home/airflow/.local/lib/python3.7/site-packages/airflow/example_dags/example_nested_branch_dag.py took 0.212 seconds
[2022-10-29T09:53:35.681+0000] {processor.py:156} INFO - Started process (PID=319) to work on /home/airflow/.local/lib/python3.7/site-packages/airflow/example_dags/example_nested_branch_dag.py
[2022-10-29T09:53:35.683+0000] {processor.py:758} INFO - Processing file /home/airflow/.local/lib/python3.7/site-packages/airflow/example_dags/example_nested_branch_dag.py for tasks to queue
[2022-10-29T09:53:35.684+0000] {logging_mixin.py:117} INFO - [2022-10-29T09:53:35.684+0000] {dagbag.py:525} INFO - Filling up the DagBag from /home/airflow/.local/lib/python3.7/site-packages/airflow/example_dags/example_nested_branch_dag.py
[2022-10-29T09:53:35.715+0000] {processor.py:768} INFO - DAG(s) dict_keys(['example_nested_branch_dag']) retrieved from /home/airflow/.local/lib/python3.7/site-packages/airflow/example_dags/example_nested_branch_dag.py
[2022-10-29T09:53:35.963+0000] {logging_mixin.py:117} INFO - [2022-10-29T09:53:35.963+0000] {dag.py:2573} INFO - Sync 1 DAGs
[2022-10-29T09:53:35.999+0000] {logging_mixin.py:117} INFO - [2022-10-29T09:53:35.998+0000] {dag.py:3328} INFO - Setting next_dagrun for example_nested_branch_dag to 2022-10-28T00:00:00+00:00, run_after=2022-10-29T00:00:00+00:00
[2022-10-29T09:53:36.025+0000] {processor.py:178} INFO - Processing /home/airflow/.local/lib/python3.7/site-packages/airflow/example_dags/example_nested_branch_dag.py took 0.347 seconds
[2022-10-29T09:54:06.542+0000] {processor.py:156} INFO - Started process (PID=382) to work on /home/airflow/.local/lib/python3.7/site-packages/airflow/example_dags/example_nested_branch_dag.py
[2022-10-29T09:54:06.543+0000] {processor.py:758} INFO - Processing file /home/airflow/.local/lib/python3.7/site-packages/airflow/example_dags/example_nested_branch_dag.py for tasks to queue
[2022-10-29T09:54:06.544+0000] {logging_mixin.py:117} INFO - [2022-10-29T09:54:06.544+0000] {dagbag.py:525} INFO - Filling up the DagBag from /home/airflow/.local/lib/python3.7/site-packages/airflow/example_dags/example_nested_branch_dag.py
[2022-10-29T09:54:06.724+0000] {processor.py:768} INFO - DAG(s) dict_keys(['example_nested_branch_dag']) retrieved from /home/airflow/.local/lib/python3.7/site-packages/airflow/example_dags/example_nested_branch_dag.py
[2022-10-29T09:54:06.767+0000] {logging_mixin.py:117} INFO - [2022-10-29T09:54:06.767+0000] {dag.py:2573} INFO - Sync 1 DAGs
[2022-10-29T09:54:06.800+0000] {logging_mixin.py:117} INFO - [2022-10-29T09:54:06.799+0000] {dag.py:3328} INFO - Setting next_dagrun for example_nested_branch_dag to 2022-10-28T00:00:00+00:00, run_after=2022-10-29T00:00:00+00:00
[2022-10-29T09:54:06.824+0000] {processor.py:178} INFO - Processing /home/airflow/.local/lib/python3.7/site-packages/airflow/example_dags/example_nested_branch_dag.py took 0.286 seconds
[2022-10-29T09:54:37.063+0000] {processor.py:156} INFO - Started process (PID=437) to work on /home/airflow/.local/lib/python3.7/site-packages/airflow/example_dags/example_nested_branch_dag.py
[2022-10-29T09:54:37.064+0000] {processor.py:758} INFO - Processing file /home/airflow/.local/lib/python3.7/site-packages/airflow/example_dags/example_nested_branch_dag.py for tasks to queue
[2022-10-29T09:54:37.067+0000] {logging_mixin.py:117} INFO - [2022-10-29T09:54:37.066+0000] {dagbag.py:525} INFO - Filling up the DagBag from /home/airflow/.local/lib/python3.7/site-packages/airflow/example_dags/example_nested_branch_dag.py
[2022-10-29T09:54:37.306+0000] {processor.py:768} INFO - DAG(s) dict_keys(['example_nested_branch_dag']) retrieved from /home/airflow/.local/lib/python3.7/site-packages/airflow/example_dags/example_nested_branch_dag.py
[2022-10-29T09:54:37.364+0000] {logging_mixin.py:117} INFO - [2022-10-29T09:54:37.364+0000] {dag.py:2573} INFO - Sync 1 DAGs
[2022-10-29T09:54:37.402+0000] {logging_mixin.py:117} INFO - [2022-10-29T09:54:37.402+0000] {dag.py:3328} INFO - Setting next_dagrun for example_nested_branch_dag to 2022-10-28T00:00:00+00:00, run_after=2022-10-29T00:00:00+00:00
[2022-10-29T09:54:37.431+0000] {processor.py:178} INFO - Processing /home/airflow/.local/lib/python3.7/site-packages/airflow/example_dags/example_nested_branch_dag.py took 0.376 seconds
[2022-10-29T09:55:07.491+0000] {processor.py:156} INFO - Started process (PID=501) to work on /home/airflow/.local/lib/python3.7/site-packages/airflow/example_dags/example_nested_branch_dag.py
[2022-10-29T09:55:07.492+0000] {processor.py:758} INFO - Processing file /home/airflow/.local/lib/python3.7/site-packages/airflow/example_dags/example_nested_branch_dag.py for tasks to queue
[2022-10-29T09:55:07.494+0000] {logging_mixin.py:117} INFO - [2022-10-29T09:55:07.494+0000] {dagbag.py:525} INFO - Filling up the DagBag from /home/airflow/.local/lib/python3.7/site-packages/airflow/example_dags/example_nested_branch_dag.py
[2022-10-29T09:55:07.538+0000] {processor.py:768} INFO - DAG(s) dict_keys(['example_nested_branch_dag']) retrieved from /home/airflow/.local/lib/python3.7/site-packages/airflow/example_dags/example_nested_branch_dag.py
[2022-10-29T09:55:07.585+0000] {logging_mixin.py:117} INFO - [2022-10-29T09:55:07.585+0000] {dag.py:2573} INFO - Sync 1 DAGs
[2022-10-29T09:55:07.620+0000] {logging_mixin.py:117} INFO - [2022-10-29T09:55:07.620+0000] {dag.py:3328} INFO - Setting next_dagrun for example_nested_branch_dag to 2022-10-28T00:00:00+00:00, run_after=2022-10-29T00:00:00+00:00
[2022-10-29T09:55:07.648+0000] {processor.py:178} INFO - Processing /home/airflow/.local/lib/python3.7/site-packages/airflow/example_dags/example_nested_branch_dag.py took 0.161 seconds
[2022-10-29T09:55:37.743+0000] {processor.py:156} INFO - Started process (PID=555) to work on /home/airflow/.local/lib/python3.7/site-packages/airflow/example_dags/example_nested_branch_dag.py
[2022-10-29T09:55:37.744+0000] {processor.py:758} INFO - Processing file /home/airflow/.local/lib/python3.7/site-packages/airflow/example_dags/example_nested_branch_dag.py for tasks to queue
[2022-10-29T09:55:37.745+0000] {logging_mixin.py:117} INFO - [2022-10-29T09:55:37.745+0000] {dagbag.py:525} INFO - Filling up the DagBag from /home/airflow/.local/lib/python3.7/site-packages/airflow/example_dags/example_nested_branch_dag.py
[2022-10-29T09:55:37.777+0000] {processor.py:768} INFO - DAG(s) dict_keys(['example_nested_branch_dag']) retrieved from /home/airflow/.local/lib/python3.7/site-packages/airflow/example_dags/example_nested_branch_dag.py
[2022-10-29T09:55:37.814+0000] {logging_mixin.py:117} INFO - [2022-10-29T09:55:37.814+0000] {dag.py:2573} INFO - Sync 1 DAGs
[2022-10-29T09:55:37.856+0000] {logging_mixin.py:117} INFO - [2022-10-29T09:55:37.856+0000] {dag.py:3328} INFO - Setting next_dagrun for example_nested_branch_dag to 2022-10-28T00:00:00+00:00, run_after=2022-10-29T00:00:00+00:00
[2022-10-29T09:55:37.886+0000] {processor.py:178} INFO - Processing /home/airflow/.local/lib/python3.7/site-packages/airflow/example_dags/example_nested_branch_dag.py took 0.147 seconds
[2022-10-29T09:56:08.055+0000] {processor.py:156} INFO - Started process (PID=618) to work on /home/airflow/.local/lib/python3.7/site-packages/airflow/example_dags/example_nested_branch_dag.py
[2022-10-29T09:56:08.057+0000] {processor.py:758} INFO - Processing file /home/airflow/.local/lib/python3.7/site-packages/airflow/example_dags/example_nested_branch_dag.py for tasks to queue
[2022-10-29T09:56:08.058+0000] {logging_mixin.py:117} INFO - [2022-10-29T09:56:08.057+0000] {dagbag.py:525} INFO - Filling up the DagBag from /home/airflow/.local/lib/python3.7/site-packages/airflow/example_dags/example_nested_branch_dag.py
[2022-10-29T09:56:08.084+0000] {processor.py:768} INFO - DAG(s) dict_keys(['example_nested_branch_dag']) retrieved from /home/airflow/.local/lib/python3.7/site-packages/airflow/example_dags/example_nested_branch_dag.py
[2022-10-29T09:56:08.121+0000] {logging_mixin.py:117} INFO - [2022-10-29T09:56:08.121+0000] {dag.py:2573} INFO - Sync 1 DAGs
[2022-10-29T09:56:08.151+0000] {logging_mixin.py:117} INFO - [2022-10-29T09:56:08.151+0000] {dag.py:3328} INFO - Setting next_dagrun for example_nested_branch_dag to 2022-10-28T00:00:00+00:00, run_after=2022-10-29T00:00:00+00:00
[2022-10-29T09:56:08.177+0000] {processor.py:178} INFO - Processing /home/airflow/.local/lib/python3.7/site-packages/airflow/example_dags/example_nested_branch_dag.py took 0.123 seconds
[2022-10-29T09:56:38.432+0000] {processor.py:156} INFO - Started process (PID=672) to work on /home/airflow/.local/lib/python3.7/site-packages/airflow/example_dags/example_nested_branch_dag.py
[2022-10-29T09:56:38.433+0000] {processor.py:758} INFO - Processing file /home/airflow/.local/lib/python3.7/site-packages/airflow/example_dags/example_nested_branch_dag.py for tasks to queue
[2022-10-29T09:56:38.435+0000] {logging_mixin.py:117} INFO - [2022-10-29T09:56:38.434+0000] {dagbag.py:525} INFO - Filling up the DagBag from /home/airflow/.local/lib/python3.7/site-packages/airflow/example_dags/example_nested_branch_dag.py
[2022-10-29T09:56:38.470+0000] {processor.py:768} INFO - DAG(s) dict_keys(['example_nested_branch_dag']) retrieved from /home/airflow/.local/lib/python3.7/site-packages/airflow/example_dags/example_nested_branch_dag.py
[2022-10-29T09:56:38.530+0000] {logging_mixin.py:117} INFO - [2022-10-29T09:56:38.530+0000] {dag.py:2573} INFO - Sync 1 DAGs
[2022-10-29T09:56:38.567+0000] {logging_mixin.py:117} INFO - [2022-10-29T09:56:38.566+0000] {dag.py:3328} INFO - Setting next_dagrun for example_nested_branch_dag to 2022-10-28T00:00:00+00:00, run_after=2022-10-29T00:00:00+00:00
[2022-10-29T09:56:38.597+0000] {processor.py:178} INFO - Processing /home/airflow/.local/lib/python3.7/site-packages/airflow/example_dags/example_nested_branch_dag.py took 0.169 seconds
[2022-10-29T09:57:09.104+0000] {processor.py:156} INFO - Started process (PID=735) to work on /home/airflow/.local/lib/python3.7/site-packages/airflow/example_dags/example_nested_branch_dag.py
[2022-10-29T09:57:09.105+0000] {processor.py:758} INFO - Processing file /home/airflow/.local/lib/python3.7/site-packages/airflow/example_dags/example_nested_branch_dag.py for tasks to queue
[2022-10-29T09:57:09.107+0000] {logging_mixin.py:117} INFO - [2022-10-29T09:57:09.107+0000] {dagbag.py:525} INFO - Filling up the DagBag from /home/airflow/.local/lib/python3.7/site-packages/airflow/example_dags/example_nested_branch_dag.py
[2022-10-29T09:57:09.146+0000] {processor.py:768} INFO - DAG(s) dict_keys(['example_nested_branch_dag']) retrieved from /home/airflow/.local/lib/python3.7/site-packages/airflow/example_dags/example_nested_branch_dag.py
[2022-10-29T09:57:09.207+0000] {logging_mixin.py:117} INFO - [2022-10-29T09:57:09.207+0000] {dag.py:2573} INFO - Sync 1 DAGs
[2022-10-29T09:57:09.262+0000] {logging_mixin.py:117} INFO - [2022-10-29T09:57:09.261+0000] {dag.py:3328} INFO - Setting next_dagrun for example_nested_branch_dag to 2022-10-28T00:00:00+00:00, run_after=2022-10-29T00:00:00+00:00
[2022-10-29T09:57:09.292+0000] {processor.py:178} INFO - Processing /home/airflow/.local/lib/python3.7/site-packages/airflow/example_dags/example_nested_branch_dag.py took 0.193 seconds
[2022-10-29T10:02:57.307+0000] {processor.py:156} INFO - Started process (PID=87) to work on /home/airflow/.local/lib/python3.7/site-packages/airflow/example_dags/example_nested_branch_dag.py
[2022-10-29T10:02:57.309+0000] {processor.py:758} INFO - Processing file /home/airflow/.local/lib/python3.7/site-packages/airflow/example_dags/example_nested_branch_dag.py for tasks to queue
[2022-10-29T10:02:57.310+0000] {logging_mixin.py:117} INFO - [2022-10-29T10:02:57.310+0000] {dagbag.py:525} INFO - Filling up the DagBag from /home/airflow/.local/lib/python3.7/site-packages/airflow/example_dags/example_nested_branch_dag.py
[2022-10-29T10:02:57.379+0000] {processor.py:768} INFO - DAG(s) dict_keys(['example_nested_branch_dag']) retrieved from /home/airflow/.local/lib/python3.7/site-packages/airflow/example_dags/example_nested_branch_dag.py
[2022-10-29T10:02:57.461+0000] {logging_mixin.py:117} INFO - [2022-10-29T10:02:57.460+0000] {dag.py:2573} INFO - Sync 1 DAGs
[2022-10-29T10:02:57.507+0000] {logging_mixin.py:117} INFO - [2022-10-29T10:02:57.507+0000] {dag.py:3328} INFO - Setting next_dagrun for example_nested_branch_dag to 2022-10-28T00:00:00+00:00, run_after=2022-10-29T00:00:00+00:00
[2022-10-29T10:02:57.539+0000] {processor.py:178} INFO - Processing /home/airflow/.local/lib/python3.7/site-packages/airflow/example_dags/example_nested_branch_dag.py took 0.235 seconds
[2022-10-29T10:03:27.758+0000] {processor.py:156} INFO - Started process (PID=150) to work on /home/airflow/.local/lib/python3.7/site-packages/airflow/example_dags/example_nested_branch_dag.py
[2022-10-29T10:03:27.760+0000] {processor.py:758} INFO - Processing file /home/airflow/.local/lib/python3.7/site-packages/airflow/example_dags/example_nested_branch_dag.py for tasks to queue
[2022-10-29T10:03:27.761+0000] {logging_mixin.py:117} INFO - [2022-10-29T10:03:27.761+0000] {dagbag.py:525} INFO - Filling up the DagBag from /home/airflow/.local/lib/python3.7/site-packages/airflow/example_dags/example_nested_branch_dag.py
[2022-10-29T10:03:27.800+0000] {processor.py:768} INFO - DAG(s) dict_keys(['example_nested_branch_dag']) retrieved from /home/airflow/.local/lib/python3.7/site-packages/airflow/example_dags/example_nested_branch_dag.py
[2022-10-29T10:03:27.869+0000] {logging_mixin.py:117} INFO - [2022-10-29T10:03:27.869+0000] {dag.py:2573} INFO - Sync 1 DAGs
[2022-10-29T10:03:27.908+0000] {logging_mixin.py:117} INFO - [2022-10-29T10:03:27.908+0000] {dag.py:3328} INFO - Setting next_dagrun for example_nested_branch_dag to 2022-10-28T00:00:00+00:00, run_after=2022-10-29T00:00:00+00:00
[2022-10-29T10:03:27.951+0000] {processor.py:178} INFO - Processing /home/airflow/.local/lib/python3.7/site-packages/airflow/example_dags/example_nested_branch_dag.py took 0.196 seconds
