[2022-10-29T09:43:12.958+0000] {processor.py:156} INFO - Started process (PID=71) to work on /home/airflow/.local/lib/python3.7/site-packages/airflow/example_dags/example_xcom.py
[2022-10-29T09:43:12.959+0000] {processor.py:758} INFO - Processing file /home/airflow/.local/lib/python3.7/site-packages/airflow/example_dags/example_xcom.py for tasks to queue
[2022-10-29T09:43:12.961+0000] {logging_mixin.py:117} INFO - [2022-10-29T09:43:12.960+0000] {dagbag.py:525} INFO - Filling up the DagBag from /home/airflow/.local/lib/python3.7/site-packages/airflow/example_dags/example_xcom.py
[2022-10-29T09:43:12.992+0000] {processor.py:768} INFO - DAG(s) dict_keys(['example_xcom']) retrieved from /home/airflow/.local/lib/python3.7/site-packages/airflow/example_dags/example_xcom.py
[2022-10-29T09:43:13.029+0000] {logging_mixin.py:117} INFO - [2022-10-29T09:43:13.029+0000] {dag.py:2573} INFO - Sync 1 DAGs
[2022-10-29T09:43:13.068+0000] {logging_mixin.py:117} INFO - [2022-10-29T09:43:13.068+0000] {dag.py:3328} INFO - Setting next_dagrun for example_xcom to 2021-01-01T00:00:00+00:00, run_after=2021-01-01T00:00:00+00:00
[2022-10-29T09:43:13.096+0000] {processor.py:178} INFO - Processing /home/airflow/.local/lib/python3.7/site-packages/airflow/example_dags/example_xcom.py took 0.141 seconds
[2022-10-29T09:43:43.995+0000] {processor.py:156} INFO - Started process (PID=125) to work on /home/airflow/.local/lib/python3.7/site-packages/airflow/example_dags/example_xcom.py
[2022-10-29T09:43:43.996+0000] {processor.py:758} INFO - Processing file /home/airflow/.local/lib/python3.7/site-packages/airflow/example_dags/example_xcom.py for tasks to queue
[2022-10-29T09:43:43.997+0000] {logging_mixin.py:117} INFO - [2022-10-29T09:43:43.997+0000] {dagbag.py:525} INFO - Filling up the DagBag from /home/airflow/.local/lib/python3.7/site-packages/airflow/example_dags/example_xcom.py
[2022-10-29T09:43:44.027+0000] {processor.py:768} INFO - DAG(s) dict_keys(['example_xcom']) retrieved from /home/airflow/.local/lib/python3.7/site-packages/airflow/example_dags/example_xcom.py
[2022-10-29T09:43:44.080+0000] {logging_mixin.py:117} INFO - [2022-10-29T09:43:44.080+0000] {dag.py:2573} INFO - Sync 1 DAGs
[2022-10-29T09:43:44.111+0000] {logging_mixin.py:117} INFO - [2022-10-29T09:43:44.111+0000] {dag.py:3328} INFO - Setting next_dagrun for example_xcom to 2021-01-01T00:00:00+00:00, run_after=2021-01-01T00:00:00+00:00
[2022-10-29T09:43:44.139+0000] {processor.py:178} INFO - Processing /home/airflow/.local/lib/python3.7/site-packages/airflow/example_dags/example_xcom.py took 0.148 seconds
[2022-10-29T09:44:14.345+0000] {processor.py:156} INFO - Started process (PID=189) to work on /home/airflow/.local/lib/python3.7/site-packages/airflow/example_dags/example_xcom.py
[2022-10-29T09:44:14.347+0000] {processor.py:758} INFO - Processing file /home/airflow/.local/lib/python3.7/site-packages/airflow/example_dags/example_xcom.py for tasks to queue
[2022-10-29T09:44:14.348+0000] {logging_mixin.py:117} INFO - [2022-10-29T09:44:14.348+0000] {dagbag.py:525} INFO - Filling up the DagBag from /home/airflow/.local/lib/python3.7/site-packages/airflow/example_dags/example_xcom.py
[2022-10-29T09:44:14.387+0000] {processor.py:768} INFO - DAG(s) dict_keys(['example_xcom']) retrieved from /home/airflow/.local/lib/python3.7/site-packages/airflow/example_dags/example_xcom.py
[2022-10-29T09:44:14.455+0000] {logging_mixin.py:117} INFO - [2022-10-29T09:44:14.454+0000] {dag.py:2573} INFO - Sync 1 DAGs
[2022-10-29T09:44:14.505+0000] {logging_mixin.py:117} INFO - [2022-10-29T09:44:14.504+0000] {dag.py:3328} INFO - Setting next_dagrun for example_xcom to 2021-01-01T00:00:00+00:00, run_after=2021-01-01T00:00:00+00:00
[2022-10-29T09:44:14.544+0000] {processor.py:178} INFO - Processing /home/airflow/.local/lib/python3.7/site-packages/airflow/example_dags/example_xcom.py took 0.202 seconds
[2022-10-29T09:44:44.638+0000] {processor.py:156} INFO - Started process (PID=243) to work on /home/airflow/.local/lib/python3.7/site-packages/airflow/example_dags/example_xcom.py
[2022-10-29T09:44:44.640+0000] {processor.py:758} INFO - Processing file /home/airflow/.local/lib/python3.7/site-packages/airflow/example_dags/example_xcom.py for tasks to queue
[2022-10-29T09:44:44.641+0000] {logging_mixin.py:117} INFO - [2022-10-29T09:44:44.641+0000] {dagbag.py:525} INFO - Filling up the DagBag from /home/airflow/.local/lib/python3.7/site-packages/airflow/example_dags/example_xcom.py
[2022-10-29T09:44:44.679+0000] {processor.py:768} INFO - DAG(s) dict_keys(['example_xcom']) retrieved from /home/airflow/.local/lib/python3.7/site-packages/airflow/example_dags/example_xcom.py
[2022-10-29T09:44:44.790+0000] {logging_mixin.py:117} INFO - [2022-10-29T09:44:44.790+0000] {dag.py:2573} INFO - Sync 1 DAGs
[2022-10-29T09:44:44.826+0000] {logging_mixin.py:117} INFO - [2022-10-29T09:44:44.826+0000] {dag.py:3328} INFO - Setting next_dagrun for example_xcom to 2021-01-01T00:00:00+00:00, run_after=2021-01-01T00:00:00+00:00
[2022-10-29T09:44:44.855+0000] {processor.py:178} INFO - Processing /home/airflow/.local/lib/python3.7/site-packages/airflow/example_dags/example_xcom.py took 0.222 seconds
[2022-10-29T09:45:15.621+0000] {processor.py:156} INFO - Started process (PID=305) to work on /home/airflow/.local/lib/python3.7/site-packages/airflow/example_dags/example_xcom.py
[2022-10-29T09:45:15.623+0000] {processor.py:758} INFO - Processing file /home/airflow/.local/lib/python3.7/site-packages/airflow/example_dags/example_xcom.py for tasks to queue
[2022-10-29T09:45:15.624+0000] {logging_mixin.py:117} INFO - [2022-10-29T09:45:15.624+0000] {dagbag.py:525} INFO - Filling up the DagBag from /home/airflow/.local/lib/python3.7/site-packages/airflow/example_dags/example_xcom.py
[2022-10-29T09:45:15.657+0000] {processor.py:768} INFO - DAG(s) dict_keys(['example_xcom']) retrieved from /home/airflow/.local/lib/python3.7/site-packages/airflow/example_dags/example_xcom.py
[2022-10-29T09:45:15.731+0000] {logging_mixin.py:117} INFO - [2022-10-29T09:45:15.731+0000] {dag.py:2573} INFO - Sync 1 DAGs
[2022-10-29T09:45:15.774+0000] {logging_mixin.py:117} INFO - [2022-10-29T09:45:15.774+0000] {dag.py:3328} INFO - Setting next_dagrun for example_xcom to 2021-01-01T00:00:00+00:00, run_after=2021-01-01T00:00:00+00:00
[2022-10-29T09:45:15.808+0000] {processor.py:178} INFO - Processing /home/airflow/.local/lib/python3.7/site-packages/airflow/example_dags/example_xcom.py took 0.190 seconds
[2022-10-29T09:45:46.358+0000] {processor.py:156} INFO - Started process (PID=367) to work on /home/airflow/.local/lib/python3.7/site-packages/airflow/example_dags/example_xcom.py
[2022-10-29T09:45:46.359+0000] {processor.py:758} INFO - Processing file /home/airflow/.local/lib/python3.7/site-packages/airflow/example_dags/example_xcom.py for tasks to queue
[2022-10-29T09:45:46.361+0000] {logging_mixin.py:117} INFO - [2022-10-29T09:45:46.360+0000] {dagbag.py:525} INFO - Filling up the DagBag from /home/airflow/.local/lib/python3.7/site-packages/airflow/example_dags/example_xcom.py
[2022-10-29T09:45:46.392+0000] {processor.py:768} INFO - DAG(s) dict_keys(['example_xcom']) retrieved from /home/airflow/.local/lib/python3.7/site-packages/airflow/example_dags/example_xcom.py
[2022-10-29T09:45:46.447+0000] {logging_mixin.py:117} INFO - [2022-10-29T09:45:46.446+0000] {dag.py:2573} INFO - Sync 1 DAGs
[2022-10-29T09:45:46.481+0000] {logging_mixin.py:117} INFO - [2022-10-29T09:45:46.481+0000] {dag.py:3328} INFO - Setting next_dagrun for example_xcom to 2021-01-01T00:00:00+00:00, run_after=2021-01-01T00:00:00+00:00
[2022-10-29T09:45:46.509+0000] {processor.py:178} INFO - Processing /home/airflow/.local/lib/python3.7/site-packages/airflow/example_dags/example_xcom.py took 0.154 seconds
[2022-10-29T09:46:16.790+0000] {processor.py:156} INFO - Started process (PID=424) to work on /home/airflow/.local/lib/python3.7/site-packages/airflow/example_dags/example_xcom.py
[2022-10-29T09:46:16.791+0000] {processor.py:758} INFO - Processing file /home/airflow/.local/lib/python3.7/site-packages/airflow/example_dags/example_xcom.py for tasks to queue
[2022-10-29T09:46:16.792+0000] {logging_mixin.py:117} INFO - [2022-10-29T09:46:16.792+0000] {dagbag.py:525} INFO - Filling up the DagBag from /home/airflow/.local/lib/python3.7/site-packages/airflow/example_dags/example_xcom.py
[2022-10-29T09:46:16.827+0000] {processor.py:768} INFO - DAG(s) dict_keys(['example_xcom']) retrieved from /home/airflow/.local/lib/python3.7/site-packages/airflow/example_dags/example_xcom.py
[2022-10-29T09:46:16.886+0000] {logging_mixin.py:117} INFO - [2022-10-29T09:46:16.886+0000] {dag.py:2573} INFO - Sync 1 DAGs
[2022-10-29T09:46:16.920+0000] {logging_mixin.py:117} INFO - [2022-10-29T09:46:16.920+0000] {dag.py:3328} INFO - Setting next_dagrun for example_xcom to 2021-01-01T00:00:00+00:00, run_after=2021-01-01T00:00:00+00:00
[2022-10-29T09:46:16.949+0000] {processor.py:178} INFO - Processing /home/airflow/.local/lib/python3.7/site-packages/airflow/example_dags/example_xcom.py took 0.162 seconds
[2022-10-29T09:53:30.375+0000] {processor.py:156} INFO - Started process (PID=304) to work on /home/airflow/.local/lib/python3.7/site-packages/airflow/example_dags/example_xcom.py
[2022-10-29T09:53:30.378+0000] {processor.py:758} INFO - Processing file /home/airflow/.local/lib/python3.7/site-packages/airflow/example_dags/example_xcom.py for tasks to queue
[2022-10-29T09:53:30.381+0000] {logging_mixin.py:117} INFO - [2022-10-29T09:53:30.381+0000] {dagbag.py:525} INFO - Filling up the DagBag from /home/airflow/.local/lib/python3.7/site-packages/airflow/example_dags/example_xcom.py
[2022-10-29T09:53:30.454+0000] {processor.py:768} INFO - DAG(s) dict_keys(['example_xcom']) retrieved from /home/airflow/.local/lib/python3.7/site-packages/airflow/example_dags/example_xcom.py
[2022-10-29T09:53:30.869+0000] {logging_mixin.py:117} INFO - [2022-10-29T09:53:30.869+0000] {dag.py:2573} INFO - Sync 1 DAGs
[2022-10-29T09:53:30.919+0000] {logging_mixin.py:117} INFO - [2022-10-29T09:53:30.918+0000] {dag.py:3328} INFO - Setting next_dagrun for example_xcom to 2021-01-01T00:00:00+00:00, run_after=2021-01-01T00:00:00+00:00
[2022-10-29T09:53:30.960+0000] {processor.py:178} INFO - Processing /home/airflow/.local/lib/python3.7/site-packages/airflow/example_dags/example_xcom.py took 0.590 seconds
[2022-10-29T09:54:01.220+0000] {processor.py:156} INFO - Started process (PID=358) to work on /home/airflow/.local/lib/python3.7/site-packages/airflow/example_dags/example_xcom.py
[2022-10-29T09:54:01.222+0000] {processor.py:758} INFO - Processing file /home/airflow/.local/lib/python3.7/site-packages/airflow/example_dags/example_xcom.py for tasks to queue
[2022-10-29T09:54:01.224+0000] {logging_mixin.py:117} INFO - [2022-10-29T09:54:01.223+0000] {dagbag.py:525} INFO - Filling up the DagBag from /home/airflow/.local/lib/python3.7/site-packages/airflow/example_dags/example_xcom.py
[2022-10-29T09:54:01.408+0000] {processor.py:768} INFO - DAG(s) dict_keys(['example_xcom']) retrieved from /home/airflow/.local/lib/python3.7/site-packages/airflow/example_dags/example_xcom.py
[2022-10-29T09:54:01.457+0000] {logging_mixin.py:117} INFO - [2022-10-29T09:54:01.457+0000] {dag.py:2573} INFO - Sync 1 DAGs
[2022-10-29T09:54:01.495+0000] {logging_mixin.py:117} INFO - [2022-10-29T09:54:01.495+0000] {dag.py:3328} INFO - Setting next_dagrun for example_xcom to 2021-01-01T00:00:00+00:00, run_after=2021-01-01T00:00:00+00:00
[2022-10-29T09:54:01.524+0000] {processor.py:178} INFO - Processing /home/airflow/.local/lib/python3.7/site-packages/airflow/example_dags/example_xcom.py took 0.306 seconds
[2022-10-29T09:54:32.323+0000] {processor.py:156} INFO - Started process (PID=422) to work on /home/airflow/.local/lib/python3.7/site-packages/airflow/example_dags/example_xcom.py
[2022-10-29T09:54:32.324+0000] {processor.py:758} INFO - Processing file /home/airflow/.local/lib/python3.7/site-packages/airflow/example_dags/example_xcom.py for tasks to queue
[2022-10-29T09:54:32.326+0000] {logging_mixin.py:117} INFO - [2022-10-29T09:54:32.326+0000] {dagbag.py:525} INFO - Filling up the DagBag from /home/airflow/.local/lib/python3.7/site-packages/airflow/example_dags/example_xcom.py
[2022-10-29T09:54:32.551+0000] {processor.py:768} INFO - DAG(s) dict_keys(['example_xcom']) retrieved from /home/airflow/.local/lib/python3.7/site-packages/airflow/example_dags/example_xcom.py
[2022-10-29T09:54:32.632+0000] {logging_mixin.py:117} INFO - [2022-10-29T09:54:32.631+0000] {dag.py:2573} INFO - Sync 1 DAGs
[2022-10-29T09:54:32.673+0000] {logging_mixin.py:117} INFO - [2022-10-29T09:54:32.673+0000] {dag.py:3328} INFO - Setting next_dagrun for example_xcom to 2021-01-01T00:00:00+00:00, run_after=2021-01-01T00:00:00+00:00
[2022-10-29T09:54:32.708+0000] {processor.py:178} INFO - Processing /home/airflow/.local/lib/python3.7/site-packages/airflow/example_dags/example_xcom.py took 0.389 seconds
[2022-10-29T09:55:03.366+0000] {processor.py:156} INFO - Started process (PID=477) to work on /home/airflow/.local/lib/python3.7/site-packages/airflow/example_dags/example_xcom.py
[2022-10-29T09:55:03.367+0000] {processor.py:758} INFO - Processing file /home/airflow/.local/lib/python3.7/site-packages/airflow/example_dags/example_xcom.py for tasks to queue
[2022-10-29T09:55:03.368+0000] {logging_mixin.py:117} INFO - [2022-10-29T09:55:03.368+0000] {dagbag.py:525} INFO - Filling up the DagBag from /home/airflow/.local/lib/python3.7/site-packages/airflow/example_dags/example_xcom.py
[2022-10-29T09:55:03.398+0000] {processor.py:768} INFO - DAG(s) dict_keys(['example_xcom']) retrieved from /home/airflow/.local/lib/python3.7/site-packages/airflow/example_dags/example_xcom.py
[2022-10-29T09:55:03.447+0000] {logging_mixin.py:117} INFO - [2022-10-29T09:55:03.447+0000] {dag.py:2573} INFO - Sync 1 DAGs
[2022-10-29T09:55:03.478+0000] {logging_mixin.py:117} INFO - [2022-10-29T09:55:03.478+0000] {dag.py:3328} INFO - Setting next_dagrun for example_xcom to 2021-01-01T00:00:00+00:00, run_after=2021-01-01T00:00:00+00:00
[2022-10-29T09:55:03.506+0000] {processor.py:178} INFO - Processing /home/airflow/.local/lib/python3.7/site-packages/airflow/example_dags/example_xcom.py took 0.283 seconds
[2022-10-29T09:55:34.003+0000] {processor.py:156} INFO - Started process (PID=540) to work on /home/airflow/.local/lib/python3.7/site-packages/airflow/example_dags/example_xcom.py
[2022-10-29T09:55:34.005+0000] {processor.py:758} INFO - Processing file /home/airflow/.local/lib/python3.7/site-packages/airflow/example_dags/example_xcom.py for tasks to queue
[2022-10-29T09:55:34.006+0000] {logging_mixin.py:117} INFO - [2022-10-29T09:55:34.006+0000] {dagbag.py:525} INFO - Filling up the DagBag from /home/airflow/.local/lib/python3.7/site-packages/airflow/example_dags/example_xcom.py
[2022-10-29T09:55:34.041+0000] {processor.py:768} INFO - DAG(s) dict_keys(['example_xcom']) retrieved from /home/airflow/.local/lib/python3.7/site-packages/airflow/example_dags/example_xcom.py
[2022-10-29T09:55:34.073+0000] {logging_mixin.py:117} INFO - [2022-10-29T09:55:34.073+0000] {dag.py:2573} INFO - Sync 1 DAGs
[2022-10-29T09:55:34.105+0000] {logging_mixin.py:117} INFO - [2022-10-29T09:55:34.105+0000] {dag.py:3328} INFO - Setting next_dagrun for example_xcom to 2021-01-01T00:00:00+00:00, run_after=2021-01-01T00:00:00+00:00
[2022-10-29T09:55:34.131+0000] {processor.py:178} INFO - Processing /home/airflow/.local/lib/python3.7/site-packages/airflow/example_dags/example_xcom.py took 0.131 seconds
[2022-10-29T09:56:04.279+0000] {processor.py:156} INFO - Started process (PID=594) to work on /home/airflow/.local/lib/python3.7/site-packages/airflow/example_dags/example_xcom.py
[2022-10-29T09:56:04.280+0000] {processor.py:758} INFO - Processing file /home/airflow/.local/lib/python3.7/site-packages/airflow/example_dags/example_xcom.py for tasks to queue
[2022-10-29T09:56:04.281+0000] {logging_mixin.py:117} INFO - [2022-10-29T09:56:04.281+0000] {dagbag.py:525} INFO - Filling up the DagBag from /home/airflow/.local/lib/python3.7/site-packages/airflow/example_dags/example_xcom.py
[2022-10-29T09:56:04.316+0000] {processor.py:768} INFO - DAG(s) dict_keys(['example_xcom']) retrieved from /home/airflow/.local/lib/python3.7/site-packages/airflow/example_dags/example_xcom.py
[2022-10-29T09:56:04.375+0000] {logging_mixin.py:117} INFO - [2022-10-29T09:56:04.375+0000] {dag.py:2573} INFO - Sync 1 DAGs
[2022-10-29T09:56:04.418+0000] {logging_mixin.py:117} INFO - [2022-10-29T09:56:04.417+0000] {dag.py:3328} INFO - Setting next_dagrun for example_xcom to 2021-01-01T00:00:00+00:00, run_after=2021-01-01T00:00:00+00:00
[2022-10-29T09:56:04.451+0000] {processor.py:178} INFO - Processing /home/airflow/.local/lib/python3.7/site-packages/airflow/example_dags/example_xcom.py took 0.175 seconds
[2022-10-29T09:56:34.740+0000] {processor.py:156} INFO - Started process (PID=657) to work on /home/airflow/.local/lib/python3.7/site-packages/airflow/example_dags/example_xcom.py
[2022-10-29T09:56:34.741+0000] {processor.py:758} INFO - Processing file /home/airflow/.local/lib/python3.7/site-packages/airflow/example_dags/example_xcom.py for tasks to queue
[2022-10-29T09:56:34.742+0000] {logging_mixin.py:117} INFO - [2022-10-29T09:56:34.742+0000] {dagbag.py:525} INFO - Filling up the DagBag from /home/airflow/.local/lib/python3.7/site-packages/airflow/example_dags/example_xcom.py
[2022-10-29T09:56:34.776+0000] {processor.py:768} INFO - DAG(s) dict_keys(['example_xcom']) retrieved from /home/airflow/.local/lib/python3.7/site-packages/airflow/example_dags/example_xcom.py
[2022-10-29T09:56:34.824+0000] {logging_mixin.py:117} INFO - [2022-10-29T09:56:34.824+0000] {dag.py:2573} INFO - Sync 1 DAGs
[2022-10-29T09:56:34.861+0000] {logging_mixin.py:117} INFO - [2022-10-29T09:56:34.861+0000] {dag.py:3328} INFO - Setting next_dagrun for example_xcom to 2021-01-01T00:00:00+00:00, run_after=2021-01-01T00:00:00+00:00
[2022-10-29T09:56:34.887+0000] {processor.py:178} INFO - Processing /home/airflow/.local/lib/python3.7/site-packages/airflow/example_dags/example_xcom.py took 0.151 seconds
[2022-10-29T09:57:04.986+0000] {processor.py:156} INFO - Started process (PID=711) to work on /home/airflow/.local/lib/python3.7/site-packages/airflow/example_dags/example_xcom.py
[2022-10-29T09:57:04.988+0000] {processor.py:758} INFO - Processing file /home/airflow/.local/lib/python3.7/site-packages/airflow/example_dags/example_xcom.py for tasks to queue
[2022-10-29T09:57:04.992+0000] {logging_mixin.py:117} INFO - [2022-10-29T09:57:04.992+0000] {dagbag.py:525} INFO - Filling up the DagBag from /home/airflow/.local/lib/python3.7/site-packages/airflow/example_dags/example_xcom.py
[2022-10-29T09:57:05.036+0000] {processor.py:768} INFO - DAG(s) dict_keys(['example_xcom']) retrieved from /home/airflow/.local/lib/python3.7/site-packages/airflow/example_dags/example_xcom.py
[2022-10-29T09:57:05.114+0000] {logging_mixin.py:117} INFO - [2022-10-29T09:57:05.114+0000] {dag.py:2573} INFO - Sync 1 DAGs
[2022-10-29T09:57:05.157+0000] {logging_mixin.py:117} INFO - [2022-10-29T09:57:05.157+0000] {dag.py:3328} INFO - Setting next_dagrun for example_xcom to 2021-01-01T00:00:00+00:00, run_after=2021-01-01T00:00:00+00:00
[2022-10-29T09:57:05.186+0000] {processor.py:178} INFO - Processing /home/airflow/.local/lib/python3.7/site-packages/airflow/example_dags/example_xcom.py took 0.203 seconds
[2022-10-29T10:02:55.391+0000] {processor.py:156} INFO - Started process (PID=72) to work on /home/airflow/.local/lib/python3.7/site-packages/airflow/example_dags/example_xcom.py
[2022-10-29T10:02:55.392+0000] {processor.py:758} INFO - Processing file /home/airflow/.local/lib/python3.7/site-packages/airflow/example_dags/example_xcom.py for tasks to queue
[2022-10-29T10:02:55.393+0000] {logging_mixin.py:117} INFO - [2022-10-29T10:02:55.393+0000] {dagbag.py:525} INFO - Filling up the DagBag from /home/airflow/.local/lib/python3.7/site-packages/airflow/example_dags/example_xcom.py
[2022-10-29T10:02:55.428+0000] {processor.py:768} INFO - DAG(s) dict_keys(['example_xcom']) retrieved from /home/airflow/.local/lib/python3.7/site-packages/airflow/example_dags/example_xcom.py
[2022-10-29T10:02:55.492+0000] {logging_mixin.py:117} INFO - [2022-10-29T10:02:55.492+0000] {dag.py:2573} INFO - Sync 1 DAGs
[2022-10-29T10:02:55.527+0000] {logging_mixin.py:117} INFO - [2022-10-29T10:02:55.526+0000] {dag.py:3328} INFO - Setting next_dagrun for example_xcom to 2021-01-01T00:00:00+00:00, run_after=2021-01-01T00:00:00+00:00
[2022-10-29T10:02:55.557+0000] {processor.py:178} INFO - Processing /home/airflow/.local/lib/python3.7/site-packages/airflow/example_dags/example_xcom.py took 0.169 seconds
[2022-10-29T10:03:26.013+0000] {processor.py:156} INFO - Started process (PID=133) to work on /home/airflow/.local/lib/python3.7/site-packages/airflow/example_dags/example_xcom.py
[2022-10-29T10:03:26.015+0000] {processor.py:758} INFO - Processing file /home/airflow/.local/lib/python3.7/site-packages/airflow/example_dags/example_xcom.py for tasks to queue
[2022-10-29T10:03:26.016+0000] {logging_mixin.py:117} INFO - [2022-10-29T10:03:26.016+0000] {dagbag.py:525} INFO - Filling up the DagBag from /home/airflow/.local/lib/python3.7/site-packages/airflow/example_dags/example_xcom.py
[2022-10-29T10:03:26.046+0000] {processor.py:768} INFO - DAG(s) dict_keys(['example_xcom']) retrieved from /home/airflow/.local/lib/python3.7/site-packages/airflow/example_dags/example_xcom.py
[2022-10-29T10:03:26.101+0000] {logging_mixin.py:117} INFO - [2022-10-29T10:03:26.100+0000] {dag.py:2573} INFO - Sync 1 DAGs
[2022-10-29T10:03:26.142+0000] {logging_mixin.py:117} INFO - [2022-10-29T10:03:26.141+0000] {dag.py:3328} INFO - Setting next_dagrun for example_xcom to 2021-01-01T00:00:00+00:00, run_after=2021-01-01T00:00:00+00:00
[2022-10-29T10:03:26.174+0000] {processor.py:178} INFO - Processing /home/airflow/.local/lib/python3.7/site-packages/airflow/example_dags/example_xcom.py took 0.164 seconds
