[2022-10-29T09:43:12.769+0000] {processor.py:156} INFO - Started process (PID=69) to work on /home/airflow/.local/lib/python3.7/site-packages/airflow/example_dags/example_python_operator.py
[2022-10-29T09:43:12.770+0000] {processor.py:758} INFO - Processing file /home/airflow/.local/lib/python3.7/site-packages/airflow/example_dags/example_python_operator.py for tasks to queue
[2022-10-29T09:43:12.771+0000] {logging_mixin.py:117} INFO - [2022-10-29T09:43:12.771+0000] {dagbag.py:525} INFO - Filling up the DagBag from /home/airflow/.local/lib/python3.7/site-packages/airflow/example_dags/example_python_operator.py
[2022-10-29T09:43:12.805+0000] {processor.py:768} INFO - DAG(s) dict_keys(['example_python_operator']) retrieved from /home/airflow/.local/lib/python3.7/site-packages/airflow/example_dags/example_python_operator.py
[2022-10-29T09:43:12.842+0000] {logging_mixin.py:117} INFO - [2022-10-29T09:43:12.842+0000] {dag.py:2573} INFO - Sync 1 DAGs
[2022-10-29T09:43:12.876+0000] {logging_mixin.py:117} INFO - [2022-10-29T09:43:12.875+0000] {dag.py:3328} INFO - Setting next_dagrun for example_python_operator to None, run_after=None
[2022-10-29T09:43:12.907+0000] {processor.py:178} INFO - Processing /home/airflow/.local/lib/python3.7/site-packages/airflow/example_dags/example_python_operator.py took 0.141 seconds
[2022-10-29T09:43:43.786+0000] {processor.py:156} INFO - Started process (PID=123) to work on /home/airflow/.local/lib/python3.7/site-packages/airflow/example_dags/example_python_operator.py
[2022-10-29T09:43:43.787+0000] {processor.py:758} INFO - Processing file /home/airflow/.local/lib/python3.7/site-packages/airflow/example_dags/example_python_operator.py for tasks to queue
[2022-10-29T09:43:43.788+0000] {logging_mixin.py:117} INFO - [2022-10-29T09:43:43.788+0000] {dagbag.py:525} INFO - Filling up the DagBag from /home/airflow/.local/lib/python3.7/site-packages/airflow/example_dags/example_python_operator.py
[2022-10-29T09:43:43.820+0000] {processor.py:768} INFO - DAG(s) dict_keys(['example_python_operator']) retrieved from /home/airflow/.local/lib/python3.7/site-packages/airflow/example_dags/example_python_operator.py
[2022-10-29T09:43:43.880+0000] {logging_mixin.py:117} INFO - [2022-10-29T09:43:43.880+0000] {dag.py:2573} INFO - Sync 1 DAGs
[2022-10-29T09:43:43.917+0000] {logging_mixin.py:117} INFO - [2022-10-29T09:43:43.917+0000] {dag.py:3328} INFO - Setting next_dagrun for example_python_operator to None, run_after=None
[2022-10-29T09:43:43.947+0000] {processor.py:178} INFO - Processing /home/airflow/.local/lib/python3.7/site-packages/airflow/example_dags/example_python_operator.py took 0.165 seconds
[2022-10-29T09:44:14.115+0000] {processor.py:156} INFO - Started process (PID=187) to work on /home/airflow/.local/lib/python3.7/site-packages/airflow/example_dags/example_python_operator.py
[2022-10-29T09:44:14.117+0000] {processor.py:758} INFO - Processing file /home/airflow/.local/lib/python3.7/site-packages/airflow/example_dags/example_python_operator.py for tasks to queue
[2022-10-29T09:44:14.119+0000] {logging_mixin.py:117} INFO - [2022-10-29T09:44:14.118+0000] {dagbag.py:525} INFO - Filling up the DagBag from /home/airflow/.local/lib/python3.7/site-packages/airflow/example_dags/example_python_operator.py
[2022-10-29T09:44:14.155+0000] {processor.py:768} INFO - DAG(s) dict_keys(['example_python_operator']) retrieved from /home/airflow/.local/lib/python3.7/site-packages/airflow/example_dags/example_python_operator.py
[2022-10-29T09:44:14.218+0000] {logging_mixin.py:117} INFO - [2022-10-29T09:44:14.218+0000] {dag.py:2573} INFO - Sync 1 DAGs
[2022-10-29T09:44:14.257+0000] {logging_mixin.py:117} INFO - [2022-10-29T09:44:14.257+0000] {dag.py:3328} INFO - Setting next_dagrun for example_python_operator to None, run_after=None
[2022-10-29T09:44:14.289+0000] {processor.py:178} INFO - Processing /home/airflow/.local/lib/python3.7/site-packages/airflow/example_dags/example_python_operator.py took 0.177 seconds
[2022-10-29T09:44:44.424+0000] {processor.py:156} INFO - Started process (PID=241) to work on /home/airflow/.local/lib/python3.7/site-packages/airflow/example_dags/example_python_operator.py
[2022-10-29T09:44:44.427+0000] {processor.py:758} INFO - Processing file /home/airflow/.local/lib/python3.7/site-packages/airflow/example_dags/example_python_operator.py for tasks to queue
[2022-10-29T09:44:44.428+0000] {logging_mixin.py:117} INFO - [2022-10-29T09:44:44.428+0000] {dagbag.py:525} INFO - Filling up the DagBag from /home/airflow/.local/lib/python3.7/site-packages/airflow/example_dags/example_python_operator.py
[2022-10-29T09:44:44.462+0000] {processor.py:768} INFO - DAG(s) dict_keys(['example_python_operator']) retrieved from /home/airflow/.local/lib/python3.7/site-packages/airflow/example_dags/example_python_operator.py
[2022-10-29T09:44:44.527+0000] {logging_mixin.py:117} INFO - [2022-10-29T09:44:44.526+0000] {dag.py:2573} INFO - Sync 1 DAGs
[2022-10-29T09:44:44.564+0000] {logging_mixin.py:117} INFO - [2022-10-29T09:44:44.564+0000] {dag.py:3328} INFO - Setting next_dagrun for example_python_operator to None, run_after=None
[2022-10-29T09:44:44.597+0000] {processor.py:178} INFO - Processing /home/airflow/.local/lib/python3.7/site-packages/airflow/example_dags/example_python_operator.py took 0.176 seconds
[2022-10-29T09:45:15.376+0000] {processor.py:156} INFO - Started process (PID=303) to work on /home/airflow/.local/lib/python3.7/site-packages/airflow/example_dags/example_python_operator.py
[2022-10-29T09:45:15.377+0000] {processor.py:758} INFO - Processing file /home/airflow/.local/lib/python3.7/site-packages/airflow/example_dags/example_python_operator.py for tasks to queue
[2022-10-29T09:45:15.379+0000] {logging_mixin.py:117} INFO - [2022-10-29T09:45:15.378+0000] {dagbag.py:525} INFO - Filling up the DagBag from /home/airflow/.local/lib/python3.7/site-packages/airflow/example_dags/example_python_operator.py
[2022-10-29T09:45:15.411+0000] {processor.py:768} INFO - DAG(s) dict_keys(['example_python_operator']) retrieved from /home/airflow/.local/lib/python3.7/site-packages/airflow/example_dags/example_python_operator.py
[2022-10-29T09:45:15.469+0000] {logging_mixin.py:117} INFO - [2022-10-29T09:45:15.469+0000] {dag.py:2573} INFO - Sync 1 DAGs
[2022-10-29T09:45:15.528+0000] {logging_mixin.py:117} INFO - [2022-10-29T09:45:15.528+0000] {dag.py:3328} INFO - Setting next_dagrun for example_python_operator to None, run_after=None
[2022-10-29T09:45:15.557+0000] {processor.py:178} INFO - Processing /home/airflow/.local/lib/python3.7/site-packages/airflow/example_dags/example_python_operator.py took 0.184 seconds
[2022-10-29T09:45:46.114+0000] {processor.py:156} INFO - Started process (PID=359) to work on /home/airflow/.local/lib/python3.7/site-packages/airflow/example_dags/example_python_operator.py
[2022-10-29T09:45:46.115+0000] {processor.py:758} INFO - Processing file /home/airflow/.local/lib/python3.7/site-packages/airflow/example_dags/example_python_operator.py for tasks to queue
[2022-10-29T09:45:46.117+0000] {logging_mixin.py:117} INFO - [2022-10-29T09:45:46.117+0000] {dagbag.py:525} INFO - Filling up the DagBag from /home/airflow/.local/lib/python3.7/site-packages/airflow/example_dags/example_python_operator.py
[2022-10-29T09:45:46.157+0000] {processor.py:768} INFO - DAG(s) dict_keys(['example_python_operator']) retrieved from /home/airflow/.local/lib/python3.7/site-packages/airflow/example_dags/example_python_operator.py
[2022-10-29T09:45:46.253+0000] {logging_mixin.py:117} INFO - [2022-10-29T09:45:46.253+0000] {dag.py:2573} INFO - Sync 1 DAGs
[2022-10-29T09:45:46.289+0000] {logging_mixin.py:117} INFO - [2022-10-29T09:45:46.289+0000] {dag.py:3328} INFO - Setting next_dagrun for example_python_operator to None, run_after=None
[2022-10-29T09:45:46.323+0000] {processor.py:178} INFO - Processing /home/airflow/.local/lib/python3.7/site-packages/airflow/example_dags/example_python_operator.py took 0.213 seconds
[2022-10-29T09:46:16.582+0000] {processor.py:156} INFO - Started process (PID=422) to work on /home/airflow/.local/lib/python3.7/site-packages/airflow/example_dags/example_python_operator.py
[2022-10-29T09:46:16.584+0000] {processor.py:758} INFO - Processing file /home/airflow/.local/lib/python3.7/site-packages/airflow/example_dags/example_python_operator.py for tasks to queue
[2022-10-29T09:46:16.585+0000] {logging_mixin.py:117} INFO - [2022-10-29T09:46:16.585+0000] {dagbag.py:525} INFO - Filling up the DagBag from /home/airflow/.local/lib/python3.7/site-packages/airflow/example_dags/example_python_operator.py
[2022-10-29T09:46:16.622+0000] {processor.py:768} INFO - DAG(s) dict_keys(['example_python_operator']) retrieved from /home/airflow/.local/lib/python3.7/site-packages/airflow/example_dags/example_python_operator.py
[2022-10-29T09:46:16.678+0000] {logging_mixin.py:117} INFO - [2022-10-29T09:46:16.678+0000] {dag.py:2573} INFO - Sync 1 DAGs
[2022-10-29T09:46:16.721+0000] {logging_mixin.py:117} INFO - [2022-10-29T09:46:16.720+0000] {dag.py:3328} INFO - Setting next_dagrun for example_python_operator to None, run_after=None
[2022-10-29T09:46:16.753+0000] {processor.py:178} INFO - Processing /home/airflow/.local/lib/python3.7/site-packages/airflow/example_dags/example_python_operator.py took 0.174 seconds
[2022-10-29T09:53:29.264+0000] {processor.py:156} INFO - Started process (PID=302) to work on /home/airflow/.local/lib/python3.7/site-packages/airflow/example_dags/example_python_operator.py
[2022-10-29T09:53:29.266+0000] {processor.py:758} INFO - Processing file /home/airflow/.local/lib/python3.7/site-packages/airflow/example_dags/example_python_operator.py for tasks to queue
[2022-10-29T09:53:29.268+0000] {logging_mixin.py:117} INFO - [2022-10-29T09:53:29.267+0000] {dagbag.py:525} INFO - Filling up the DagBag from /home/airflow/.local/lib/python3.7/site-packages/airflow/example_dags/example_python_operator.py
[2022-10-29T09:53:29.340+0000] {processor.py:768} INFO - DAG(s) dict_keys(['example_python_operator']) retrieved from /home/airflow/.local/lib/python3.7/site-packages/airflow/example_dags/example_python_operator.py
[2022-10-29T09:53:30.023+0000] {logging_mixin.py:117} INFO - [2022-10-29T09:53:30.023+0000] {dag.py:2573} INFO - Sync 1 DAGs
[2022-10-29T09:53:30.162+0000] {logging_mixin.py:117} INFO - [2022-10-29T09:53:30.162+0000] {dag.py:3328} INFO - Setting next_dagrun for example_python_operator to None, run_after=None
[2022-10-29T09:53:30.260+0000] {processor.py:178} INFO - Processing /home/airflow/.local/lib/python3.7/site-packages/airflow/example_dags/example_python_operator.py took 1.001 seconds
[2022-10-29T09:54:00.804+0000] {processor.py:156} INFO - Started process (PID=356) to work on /home/airflow/.local/lib/python3.7/site-packages/airflow/example_dags/example_python_operator.py
[2022-10-29T09:54:00.806+0000] {processor.py:758} INFO - Processing file /home/airflow/.local/lib/python3.7/site-packages/airflow/example_dags/example_python_operator.py for tasks to queue
[2022-10-29T09:54:00.807+0000] {logging_mixin.py:117} INFO - [2022-10-29T09:54:00.807+0000] {dagbag.py:525} INFO - Filling up the DagBag from /home/airflow/.local/lib/python3.7/site-packages/airflow/example_dags/example_python_operator.py
[2022-10-29T09:54:00.853+0000] {processor.py:768} INFO - DAG(s) dict_keys(['example_python_operator']) retrieved from /home/airflow/.local/lib/python3.7/site-packages/airflow/example_dags/example_python_operator.py
[2022-10-29T09:54:01.088+0000] {logging_mixin.py:117} INFO - [2022-10-29T09:54:01.088+0000] {dag.py:2573} INFO - Sync 1 DAGs
[2022-10-29T09:54:01.123+0000] {logging_mixin.py:117} INFO - [2022-10-29T09:54:01.123+0000] {dag.py:3328} INFO - Setting next_dagrun for example_python_operator to None, run_after=None
[2022-10-29T09:54:01.157+0000] {processor.py:178} INFO - Processing /home/airflow/.local/lib/python3.7/site-packages/airflow/example_dags/example_python_operator.py took 0.355 seconds
[2022-10-29T09:54:31.286+0000] {processor.py:156} INFO - Started process (PID=420) to work on /home/airflow/.local/lib/python3.7/site-packages/airflow/example_dags/example_python_operator.py
[2022-10-29T09:54:31.288+0000] {processor.py:758} INFO - Processing file /home/airflow/.local/lib/python3.7/site-packages/airflow/example_dags/example_python_operator.py for tasks to queue
[2022-10-29T09:54:31.290+0000] {logging_mixin.py:117} INFO - [2022-10-29T09:54:31.290+0000] {dagbag.py:525} INFO - Filling up the DagBag from /home/airflow/.local/lib/python3.7/site-packages/airflow/example_dags/example_python_operator.py
[2022-10-29T09:54:31.453+0000] {processor.py:768} INFO - DAG(s) dict_keys(['example_python_operator']) retrieved from /home/airflow/.local/lib/python3.7/site-packages/airflow/example_dags/example_python_operator.py
[2022-10-29T09:54:31.497+0000] {logging_mixin.py:117} INFO - [2022-10-29T09:54:31.497+0000] {dag.py:2573} INFO - Sync 1 DAGs
[2022-10-29T09:54:31.530+0000] {logging_mixin.py:117} INFO - [2022-10-29T09:54:31.529+0000] {dag.py:3328} INFO - Setting next_dagrun for example_python_operator to None, run_after=None
[2022-10-29T09:54:31.554+0000] {processor.py:178} INFO - Processing /home/airflow/.local/lib/python3.7/site-packages/airflow/example_dags/example_python_operator.py took 0.271 seconds
[2022-10-29T09:55:01.744+0000] {processor.py:156} INFO - Started process (PID=475) to work on /home/airflow/.local/lib/python3.7/site-packages/airflow/example_dags/example_python_operator.py
[2022-10-29T09:55:01.745+0000] {processor.py:758} INFO - Processing file /home/airflow/.local/lib/python3.7/site-packages/airflow/example_dags/example_python_operator.py for tasks to queue
[2022-10-29T09:55:01.747+0000] {logging_mixin.py:117} INFO - [2022-10-29T09:55:01.747+0000] {dagbag.py:525} INFO - Filling up the DagBag from /home/airflow/.local/lib/python3.7/site-packages/airflow/example_dags/example_python_operator.py
[2022-10-29T09:55:02.011+0000] {processor.py:768} INFO - DAG(s) dict_keys(['example_python_operator']) retrieved from /home/airflow/.local/lib/python3.7/site-packages/airflow/example_dags/example_python_operator.py
[2022-10-29T09:55:02.073+0000] {logging_mixin.py:117} INFO - [2022-10-29T09:55:02.073+0000] {dag.py:2573} INFO - Sync 1 DAGs
[2022-10-29T09:55:02.119+0000] {logging_mixin.py:117} INFO - [2022-10-29T09:55:02.118+0000] {dag.py:3328} INFO - Setting next_dagrun for example_python_operator to None, run_after=None
[2022-10-29T09:55:02.157+0000] {processor.py:178} INFO - Processing /home/airflow/.local/lib/python3.7/site-packages/airflow/example_dags/example_python_operator.py took 0.418 seconds
[2022-10-29T09:55:32.824+0000] {processor.py:156} INFO - Started process (PID=538) to work on /home/airflow/.local/lib/python3.7/site-packages/airflow/example_dags/example_python_operator.py
[2022-10-29T09:55:32.825+0000] {processor.py:758} INFO - Processing file /home/airflow/.local/lib/python3.7/site-packages/airflow/example_dags/example_python_operator.py for tasks to queue
[2022-10-29T09:55:32.827+0000] {logging_mixin.py:117} INFO - [2022-10-29T09:55:32.827+0000] {dagbag.py:525} INFO - Filling up the DagBag from /home/airflow/.local/lib/python3.7/site-packages/airflow/example_dags/example_python_operator.py
[2022-10-29T09:55:32.866+0000] {processor.py:768} INFO - DAG(s) dict_keys(['example_python_operator']) retrieved from /home/airflow/.local/lib/python3.7/site-packages/airflow/example_dags/example_python_operator.py
[2022-10-29T09:55:32.901+0000] {logging_mixin.py:117} INFO - [2022-10-29T09:55:32.901+0000] {dag.py:2573} INFO - Sync 1 DAGs
[2022-10-29T09:55:32.942+0000] {logging_mixin.py:117} INFO - [2022-10-29T09:55:32.942+0000] {dag.py:3328} INFO - Setting next_dagrun for example_python_operator to None, run_after=None
[2022-10-29T09:55:32.974+0000] {processor.py:178} INFO - Processing /home/airflow/.local/lib/python3.7/site-packages/airflow/example_dags/example_python_operator.py took 0.154 seconds
[2022-10-29T09:56:03.065+0000] {processor.py:156} INFO - Started process (PID=592) to work on /home/airflow/.local/lib/python3.7/site-packages/airflow/example_dags/example_python_operator.py
[2022-10-29T09:56:03.066+0000] {processor.py:758} INFO - Processing file /home/airflow/.local/lib/python3.7/site-packages/airflow/example_dags/example_python_operator.py for tasks to queue
[2022-10-29T09:56:03.068+0000] {logging_mixin.py:117} INFO - [2022-10-29T09:56:03.067+0000] {dagbag.py:525} INFO - Filling up the DagBag from /home/airflow/.local/lib/python3.7/site-packages/airflow/example_dags/example_python_operator.py
[2022-10-29T09:56:03.101+0000] {processor.py:768} INFO - DAG(s) dict_keys(['example_python_operator']) retrieved from /home/airflow/.local/lib/python3.7/site-packages/airflow/example_dags/example_python_operator.py
[2022-10-29T09:56:03.158+0000] {logging_mixin.py:117} INFO - [2022-10-29T09:56:03.158+0000] {dag.py:2573} INFO - Sync 1 DAGs
[2022-10-29T09:56:03.195+0000] {logging_mixin.py:117} INFO - [2022-10-29T09:56:03.195+0000] {dag.py:3328} INFO - Setting next_dagrun for example_python_operator to None, run_after=None
[2022-10-29T09:56:03.228+0000] {processor.py:178} INFO - Processing /home/airflow/.local/lib/python3.7/site-packages/airflow/example_dags/example_python_operator.py took 0.167 seconds
[2022-10-29T09:56:33.463+0000] {processor.py:156} INFO - Started process (PID=655) to work on /home/airflow/.local/lib/python3.7/site-packages/airflow/example_dags/example_python_operator.py
[2022-10-29T09:56:33.465+0000] {processor.py:758} INFO - Processing file /home/airflow/.local/lib/python3.7/site-packages/airflow/example_dags/example_python_operator.py for tasks to queue
[2022-10-29T09:56:33.467+0000] {logging_mixin.py:117} INFO - [2022-10-29T09:56:33.466+0000] {dagbag.py:525} INFO - Filling up the DagBag from /home/airflow/.local/lib/python3.7/site-packages/airflow/example_dags/example_python_operator.py
[2022-10-29T09:56:33.500+0000] {processor.py:768} INFO - DAG(s) dict_keys(['example_python_operator']) retrieved from /home/airflow/.local/lib/python3.7/site-packages/airflow/example_dags/example_python_operator.py
[2022-10-29T09:56:33.597+0000] {logging_mixin.py:117} INFO - [2022-10-29T09:56:33.596+0000] {dag.py:2573} INFO - Sync 1 DAGs
[2022-10-29T09:56:33.646+0000] {logging_mixin.py:117} INFO - [2022-10-29T09:56:33.645+0000] {dag.py:3328} INFO - Setting next_dagrun for example_python_operator to None, run_after=None
[2022-10-29T09:56:33.680+0000] {processor.py:178} INFO - Processing /home/airflow/.local/lib/python3.7/site-packages/airflow/example_dags/example_python_operator.py took 0.220 seconds
[2022-10-29T09:57:03.766+0000] {processor.py:156} INFO - Started process (PID=709) to work on /home/airflow/.local/lib/python3.7/site-packages/airflow/example_dags/example_python_operator.py
[2022-10-29T09:57:03.767+0000] {processor.py:758} INFO - Processing file /home/airflow/.local/lib/python3.7/site-packages/airflow/example_dags/example_python_operator.py for tasks to queue
[2022-10-29T09:57:03.769+0000] {logging_mixin.py:117} INFO - [2022-10-29T09:57:03.768+0000] {dagbag.py:525} INFO - Filling up the DagBag from /home/airflow/.local/lib/python3.7/site-packages/airflow/example_dags/example_python_operator.py
[2022-10-29T09:57:03.808+0000] {processor.py:768} INFO - DAG(s) dict_keys(['example_python_operator']) retrieved from /home/airflow/.local/lib/python3.7/site-packages/airflow/example_dags/example_python_operator.py
[2022-10-29T09:57:03.864+0000] {logging_mixin.py:117} INFO - [2022-10-29T09:57:03.863+0000] {dag.py:2573} INFO - Sync 1 DAGs
[2022-10-29T09:57:03.901+0000] {logging_mixin.py:117} INFO - [2022-10-29T09:57:03.901+0000] {dag.py:3328} INFO - Setting next_dagrun for example_python_operator to None, run_after=None
[2022-10-29T09:57:03.932+0000] {processor.py:178} INFO - Processing /home/airflow/.local/lib/python3.7/site-packages/airflow/example_dags/example_python_operator.py took 0.170 seconds
[2022-10-29T10:02:55.173+0000] {processor.py:156} INFO - Started process (PID=70) to work on /home/airflow/.local/lib/python3.7/site-packages/airflow/example_dags/example_python_operator.py
[2022-10-29T10:02:55.174+0000] {processor.py:758} INFO - Processing file /home/airflow/.local/lib/python3.7/site-packages/airflow/example_dags/example_python_operator.py for tasks to queue
[2022-10-29T10:02:55.176+0000] {logging_mixin.py:117} INFO - [2022-10-29T10:02:55.175+0000] {dagbag.py:525} INFO - Filling up the DagBag from /home/airflow/.local/lib/python3.7/site-packages/airflow/example_dags/example_python_operator.py
[2022-10-29T10:02:55.215+0000] {processor.py:768} INFO - DAG(s) dict_keys(['example_python_operator']) retrieved from /home/airflow/.local/lib/python3.7/site-packages/airflow/example_dags/example_python_operator.py
[2022-10-29T10:02:55.285+0000] {logging_mixin.py:117} INFO - [2022-10-29T10:02:55.285+0000] {dag.py:2573} INFO - Sync 1 DAGs
[2022-10-29T10:02:55.325+0000] {logging_mixin.py:117} INFO - [2022-10-29T10:02:55.325+0000] {dag.py:3328} INFO - Setting next_dagrun for example_python_operator to None, run_after=None
[2022-10-29T10:02:55.356+0000] {processor.py:178} INFO - Processing /home/airflow/.local/lib/python3.7/site-packages/airflow/example_dags/example_python_operator.py took 0.186 seconds
[2022-10-29T10:03:25.759+0000] {processor.py:156} INFO - Started process (PID=124) to work on /home/airflow/.local/lib/python3.7/site-packages/airflow/example_dags/example_python_operator.py
[2022-10-29T10:03:25.761+0000] {processor.py:758} INFO - Processing file /home/airflow/.local/lib/python3.7/site-packages/airflow/example_dags/example_python_operator.py for tasks to queue
[2022-10-29T10:03:25.762+0000] {logging_mixin.py:117} INFO - [2022-10-29T10:03:25.762+0000] {dagbag.py:525} INFO - Filling up the DagBag from /home/airflow/.local/lib/python3.7/site-packages/airflow/example_dags/example_python_operator.py
[2022-10-29T10:03:25.810+0000] {processor.py:768} INFO - DAG(s) dict_keys(['example_python_operator']) retrieved from /home/airflow/.local/lib/python3.7/site-packages/airflow/example_dags/example_python_operator.py
[2022-10-29T10:03:25.903+0000] {logging_mixin.py:117} INFO - [2022-10-29T10:03:25.903+0000] {dag.py:2573} INFO - Sync 1 DAGs
[2022-10-29T10:03:25.942+0000] {logging_mixin.py:117} INFO - [2022-10-29T10:03:25.942+0000] {dag.py:3328} INFO - Setting next_dagrun for example_python_operator to None, run_after=None
[2022-10-29T10:03:25.975+0000] {processor.py:178} INFO - Processing /home/airflow/.local/lib/python3.7/site-packages/airflow/example_dags/example_python_operator.py took 0.219 seconds
