[2022-10-29T09:43:12.584+0000] {processor.py:156} INFO - Started process (PID=68) to work on /home/airflow/.local/lib/python3.7/site-packages/airflow/example_dags/example_latest_only_with_trigger.py
[2022-10-29T09:43:12.585+0000] {processor.py:758} INFO - Processing file /home/airflow/.local/lib/python3.7/site-packages/airflow/example_dags/example_latest_only_with_trigger.py for tasks to queue
[2022-10-29T09:43:12.586+0000] {logging_mixin.py:117} INFO - [2022-10-29T09:43:12.586+0000] {dagbag.py:525} INFO - Filling up the DagBag from /home/airflow/.local/lib/python3.7/site-packages/airflow/example_dags/example_latest_only_with_trigger.py
[2022-10-29T09:43:12.602+0000] {processor.py:768} INFO - DAG(s) dict_keys(['latest_only_with_trigger']) retrieved from /home/airflow/.local/lib/python3.7/site-packages/airflow/example_dags/example_latest_only_with_trigger.py
[2022-10-29T09:43:12.632+0000] {logging_mixin.py:117} INFO - [2022-10-29T09:43:12.632+0000] {dag.py:2573} INFO - Sync 1 DAGs
[2022-10-29T09:43:12.673+0000] {logging_mixin.py:117} INFO - [2022-10-29T09:43:12.672+0000] {dag.py:3328} INFO - Setting next_dagrun for latest_only_with_trigger to 2022-10-29T05:43:12.672528+00:00, run_after=2022-10-29T09:43:12.672528+00:00
[2022-10-29T09:43:12.709+0000] {processor.py:178} INFO - Processing /home/airflow/.local/lib/python3.7/site-packages/airflow/example_dags/example_latest_only_with_trigger.py took 0.127 seconds
[2022-10-29T09:43:43.607+0000] {processor.py:156} INFO - Started process (PID=122) to work on /home/airflow/.local/lib/python3.7/site-packages/airflow/example_dags/example_latest_only_with_trigger.py
[2022-10-29T09:43:43.608+0000] {processor.py:758} INFO - Processing file /home/airflow/.local/lib/python3.7/site-packages/airflow/example_dags/example_latest_only_with_trigger.py for tasks to queue
[2022-10-29T09:43:43.609+0000] {logging_mixin.py:117} INFO - [2022-10-29T09:43:43.609+0000] {dagbag.py:525} INFO - Filling up the DagBag from /home/airflow/.local/lib/python3.7/site-packages/airflow/example_dags/example_latest_only_with_trigger.py
[2022-10-29T09:43:43.629+0000] {processor.py:768} INFO - DAG(s) dict_keys(['latest_only_with_trigger']) retrieved from /home/airflow/.local/lib/python3.7/site-packages/airflow/example_dags/example_latest_only_with_trigger.py
[2022-10-29T09:43:43.680+0000] {logging_mixin.py:117} INFO - [2022-10-29T09:43:43.679+0000] {dag.py:2573} INFO - Sync 1 DAGs
[2022-10-29T09:43:43.711+0000] {logging_mixin.py:117} INFO - [2022-10-29T09:43:43.711+0000] {dag.py:3328} INFO - Setting next_dagrun for latest_only_with_trigger to 2022-10-29T05:43:43.710935+00:00, run_after=2022-10-29T09:43:43.710935+00:00
[2022-10-29T09:43:43.742+0000] {processor.py:178} INFO - Processing /home/airflow/.local/lib/python3.7/site-packages/airflow/example_dags/example_latest_only_with_trigger.py took 0.140 seconds
[2022-10-29T09:44:13.908+0000] {processor.py:156} INFO - Started process (PID=186) to work on /home/airflow/.local/lib/python3.7/site-packages/airflow/example_dags/example_latest_only_with_trigger.py
[2022-10-29T09:44:13.910+0000] {processor.py:758} INFO - Processing file /home/airflow/.local/lib/python3.7/site-packages/airflow/example_dags/example_latest_only_with_trigger.py for tasks to queue
[2022-10-29T09:44:13.911+0000] {logging_mixin.py:117} INFO - [2022-10-29T09:44:13.911+0000] {dagbag.py:525} INFO - Filling up the DagBag from /home/airflow/.local/lib/python3.7/site-packages/airflow/example_dags/example_latest_only_with_trigger.py
[2022-10-29T09:44:13.935+0000] {processor.py:768} INFO - DAG(s) dict_keys(['latest_only_with_trigger']) retrieved from /home/airflow/.local/lib/python3.7/site-packages/airflow/example_dags/example_latest_only_with_trigger.py
[2022-10-29T09:44:13.996+0000] {logging_mixin.py:117} INFO - [2022-10-29T09:44:13.996+0000] {dag.py:2573} INFO - Sync 1 DAGs
[2022-10-29T09:44:14.036+0000] {logging_mixin.py:117} INFO - [2022-10-29T09:44:14.036+0000] {dag.py:3328} INFO - Setting next_dagrun for latest_only_with_trigger to 2022-10-29T05:44:14.035974+00:00, run_after=2022-10-29T09:44:14.035974+00:00
[2022-10-29T09:44:14.074+0000] {processor.py:178} INFO - Processing /home/airflow/.local/lib/python3.7/site-packages/airflow/example_dags/example_latest_only_with_trigger.py took 0.170 seconds
[2022-10-29T09:44:44.343+0000] {processor.py:156} INFO - Started process (PID=240) to work on /home/airflow/.local/lib/python3.7/site-packages/airflow/example_dags/example_latest_only_with_trigger.py
[2022-10-29T09:44:44.344+0000] {processor.py:758} INFO - Processing file /home/airflow/.local/lib/python3.7/site-packages/airflow/example_dags/example_latest_only_with_trigger.py for tasks to queue
[2022-10-29T09:44:44.346+0000] {logging_mixin.py:117} INFO - [2022-10-29T09:44:44.346+0000] {dagbag.py:525} INFO - Filling up the DagBag from /home/airflow/.local/lib/python3.7/site-packages/airflow/example_dags/example_latest_only_with_trigger.py
[2022-10-29T09:44:44.363+0000] {processor.py:768} INFO - DAG(s) dict_keys(['latest_only_with_trigger']) retrieved from /home/airflow/.local/lib/python3.7/site-packages/airflow/example_dags/example_latest_only_with_trigger.py
[2022-10-29T09:44:44.421+0000] {logging_mixin.py:117} INFO - [2022-10-29T09:44:44.421+0000] {dag.py:2573} INFO - Sync 1 DAGs
[2022-10-29T09:44:44.461+0000] {logging_mixin.py:117} INFO - [2022-10-29T09:44:44.461+0000] {dag.py:3328} INFO - Setting next_dagrun for latest_only_with_trigger to 2022-10-29T05:44:44.460874+00:00, run_after=2022-10-29T09:44:44.460874+00:00
[2022-10-29T09:44:44.494+0000] {processor.py:178} INFO - Processing /home/airflow/.local/lib/python3.7/site-packages/airflow/example_dags/example_latest_only_with_trigger.py took 0.155 seconds
[2022-10-29T09:45:15.269+0000] {processor.py:156} INFO - Started process (PID=302) to work on /home/airflow/.local/lib/python3.7/site-packages/airflow/example_dags/example_latest_only_with_trigger.py
[2022-10-29T09:45:15.270+0000] {processor.py:758} INFO - Processing file /home/airflow/.local/lib/python3.7/site-packages/airflow/example_dags/example_latest_only_with_trigger.py for tasks to queue
[2022-10-29T09:45:15.272+0000] {logging_mixin.py:117} INFO - [2022-10-29T09:45:15.271+0000] {dagbag.py:525} INFO - Filling up the DagBag from /home/airflow/.local/lib/python3.7/site-packages/airflow/example_dags/example_latest_only_with_trigger.py
[2022-10-29T09:45:15.289+0000] {processor.py:768} INFO - DAG(s) dict_keys(['latest_only_with_trigger']) retrieved from /home/airflow/.local/lib/python3.7/site-packages/airflow/example_dags/example_latest_only_with_trigger.py
[2022-10-29T09:45:15.346+0000] {logging_mixin.py:117} INFO - [2022-10-29T09:45:15.346+0000] {dag.py:2573} INFO - Sync 1 DAGs
[2022-10-29T09:45:15.383+0000] {logging_mixin.py:117} INFO - [2022-10-29T09:45:15.382+0000] {dag.py:3328} INFO - Setting next_dagrun for latest_only_with_trigger to 2022-10-29T05:45:15.382656+00:00, run_after=2022-10-29T09:45:15.382656+00:00
[2022-10-29T09:45:15.414+0000] {processor.py:178} INFO - Processing /home/airflow/.local/lib/python3.7/site-packages/airflow/example_dags/example_latest_only_with_trigger.py took 0.148 seconds
[2022-10-29T09:45:46.029+0000] {processor.py:156} INFO - Started process (PID=358) to work on /home/airflow/.local/lib/python3.7/site-packages/airflow/example_dags/example_latest_only_with_trigger.py
[2022-10-29T09:45:46.031+0000] {processor.py:758} INFO - Processing file /home/airflow/.local/lib/python3.7/site-packages/airflow/example_dags/example_latest_only_with_trigger.py for tasks to queue
[2022-10-29T09:45:46.032+0000] {logging_mixin.py:117} INFO - [2022-10-29T09:45:46.032+0000] {dagbag.py:525} INFO - Filling up the DagBag from /home/airflow/.local/lib/python3.7/site-packages/airflow/example_dags/example_latest_only_with_trigger.py
[2022-10-29T09:45:46.049+0000] {processor.py:768} INFO - DAG(s) dict_keys(['latest_only_with_trigger']) retrieved from /home/airflow/.local/lib/python3.7/site-packages/airflow/example_dags/example_latest_only_with_trigger.py
[2022-10-29T09:45:46.101+0000] {logging_mixin.py:117} INFO - [2022-10-29T09:45:46.101+0000] {dag.py:2573} INFO - Sync 1 DAGs
[2022-10-29T09:45:46.143+0000] {logging_mixin.py:117} INFO - [2022-10-29T09:45:46.143+0000] {dag.py:3328} INFO - Setting next_dagrun for latest_only_with_trigger to 2022-10-29T05:45:46.143304+00:00, run_after=2022-10-29T09:45:46.143304+00:00
[2022-10-29T09:45:46.175+0000] {processor.py:178} INFO - Processing /home/airflow/.local/lib/python3.7/site-packages/airflow/example_dags/example_latest_only_with_trigger.py took 0.149 seconds
[2022-10-29T09:46:16.489+0000] {processor.py:156} INFO - Started process (PID=421) to work on /home/airflow/.local/lib/python3.7/site-packages/airflow/example_dags/example_latest_only_with_trigger.py
[2022-10-29T09:46:16.490+0000] {processor.py:758} INFO - Processing file /home/airflow/.local/lib/python3.7/site-packages/airflow/example_dags/example_latest_only_with_trigger.py for tasks to queue
[2022-10-29T09:46:16.491+0000] {logging_mixin.py:117} INFO - [2022-10-29T09:46:16.491+0000] {dagbag.py:525} INFO - Filling up the DagBag from /home/airflow/.local/lib/python3.7/site-packages/airflow/example_dags/example_latest_only_with_trigger.py
[2022-10-29T09:46:16.510+0000] {processor.py:768} INFO - DAG(s) dict_keys(['latest_only_with_trigger']) retrieved from /home/airflow/.local/lib/python3.7/site-packages/airflow/example_dags/example_latest_only_with_trigger.py
[2022-10-29T09:46:16.568+0000] {logging_mixin.py:117} INFO - [2022-10-29T09:46:16.567+0000] {dag.py:2573} INFO - Sync 1 DAGs
[2022-10-29T09:46:16.604+0000] {logging_mixin.py:117} INFO - [2022-10-29T09:46:16.603+0000] {dag.py:3328} INFO - Setting next_dagrun for latest_only_with_trigger to 2022-10-29T05:46:16.603379+00:00, run_after=2022-10-29T09:46:16.603379+00:00
[2022-10-29T09:46:16.635+0000] {processor.py:178} INFO - Processing /home/airflow/.local/lib/python3.7/site-packages/airflow/example_dags/example_latest_only_with_trigger.py took 0.149 seconds
[2022-10-29T09:53:28.858+0000] {processor.py:156} INFO - Started process (PID=301) to work on /home/airflow/.local/lib/python3.7/site-packages/airflow/example_dags/example_latest_only_with_trigger.py
[2022-10-29T09:53:28.860+0000] {processor.py:758} INFO - Processing file /home/airflow/.local/lib/python3.7/site-packages/airflow/example_dags/example_latest_only_with_trigger.py for tasks to queue
[2022-10-29T09:53:28.862+0000] {logging_mixin.py:117} INFO - [2022-10-29T09:53:28.862+0000] {dagbag.py:525} INFO - Filling up the DagBag from /home/airflow/.local/lib/python3.7/site-packages/airflow/example_dags/example_latest_only_with_trigger.py
[2022-10-29T09:53:28.884+0000] {processor.py:768} INFO - DAG(s) dict_keys(['latest_only_with_trigger']) retrieved from /home/airflow/.local/lib/python3.7/site-packages/airflow/example_dags/example_latest_only_with_trigger.py
[2022-10-29T09:53:29.295+0000] {logging_mixin.py:117} INFO - [2022-10-29T09:53:29.294+0000] {dag.py:2573} INFO - Sync 1 DAGs
[2022-10-29T09:53:29.378+0000] {logging_mixin.py:117} INFO - [2022-10-29T09:53:29.377+0000] {dag.py:3328} INFO - Setting next_dagrun for latest_only_with_trigger to 2022-10-29T05:53:29.377438+00:00, run_after=2022-10-29T09:53:29.377438+00:00
[2022-10-29T09:53:29.441+0000] {processor.py:178} INFO - Processing /home/airflow/.local/lib/python3.7/site-packages/airflow/example_dags/example_latest_only_with_trigger.py took 0.587 seconds
[2022-10-29T09:53:59.796+0000] {processor.py:156} INFO - Started process (PID=355) to work on /home/airflow/.local/lib/python3.7/site-packages/airflow/example_dags/example_latest_only_with_trigger.py
[2022-10-29T09:53:59.797+0000] {processor.py:758} INFO - Processing file /home/airflow/.local/lib/python3.7/site-packages/airflow/example_dags/example_latest_only_with_trigger.py for tasks to queue
[2022-10-29T09:53:59.798+0000] {logging_mixin.py:117} INFO - [2022-10-29T09:53:59.798+0000] {dagbag.py:525} INFO - Filling up the DagBag from /home/airflow/.local/lib/python3.7/site-packages/airflow/example_dags/example_latest_only_with_trigger.py
[2022-10-29T09:53:59.811+0000] {processor.py:768} INFO - DAG(s) dict_keys(['latest_only_with_trigger']) retrieved from /home/airflow/.local/lib/python3.7/site-packages/airflow/example_dags/example_latest_only_with_trigger.py
[2022-10-29T09:54:00.002+0000] {logging_mixin.py:117} INFO - [2022-10-29T09:54:00.002+0000] {dag.py:2573} INFO - Sync 1 DAGs
[2022-10-29T09:54:00.032+0000] {logging_mixin.py:117} INFO - [2022-10-29T09:54:00.032+0000] {dag.py:3328} INFO - Setting next_dagrun for latest_only_with_trigger to 2022-10-29T05:54:00.032013+00:00, run_after=2022-10-29T09:54:00.032013+00:00
[2022-10-29T09:54:00.055+0000] {processor.py:178} INFO - Processing /home/airflow/.local/lib/python3.7/site-packages/airflow/example_dags/example_latest_only_with_trigger.py took 0.261 seconds
[2022-10-29T09:54:30.292+0000] {processor.py:156} INFO - Started process (PID=419) to work on /home/airflow/.local/lib/python3.7/site-packages/airflow/example_dags/example_latest_only_with_trigger.py
[2022-10-29T09:54:30.294+0000] {processor.py:758} INFO - Processing file /home/airflow/.local/lib/python3.7/site-packages/airflow/example_dags/example_latest_only_with_trigger.py for tasks to queue
[2022-10-29T09:54:30.295+0000] {logging_mixin.py:117} INFO - [2022-10-29T09:54:30.295+0000] {dagbag.py:525} INFO - Filling up the DagBag from /home/airflow/.local/lib/python3.7/site-packages/airflow/example_dags/example_latest_only_with_trigger.py
[2022-10-29T09:54:30.437+0000] {processor.py:768} INFO - DAG(s) dict_keys(['latest_only_with_trigger']) retrieved from /home/airflow/.local/lib/python3.7/site-packages/airflow/example_dags/example_latest_only_with_trigger.py
[2022-10-29T09:54:30.480+0000] {logging_mixin.py:117} INFO - [2022-10-29T09:54:30.480+0000] {dag.py:2573} INFO - Sync 1 DAGs
[2022-10-29T09:54:30.511+0000] {logging_mixin.py:117} INFO - [2022-10-29T09:54:30.511+0000] {dag.py:3328} INFO - Setting next_dagrun for latest_only_with_trigger to 2022-10-29T05:54:30.509752+00:00, run_after=2022-10-29T09:54:30.509752+00:00
[2022-10-29T09:54:30.540+0000] {processor.py:178} INFO - Processing /home/airflow/.local/lib/python3.7/site-packages/airflow/example_dags/example_latest_only_with_trigger.py took 0.251 seconds
[2022-10-29T09:55:01.341+0000] {processor.py:156} INFO - Started process (PID=474) to work on /home/airflow/.local/lib/python3.7/site-packages/airflow/example_dags/example_latest_only_with_trigger.py
[2022-10-29T09:55:01.342+0000] {processor.py:758} INFO - Processing file /home/airflow/.local/lib/python3.7/site-packages/airflow/example_dags/example_latest_only_with_trigger.py for tasks to queue
[2022-10-29T09:55:01.344+0000] {logging_mixin.py:117} INFO - [2022-10-29T09:55:01.344+0000] {dagbag.py:525} INFO - Filling up the DagBag from /home/airflow/.local/lib/python3.7/site-packages/airflow/example_dags/example_latest_only_with_trigger.py
[2022-10-29T09:55:01.537+0000] {processor.py:768} INFO - DAG(s) dict_keys(['latest_only_with_trigger']) retrieved from /home/airflow/.local/lib/python3.7/site-packages/airflow/example_dags/example_latest_only_with_trigger.py
[2022-10-29T09:55:01.599+0000] {logging_mixin.py:117} INFO - [2022-10-29T09:55:01.599+0000] {dag.py:2573} INFO - Sync 1 DAGs
[2022-10-29T09:55:01.649+0000] {logging_mixin.py:117} INFO - [2022-10-29T09:55:01.649+0000] {dag.py:3328} INFO - Setting next_dagrun for latest_only_with_trigger to 2022-10-29T05:55:01.648843+00:00, run_after=2022-10-29T09:55:01.648843+00:00
[2022-10-29T09:55:01.684+0000] {processor.py:178} INFO - Processing /home/airflow/.local/lib/python3.7/site-packages/airflow/example_dags/example_latest_only_with_trigger.py took 0.347 seconds
[2022-10-29T09:55:31.826+0000] {processor.py:156} INFO - Started process (PID=537) to work on /home/airflow/.local/lib/python3.7/site-packages/airflow/example_dags/example_latest_only_with_trigger.py
[2022-10-29T09:55:31.827+0000] {processor.py:758} INFO - Processing file /home/airflow/.local/lib/python3.7/site-packages/airflow/example_dags/example_latest_only_with_trigger.py for tasks to queue
[2022-10-29T09:55:31.828+0000] {logging_mixin.py:117} INFO - [2022-10-29T09:55:31.828+0000] {dagbag.py:525} INFO - Filling up the DagBag from /home/airflow/.local/lib/python3.7/site-packages/airflow/example_dags/example_latest_only_with_trigger.py
[2022-10-29T09:55:31.847+0000] {processor.py:768} INFO - DAG(s) dict_keys(['latest_only_with_trigger']) retrieved from /home/airflow/.local/lib/python3.7/site-packages/airflow/example_dags/example_latest_only_with_trigger.py
[2022-10-29T09:55:31.879+0000] {logging_mixin.py:117} INFO - [2022-10-29T09:55:31.879+0000] {dag.py:2573} INFO - Sync 1 DAGs
[2022-10-29T09:55:31.916+0000] {logging_mixin.py:117} INFO - [2022-10-29T09:55:31.916+0000] {dag.py:3328} INFO - Setting next_dagrun for latest_only_with_trigger to 2022-10-29T05:55:31.915941+00:00, run_after=2022-10-29T09:55:31.915941+00:00
[2022-10-29T09:55:31.943+0000] {processor.py:178} INFO - Processing /home/airflow/.local/lib/python3.7/site-packages/airflow/example_dags/example_latest_only_with_trigger.py took 0.120 seconds
[2022-10-29T09:56:02.068+0000] {processor.py:156} INFO - Started process (PID=591) to work on /home/airflow/.local/lib/python3.7/site-packages/airflow/example_dags/example_latest_only_with_trigger.py
[2022-10-29T09:56:02.069+0000] {processor.py:758} INFO - Processing file /home/airflow/.local/lib/python3.7/site-packages/airflow/example_dags/example_latest_only_with_trigger.py for tasks to queue
[2022-10-29T09:56:02.070+0000] {logging_mixin.py:117} INFO - [2022-10-29T09:56:02.070+0000] {dagbag.py:525} INFO - Filling up the DagBag from /home/airflow/.local/lib/python3.7/site-packages/airflow/example_dags/example_latest_only_with_trigger.py
[2022-10-29T09:56:02.086+0000] {processor.py:768} INFO - DAG(s) dict_keys(['latest_only_with_trigger']) retrieved from /home/airflow/.local/lib/python3.7/site-packages/airflow/example_dags/example_latest_only_with_trigger.py
[2022-10-29T09:56:02.138+0000] {logging_mixin.py:117} INFO - [2022-10-29T09:56:02.137+0000] {dag.py:2573} INFO - Sync 1 DAGs
[2022-10-29T09:56:02.175+0000] {logging_mixin.py:117} INFO - [2022-10-29T09:56:02.175+0000] {dag.py:3328} INFO - Setting next_dagrun for latest_only_with_trigger to 2022-10-29T05:56:02.175023+00:00, run_after=2022-10-29T09:56:02.175023+00:00
[2022-10-29T09:56:02.203+0000] {processor.py:178} INFO - Processing /home/airflow/.local/lib/python3.7/site-packages/airflow/example_dags/example_latest_only_with_trigger.py took 0.139 seconds
[2022-10-29T09:56:32.278+0000] {processor.py:156} INFO - Started process (PID=654) to work on /home/airflow/.local/lib/python3.7/site-packages/airflow/example_dags/example_latest_only_with_trigger.py
[2022-10-29T09:56:32.280+0000] {processor.py:758} INFO - Processing file /home/airflow/.local/lib/python3.7/site-packages/airflow/example_dags/example_latest_only_with_trigger.py for tasks to queue
[2022-10-29T09:56:32.281+0000] {logging_mixin.py:117} INFO - [2022-10-29T09:56:32.281+0000] {dagbag.py:525} INFO - Filling up the DagBag from /home/airflow/.local/lib/python3.7/site-packages/airflow/example_dags/example_latest_only_with_trigger.py
[2022-10-29T09:56:32.299+0000] {processor.py:768} INFO - DAG(s) dict_keys(['latest_only_with_trigger']) retrieved from /home/airflow/.local/lib/python3.7/site-packages/airflow/example_dags/example_latest_only_with_trigger.py
[2022-10-29T09:56:32.355+0000] {logging_mixin.py:117} INFO - [2022-10-29T09:56:32.355+0000] {dag.py:2573} INFO - Sync 1 DAGs
[2022-10-29T09:56:32.389+0000] {logging_mixin.py:117} INFO - [2022-10-29T09:56:32.389+0000] {dag.py:3328} INFO - Setting next_dagrun for latest_only_with_trigger to 2022-10-29T05:56:32.389149+00:00, run_after=2022-10-29T09:56:32.389149+00:00
[2022-10-29T09:56:32.420+0000] {processor.py:178} INFO - Processing /home/airflow/.local/lib/python3.7/site-packages/airflow/example_dags/example_latest_only_with_trigger.py took 0.144 seconds
[2022-10-29T09:57:02.575+0000] {processor.py:156} INFO - Started process (PID=708) to work on /home/airflow/.local/lib/python3.7/site-packages/airflow/example_dags/example_latest_only_with_trigger.py
[2022-10-29T09:57:02.577+0000] {processor.py:758} INFO - Processing file /home/airflow/.local/lib/python3.7/site-packages/airflow/example_dags/example_latest_only_with_trigger.py for tasks to queue
[2022-10-29T09:57:02.578+0000] {logging_mixin.py:117} INFO - [2022-10-29T09:57:02.578+0000] {dagbag.py:525} INFO - Filling up the DagBag from /home/airflow/.local/lib/python3.7/site-packages/airflow/example_dags/example_latest_only_with_trigger.py
[2022-10-29T09:57:02.593+0000] {processor.py:768} INFO - DAG(s) dict_keys(['latest_only_with_trigger']) retrieved from /home/airflow/.local/lib/python3.7/site-packages/airflow/example_dags/example_latest_only_with_trigger.py
[2022-10-29T09:57:02.641+0000] {logging_mixin.py:117} INFO - [2022-10-29T09:57:02.641+0000] {dag.py:2573} INFO - Sync 1 DAGs
[2022-10-29T09:57:02.682+0000] {logging_mixin.py:117} INFO - [2022-10-29T09:57:02.682+0000] {dag.py:3328} INFO - Setting next_dagrun for latest_only_with_trigger to 2022-10-29T05:57:02.682511+00:00, run_after=2022-10-29T09:57:02.682511+00:00
[2022-10-29T09:57:02.716+0000] {processor.py:178} INFO - Processing /home/airflow/.local/lib/python3.7/site-packages/airflow/example_dags/example_latest_only_with_trigger.py took 0.144 seconds
[2022-10-29T10:02:55.110+0000] {processor.py:156} INFO - Started process (PID=69) to work on /home/airflow/.local/lib/python3.7/site-packages/airflow/example_dags/example_latest_only_with_trigger.py
[2022-10-29T10:02:55.112+0000] {processor.py:758} INFO - Processing file /home/airflow/.local/lib/python3.7/site-packages/airflow/example_dags/example_latest_only_with_trigger.py for tasks to queue
[2022-10-29T10:02:55.113+0000] {logging_mixin.py:117} INFO - [2022-10-29T10:02:55.113+0000] {dagbag.py:525} INFO - Filling up the DagBag from /home/airflow/.local/lib/python3.7/site-packages/airflow/example_dags/example_latest_only_with_trigger.py
[2022-10-29T10:02:55.133+0000] {processor.py:768} INFO - DAG(s) dict_keys(['latest_only_with_trigger']) retrieved from /home/airflow/.local/lib/python3.7/site-packages/airflow/example_dags/example_latest_only_with_trigger.py
[2022-10-29T10:02:55.188+0000] {logging_mixin.py:117} INFO - [2022-10-29T10:02:55.188+0000] {dag.py:2573} INFO - Sync 1 DAGs
[2022-10-29T10:02:55.228+0000] {logging_mixin.py:117} INFO - [2022-10-29T10:02:55.227+0000] {dag.py:3328} INFO - Setting next_dagrun for latest_only_with_trigger to 2022-10-29T06:02:55.227542+00:00, run_after=2022-10-29T10:02:55.227542+00:00
[2022-10-29T10:02:55.262+0000] {processor.py:178} INFO - Processing /home/airflow/.local/lib/python3.7/site-packages/airflow/example_dags/example_latest_only_with_trigger.py took 0.155 seconds
[2022-10-29T10:03:25.731+0000] {processor.py:156} INFO - Started process (PID=123) to work on /home/airflow/.local/lib/python3.7/site-packages/airflow/example_dags/example_latest_only_with_trigger.py
[2022-10-29T10:03:25.733+0000] {processor.py:758} INFO - Processing file /home/airflow/.local/lib/python3.7/site-packages/airflow/example_dags/example_latest_only_with_trigger.py for tasks to queue
[2022-10-29T10:03:25.734+0000] {logging_mixin.py:117} INFO - [2022-10-29T10:03:25.734+0000] {dagbag.py:525} INFO - Filling up the DagBag from /home/airflow/.local/lib/python3.7/site-packages/airflow/example_dags/example_latest_only_with_trigger.py
[2022-10-29T10:03:25.751+0000] {processor.py:768} INFO - DAG(s) dict_keys(['latest_only_with_trigger']) retrieved from /home/airflow/.local/lib/python3.7/site-packages/airflow/example_dags/example_latest_only_with_trigger.py
[2022-10-29T10:03:25.817+0000] {logging_mixin.py:117} INFO - [2022-10-29T10:03:25.816+0000] {dag.py:2573} INFO - Sync 1 DAGs
[2022-10-29T10:03:25.849+0000] {logging_mixin.py:117} INFO - [2022-10-29T10:03:25.849+0000] {dag.py:3328} INFO - Setting next_dagrun for latest_only_with_trigger to 2022-10-29T06:03:25.849230+00:00, run_after=2022-10-29T10:03:25.849230+00:00
[2022-10-29T10:03:25.877+0000] {processor.py:178} INFO - Processing /home/airflow/.local/lib/python3.7/site-packages/airflow/example_dags/example_latest_only_with_trigger.py took 0.149 seconds
