[2022-10-29T09:43:14.119+0000] {processor.py:156} INFO - Started process (PID=84) to work on /home/airflow/.local/lib/python3.7/site-packages/airflow/example_dags/example_short_circuit_operator.py
[2022-10-29T09:43:14.120+0000] {processor.py:758} INFO - Processing file /home/airflow/.local/lib/python3.7/site-packages/airflow/example_dags/example_short_circuit_operator.py for tasks to queue
[2022-10-29T09:43:14.121+0000] {logging_mixin.py:117} INFO - [2022-10-29T09:43:14.121+0000] {dagbag.py:525} INFO - Filling up the DagBag from /home/airflow/.local/lib/python3.7/site-packages/airflow/example_dags/example_short_circuit_operator.py
[2022-10-29T09:43:14.144+0000] {processor.py:768} INFO - DAG(s) dict_keys(['example_short_circuit_operator']) retrieved from /home/airflow/.local/lib/python3.7/site-packages/airflow/example_dags/example_short_circuit_operator.py
[2022-10-29T09:43:14.174+0000] {logging_mixin.py:117} INFO - [2022-10-29T09:43:14.174+0000] {dag.py:2573} INFO - Sync 1 DAGs
[2022-10-29T09:43:14.216+0000] {logging_mixin.py:117} INFO - [2022-10-29T09:43:14.216+0000] {dag.py:3328} INFO - Setting next_dagrun for example_short_circuit_operator to 2022-10-28T09:43:14.216149+00:00, run_after=2022-10-29T09:43:14.216149+00:00
[2022-10-29T09:43:14.249+0000] {processor.py:178} INFO - Processing /home/airflow/.local/lib/python3.7/site-packages/airflow/example_dags/example_short_circuit_operator.py took 0.133 seconds
[2022-10-29T09:43:45.576+0000] {processor.py:156} INFO - Started process (PID=138) to work on /home/airflow/.local/lib/python3.7/site-packages/airflow/example_dags/example_short_circuit_operator.py
[2022-10-29T09:43:45.577+0000] {processor.py:758} INFO - Processing file /home/airflow/.local/lib/python3.7/site-packages/airflow/example_dags/example_short_circuit_operator.py for tasks to queue
[2022-10-29T09:43:45.579+0000] {logging_mixin.py:117} INFO - [2022-10-29T09:43:45.578+0000] {dagbag.py:525} INFO - Filling up the DagBag from /home/airflow/.local/lib/python3.7/site-packages/airflow/example_dags/example_short_circuit_operator.py
[2022-10-29T09:43:45.598+0000] {processor.py:768} INFO - DAG(s) dict_keys(['example_short_circuit_operator']) retrieved from /home/airflow/.local/lib/python3.7/site-packages/airflow/example_dags/example_short_circuit_operator.py
[2022-10-29T09:43:45.651+0000] {logging_mixin.py:117} INFO - [2022-10-29T09:43:45.651+0000] {dag.py:2573} INFO - Sync 1 DAGs
[2022-10-29T09:43:45.688+0000] {logging_mixin.py:117} INFO - [2022-10-29T09:43:45.688+0000] {dag.py:3328} INFO - Setting next_dagrun for example_short_circuit_operator to 2022-10-28T09:43:45.687956+00:00, run_after=2022-10-29T09:43:45.687956+00:00
[2022-10-29T09:43:45.716+0000] {processor.py:178} INFO - Processing /home/airflow/.local/lib/python3.7/site-packages/airflow/example_dags/example_short_circuit_operator.py took 0.145 seconds
[2022-10-29T09:44:16.107+0000] {processor.py:156} INFO - Started process (PID=202) to work on /home/airflow/.local/lib/python3.7/site-packages/airflow/example_dags/example_short_circuit_operator.py
[2022-10-29T09:44:16.108+0000] {processor.py:758} INFO - Processing file /home/airflow/.local/lib/python3.7/site-packages/airflow/example_dags/example_short_circuit_operator.py for tasks to queue
[2022-10-29T09:44:16.109+0000] {logging_mixin.py:117} INFO - [2022-10-29T09:44:16.109+0000] {dagbag.py:525} INFO - Filling up the DagBag from /home/airflow/.local/lib/python3.7/site-packages/airflow/example_dags/example_short_circuit_operator.py
[2022-10-29T09:44:16.130+0000] {processor.py:768} INFO - DAG(s) dict_keys(['example_short_circuit_operator']) retrieved from /home/airflow/.local/lib/python3.7/site-packages/airflow/example_dags/example_short_circuit_operator.py
[2022-10-29T09:44:16.185+0000] {logging_mixin.py:117} INFO - [2022-10-29T09:44:16.185+0000] {dag.py:2573} INFO - Sync 1 DAGs
[2022-10-29T09:44:16.223+0000] {logging_mixin.py:117} INFO - [2022-10-29T09:44:16.223+0000] {dag.py:3328} INFO - Setting next_dagrun for example_short_circuit_operator to 2022-10-28T09:44:16.222698+00:00, run_after=2022-10-29T09:44:16.222698+00:00
[2022-10-29T09:44:16.256+0000] {processor.py:178} INFO - Processing /home/airflow/.local/lib/python3.7/site-packages/airflow/example_dags/example_short_circuit_operator.py took 0.152 seconds
[2022-10-29T09:44:47.280+0000] {processor.py:156} INFO - Started process (PID=265) to work on /home/airflow/.local/lib/python3.7/site-packages/airflow/example_dags/example_short_circuit_operator.py
[2022-10-29T09:44:47.281+0000] {processor.py:758} INFO - Processing file /home/airflow/.local/lib/python3.7/site-packages/airflow/example_dags/example_short_circuit_operator.py for tasks to queue
[2022-10-29T09:44:47.282+0000] {logging_mixin.py:117} INFO - [2022-10-29T09:44:47.282+0000] {dagbag.py:525} INFO - Filling up the DagBag from /home/airflow/.local/lib/python3.7/site-packages/airflow/example_dags/example_short_circuit_operator.py
[2022-10-29T09:44:47.306+0000] {processor.py:768} INFO - DAG(s) dict_keys(['example_short_circuit_operator']) retrieved from /home/airflow/.local/lib/python3.7/site-packages/airflow/example_dags/example_short_circuit_operator.py
[2022-10-29T09:44:47.361+0000] {logging_mixin.py:117} INFO - [2022-10-29T09:44:47.360+0000] {dag.py:2573} INFO - Sync 1 DAGs
[2022-10-29T09:44:47.403+0000] {logging_mixin.py:117} INFO - [2022-10-29T09:44:47.403+0000] {dag.py:3328} INFO - Setting next_dagrun for example_short_circuit_operator to 2022-10-28T09:44:47.403216+00:00, run_after=2022-10-29T09:44:47.403216+00:00
[2022-10-29T09:44:47.436+0000] {processor.py:178} INFO - Processing /home/airflow/.local/lib/python3.7/site-packages/airflow/example_dags/example_short_circuit_operator.py took 0.160 seconds
[2022-10-29T09:45:18.073+0000] {processor.py:156} INFO - Started process (PID=318) to work on /home/airflow/.local/lib/python3.7/site-packages/airflow/example_dags/example_short_circuit_operator.py
[2022-10-29T09:45:18.075+0000] {processor.py:758} INFO - Processing file /home/airflow/.local/lib/python3.7/site-packages/airflow/example_dags/example_short_circuit_operator.py for tasks to queue
[2022-10-29T09:45:18.077+0000] {logging_mixin.py:117} INFO - [2022-10-29T09:45:18.076+0000] {dagbag.py:525} INFO - Filling up the DagBag from /home/airflow/.local/lib/python3.7/site-packages/airflow/example_dags/example_short_circuit_operator.py
[2022-10-29T09:45:18.103+0000] {processor.py:768} INFO - DAG(s) dict_keys(['example_short_circuit_operator']) retrieved from /home/airflow/.local/lib/python3.7/site-packages/airflow/example_dags/example_short_circuit_operator.py
[2022-10-29T09:45:18.163+0000] {logging_mixin.py:117} INFO - [2022-10-29T09:45:18.163+0000] {dag.py:2573} INFO - Sync 1 DAGs
[2022-10-29T09:45:18.213+0000] {logging_mixin.py:117} INFO - [2022-10-29T09:45:18.213+0000] {dag.py:3328} INFO - Setting next_dagrun for example_short_circuit_operator to 2022-10-28T09:45:18.212960+00:00, run_after=2022-10-29T09:45:18.212960+00:00
[2022-10-29T09:45:18.244+0000] {processor.py:178} INFO - Processing /home/airflow/.local/lib/python3.7/site-packages/airflow/example_dags/example_short_circuit_operator.py took 0.174 seconds
[2022-10-29T09:45:49.006+0000] {processor.py:156} INFO - Started process (PID=383) to work on /home/airflow/.local/lib/python3.7/site-packages/airflow/example_dags/example_short_circuit_operator.py
[2022-10-29T09:45:49.007+0000] {processor.py:758} INFO - Processing file /home/airflow/.local/lib/python3.7/site-packages/airflow/example_dags/example_short_circuit_operator.py for tasks to queue
[2022-10-29T09:45:49.008+0000] {logging_mixin.py:117} INFO - [2022-10-29T09:45:49.008+0000] {dagbag.py:525} INFO - Filling up the DagBag from /home/airflow/.local/lib/python3.7/site-packages/airflow/example_dags/example_short_circuit_operator.py
[2022-10-29T09:45:49.028+0000] {processor.py:768} INFO - DAG(s) dict_keys(['example_short_circuit_operator']) retrieved from /home/airflow/.local/lib/python3.7/site-packages/airflow/example_dags/example_short_circuit_operator.py
[2022-10-29T09:45:49.078+0000] {logging_mixin.py:117} INFO - [2022-10-29T09:45:49.078+0000] {dag.py:2573} INFO - Sync 1 DAGs
[2022-10-29T09:45:49.111+0000] {logging_mixin.py:117} INFO - [2022-10-29T09:45:49.111+0000] {dag.py:3328} INFO - Setting next_dagrun for example_short_circuit_operator to 2022-10-28T09:45:49.111192+00:00, run_after=2022-10-29T09:45:49.111192+00:00
[2022-10-29T09:45:49.140+0000] {processor.py:178} INFO - Processing /home/airflow/.local/lib/python3.7/site-packages/airflow/example_dags/example_short_circuit_operator.py took 0.138 seconds
[2022-10-29T09:46:19.336+0000] {processor.py:156} INFO - Started process (PID=437) to work on /home/airflow/.local/lib/python3.7/site-packages/airflow/example_dags/example_short_circuit_operator.py
[2022-10-29T09:46:19.337+0000] {processor.py:758} INFO - Processing file /home/airflow/.local/lib/python3.7/site-packages/airflow/example_dags/example_short_circuit_operator.py for tasks to queue
[2022-10-29T09:46:19.338+0000] {logging_mixin.py:117} INFO - [2022-10-29T09:46:19.338+0000] {dagbag.py:525} INFO - Filling up the DagBag from /home/airflow/.local/lib/python3.7/site-packages/airflow/example_dags/example_short_circuit_operator.py
[2022-10-29T09:46:19.358+0000] {processor.py:768} INFO - DAG(s) dict_keys(['example_short_circuit_operator']) retrieved from /home/airflow/.local/lib/python3.7/site-packages/airflow/example_dags/example_short_circuit_operator.py
[2022-10-29T09:46:19.415+0000] {logging_mixin.py:117} INFO - [2022-10-29T09:46:19.415+0000] {dag.py:2573} INFO - Sync 1 DAGs
[2022-10-29T09:46:19.458+0000] {logging_mixin.py:117} INFO - [2022-10-29T09:46:19.457+0000] {dag.py:3328} INFO - Setting next_dagrun for example_short_circuit_operator to 2022-10-28T09:46:19.457474+00:00, run_after=2022-10-29T09:46:19.457474+00:00
[2022-10-29T09:46:19.492+0000] {processor.py:178} INFO - Processing /home/airflow/.local/lib/python3.7/site-packages/airflow/example_dags/example_short_circuit_operator.py took 0.160 seconds
[2022-10-29T09:53:35.079+0000] {processor.py:156} INFO - Started process (PID=317) to work on /home/airflow/.local/lib/python3.7/site-packages/airflow/example_dags/example_short_circuit_operator.py
[2022-10-29T09:53:35.082+0000] {processor.py:758} INFO - Processing file /home/airflow/.local/lib/python3.7/site-packages/airflow/example_dags/example_short_circuit_operator.py for tasks to queue
[2022-10-29T09:53:35.085+0000] {logging_mixin.py:117} INFO - [2022-10-29T09:53:35.084+0000] {dagbag.py:525} INFO - Filling up the DagBag from /home/airflow/.local/lib/python3.7/site-packages/airflow/example_dags/example_short_circuit_operator.py
[2022-10-29T09:53:35.121+0000] {processor.py:768} INFO - DAG(s) dict_keys(['example_short_circuit_operator']) retrieved from /home/airflow/.local/lib/python3.7/site-packages/airflow/example_dags/example_short_circuit_operator.py
[2022-10-29T09:53:35.560+0000] {logging_mixin.py:117} INFO - [2022-10-29T09:53:35.560+0000] {dag.py:2573} INFO - Sync 1 DAGs
[2022-10-29T09:53:35.606+0000] {logging_mixin.py:117} INFO - [2022-10-29T09:53:35.606+0000] {dag.py:3328} INFO - Setting next_dagrun for example_short_circuit_operator to 2022-10-28T09:53:35.606249+00:00, run_after=2022-10-29T09:53:35.606249+00:00
[2022-10-29T09:53:35.638+0000] {processor.py:178} INFO - Processing /home/airflow/.local/lib/python3.7/site-packages/airflow/example_dags/example_short_circuit_operator.py took 0.563 seconds
[2022-10-29T09:54:05.701+0000] {processor.py:156} INFO - Started process (PID=380) to work on /home/airflow/.local/lib/python3.7/site-packages/airflow/example_dags/example_short_circuit_operator.py
[2022-10-29T09:54:05.703+0000] {processor.py:758} INFO - Processing file /home/airflow/.local/lib/python3.7/site-packages/airflow/example_dags/example_short_circuit_operator.py for tasks to queue
[2022-10-29T09:54:05.704+0000] {logging_mixin.py:117} INFO - [2022-10-29T09:54:05.704+0000] {dagbag.py:525} INFO - Filling up the DagBag from /home/airflow/.local/lib/python3.7/site-packages/airflow/example_dags/example_short_circuit_operator.py
[2022-10-29T09:54:05.737+0000] {processor.py:768} INFO - DAG(s) dict_keys(['example_short_circuit_operator']) retrieved from /home/airflow/.local/lib/python3.7/site-packages/airflow/example_dags/example_short_circuit_operator.py
[2022-10-29T09:54:06.022+0000] {logging_mixin.py:117} INFO - [2022-10-29T09:54:06.022+0000] {dag.py:2573} INFO - Sync 1 DAGs
[2022-10-29T09:54:06.058+0000] {logging_mixin.py:117} INFO - [2022-10-29T09:54:06.057+0000] {dag.py:3328} INFO - Setting next_dagrun for example_short_circuit_operator to 2022-10-28T09:54:06.057660+00:00, run_after=2022-10-29T09:54:06.057660+00:00
[2022-10-29T09:54:06.087+0000] {processor.py:178} INFO - Processing /home/airflow/.local/lib/python3.7/site-packages/airflow/example_dags/example_short_circuit_operator.py took 0.389 seconds
[2022-10-29T09:54:36.591+0000] {processor.py:156} INFO - Started process (PID=435) to work on /home/airflow/.local/lib/python3.7/site-packages/airflow/example_dags/example_short_circuit_operator.py
[2022-10-29T09:54:36.593+0000] {processor.py:758} INFO - Processing file /home/airflow/.local/lib/python3.7/site-packages/airflow/example_dags/example_short_circuit_operator.py for tasks to queue
[2022-10-29T09:54:36.595+0000] {logging_mixin.py:117} INFO - [2022-10-29T09:54:36.594+0000] {dagbag.py:525} INFO - Filling up the DagBag from /home/airflow/.local/lib/python3.7/site-packages/airflow/example_dags/example_short_circuit_operator.py
[2022-10-29T09:54:36.805+0000] {processor.py:768} INFO - DAG(s) dict_keys(['example_short_circuit_operator']) retrieved from /home/airflow/.local/lib/python3.7/site-packages/airflow/example_dags/example_short_circuit_operator.py
[2022-10-29T09:54:36.864+0000] {logging_mixin.py:117} INFO - [2022-10-29T09:54:36.864+0000] {dag.py:2573} INFO - Sync 1 DAGs
[2022-10-29T09:54:36.927+0000] {logging_mixin.py:117} INFO - [2022-10-29T09:54:36.927+0000] {dag.py:3328} INFO - Setting next_dagrun for example_short_circuit_operator to 2022-10-28T09:54:36.927188+00:00, run_after=2022-10-29T09:54:36.927188+00:00
[2022-10-29T09:54:36.968+0000] {processor.py:178} INFO - Processing /home/airflow/.local/lib/python3.7/site-packages/airflow/example_dags/example_short_circuit_operator.py took 0.382 seconds
[2022-10-29T09:55:07.296+0000] {processor.py:156} INFO - Started process (PID=499) to work on /home/airflow/.local/lib/python3.7/site-packages/airflow/example_dags/example_short_circuit_operator.py
[2022-10-29T09:55:07.297+0000] {processor.py:758} INFO - Processing file /home/airflow/.local/lib/python3.7/site-packages/airflow/example_dags/example_short_circuit_operator.py for tasks to queue
[2022-10-29T09:55:07.299+0000] {logging_mixin.py:117} INFO - [2022-10-29T09:55:07.299+0000] {dagbag.py:525} INFO - Filling up the DagBag from /home/airflow/.local/lib/python3.7/site-packages/airflow/example_dags/example_short_circuit_operator.py
[2022-10-29T09:55:07.318+0000] {processor.py:768} INFO - DAG(s) dict_keys(['example_short_circuit_operator']) retrieved from /home/airflow/.local/lib/python3.7/site-packages/airflow/example_dags/example_short_circuit_operator.py
[2022-10-29T09:55:07.369+0000] {logging_mixin.py:117} INFO - [2022-10-29T09:55:07.369+0000] {dag.py:2573} INFO - Sync 1 DAGs
[2022-10-29T09:55:07.405+0000] {logging_mixin.py:117} INFO - [2022-10-29T09:55:07.405+0000] {dag.py:3328} INFO - Setting next_dagrun for example_short_circuit_operator to 2022-10-28T09:55:07.404810+00:00, run_after=2022-10-29T09:55:07.404810+00:00
[2022-10-29T09:55:07.432+0000] {processor.py:178} INFO - Processing /home/airflow/.local/lib/python3.7/site-packages/airflow/example_dags/example_short_circuit_operator.py took 0.140 seconds
[2022-10-29T09:55:37.574+0000] {processor.py:156} INFO - Started process (PID=553) to work on /home/airflow/.local/lib/python3.7/site-packages/airflow/example_dags/example_short_circuit_operator.py
[2022-10-29T09:55:37.576+0000] {processor.py:758} INFO - Processing file /home/airflow/.local/lib/python3.7/site-packages/airflow/example_dags/example_short_circuit_operator.py for tasks to queue
[2022-10-29T09:55:37.577+0000] {logging_mixin.py:117} INFO - [2022-10-29T09:55:37.577+0000] {dagbag.py:525} INFO - Filling up the DagBag from /home/airflow/.local/lib/python3.7/site-packages/airflow/example_dags/example_short_circuit_operator.py
[2022-10-29T09:55:37.596+0000] {processor.py:768} INFO - DAG(s) dict_keys(['example_short_circuit_operator']) retrieved from /home/airflow/.local/lib/python3.7/site-packages/airflow/example_dags/example_short_circuit_operator.py
[2022-10-29T09:55:37.628+0000] {logging_mixin.py:117} INFO - [2022-10-29T09:55:37.628+0000] {dag.py:2573} INFO - Sync 1 DAGs
[2022-10-29T09:55:37.662+0000] {logging_mixin.py:117} INFO - [2022-10-29T09:55:37.662+0000] {dag.py:3328} INFO - Setting next_dagrun for example_short_circuit_operator to 2022-10-28T09:55:37.661827+00:00, run_after=2022-10-29T09:55:37.661827+00:00
[2022-10-29T09:55:37.693+0000] {processor.py:178} INFO - Processing /home/airflow/.local/lib/python3.7/site-packages/airflow/example_dags/example_short_circuit_operator.py took 0.121 seconds
[2022-10-29T09:56:07.899+0000] {processor.py:156} INFO - Started process (PID=616) to work on /home/airflow/.local/lib/python3.7/site-packages/airflow/example_dags/example_short_circuit_operator.py
[2022-10-29T09:56:07.900+0000] {processor.py:758} INFO - Processing file /home/airflow/.local/lib/python3.7/site-packages/airflow/example_dags/example_short_circuit_operator.py for tasks to queue
[2022-10-29T09:56:07.901+0000] {logging_mixin.py:117} INFO - [2022-10-29T09:56:07.900+0000] {dagbag.py:525} INFO - Filling up the DagBag from /home/airflow/.local/lib/python3.7/site-packages/airflow/example_dags/example_short_circuit_operator.py
[2022-10-29T09:56:07.917+0000] {processor.py:768} INFO - DAG(s) dict_keys(['example_short_circuit_operator']) retrieved from /home/airflow/.local/lib/python3.7/site-packages/airflow/example_dags/example_short_circuit_operator.py
[2022-10-29T09:56:07.963+0000] {logging_mixin.py:117} INFO - [2022-10-29T09:56:07.962+0000] {dag.py:2573} INFO - Sync 1 DAGs
[2022-10-29T09:56:07.992+0000] {logging_mixin.py:117} INFO - [2022-10-29T09:56:07.992+0000] {dag.py:3328} INFO - Setting next_dagrun for example_short_circuit_operator to 2022-10-28T09:56:07.992068+00:00, run_after=2022-10-29T09:56:07.992068+00:00
[2022-10-29T09:56:08.015+0000] {processor.py:178} INFO - Processing /home/airflow/.local/lib/python3.7/site-packages/airflow/example_dags/example_short_circuit_operator.py took 0.119 seconds
[2022-10-29T09:56:38.225+0000] {processor.py:156} INFO - Started process (PID=670) to work on /home/airflow/.local/lib/python3.7/site-packages/airflow/example_dags/example_short_circuit_operator.py
[2022-10-29T09:56:38.226+0000] {processor.py:758} INFO - Processing file /home/airflow/.local/lib/python3.7/site-packages/airflow/example_dags/example_short_circuit_operator.py for tasks to queue
[2022-10-29T09:56:38.228+0000] {logging_mixin.py:117} INFO - [2022-10-29T09:56:38.227+0000] {dagbag.py:525} INFO - Filling up the DagBag from /home/airflow/.local/lib/python3.7/site-packages/airflow/example_dags/example_short_circuit_operator.py
[2022-10-29T09:56:38.254+0000] {processor.py:768} INFO - DAG(s) dict_keys(['example_short_circuit_operator']) retrieved from /home/airflow/.local/lib/python3.7/site-packages/airflow/example_dags/example_short_circuit_operator.py
[2022-10-29T09:56:38.316+0000] {logging_mixin.py:117} INFO - [2022-10-29T09:56:38.315+0000] {dag.py:2573} INFO - Sync 1 DAGs
[2022-10-29T09:56:38.357+0000] {logging_mixin.py:117} INFO - [2022-10-29T09:56:38.357+0000] {dag.py:3328} INFO - Setting next_dagrun for example_short_circuit_operator to 2022-10-28T09:56:38.356732+00:00, run_after=2022-10-29T09:56:38.356732+00:00
[2022-10-29T09:56:38.391+0000] {processor.py:178} INFO - Processing /home/airflow/.local/lib/python3.7/site-packages/airflow/example_dags/example_short_circuit_operator.py took 0.170 seconds
[2022-10-29T09:57:08.879+0000] {processor.py:156} INFO - Started process (PID=733) to work on /home/airflow/.local/lib/python3.7/site-packages/airflow/example_dags/example_short_circuit_operator.py
[2022-10-29T09:57:08.880+0000] {processor.py:758} INFO - Processing file /home/airflow/.local/lib/python3.7/site-packages/airflow/example_dags/example_short_circuit_operator.py for tasks to queue
[2022-10-29T09:57:08.882+0000] {logging_mixin.py:117} INFO - [2022-10-29T09:57:08.881+0000] {dagbag.py:525} INFO - Filling up the DagBag from /home/airflow/.local/lib/python3.7/site-packages/airflow/example_dags/example_short_circuit_operator.py
[2022-10-29T09:57:08.906+0000] {processor.py:768} INFO - DAG(s) dict_keys(['example_short_circuit_operator']) retrieved from /home/airflow/.local/lib/python3.7/site-packages/airflow/example_dags/example_short_circuit_operator.py
[2022-10-29T09:57:08.969+0000] {logging_mixin.py:117} INFO - [2022-10-29T09:57:08.969+0000] {dag.py:2573} INFO - Sync 1 DAGs
[2022-10-29T09:57:09.010+0000] {logging_mixin.py:117} INFO - [2022-10-29T09:57:09.009+0000] {dag.py:3328} INFO - Setting next_dagrun for example_short_circuit_operator to 2022-10-28T09:57:09.009508+00:00, run_after=2022-10-29T09:57:09.009508+00:00
[2022-10-29T09:57:09.045+0000] {processor.py:178} INFO - Processing /home/airflow/.local/lib/python3.7/site-packages/airflow/example_dags/example_short_circuit_operator.py took 0.170 seconds
[2022-10-29T10:02:57.077+0000] {processor.py:156} INFO - Started process (PID=85) to work on /home/airflow/.local/lib/python3.7/site-packages/airflow/example_dags/example_short_circuit_operator.py
[2022-10-29T10:02:57.078+0000] {processor.py:758} INFO - Processing file /home/airflow/.local/lib/python3.7/site-packages/airflow/example_dags/example_short_circuit_operator.py for tasks to queue
[2022-10-29T10:02:57.079+0000] {logging_mixin.py:117} INFO - [2022-10-29T10:02:57.079+0000] {dagbag.py:525} INFO - Filling up the DagBag from /home/airflow/.local/lib/python3.7/site-packages/airflow/example_dags/example_short_circuit_operator.py
[2022-10-29T10:02:57.104+0000] {processor.py:768} INFO - DAG(s) dict_keys(['example_short_circuit_operator']) retrieved from /home/airflow/.local/lib/python3.7/site-packages/airflow/example_dags/example_short_circuit_operator.py
[2022-10-29T10:02:57.177+0000] {logging_mixin.py:117} INFO - [2022-10-29T10:02:57.176+0000] {dag.py:2573} INFO - Sync 1 DAGs
[2022-10-29T10:02:57.235+0000] {logging_mixin.py:117} INFO - [2022-10-29T10:02:57.234+0000] {dag.py:3328} INFO - Setting next_dagrun for example_short_circuit_operator to 2022-10-28T10:02:57.234323+00:00, run_after=2022-10-29T10:02:57.234323+00:00
[2022-10-29T10:02:57.267+0000] {processor.py:178} INFO - Processing /home/airflow/.local/lib/python3.7/site-packages/airflow/example_dags/example_short_circuit_operator.py took 0.193 seconds
[2022-10-29T10:03:27.523+0000] {processor.py:156} INFO - Started process (PID=148) to work on /home/airflow/.local/lib/python3.7/site-packages/airflow/example_dags/example_short_circuit_operator.py
[2022-10-29T10:03:27.524+0000] {processor.py:758} INFO - Processing file /home/airflow/.local/lib/python3.7/site-packages/airflow/example_dags/example_short_circuit_operator.py for tasks to queue
[2022-10-29T10:03:27.525+0000] {logging_mixin.py:117} INFO - [2022-10-29T10:03:27.525+0000] {dagbag.py:525} INFO - Filling up the DagBag from /home/airflow/.local/lib/python3.7/site-packages/airflow/example_dags/example_short_circuit_operator.py
[2022-10-29T10:03:27.550+0000] {processor.py:768} INFO - DAG(s) dict_keys(['example_short_circuit_operator']) retrieved from /home/airflow/.local/lib/python3.7/site-packages/airflow/example_dags/example_short_circuit_operator.py
[2022-10-29T10:03:27.625+0000] {logging_mixin.py:117} INFO - [2022-10-29T10:03:27.625+0000] {dag.py:2573} INFO - Sync 1 DAGs
[2022-10-29T10:03:27.674+0000] {logging_mixin.py:117} INFO - [2022-10-29T10:03:27.674+0000] {dag.py:3328} INFO - Setting next_dagrun for example_short_circuit_operator to 2022-10-28T10:03:27.673963+00:00, run_after=2022-10-29T10:03:27.673963+00:00
[2022-10-29T10:03:27.715+0000] {processor.py:178} INFO - Processing /home/airflow/.local/lib/python3.7/site-packages/airflow/example_dags/example_short_circuit_operator.py took 0.195 seconds
