[2022-10-29T09:43:14.217+0000] {processor.py:156} INFO - Started process (PID=85) to work on /home/airflow/.local/lib/python3.7/site-packages/airflow/example_dags/example_branch_python_dop_operator_3.py
[2022-10-29T09:43:14.219+0000] {processor.py:758} INFO - Processing file /home/airflow/.local/lib/python3.7/site-packages/airflow/example_dags/example_branch_python_dop_operator_3.py for tasks to queue
[2022-10-29T09:43:14.220+0000] {logging_mixin.py:117} INFO - [2022-10-29T09:43:14.219+0000] {dagbag.py:525} INFO - Filling up the DagBag from /home/airflow/.local/lib/python3.7/site-packages/airflow/example_dags/example_branch_python_dop_operator_3.py
[2022-10-29T09:43:14.256+0000] {processor.py:768} INFO - DAG(s) dict_keys(['example_branch_dop_operator_v3']) retrieved from /home/airflow/.local/lib/python3.7/site-packages/airflow/example_dags/example_branch_python_dop_operator_3.py
[2022-10-29T09:43:14.292+0000] {logging_mixin.py:117} INFO - [2022-10-29T09:43:14.292+0000] {dag.py:2573} INFO - Sync 1 DAGs
[2022-10-29T09:43:14.369+0000] {logging_mixin.py:117} INFO - [2022-10-29T09:43:14.369+0000] {dag.py:3328} INFO - Setting next_dagrun for example_branch_dop_operator_v3 to 2022-10-29T09:42:00+00:00, run_after=2022-10-29T09:43:00+00:00
[2022-10-29T09:43:14.411+0000] {processor.py:178} INFO - Processing /home/airflow/.local/lib/python3.7/site-packages/airflow/example_dags/example_branch_python_dop_operator_3.py took 0.197 seconds
[2022-10-29T09:43:45.664+0000] {processor.py:156} INFO - Started process (PID=139) to work on /home/airflow/.local/lib/python3.7/site-packages/airflow/example_dags/example_branch_python_dop_operator_3.py
[2022-10-29T09:43:45.665+0000] {processor.py:758} INFO - Processing file /home/airflow/.local/lib/python3.7/site-packages/airflow/example_dags/example_branch_python_dop_operator_3.py for tasks to queue
[2022-10-29T09:43:45.667+0000] {logging_mixin.py:117} INFO - [2022-10-29T09:43:45.666+0000] {dagbag.py:525} INFO - Filling up the DagBag from /home/airflow/.local/lib/python3.7/site-packages/airflow/example_dags/example_branch_python_dop_operator_3.py
[2022-10-29T09:43:45.697+0000] {processor.py:768} INFO - DAG(s) dict_keys(['example_branch_dop_operator_v3']) retrieved from /home/airflow/.local/lib/python3.7/site-packages/airflow/example_dags/example_branch_python_dop_operator_3.py
[2022-10-29T09:43:45.748+0000] {logging_mixin.py:117} INFO - [2022-10-29T09:43:45.748+0000] {dag.py:2573} INFO - Sync 1 DAGs
[2022-10-29T09:43:45.788+0000] {logging_mixin.py:117} INFO - [2022-10-29T09:43:45.787+0000] {dag.py:3328} INFO - Setting next_dagrun for example_branch_dop_operator_v3 to 2022-10-29T09:42:00+00:00, run_after=2022-10-29T09:43:00+00:00
[2022-10-29T09:43:45.817+0000] {processor.py:178} INFO - Processing /home/airflow/.local/lib/python3.7/site-packages/airflow/example_dags/example_branch_python_dop_operator_3.py took 0.156 seconds
[2022-10-29T09:44:16.264+0000] {processor.py:156} INFO - Started process (PID=203) to work on /home/airflow/.local/lib/python3.7/site-packages/airflow/example_dags/example_branch_python_dop_operator_3.py
[2022-10-29T09:44:16.266+0000] {processor.py:758} INFO - Processing file /home/airflow/.local/lib/python3.7/site-packages/airflow/example_dags/example_branch_python_dop_operator_3.py for tasks to queue
[2022-10-29T09:44:16.267+0000] {logging_mixin.py:117} INFO - [2022-10-29T09:44:16.267+0000] {dagbag.py:525} INFO - Filling up the DagBag from /home/airflow/.local/lib/python3.7/site-packages/airflow/example_dags/example_branch_python_dop_operator_3.py
[2022-10-29T09:44:16.298+0000] {processor.py:768} INFO - DAG(s) dict_keys(['example_branch_dop_operator_v3']) retrieved from /home/airflow/.local/lib/python3.7/site-packages/airflow/example_dags/example_branch_python_dop_operator_3.py
[2022-10-29T09:44:16.351+0000] {logging_mixin.py:117} INFO - [2022-10-29T09:44:16.351+0000] {dag.py:2573} INFO - Sync 1 DAGs
[2022-10-29T09:44:16.402+0000] {logging_mixin.py:117} INFO - [2022-10-29T09:44:16.402+0000] {dag.py:3328} INFO - Setting next_dagrun for example_branch_dop_operator_v3 to 2022-10-29T09:43:00+00:00, run_after=2022-10-29T09:44:00+00:00
[2022-10-29T09:44:16.436+0000] {processor.py:178} INFO - Processing /home/airflow/.local/lib/python3.7/site-packages/airflow/example_dags/example_branch_python_dop_operator_3.py took 0.175 seconds
[2022-10-29T09:44:47.278+0000] {processor.py:156} INFO - Started process (PID=266) to work on /home/airflow/.local/lib/python3.7/site-packages/airflow/example_dags/example_branch_python_dop_operator_3.py
[2022-10-29T09:44:47.280+0000] {processor.py:758} INFO - Processing file /home/airflow/.local/lib/python3.7/site-packages/airflow/example_dags/example_branch_python_dop_operator_3.py for tasks to queue
[2022-10-29T09:44:47.281+0000] {logging_mixin.py:117} INFO - [2022-10-29T09:44:47.281+0000] {dagbag.py:525} INFO - Filling up the DagBag from /home/airflow/.local/lib/python3.7/site-packages/airflow/example_dags/example_branch_python_dop_operator_3.py
[2022-10-29T09:44:47.313+0000] {processor.py:768} INFO - DAG(s) dict_keys(['example_branch_dop_operator_v3']) retrieved from /home/airflow/.local/lib/python3.7/site-packages/airflow/example_dags/example_branch_python_dop_operator_3.py
[2022-10-29T09:44:47.361+0000] {logging_mixin.py:117} INFO - [2022-10-29T09:44:47.361+0000] {dag.py:2573} INFO - Sync 1 DAGs
[2022-10-29T09:44:47.407+0000] {logging_mixin.py:117} INFO - [2022-10-29T09:44:47.407+0000] {dag.py:3328} INFO - Setting next_dagrun for example_branch_dop_operator_v3 to 2022-10-29T09:43:00+00:00, run_after=2022-10-29T09:44:00+00:00
[2022-10-29T09:44:47.439+0000] {processor.py:178} INFO - Processing /home/airflow/.local/lib/python3.7/site-packages/airflow/example_dags/example_branch_python_dop_operator_3.py took 0.164 seconds
[2022-10-29T09:45:18.218+0000] {processor.py:156} INFO - Started process (PID=319) to work on /home/airflow/.local/lib/python3.7/site-packages/airflow/example_dags/example_branch_python_dop_operator_3.py
[2022-10-29T09:45:18.219+0000] {processor.py:758} INFO - Processing file /home/airflow/.local/lib/python3.7/site-packages/airflow/example_dags/example_branch_python_dop_operator_3.py for tasks to queue
[2022-10-29T09:45:18.220+0000] {logging_mixin.py:117} INFO - [2022-10-29T09:45:18.220+0000] {dagbag.py:525} INFO - Filling up the DagBag from /home/airflow/.local/lib/python3.7/site-packages/airflow/example_dags/example_branch_python_dop_operator_3.py
[2022-10-29T09:45:18.253+0000] {processor.py:768} INFO - DAG(s) dict_keys(['example_branch_dop_operator_v3']) retrieved from /home/airflow/.local/lib/python3.7/site-packages/airflow/example_dags/example_branch_python_dop_operator_3.py
[2022-10-29T09:45:18.308+0000] {logging_mixin.py:117} INFO - [2022-10-29T09:45:18.308+0000] {dag.py:2573} INFO - Sync 1 DAGs
[2022-10-29T09:45:18.353+0000] {logging_mixin.py:117} INFO - [2022-10-29T09:45:18.352+0000] {dag.py:3328} INFO - Setting next_dagrun for example_branch_dop_operator_v3 to 2022-10-29T09:44:00+00:00, run_after=2022-10-29T09:45:00+00:00
[2022-10-29T09:45:18.386+0000] {processor.py:178} INFO - Processing /home/airflow/.local/lib/python3.7/site-packages/airflow/example_dags/example_branch_python_dop_operator_3.py took 0.171 seconds
[2022-10-29T09:45:49.189+0000] {processor.py:156} INFO - Started process (PID=384) to work on /home/airflow/.local/lib/python3.7/site-packages/airflow/example_dags/example_branch_python_dop_operator_3.py
[2022-10-29T09:45:49.190+0000] {processor.py:758} INFO - Processing file /home/airflow/.local/lib/python3.7/site-packages/airflow/example_dags/example_branch_python_dop_operator_3.py for tasks to queue
[2022-10-29T09:45:49.192+0000] {logging_mixin.py:117} INFO - [2022-10-29T09:45:49.191+0000] {dagbag.py:525} INFO - Filling up the DagBag from /home/airflow/.local/lib/python3.7/site-packages/airflow/example_dags/example_branch_python_dop_operator_3.py
[2022-10-29T09:45:49.223+0000] {processor.py:768} INFO - DAG(s) dict_keys(['example_branch_dop_operator_v3']) retrieved from /home/airflow/.local/lib/python3.7/site-packages/airflow/example_dags/example_branch_python_dop_operator_3.py
[2022-10-29T09:45:49.278+0000] {logging_mixin.py:117} INFO - [2022-10-29T09:45:49.278+0000] {dag.py:2573} INFO - Sync 1 DAGs
[2022-10-29T09:45:49.323+0000] {logging_mixin.py:117} INFO - [2022-10-29T09:45:49.322+0000] {dag.py:3328} INFO - Setting next_dagrun for example_branch_dop_operator_v3 to 2022-10-29T09:44:00+00:00, run_after=2022-10-29T09:45:00+00:00
[2022-10-29T09:45:49.350+0000] {processor.py:178} INFO - Processing /home/airflow/.local/lib/python3.7/site-packages/airflow/example_dags/example_branch_python_dop_operator_3.py took 0.164 seconds
[2022-10-29T09:46:19.409+0000] {processor.py:156} INFO - Started process (PID=438) to work on /home/airflow/.local/lib/python3.7/site-packages/airflow/example_dags/example_branch_python_dop_operator_3.py
[2022-10-29T09:46:19.410+0000] {processor.py:758} INFO - Processing file /home/airflow/.local/lib/python3.7/site-packages/airflow/example_dags/example_branch_python_dop_operator_3.py for tasks to queue
[2022-10-29T09:46:19.411+0000] {logging_mixin.py:117} INFO - [2022-10-29T09:46:19.411+0000] {dagbag.py:525} INFO - Filling up the DagBag from /home/airflow/.local/lib/python3.7/site-packages/airflow/example_dags/example_branch_python_dop_operator_3.py
[2022-10-29T09:46:19.448+0000] {processor.py:768} INFO - DAG(s) dict_keys(['example_branch_dop_operator_v3']) retrieved from /home/airflow/.local/lib/python3.7/site-packages/airflow/example_dags/example_branch_python_dop_operator_3.py
[2022-10-29T09:46:19.506+0000] {logging_mixin.py:117} INFO - [2022-10-29T09:46:19.506+0000] {dag.py:2573} INFO - Sync 1 DAGs
[2022-10-29T09:46:19.557+0000] {logging_mixin.py:117} INFO - [2022-10-29T09:46:19.557+0000] {dag.py:3328} INFO - Setting next_dagrun for example_branch_dop_operator_v3 to 2022-10-29T09:45:00+00:00, run_after=2022-10-29T09:46:00+00:00
[2022-10-29T09:46:19.587+0000] {processor.py:178} INFO - Processing /home/airflow/.local/lib/python3.7/site-packages/airflow/example_dags/example_branch_python_dop_operator_3.py took 0.181 seconds
[2022-10-29T09:53:35.407+0000] {processor.py:156} INFO - Started process (PID=318) to work on /home/airflow/.local/lib/python3.7/site-packages/airflow/example_dags/example_branch_python_dop_operator_3.py
[2022-10-29T09:53:35.410+0000] {processor.py:758} INFO - Processing file /home/airflow/.local/lib/python3.7/site-packages/airflow/example_dags/example_branch_python_dop_operator_3.py for tasks to queue
[2022-10-29T09:53:35.413+0000] {logging_mixin.py:117} INFO - [2022-10-29T09:53:35.413+0000] {dagbag.py:525} INFO - Filling up the DagBag from /home/airflow/.local/lib/python3.7/site-packages/airflow/example_dags/example_branch_python_dop_operator_3.py
[2022-10-29T09:53:35.453+0000] {processor.py:768} INFO - DAG(s) dict_keys(['example_branch_dop_operator_v3']) retrieved from /home/airflow/.local/lib/python3.7/site-packages/airflow/example_dags/example_branch_python_dop_operator_3.py
[2022-10-29T09:53:35.753+0000] {logging_mixin.py:117} INFO - [2022-10-29T09:53:35.752+0000] {dag.py:2573} INFO - Sync 1 DAGs
[2022-10-29T09:53:35.800+0000] {logging_mixin.py:117} INFO - [2022-10-29T09:53:35.800+0000] {dag.py:3328} INFO - Setting next_dagrun for example_branch_dop_operator_v3 to 2022-10-29T09:52:00+00:00, run_after=2022-10-29T09:53:00+00:00
[2022-10-29T09:53:35.835+0000] {processor.py:178} INFO - Processing /home/airflow/.local/lib/python3.7/site-packages/airflow/example_dags/example_branch_python_dop_operator_3.py took 0.434 seconds
[2022-10-29T09:54:06.142+0000] {processor.py:156} INFO - Started process (PID=381) to work on /home/airflow/.local/lib/python3.7/site-packages/airflow/example_dags/example_branch_python_dop_operator_3.py
[2022-10-29T09:54:06.143+0000] {processor.py:758} INFO - Processing file /home/airflow/.local/lib/python3.7/site-packages/airflow/example_dags/example_branch_python_dop_operator_3.py for tasks to queue
[2022-10-29T09:54:06.144+0000] {logging_mixin.py:117} INFO - [2022-10-29T09:54:06.144+0000] {dagbag.py:525} INFO - Filling up the DagBag from /home/airflow/.local/lib/python3.7/site-packages/airflow/example_dags/example_branch_python_dop_operator_3.py
[2022-10-29T09:54:06.174+0000] {processor.py:768} INFO - DAG(s) dict_keys(['example_branch_dop_operator_v3']) retrieved from /home/airflow/.local/lib/python3.7/site-packages/airflow/example_dags/example_branch_python_dop_operator_3.py
[2022-10-29T09:54:06.420+0000] {logging_mixin.py:117} INFO - [2022-10-29T09:54:06.420+0000] {dag.py:2573} INFO - Sync 1 DAGs
[2022-10-29T09:54:06.460+0000] {logging_mixin.py:117} INFO - [2022-10-29T09:54:06.460+0000] {dag.py:3328} INFO - Setting next_dagrun for example_branch_dop_operator_v3 to 2022-10-29T09:53:00+00:00, run_after=2022-10-29T09:54:00+00:00
[2022-10-29T09:54:06.487+0000] {processor.py:178} INFO - Processing /home/airflow/.local/lib/python3.7/site-packages/airflow/example_dags/example_branch_python_dop_operator_3.py took 0.348 seconds
[2022-10-29T09:54:36.972+0000] {processor.py:156} INFO - Started process (PID=436) to work on /home/airflow/.local/lib/python3.7/site-packages/airflow/example_dags/example_branch_python_dop_operator_3.py
[2022-10-29T09:54:36.975+0000] {processor.py:758} INFO - Processing file /home/airflow/.local/lib/python3.7/site-packages/airflow/example_dags/example_branch_python_dop_operator_3.py for tasks to queue
[2022-10-29T09:54:36.978+0000] {logging_mixin.py:117} INFO - [2022-10-29T09:54:36.978+0000] {dagbag.py:525} INFO - Filling up the DagBag from /home/airflow/.local/lib/python3.7/site-packages/airflow/example_dags/example_branch_python_dop_operator_3.py
[2022-10-29T09:54:37.247+0000] {processor.py:768} INFO - DAG(s) dict_keys(['example_branch_dop_operator_v3']) retrieved from /home/airflow/.local/lib/python3.7/site-packages/airflow/example_dags/example_branch_python_dop_operator_3.py
[2022-10-29T09:54:37.321+0000] {logging_mixin.py:117} INFO - [2022-10-29T09:54:37.321+0000] {dag.py:2573} INFO - Sync 1 DAGs
[2022-10-29T09:54:37.372+0000] {logging_mixin.py:117} INFO - [2022-10-29T09:54:37.372+0000] {dag.py:3328} INFO - Setting next_dagrun for example_branch_dop_operator_v3 to 2022-10-29T09:53:00+00:00, run_after=2022-10-29T09:54:00+00:00
[2022-10-29T09:54:37.404+0000] {processor.py:178} INFO - Processing /home/airflow/.local/lib/python3.7/site-packages/airflow/example_dags/example_branch_python_dop_operator_3.py took 0.437 seconds
[2022-10-29T09:55:07.491+0000] {processor.py:156} INFO - Started process (PID=500) to work on /home/airflow/.local/lib/python3.7/site-packages/airflow/example_dags/example_branch_python_dop_operator_3.py
[2022-10-29T09:55:07.492+0000] {processor.py:758} INFO - Processing file /home/airflow/.local/lib/python3.7/site-packages/airflow/example_dags/example_branch_python_dop_operator_3.py for tasks to queue
[2022-10-29T09:55:07.494+0000] {logging_mixin.py:117} INFO - [2022-10-29T09:55:07.494+0000] {dagbag.py:525} INFO - Filling up the DagBag from /home/airflow/.local/lib/python3.7/site-packages/airflow/example_dags/example_branch_python_dop_operator_3.py
[2022-10-29T09:55:07.536+0000] {processor.py:768} INFO - DAG(s) dict_keys(['example_branch_dop_operator_v3']) retrieved from /home/airflow/.local/lib/python3.7/site-packages/airflow/example_dags/example_branch_python_dop_operator_3.py
[2022-10-29T09:55:07.584+0000] {logging_mixin.py:117} INFO - [2022-10-29T09:55:07.584+0000] {dag.py:2573} INFO - Sync 1 DAGs
[2022-10-29T09:55:07.624+0000] {logging_mixin.py:117} INFO - [2022-10-29T09:55:07.624+0000] {dag.py:3328} INFO - Setting next_dagrun for example_branch_dop_operator_v3 to 2022-10-29T09:54:00+00:00, run_after=2022-10-29T09:55:00+00:00
[2022-10-29T09:55:07.653+0000] {processor.py:178} INFO - Processing /home/airflow/.local/lib/python3.7/site-packages/airflow/example_dags/example_branch_python_dop_operator_3.py took 0.165 seconds
[2022-10-29T09:55:37.743+0000] {processor.py:156} INFO - Started process (PID=554) to work on /home/airflow/.local/lib/python3.7/site-packages/airflow/example_dags/example_branch_python_dop_operator_3.py
[2022-10-29T09:55:37.744+0000] {processor.py:758} INFO - Processing file /home/airflow/.local/lib/python3.7/site-packages/airflow/example_dags/example_branch_python_dop_operator_3.py for tasks to queue
[2022-10-29T09:55:37.745+0000] {logging_mixin.py:117} INFO - [2022-10-29T09:55:37.745+0000] {dagbag.py:525} INFO - Filling up the DagBag from /home/airflow/.local/lib/python3.7/site-packages/airflow/example_dags/example_branch_python_dop_operator_3.py
[2022-10-29T09:55:37.777+0000] {processor.py:768} INFO - DAG(s) dict_keys(['example_branch_dop_operator_v3']) retrieved from /home/airflow/.local/lib/python3.7/site-packages/airflow/example_dags/example_branch_python_dop_operator_3.py
[2022-10-29T09:55:37.813+0000] {logging_mixin.py:117} INFO - [2022-10-29T09:55:37.813+0000] {dag.py:2573} INFO - Sync 1 DAGs
[2022-10-29T09:55:37.864+0000] {logging_mixin.py:117} INFO - [2022-10-29T09:55:37.863+0000] {dag.py:3328} INFO - Setting next_dagrun for example_branch_dop_operator_v3 to 2022-10-29T09:54:00+00:00, run_after=2022-10-29T09:55:00+00:00
[2022-10-29T09:55:37.894+0000] {processor.py:178} INFO - Processing /home/airflow/.local/lib/python3.7/site-packages/airflow/example_dags/example_branch_python_dop_operator_3.py took 0.155 seconds
[2022-10-29T09:56:08.055+0000] {processor.py:156} INFO - Started process (PID=617) to work on /home/airflow/.local/lib/python3.7/site-packages/airflow/example_dags/example_branch_python_dop_operator_3.py
[2022-10-29T09:56:08.056+0000] {processor.py:758} INFO - Processing file /home/airflow/.local/lib/python3.7/site-packages/airflow/example_dags/example_branch_python_dop_operator_3.py for tasks to queue
[2022-10-29T09:56:08.058+0000] {logging_mixin.py:117} INFO - [2022-10-29T09:56:08.057+0000] {dagbag.py:525} INFO - Filling up the DagBag from /home/airflow/.local/lib/python3.7/site-packages/airflow/example_dags/example_branch_python_dop_operator_3.py
[2022-10-29T09:56:08.083+0000] {processor.py:768} INFO - DAG(s) dict_keys(['example_branch_dop_operator_v3']) retrieved from /home/airflow/.local/lib/python3.7/site-packages/airflow/example_dags/example_branch_python_dop_operator_3.py
[2022-10-29T09:56:08.121+0000] {logging_mixin.py:117} INFO - [2022-10-29T09:56:08.121+0000] {dag.py:2573} INFO - Sync 1 DAGs
[2022-10-29T09:56:08.157+0000] {logging_mixin.py:117} INFO - [2022-10-29T09:56:08.157+0000] {dag.py:3328} INFO - Setting next_dagrun for example_branch_dop_operator_v3 to 2022-10-29T09:55:00+00:00, run_after=2022-10-29T09:56:00+00:00
[2022-10-29T09:56:08.180+0000] {processor.py:178} INFO - Processing /home/airflow/.local/lib/python3.7/site-packages/airflow/example_dags/example_branch_python_dop_operator_3.py took 0.128 seconds
[2022-10-29T09:56:38.414+0000] {processor.py:156} INFO - Started process (PID=671) to work on /home/airflow/.local/lib/python3.7/site-packages/airflow/example_dags/example_branch_python_dop_operator_3.py
[2022-10-29T09:56:38.416+0000] {processor.py:758} INFO - Processing file /home/airflow/.local/lib/python3.7/site-packages/airflow/example_dags/example_branch_python_dop_operator_3.py for tasks to queue
[2022-10-29T09:56:38.417+0000] {logging_mixin.py:117} INFO - [2022-10-29T09:56:38.417+0000] {dagbag.py:525} INFO - Filling up the DagBag from /home/airflow/.local/lib/python3.7/site-packages/airflow/example_dags/example_branch_python_dop_operator_3.py
[2022-10-29T09:56:38.455+0000] {processor.py:768} INFO - DAG(s) dict_keys(['example_branch_dop_operator_v3']) retrieved from /home/airflow/.local/lib/python3.7/site-packages/airflow/example_dags/example_branch_python_dop_operator_3.py
[2022-10-29T09:56:38.513+0000] {logging_mixin.py:117} INFO - [2022-10-29T09:56:38.513+0000] {dag.py:2573} INFO - Sync 1 DAGs
[2022-10-29T09:56:38.558+0000] {logging_mixin.py:117} INFO - [2022-10-29T09:56:38.558+0000] {dag.py:3328} INFO - Setting next_dagrun for example_branch_dop_operator_v3 to 2022-10-29T09:55:00+00:00, run_after=2022-10-29T09:56:00+00:00
[2022-10-29T09:56:38.587+0000] {processor.py:178} INFO - Processing /home/airflow/.local/lib/python3.7/site-packages/airflow/example_dags/example_branch_python_dop_operator_3.py took 0.176 seconds
[2022-10-29T09:57:09.103+0000] {processor.py:156} INFO - Started process (PID=734) to work on /home/airflow/.local/lib/python3.7/site-packages/airflow/example_dags/example_branch_python_dop_operator_3.py
[2022-10-29T09:57:09.105+0000] {processor.py:758} INFO - Processing file /home/airflow/.local/lib/python3.7/site-packages/airflow/example_dags/example_branch_python_dop_operator_3.py for tasks to queue
[2022-10-29T09:57:09.107+0000] {logging_mixin.py:117} INFO - [2022-10-29T09:57:09.107+0000] {dagbag.py:525} INFO - Filling up the DagBag from /home/airflow/.local/lib/python3.7/site-packages/airflow/example_dags/example_branch_python_dop_operator_3.py
[2022-10-29T09:57:09.143+0000] {processor.py:768} INFO - DAG(s) dict_keys(['example_branch_dop_operator_v3']) retrieved from /home/airflow/.local/lib/python3.7/site-packages/airflow/example_dags/example_branch_python_dop_operator_3.py
[2022-10-29T09:57:09.206+0000] {logging_mixin.py:117} INFO - [2022-10-29T09:57:09.206+0000] {dag.py:2573} INFO - Sync 1 DAGs
[2022-10-29T09:57:09.266+0000] {logging_mixin.py:117} INFO - [2022-10-29T09:57:09.266+0000] {dag.py:3328} INFO - Setting next_dagrun for example_branch_dop_operator_v3 to 2022-10-29T09:56:00+00:00, run_after=2022-10-29T09:57:00+00:00
[2022-10-29T09:57:09.297+0000] {processor.py:178} INFO - Processing /home/airflow/.local/lib/python3.7/site-packages/airflow/example_dags/example_branch_python_dop_operator_3.py took 0.198 seconds
[2022-10-29T10:02:57.265+0000] {processor.py:156} INFO - Started process (PID=86) to work on /home/airflow/.local/lib/python3.7/site-packages/airflow/example_dags/example_branch_python_dop_operator_3.py
[2022-10-29T10:02:57.267+0000] {processor.py:758} INFO - Processing file /home/airflow/.local/lib/python3.7/site-packages/airflow/example_dags/example_branch_python_dop_operator_3.py for tasks to queue
[2022-10-29T10:02:57.268+0000] {logging_mixin.py:117} INFO - [2022-10-29T10:02:57.268+0000] {dagbag.py:525} INFO - Filling up the DagBag from /home/airflow/.local/lib/python3.7/site-packages/airflow/example_dags/example_branch_python_dop_operator_3.py
[2022-10-29T10:02:57.303+0000] {processor.py:768} INFO - DAG(s) dict_keys(['example_branch_dop_operator_v3']) retrieved from /home/airflow/.local/lib/python3.7/site-packages/airflow/example_dags/example_branch_python_dop_operator_3.py
[2022-10-29T10:02:57.405+0000] {logging_mixin.py:117} INFO - [2022-10-29T10:02:57.405+0000] {dag.py:2573} INFO - Sync 1 DAGs
[2022-10-29T10:02:57.463+0000] {logging_mixin.py:117} INFO - [2022-10-29T10:02:57.462+0000] {dag.py:3328} INFO - Setting next_dagrun for example_branch_dop_operator_v3 to 2022-10-29T10:01:00+00:00, run_after=2022-10-29T10:02:00+00:00
[2022-10-29T10:02:57.496+0000] {processor.py:178} INFO - Processing /home/airflow/.local/lib/python3.7/site-packages/airflow/example_dags/example_branch_python_dop_operator_3.py took 0.235 seconds
[2022-10-29T10:03:27.642+0000] {processor.py:156} INFO - Started process (PID=149) to work on /home/airflow/.local/lib/python3.7/site-packages/airflow/example_dags/example_branch_python_dop_operator_3.py
[2022-10-29T10:03:27.644+0000] {processor.py:758} INFO - Processing file /home/airflow/.local/lib/python3.7/site-packages/airflow/example_dags/example_branch_python_dop_operator_3.py for tasks to queue
[2022-10-29T10:03:27.645+0000] {logging_mixin.py:117} INFO - [2022-10-29T10:03:27.645+0000] {dagbag.py:525} INFO - Filling up the DagBag from /home/airflow/.local/lib/python3.7/site-packages/airflow/example_dags/example_branch_python_dop_operator_3.py
[2022-10-29T10:03:27.692+0000] {processor.py:768} INFO - DAG(s) dict_keys(['example_branch_dop_operator_v3']) retrieved from /home/airflow/.local/lib/python3.7/site-packages/airflow/example_dags/example_branch_python_dop_operator_3.py
[2022-10-29T10:03:27.753+0000] {logging_mixin.py:117} INFO - [2022-10-29T10:03:27.752+0000] {dag.py:2573} INFO - Sync 1 DAGs
[2022-10-29T10:03:27.802+0000] {logging_mixin.py:117} INFO - [2022-10-29T10:03:27.801+0000] {dag.py:3328} INFO - Setting next_dagrun for example_branch_dop_operator_v3 to 2022-10-29T10:02:00+00:00, run_after=2022-10-29T10:03:00+00:00
[2022-10-29T10:03:27.848+0000] {processor.py:178} INFO - Processing /home/airflow/.local/lib/python3.7/site-packages/airflow/example_dags/example_branch_python_dop_operator_3.py took 0.210 seconds
