[2022-10-29T09:43:13.657+0000] {processor.py:156} INFO - Started process (PID=78) to work on /home/airflow/.local/lib/python3.7/site-packages/airflow/example_dags/tutorial_taskflow_api.py
[2022-10-29T09:43:13.658+0000] {processor.py:758} INFO - Processing file /home/airflow/.local/lib/python3.7/site-packages/airflow/example_dags/tutorial_taskflow_api.py for tasks to queue
[2022-10-29T09:43:13.659+0000] {logging_mixin.py:117} INFO - [2022-10-29T09:43:13.659+0000] {dagbag.py:525} INFO - Filling up the DagBag from /home/airflow/.local/lib/python3.7/site-packages/airflow/example_dags/tutorial_taskflow_api.py
[2022-10-29T09:43:13.686+0000] {processor.py:768} INFO - DAG(s) dict_keys(['tutorial_taskflow_api']) retrieved from /home/airflow/.local/lib/python3.7/site-packages/airflow/example_dags/tutorial_taskflow_api.py
[2022-10-29T09:43:13.718+0000] {logging_mixin.py:117} INFO - [2022-10-29T09:43:13.717+0000] {dag.py:2573} INFO - Sync 1 DAGs
[2022-10-29T09:43:13.748+0000] {logging_mixin.py:117} INFO - [2022-10-29T09:43:13.748+0000] {dag.py:3328} INFO - Setting next_dagrun for tutorial_taskflow_api to None, run_after=None
[2022-10-29T09:43:13.773+0000] {processor.py:178} INFO - Processing /home/airflow/.local/lib/python3.7/site-packages/airflow/example_dags/tutorial_taskflow_api.py took 0.119 seconds
[2022-10-29T09:43:44.990+0000] {processor.py:156} INFO - Started process (PID=132) to work on /home/airflow/.local/lib/python3.7/site-packages/airflow/example_dags/tutorial_taskflow_api.py
[2022-10-29T09:43:44.991+0000] {processor.py:758} INFO - Processing file /home/airflow/.local/lib/python3.7/site-packages/airflow/example_dags/tutorial_taskflow_api.py for tasks to queue
[2022-10-29T09:43:44.992+0000] {logging_mixin.py:117} INFO - [2022-10-29T09:43:44.992+0000] {dagbag.py:525} INFO - Filling up the DagBag from /home/airflow/.local/lib/python3.7/site-packages/airflow/example_dags/tutorial_taskflow_api.py
[2022-10-29T09:43:45.023+0000] {processor.py:768} INFO - DAG(s) dict_keys(['tutorial_taskflow_api']) retrieved from /home/airflow/.local/lib/python3.7/site-packages/airflow/example_dags/tutorial_taskflow_api.py
[2022-10-29T09:43:45.076+0000] {logging_mixin.py:117} INFO - [2022-10-29T09:43:45.076+0000] {dag.py:2573} INFO - Sync 1 DAGs
[2022-10-29T09:43:45.110+0000] {logging_mixin.py:117} INFO - [2022-10-29T09:43:45.110+0000] {dag.py:3328} INFO - Setting next_dagrun for tutorial_taskflow_api to None, run_after=None
[2022-10-29T09:43:45.139+0000] {processor.py:178} INFO - Processing /home/airflow/.local/lib/python3.7/site-packages/airflow/example_dags/tutorial_taskflow_api.py took 0.152 seconds
[2022-10-29T09:44:15.456+0000] {processor.py:156} INFO - Started process (PID=196) to work on /home/airflow/.local/lib/python3.7/site-packages/airflow/example_dags/tutorial_taskflow_api.py
[2022-10-29T09:44:15.457+0000] {processor.py:758} INFO - Processing file /home/airflow/.local/lib/python3.7/site-packages/airflow/example_dags/tutorial_taskflow_api.py for tasks to queue
[2022-10-29T09:44:15.459+0000] {logging_mixin.py:117} INFO - [2022-10-29T09:44:15.458+0000] {dagbag.py:525} INFO - Filling up the DagBag from /home/airflow/.local/lib/python3.7/site-packages/airflow/example_dags/tutorial_taskflow_api.py
[2022-10-29T09:44:15.490+0000] {processor.py:768} INFO - DAG(s) dict_keys(['tutorial_taskflow_api']) retrieved from /home/airflow/.local/lib/python3.7/site-packages/airflow/example_dags/tutorial_taskflow_api.py
[2022-10-29T09:44:15.547+0000] {logging_mixin.py:117} INFO - [2022-10-29T09:44:15.547+0000] {dag.py:2573} INFO - Sync 1 DAGs
[2022-10-29T09:44:15.589+0000] {logging_mixin.py:117} INFO - [2022-10-29T09:44:15.588+0000] {dag.py:3328} INFO - Setting next_dagrun for tutorial_taskflow_api to None, run_after=None
[2022-10-29T09:44:15.620+0000] {processor.py:178} INFO - Processing /home/airflow/.local/lib/python3.7/site-packages/airflow/example_dags/tutorial_taskflow_api.py took 0.167 seconds
[2022-10-29T09:44:46.402+0000] {processor.py:156} INFO - Started process (PID=250) to work on /home/airflow/.local/lib/python3.7/site-packages/airflow/example_dags/tutorial_taskflow_api.py
[2022-10-29T09:44:46.404+0000] {processor.py:758} INFO - Processing file /home/airflow/.local/lib/python3.7/site-packages/airflow/example_dags/tutorial_taskflow_api.py for tasks to queue
[2022-10-29T09:44:46.405+0000] {logging_mixin.py:117} INFO - [2022-10-29T09:44:46.405+0000] {dagbag.py:525} INFO - Filling up the DagBag from /home/airflow/.local/lib/python3.7/site-packages/airflow/example_dags/tutorial_taskflow_api.py
[2022-10-29T09:44:46.433+0000] {processor.py:768} INFO - DAG(s) dict_keys(['tutorial_taskflow_api']) retrieved from /home/airflow/.local/lib/python3.7/site-packages/airflow/example_dags/tutorial_taskflow_api.py
[2022-10-29T09:44:46.545+0000] {logging_mixin.py:117} INFO - [2022-10-29T09:44:46.545+0000] {dag.py:2573} INFO - Sync 1 DAGs
[2022-10-29T09:44:46.586+0000] {logging_mixin.py:117} INFO - [2022-10-29T09:44:46.586+0000] {dag.py:3328} INFO - Setting next_dagrun for tutorial_taskflow_api to None, run_after=None
[2022-10-29T09:44:46.617+0000] {processor.py:178} INFO - Processing /home/airflow/.local/lib/python3.7/site-packages/airflow/example_dags/tutorial_taskflow_api.py took 0.219 seconds
[2022-10-29T09:45:17.373+0000] {processor.py:156} INFO - Started process (PID=312) to work on /home/airflow/.local/lib/python3.7/site-packages/airflow/example_dags/tutorial_taskflow_api.py
[2022-10-29T09:45:17.375+0000] {processor.py:758} INFO - Processing file /home/airflow/.local/lib/python3.7/site-packages/airflow/example_dags/tutorial_taskflow_api.py for tasks to queue
[2022-10-29T09:45:17.376+0000] {logging_mixin.py:117} INFO - [2022-10-29T09:45:17.376+0000] {dagbag.py:525} INFO - Filling up the DagBag from /home/airflow/.local/lib/python3.7/site-packages/airflow/example_dags/tutorial_taskflow_api.py
[2022-10-29T09:45:17.404+0000] {processor.py:768} INFO - DAG(s) dict_keys(['tutorial_taskflow_api']) retrieved from /home/airflow/.local/lib/python3.7/site-packages/airflow/example_dags/tutorial_taskflow_api.py
[2022-10-29T09:45:17.465+0000] {logging_mixin.py:117} INFO - [2022-10-29T09:45:17.465+0000] {dag.py:2573} INFO - Sync 1 DAGs
[2022-10-29T09:45:17.499+0000] {logging_mixin.py:117} INFO - [2022-10-29T09:45:17.499+0000] {dag.py:3328} INFO - Setting next_dagrun for tutorial_taskflow_api to None, run_after=None
[2022-10-29T09:45:17.527+0000] {processor.py:178} INFO - Processing /home/airflow/.local/lib/python3.7/site-packages/airflow/example_dags/tutorial_taskflow_api.py took 0.157 seconds
[2022-10-29T09:45:48.151+0000] {processor.py:156} INFO - Started process (PID=377) to work on /home/airflow/.local/lib/python3.7/site-packages/airflow/example_dags/tutorial_taskflow_api.py
[2022-10-29T09:45:48.153+0000] {processor.py:758} INFO - Processing file /home/airflow/.local/lib/python3.7/site-packages/airflow/example_dags/tutorial_taskflow_api.py for tasks to queue
[2022-10-29T09:45:48.154+0000] {logging_mixin.py:117} INFO - [2022-10-29T09:45:48.154+0000] {dagbag.py:525} INFO - Filling up the DagBag from /home/airflow/.local/lib/python3.7/site-packages/airflow/example_dags/tutorial_taskflow_api.py
[2022-10-29T09:45:48.185+0000] {processor.py:768} INFO - DAG(s) dict_keys(['tutorial_taskflow_api']) retrieved from /home/airflow/.local/lib/python3.7/site-packages/airflow/example_dags/tutorial_taskflow_api.py
[2022-10-29T09:45:48.252+0000] {logging_mixin.py:117} INFO - [2022-10-29T09:45:48.251+0000] {dag.py:2573} INFO - Sync 1 DAGs
[2022-10-29T09:45:48.295+0000] {logging_mixin.py:117} INFO - [2022-10-29T09:45:48.295+0000] {dag.py:3328} INFO - Setting next_dagrun for tutorial_taskflow_api to None, run_after=None
[2022-10-29T09:45:48.333+0000] {processor.py:178} INFO - Processing /home/airflow/.local/lib/python3.7/site-packages/airflow/example_dags/tutorial_taskflow_api.py took 0.186 seconds
[2022-10-29T09:46:18.532+0000] {processor.py:156} INFO - Started process (PID=431) to work on /home/airflow/.local/lib/python3.7/site-packages/airflow/example_dags/tutorial_taskflow_api.py
[2022-10-29T09:46:18.533+0000] {processor.py:758} INFO - Processing file /home/airflow/.local/lib/python3.7/site-packages/airflow/example_dags/tutorial_taskflow_api.py for tasks to queue
[2022-10-29T09:46:18.535+0000] {logging_mixin.py:117} INFO - [2022-10-29T09:46:18.535+0000] {dagbag.py:525} INFO - Filling up the DagBag from /home/airflow/.local/lib/python3.7/site-packages/airflow/example_dags/tutorial_taskflow_api.py
[2022-10-29T09:46:18.566+0000] {processor.py:768} INFO - DAG(s) dict_keys(['tutorial_taskflow_api']) retrieved from /home/airflow/.local/lib/python3.7/site-packages/airflow/example_dags/tutorial_taskflow_api.py
[2022-10-29T09:46:18.622+0000] {logging_mixin.py:117} INFO - [2022-10-29T09:46:18.622+0000] {dag.py:2573} INFO - Sync 1 DAGs
[2022-10-29T09:46:18.659+0000] {logging_mixin.py:117} INFO - [2022-10-29T09:46:18.659+0000] {dag.py:3328} INFO - Setting next_dagrun for tutorial_taskflow_api to None, run_after=None
[2022-10-29T09:46:18.688+0000] {processor.py:178} INFO - Processing /home/airflow/.local/lib/python3.7/site-packages/airflow/example_dags/tutorial_taskflow_api.py took 0.159 seconds
[2022-10-29T09:53:32.594+0000] {processor.py:156} INFO - Started process (PID=311) to work on /home/airflow/.local/lib/python3.7/site-packages/airflow/example_dags/tutorial_taskflow_api.py
[2022-10-29T09:53:32.595+0000] {processor.py:758} INFO - Processing file /home/airflow/.local/lib/python3.7/site-packages/airflow/example_dags/tutorial_taskflow_api.py for tasks to queue
[2022-10-29T09:53:32.597+0000] {logging_mixin.py:117} INFO - [2022-10-29T09:53:32.597+0000] {dagbag.py:525} INFO - Filling up the DagBag from /home/airflow/.local/lib/python3.7/site-packages/airflow/example_dags/tutorial_taskflow_api.py
[2022-10-29T09:53:32.625+0000] {processor.py:768} INFO - DAG(s) dict_keys(['tutorial_taskflow_api']) retrieved from /home/airflow/.local/lib/python3.7/site-packages/airflow/example_dags/tutorial_taskflow_api.py
[2022-10-29T09:53:33.095+0000] {logging_mixin.py:117} INFO - [2022-10-29T09:53:33.094+0000] {dag.py:2573} INFO - Sync 1 DAGs
[2022-10-29T09:53:33.156+0000] {logging_mixin.py:117} INFO - [2022-10-29T09:53:33.156+0000] {dag.py:3328} INFO - Setting next_dagrun for tutorial_taskflow_api to None, run_after=None
[2022-10-29T09:53:33.230+0000] {processor.py:178} INFO - Processing /home/airflow/.local/lib/python3.7/site-packages/airflow/example_dags/tutorial_taskflow_api.py took 0.641 seconds
[2022-10-29T09:54:03.728+0000] {processor.py:156} INFO - Started process (PID=371) to work on /home/airflow/.local/lib/python3.7/site-packages/airflow/example_dags/tutorial_taskflow_api.py
[2022-10-29T09:54:03.729+0000] {processor.py:758} INFO - Processing file /home/airflow/.local/lib/python3.7/site-packages/airflow/example_dags/tutorial_taskflow_api.py for tasks to queue
[2022-10-29T09:54:03.730+0000] {logging_mixin.py:117} INFO - [2022-10-29T09:54:03.730+0000] {dagbag.py:525} INFO - Filling up the DagBag from /home/airflow/.local/lib/python3.7/site-packages/airflow/example_dags/tutorial_taskflow_api.py
[2022-10-29T09:54:03.761+0000] {processor.py:768} INFO - DAG(s) dict_keys(['tutorial_taskflow_api']) retrieved from /home/airflow/.local/lib/python3.7/site-packages/airflow/example_dags/tutorial_taskflow_api.py
[2022-10-29T09:54:03.944+0000] {logging_mixin.py:117} INFO - [2022-10-29T09:54:03.944+0000] {dag.py:2573} INFO - Sync 1 DAGs
[2022-10-29T09:54:03.978+0000] {logging_mixin.py:117} INFO - [2022-10-29T09:54:03.978+0000] {dag.py:3328} INFO - Setting next_dagrun for tutorial_taskflow_api to None, run_after=None
[2022-10-29T09:54:04.014+0000] {processor.py:178} INFO - Processing /home/airflow/.local/lib/python3.7/site-packages/airflow/example_dags/tutorial_taskflow_api.py took 0.290 seconds
[2022-10-29T09:54:34.492+0000] {processor.py:156} INFO - Started process (PID=429) to work on /home/airflow/.local/lib/python3.7/site-packages/airflow/example_dags/tutorial_taskflow_api.py
[2022-10-29T09:54:34.493+0000] {processor.py:758} INFO - Processing file /home/airflow/.local/lib/python3.7/site-packages/airflow/example_dags/tutorial_taskflow_api.py for tasks to queue
[2022-10-29T09:54:34.495+0000] {logging_mixin.py:117} INFO - [2022-10-29T09:54:34.495+0000] {dagbag.py:525} INFO - Filling up the DagBag from /home/airflow/.local/lib/python3.7/site-packages/airflow/example_dags/tutorial_taskflow_api.py
[2022-10-29T09:54:34.689+0000] {processor.py:768} INFO - DAG(s) dict_keys(['tutorial_taskflow_api']) retrieved from /home/airflow/.local/lib/python3.7/site-packages/airflow/example_dags/tutorial_taskflow_api.py
[2022-10-29T09:54:34.741+0000] {logging_mixin.py:117} INFO - [2022-10-29T09:54:34.741+0000] {dag.py:2573} INFO - Sync 1 DAGs
[2022-10-29T09:54:34.782+0000] {logging_mixin.py:117} INFO - [2022-10-29T09:54:34.782+0000] {dag.py:3328} INFO - Setting next_dagrun for tutorial_taskflow_api to None, run_after=None
[2022-10-29T09:54:34.816+0000] {processor.py:178} INFO - Processing /home/airflow/.local/lib/python3.7/site-packages/airflow/example_dags/tutorial_taskflow_api.py took 0.328 seconds
[2022-10-29T09:55:05.265+0000] {processor.py:156} INFO - Started process (PID=493) to work on /home/airflow/.local/lib/python3.7/site-packages/airflow/example_dags/tutorial_taskflow_api.py
[2022-10-29T09:55:05.266+0000] {processor.py:758} INFO - Processing file /home/airflow/.local/lib/python3.7/site-packages/airflow/example_dags/tutorial_taskflow_api.py for tasks to queue
[2022-10-29T09:55:05.267+0000] {logging_mixin.py:117} INFO - [2022-10-29T09:55:05.267+0000] {dagbag.py:525} INFO - Filling up the DagBag from /home/airflow/.local/lib/python3.7/site-packages/airflow/example_dags/tutorial_taskflow_api.py
[2022-10-29T09:55:05.300+0000] {processor.py:768} INFO - DAG(s) dict_keys(['tutorial_taskflow_api']) retrieved from /home/airflow/.local/lib/python3.7/site-packages/airflow/example_dags/tutorial_taskflow_api.py
[2022-10-29T09:55:05.354+0000] {logging_mixin.py:117} INFO - [2022-10-29T09:55:05.353+0000] {dag.py:2573} INFO - Sync 1 DAGs
[2022-10-29T09:55:05.392+0000] {logging_mixin.py:117} INFO - [2022-10-29T09:55:05.392+0000] {dag.py:3328} INFO - Setting next_dagrun for tutorial_taskflow_api to None, run_after=None
[2022-10-29T09:55:05.425+0000] {processor.py:178} INFO - Processing /home/airflow/.local/lib/python3.7/site-packages/airflow/example_dags/tutorial_taskflow_api.py took 0.162 seconds
[2022-10-29T09:55:35.614+0000] {processor.py:156} INFO - Started process (PID=546) to work on /home/airflow/.local/lib/python3.7/site-packages/airflow/example_dags/tutorial_taskflow_api.py
[2022-10-29T09:55:35.616+0000] {processor.py:758} INFO - Processing file /home/airflow/.local/lib/python3.7/site-packages/airflow/example_dags/tutorial_taskflow_api.py for tasks to queue
[2022-10-29T09:55:35.617+0000] {logging_mixin.py:117} INFO - [2022-10-29T09:55:35.617+0000] {dagbag.py:525} INFO - Filling up the DagBag from /home/airflow/.local/lib/python3.7/site-packages/airflow/example_dags/tutorial_taskflow_api.py
[2022-10-29T09:55:35.650+0000] {processor.py:768} INFO - DAG(s) dict_keys(['tutorial_taskflow_api']) retrieved from /home/airflow/.local/lib/python3.7/site-packages/airflow/example_dags/tutorial_taskflow_api.py
[2022-10-29T09:55:35.681+0000] {logging_mixin.py:117} INFO - [2022-10-29T09:55:35.681+0000] {dag.py:2573} INFO - Sync 1 DAGs
[2022-10-29T09:55:35.714+0000] {logging_mixin.py:117} INFO - [2022-10-29T09:55:35.714+0000] {dag.py:3328} INFO - Setting next_dagrun for tutorial_taskflow_api to None, run_after=None
[2022-10-29T09:55:35.742+0000] {processor.py:178} INFO - Processing /home/airflow/.local/lib/python3.7/site-packages/airflow/example_dags/tutorial_taskflow_api.py took 0.131 seconds
[2022-10-29T09:56:06.029+0000] {processor.py:156} INFO - Started process (PID=610) to work on /home/airflow/.local/lib/python3.7/site-packages/airflow/example_dags/tutorial_taskflow_api.py
[2022-10-29T09:56:06.031+0000] {processor.py:758} INFO - Processing file /home/airflow/.local/lib/python3.7/site-packages/airflow/example_dags/tutorial_taskflow_api.py for tasks to queue
[2022-10-29T09:56:06.032+0000] {logging_mixin.py:117} INFO - [2022-10-29T09:56:06.032+0000] {dagbag.py:525} INFO - Filling up the DagBag from /home/airflow/.local/lib/python3.7/site-packages/airflow/example_dags/tutorial_taskflow_api.py
[2022-10-29T09:56:06.059+0000] {processor.py:768} INFO - DAG(s) dict_keys(['tutorial_taskflow_api']) retrieved from /home/airflow/.local/lib/python3.7/site-packages/airflow/example_dags/tutorial_taskflow_api.py
[2022-10-29T09:56:06.116+0000] {logging_mixin.py:117} INFO - [2022-10-29T09:56:06.115+0000] {dag.py:2573} INFO - Sync 1 DAGs
[2022-10-29T09:56:06.148+0000] {logging_mixin.py:117} INFO - [2022-10-29T09:56:06.147+0000] {dag.py:3328} INFO - Setting next_dagrun for tutorial_taskflow_api to None, run_after=None
[2022-10-29T09:56:06.181+0000] {processor.py:178} INFO - Processing /home/airflow/.local/lib/python3.7/site-packages/airflow/example_dags/tutorial_taskflow_api.py took 0.155 seconds
[2022-10-29T09:56:36.370+0000] {processor.py:156} INFO - Started process (PID=663) to work on /home/airflow/.local/lib/python3.7/site-packages/airflow/example_dags/tutorial_taskflow_api.py
[2022-10-29T09:56:36.371+0000] {processor.py:758} INFO - Processing file /home/airflow/.local/lib/python3.7/site-packages/airflow/example_dags/tutorial_taskflow_api.py for tasks to queue
[2022-10-29T09:56:36.372+0000] {logging_mixin.py:117} INFO - [2022-10-29T09:56:36.372+0000] {dagbag.py:525} INFO - Filling up the DagBag from /home/airflow/.local/lib/python3.7/site-packages/airflow/example_dags/tutorial_taskflow_api.py
[2022-10-29T09:56:36.399+0000] {processor.py:768} INFO - DAG(s) dict_keys(['tutorial_taskflow_api']) retrieved from /home/airflow/.local/lib/python3.7/site-packages/airflow/example_dags/tutorial_taskflow_api.py
[2022-10-29T09:56:36.444+0000] {logging_mixin.py:117} INFO - [2022-10-29T09:56:36.444+0000] {dag.py:2573} INFO - Sync 1 DAGs
[2022-10-29T09:56:36.478+0000] {logging_mixin.py:117} INFO - [2022-10-29T09:56:36.478+0000] {dag.py:3328} INFO - Setting next_dagrun for tutorial_taskflow_api to None, run_after=None
[2022-10-29T09:56:36.511+0000] {processor.py:178} INFO - Processing /home/airflow/.local/lib/python3.7/site-packages/airflow/example_dags/tutorial_taskflow_api.py took 0.144 seconds
[2022-10-29T09:57:06.650+0000] {processor.py:156} INFO - Started process (PID=726) to work on /home/airflow/.local/lib/python3.7/site-packages/airflow/example_dags/tutorial_taskflow_api.py
[2022-10-29T09:57:06.651+0000] {processor.py:758} INFO - Processing file /home/airflow/.local/lib/python3.7/site-packages/airflow/example_dags/tutorial_taskflow_api.py for tasks to queue
[2022-10-29T09:57:06.653+0000] {logging_mixin.py:117} INFO - [2022-10-29T09:57:06.652+0000] {dagbag.py:525} INFO - Filling up the DagBag from /home/airflow/.local/lib/python3.7/site-packages/airflow/example_dags/tutorial_taskflow_api.py
[2022-10-29T09:57:06.681+0000] {processor.py:768} INFO - DAG(s) dict_keys(['tutorial_taskflow_api']) retrieved from /home/airflow/.local/lib/python3.7/site-packages/airflow/example_dags/tutorial_taskflow_api.py
[2022-10-29T09:57:06.728+0000] {logging_mixin.py:117} INFO - [2022-10-29T09:57:06.728+0000] {dag.py:2573} INFO - Sync 1 DAGs
[2022-10-29T09:57:06.763+0000] {logging_mixin.py:117} INFO - [2022-10-29T09:57:06.763+0000] {dag.py:3328} INFO - Setting next_dagrun for tutorial_taskflow_api to None, run_after=None
[2022-10-29T09:57:06.792+0000] {processor.py:178} INFO - Processing /home/airflow/.local/lib/python3.7/site-packages/airflow/example_dags/tutorial_taskflow_api.py took 0.147 seconds
[2022-10-29T10:02:56.325+0000] {processor.py:156} INFO - Started process (PID=79) to work on /home/airflow/.local/lib/python3.7/site-packages/airflow/example_dags/tutorial_taskflow_api.py
[2022-10-29T10:02:56.327+0000] {processor.py:758} INFO - Processing file /home/airflow/.local/lib/python3.7/site-packages/airflow/example_dags/tutorial_taskflow_api.py for tasks to queue
[2022-10-29T10:02:56.329+0000] {logging_mixin.py:117} INFO - [2022-10-29T10:02:56.329+0000] {dagbag.py:525} INFO - Filling up the DagBag from /home/airflow/.local/lib/python3.7/site-packages/airflow/example_dags/tutorial_taskflow_api.py
[2022-10-29T10:02:56.385+0000] {processor.py:768} INFO - DAG(s) dict_keys(['tutorial_taskflow_api']) retrieved from /home/airflow/.local/lib/python3.7/site-packages/airflow/example_dags/tutorial_taskflow_api.py
[2022-10-29T10:02:56.447+0000] {logging_mixin.py:117} INFO - [2022-10-29T10:02:56.447+0000] {dag.py:2573} INFO - Sync 1 DAGs
[2022-10-29T10:02:56.516+0000] {logging_mixin.py:117} INFO - [2022-10-29T10:02:56.516+0000] {dag.py:3328} INFO - Setting next_dagrun for tutorial_taskflow_api to None, run_after=None
[2022-10-29T10:02:56.551+0000] {processor.py:178} INFO - Processing /home/airflow/.local/lib/python3.7/site-packages/airflow/example_dags/tutorial_taskflow_api.py took 0.241 seconds
[2022-10-29T10:03:26.792+0000] {processor.py:156} INFO - Started process (PID=142) to work on /home/airflow/.local/lib/python3.7/site-packages/airflow/example_dags/tutorial_taskflow_api.py
[2022-10-29T10:03:26.794+0000] {processor.py:758} INFO - Processing file /home/airflow/.local/lib/python3.7/site-packages/airflow/example_dags/tutorial_taskflow_api.py for tasks to queue
[2022-10-29T10:03:26.795+0000] {logging_mixin.py:117} INFO - [2022-10-29T10:03:26.795+0000] {dagbag.py:525} INFO - Filling up the DagBag from /home/airflow/.local/lib/python3.7/site-packages/airflow/example_dags/tutorial_taskflow_api.py
[2022-10-29T10:03:26.823+0000] {processor.py:768} INFO - DAG(s) dict_keys(['tutorial_taskflow_api']) retrieved from /home/airflow/.local/lib/python3.7/site-packages/airflow/example_dags/tutorial_taskflow_api.py
[2022-10-29T10:03:26.876+0000] {logging_mixin.py:117} INFO - [2022-10-29T10:03:26.875+0000] {dag.py:2573} INFO - Sync 1 DAGs
[2022-10-29T10:03:26.910+0000] {logging_mixin.py:117} INFO - [2022-10-29T10:03:26.910+0000] {dag.py:3328} INFO - Setting next_dagrun for tutorial_taskflow_api to None, run_after=None
[2022-10-29T10:03:26.946+0000] {processor.py:178} INFO - Processing /home/airflow/.local/lib/python3.7/site-packages/airflow/example_dags/tutorial_taskflow_api.py took 0.157 seconds
