[2022-10-29T09:43:13.477+0000] {processor.py:156} INFO - Started process (PID=75) to work on /home/airflow/.local/lib/python3.7/site-packages/airflow/example_dags/tutorial_dag.py
[2022-10-29T09:43:13.478+0000] {processor.py:758} INFO - Processing file /home/airflow/.local/lib/python3.7/site-packages/airflow/example_dags/tutorial_dag.py for tasks to queue
[2022-10-29T09:43:13.480+0000] {logging_mixin.py:117} INFO - [2022-10-29T09:43:13.480+0000] {dagbag.py:525} INFO - Filling up the DagBag from /home/airflow/.local/lib/python3.7/site-packages/airflow/example_dags/tutorial_dag.py
[2022-10-29T09:43:13.496+0000] {processor.py:768} INFO - DAG(s) dict_keys(['tutorial_dag']) retrieved from /home/airflow/.local/lib/python3.7/site-packages/airflow/example_dags/tutorial_dag.py
[2022-10-29T09:43:13.527+0000] {logging_mixin.py:117} INFO - [2022-10-29T09:43:13.527+0000] {dag.py:2573} INFO - Sync 1 DAGs
[2022-10-29T09:43:13.561+0000] {logging_mixin.py:117} INFO - [2022-10-29T09:43:13.561+0000] {dag.py:3328} INFO - Setting next_dagrun for tutorial_dag to None, run_after=None
[2022-10-29T09:43:13.583+0000] {processor.py:178} INFO - Processing /home/airflow/.local/lib/python3.7/site-packages/airflow/example_dags/tutorial_dag.py took 0.109 seconds
[2022-10-29T09:43:44.634+0000] {processor.py:156} INFO - Started process (PID=129) to work on /home/airflow/.local/lib/python3.7/site-packages/airflow/example_dags/tutorial_dag.py
[2022-10-29T09:43:44.635+0000] {processor.py:758} INFO - Processing file /home/airflow/.local/lib/python3.7/site-packages/airflow/example_dags/tutorial_dag.py for tasks to queue
[2022-10-29T09:43:44.637+0000] {logging_mixin.py:117} INFO - [2022-10-29T09:43:44.637+0000] {dagbag.py:525} INFO - Filling up the DagBag from /home/airflow/.local/lib/python3.7/site-packages/airflow/example_dags/tutorial_dag.py
[2022-10-29T09:43:44.654+0000] {processor.py:768} INFO - DAG(s) dict_keys(['tutorial_dag']) retrieved from /home/airflow/.local/lib/python3.7/site-packages/airflow/example_dags/tutorial_dag.py
[2022-10-29T09:43:44.704+0000] {logging_mixin.py:117} INFO - [2022-10-29T09:43:44.703+0000] {dag.py:2573} INFO - Sync 1 DAGs
[2022-10-29T09:43:44.738+0000] {logging_mixin.py:117} INFO - [2022-10-29T09:43:44.738+0000] {dag.py:3328} INFO - Setting next_dagrun for tutorial_dag to None, run_after=None
[2022-10-29T09:43:44.767+0000] {processor.py:178} INFO - Processing /home/airflow/.local/lib/python3.7/site-packages/airflow/example_dags/tutorial_dag.py took 0.135 seconds
[2022-10-29T09:44:14.952+0000] {processor.py:156} INFO - Started process (PID=193) to work on /home/airflow/.local/lib/python3.7/site-packages/airflow/example_dags/tutorial_dag.py
[2022-10-29T09:44:14.954+0000] {processor.py:758} INFO - Processing file /home/airflow/.local/lib/python3.7/site-packages/airflow/example_dags/tutorial_dag.py for tasks to queue
[2022-10-29T09:44:14.956+0000] {logging_mixin.py:117} INFO - [2022-10-29T09:44:14.955+0000] {dagbag.py:525} INFO - Filling up the DagBag from /home/airflow/.local/lib/python3.7/site-packages/airflow/example_dags/tutorial_dag.py
[2022-10-29T09:44:14.978+0000] {processor.py:768} INFO - DAG(s) dict_keys(['tutorial_dag']) retrieved from /home/airflow/.local/lib/python3.7/site-packages/airflow/example_dags/tutorial_dag.py
[2022-10-29T09:44:15.045+0000] {logging_mixin.py:117} INFO - [2022-10-29T09:44:15.045+0000] {dag.py:2573} INFO - Sync 1 DAGs
[2022-10-29T09:44:15.109+0000] {logging_mixin.py:117} INFO - [2022-10-29T09:44:15.109+0000] {dag.py:3328} INFO - Setting next_dagrun for tutorial_dag to None, run_after=None
[2022-10-29T09:44:15.163+0000] {processor.py:178} INFO - Processing /home/airflow/.local/lib/python3.7/site-packages/airflow/example_dags/tutorial_dag.py took 0.215 seconds
[2022-10-29T09:44:45.996+0000] {processor.py:156} INFO - Started process (PID=247) to work on /home/airflow/.local/lib/python3.7/site-packages/airflow/example_dags/tutorial_dag.py
[2022-10-29T09:44:45.998+0000] {processor.py:758} INFO - Processing file /home/airflow/.local/lib/python3.7/site-packages/airflow/example_dags/tutorial_dag.py for tasks to queue
[2022-10-29T09:44:45.999+0000] {logging_mixin.py:117} INFO - [2022-10-29T09:44:45.999+0000] {dagbag.py:525} INFO - Filling up the DagBag from /home/airflow/.local/lib/python3.7/site-packages/airflow/example_dags/tutorial_dag.py
[2022-10-29T09:44:46.017+0000] {processor.py:768} INFO - DAG(s) dict_keys(['tutorial_dag']) retrieved from /home/airflow/.local/lib/python3.7/site-packages/airflow/example_dags/tutorial_dag.py
[2022-10-29T09:44:46.074+0000] {logging_mixin.py:117} INFO - [2022-10-29T09:44:46.074+0000] {dag.py:2573} INFO - Sync 1 DAGs
[2022-10-29T09:44:46.108+0000] {logging_mixin.py:117} INFO - [2022-10-29T09:44:46.108+0000] {dag.py:3328} INFO - Setting next_dagrun for tutorial_dag to None, run_after=None
[2022-10-29T09:44:46.136+0000] {processor.py:178} INFO - Processing /home/airflow/.local/lib/python3.7/site-packages/airflow/example_dags/tutorial_dag.py took 0.144 seconds
[2022-10-29T09:45:16.965+0000] {processor.py:156} INFO - Started process (PID=309) to work on /home/airflow/.local/lib/python3.7/site-packages/airflow/example_dags/tutorial_dag.py
[2022-10-29T09:45:16.966+0000] {processor.py:758} INFO - Processing file /home/airflow/.local/lib/python3.7/site-packages/airflow/example_dags/tutorial_dag.py for tasks to queue
[2022-10-29T09:45:16.968+0000] {logging_mixin.py:117} INFO - [2022-10-29T09:45:16.968+0000] {dagbag.py:525} INFO - Filling up the DagBag from /home/airflow/.local/lib/python3.7/site-packages/airflow/example_dags/tutorial_dag.py
[2022-10-29T09:45:16.986+0000] {processor.py:768} INFO - DAG(s) dict_keys(['tutorial_dag']) retrieved from /home/airflow/.local/lib/python3.7/site-packages/airflow/example_dags/tutorial_dag.py
[2022-10-29T09:45:17.042+0000] {logging_mixin.py:117} INFO - [2022-10-29T09:45:17.042+0000] {dag.py:2573} INFO - Sync 1 DAGs
[2022-10-29T09:45:17.079+0000] {logging_mixin.py:117} INFO - [2022-10-29T09:45:17.079+0000] {dag.py:3328} INFO - Setting next_dagrun for tutorial_dag to None, run_after=None
[2022-10-29T09:45:17.108+0000] {processor.py:178} INFO - Processing /home/airflow/.local/lib/python3.7/site-packages/airflow/example_dags/tutorial_dag.py took 0.147 seconds
[2022-10-29T09:45:47.678+0000] {processor.py:156} INFO - Started process (PID=374) to work on /home/airflow/.local/lib/python3.7/site-packages/airflow/example_dags/tutorial_dag.py
[2022-10-29T09:45:47.680+0000] {processor.py:758} INFO - Processing file /home/airflow/.local/lib/python3.7/site-packages/airflow/example_dags/tutorial_dag.py for tasks to queue
[2022-10-29T09:45:47.681+0000] {logging_mixin.py:117} INFO - [2022-10-29T09:45:47.681+0000] {dagbag.py:525} INFO - Filling up the DagBag from /home/airflow/.local/lib/python3.7/site-packages/airflow/example_dags/tutorial_dag.py
[2022-10-29T09:45:47.701+0000] {processor.py:768} INFO - DAG(s) dict_keys(['tutorial_dag']) retrieved from /home/airflow/.local/lib/python3.7/site-packages/airflow/example_dags/tutorial_dag.py
[2022-10-29T09:45:47.775+0000] {logging_mixin.py:117} INFO - [2022-10-29T09:45:47.775+0000] {dag.py:2573} INFO - Sync 1 DAGs
[2022-10-29T09:45:47.823+0000] {logging_mixin.py:117} INFO - [2022-10-29T09:45:47.823+0000] {dag.py:3328} INFO - Setting next_dagrun for tutorial_dag to None, run_after=None
[2022-10-29T09:45:47.861+0000] {processor.py:178} INFO - Processing /home/airflow/.local/lib/python3.7/site-packages/airflow/example_dags/tutorial_dag.py took 0.188 seconds
[2022-10-29T09:46:18.108+0000] {processor.py:156} INFO - Started process (PID=428) to work on /home/airflow/.local/lib/python3.7/site-packages/airflow/example_dags/tutorial_dag.py
[2022-10-29T09:46:18.110+0000] {processor.py:758} INFO - Processing file /home/airflow/.local/lib/python3.7/site-packages/airflow/example_dags/tutorial_dag.py for tasks to queue
[2022-10-29T09:46:18.111+0000] {logging_mixin.py:117} INFO - [2022-10-29T09:46:18.111+0000] {dagbag.py:525} INFO - Filling up the DagBag from /home/airflow/.local/lib/python3.7/site-packages/airflow/example_dags/tutorial_dag.py
[2022-10-29T09:46:18.130+0000] {processor.py:768} INFO - DAG(s) dict_keys(['tutorial_dag']) retrieved from /home/airflow/.local/lib/python3.7/site-packages/airflow/example_dags/tutorial_dag.py
[2022-10-29T09:46:18.207+0000] {logging_mixin.py:117} INFO - [2022-10-29T09:46:18.206+0000] {dag.py:2573} INFO - Sync 1 DAGs
[2022-10-29T09:46:18.248+0000] {logging_mixin.py:117} INFO - [2022-10-29T09:46:18.248+0000] {dag.py:3328} INFO - Setting next_dagrun for tutorial_dag to None, run_after=None
[2022-10-29T09:46:18.283+0000] {processor.py:178} INFO - Processing /home/airflow/.local/lib/python3.7/site-packages/airflow/example_dags/tutorial_dag.py took 0.179 seconds
[2022-10-29T09:53:31.627+0000] {processor.py:156} INFO - Started process (PID=308) to work on /home/airflow/.local/lib/python3.7/site-packages/airflow/example_dags/tutorial_dag.py
[2022-10-29T09:53:31.629+0000] {processor.py:758} INFO - Processing file /home/airflow/.local/lib/python3.7/site-packages/airflow/example_dags/tutorial_dag.py for tasks to queue
[2022-10-29T09:53:31.632+0000] {logging_mixin.py:117} INFO - [2022-10-29T09:53:31.632+0000] {dagbag.py:525} INFO - Filling up the DagBag from /home/airflow/.local/lib/python3.7/site-packages/airflow/example_dags/tutorial_dag.py
[2022-10-29T09:53:31.659+0000] {processor.py:768} INFO - DAG(s) dict_keys(['tutorial_dag']) retrieved from /home/airflow/.local/lib/python3.7/site-packages/airflow/example_dags/tutorial_dag.py
[2022-10-29T09:53:32.005+0000] {logging_mixin.py:117} INFO - [2022-10-29T09:53:32.004+0000] {dag.py:2573} INFO - Sync 1 DAGs
[2022-10-29T09:53:32.045+0000] {logging_mixin.py:117} INFO - [2022-10-29T09:53:32.044+0000] {dag.py:3328} INFO - Setting next_dagrun for tutorial_dag to None, run_after=None
[2022-10-29T09:53:32.081+0000] {processor.py:178} INFO - Processing /home/airflow/.local/lib/python3.7/site-packages/airflow/example_dags/tutorial_dag.py took 0.458 seconds
[2022-10-29T09:54:02.336+0000] {processor.py:156} INFO - Started process (PID=362) to work on /home/airflow/.local/lib/python3.7/site-packages/airflow/example_dags/tutorial_dag.py
[2022-10-29T09:54:02.337+0000] {processor.py:758} INFO - Processing file /home/airflow/.local/lib/python3.7/site-packages/airflow/example_dags/tutorial_dag.py for tasks to queue
[2022-10-29T09:54:02.339+0000] {logging_mixin.py:117} INFO - [2022-10-29T09:54:02.338+0000] {dagbag.py:525} INFO - Filling up the DagBag from /home/airflow/.local/lib/python3.7/site-packages/airflow/example_dags/tutorial_dag.py
[2022-10-29T09:54:02.361+0000] {processor.py:768} INFO - DAG(s) dict_keys(['tutorial_dag']) retrieved from /home/airflow/.local/lib/python3.7/site-packages/airflow/example_dags/tutorial_dag.py
[2022-10-29T09:54:02.564+0000] {logging_mixin.py:117} INFO - [2022-10-29T09:54:02.564+0000] {dag.py:2573} INFO - Sync 1 DAGs
[2022-10-29T09:54:02.600+0000] {logging_mixin.py:117} INFO - [2022-10-29T09:54:02.600+0000] {dag.py:3328} INFO - Setting next_dagrun for tutorial_dag to None, run_after=None
[2022-10-29T09:54:02.634+0000] {processor.py:178} INFO - Processing /home/airflow/.local/lib/python3.7/site-packages/airflow/example_dags/tutorial_dag.py took 0.300 seconds
[2022-10-29T09:54:33.146+0000] {processor.py:156} INFO - Started process (PID=426) to work on /home/airflow/.local/lib/python3.7/site-packages/airflow/example_dags/tutorial_dag.py
[2022-10-29T09:54:33.148+0000] {processor.py:758} INFO - Processing file /home/airflow/.local/lib/python3.7/site-packages/airflow/example_dags/tutorial_dag.py for tasks to queue
[2022-10-29T09:54:33.149+0000] {logging_mixin.py:117} INFO - [2022-10-29T09:54:33.149+0000] {dagbag.py:525} INFO - Filling up the DagBag from /home/airflow/.local/lib/python3.7/site-packages/airflow/example_dags/tutorial_dag.py
[2022-10-29T09:54:33.326+0000] {processor.py:768} INFO - DAG(s) dict_keys(['tutorial_dag']) retrieved from /home/airflow/.local/lib/python3.7/site-packages/airflow/example_dags/tutorial_dag.py
[2022-10-29T09:54:33.374+0000] {logging_mixin.py:117} INFO - [2022-10-29T09:54:33.374+0000] {dag.py:2573} INFO - Sync 1 DAGs
[2022-10-29T09:54:33.409+0000] {logging_mixin.py:117} INFO - [2022-10-29T09:54:33.408+0000] {dag.py:3328} INFO - Setting next_dagrun for tutorial_dag to None, run_after=None
[2022-10-29T09:54:33.438+0000] {processor.py:178} INFO - Processing /home/airflow/.local/lib/python3.7/site-packages/airflow/example_dags/tutorial_dag.py took 0.295 seconds
[2022-10-29T09:55:03.997+0000] {processor.py:156} INFO - Started process (PID=481) to work on /home/airflow/.local/lib/python3.7/site-packages/airflow/example_dags/tutorial_dag.py
[2022-10-29T09:55:03.998+0000] {processor.py:758} INFO - Processing file /home/airflow/.local/lib/python3.7/site-packages/airflow/example_dags/tutorial_dag.py for tasks to queue
[2022-10-29T09:55:04.000+0000] {logging_mixin.py:117} INFO - [2022-10-29T09:55:03.999+0000] {dagbag.py:525} INFO - Filling up the DagBag from /home/airflow/.local/lib/python3.7/site-packages/airflow/example_dags/tutorial_dag.py
[2022-10-29T09:55:04.016+0000] {processor.py:768} INFO - DAG(s) dict_keys(['tutorial_dag']) retrieved from /home/airflow/.local/lib/python3.7/site-packages/airflow/example_dags/tutorial_dag.py
[2022-10-29T09:55:04.065+0000] {logging_mixin.py:117} INFO - [2022-10-29T09:55:04.065+0000] {dag.py:2573} INFO - Sync 1 DAGs
[2022-10-29T09:55:04.118+0000] {logging_mixin.py:117} INFO - [2022-10-29T09:55:04.117+0000] {dag.py:3328} INFO - Setting next_dagrun for tutorial_dag to None, run_after=None
[2022-10-29T09:55:04.153+0000] {processor.py:178} INFO - Processing /home/airflow/.local/lib/python3.7/site-packages/airflow/example_dags/tutorial_dag.py took 0.159 seconds
[2022-10-29T09:55:34.400+0000] {processor.py:156} INFO - Started process (PID=544) to work on /home/airflow/.local/lib/python3.7/site-packages/airflow/example_dags/tutorial_dag.py
[2022-10-29T09:55:34.401+0000] {processor.py:758} INFO - Processing file /home/airflow/.local/lib/python3.7/site-packages/airflow/example_dags/tutorial_dag.py for tasks to queue
[2022-10-29T09:55:34.403+0000] {logging_mixin.py:117} INFO - [2022-10-29T09:55:34.402+0000] {dagbag.py:525} INFO - Filling up the DagBag from /home/airflow/.local/lib/python3.7/site-packages/airflow/example_dags/tutorial_dag.py
[2022-10-29T09:55:34.421+0000] {processor.py:768} INFO - DAG(s) dict_keys(['tutorial_dag']) retrieved from /home/airflow/.local/lib/python3.7/site-packages/airflow/example_dags/tutorial_dag.py
[2022-10-29T09:55:34.461+0000] {logging_mixin.py:117} INFO - [2022-10-29T09:55:34.461+0000] {dag.py:2573} INFO - Sync 1 DAGs
[2022-10-29T09:55:34.500+0000] {logging_mixin.py:117} INFO - [2022-10-29T09:55:34.499+0000] {dag.py:3328} INFO - Setting next_dagrun for tutorial_dag to None, run_after=None
[2022-10-29T09:55:34.531+0000] {processor.py:178} INFO - Processing /home/airflow/.local/lib/python3.7/site-packages/airflow/example_dags/tutorial_dag.py took 0.135 seconds
[2022-10-29T09:56:04.717+0000] {processor.py:156} INFO - Started process (PID=598) to work on /home/airflow/.local/lib/python3.7/site-packages/airflow/example_dags/tutorial_dag.py
[2022-10-29T09:56:04.718+0000] {processor.py:758} INFO - Processing file /home/airflow/.local/lib/python3.7/site-packages/airflow/example_dags/tutorial_dag.py for tasks to queue
[2022-10-29T09:56:04.719+0000] {logging_mixin.py:117} INFO - [2022-10-29T09:56:04.719+0000] {dagbag.py:525} INFO - Filling up the DagBag from /home/airflow/.local/lib/python3.7/site-packages/airflow/example_dags/tutorial_dag.py
[2022-10-29T09:56:04.739+0000] {processor.py:768} INFO - DAG(s) dict_keys(['tutorial_dag']) retrieved from /home/airflow/.local/lib/python3.7/site-packages/airflow/example_dags/tutorial_dag.py
[2022-10-29T09:56:04.798+0000] {logging_mixin.py:117} INFO - [2022-10-29T09:56:04.798+0000] {dag.py:2573} INFO - Sync 1 DAGs
[2022-10-29T09:56:04.875+0000] {logging_mixin.py:117} INFO - [2022-10-29T09:56:04.874+0000] {dag.py:3328} INFO - Setting next_dagrun for tutorial_dag to None, run_after=None
[2022-10-29T09:56:04.947+0000] {processor.py:178} INFO - Processing /home/airflow/.local/lib/python3.7/site-packages/airflow/example_dags/tutorial_dag.py took 0.234 seconds
[2022-10-29T09:56:35.135+0000] {processor.py:156} INFO - Started process (PID=661) to work on /home/airflow/.local/lib/python3.7/site-packages/airflow/example_dags/tutorial_dag.py
[2022-10-29T09:56:35.136+0000] {processor.py:758} INFO - Processing file /home/airflow/.local/lib/python3.7/site-packages/airflow/example_dags/tutorial_dag.py for tasks to queue
[2022-10-29T09:56:35.138+0000] {logging_mixin.py:117} INFO - [2022-10-29T09:56:35.137+0000] {dagbag.py:525} INFO - Filling up the DagBag from /home/airflow/.local/lib/python3.7/site-packages/airflow/example_dags/tutorial_dag.py
[2022-10-29T09:56:35.156+0000] {processor.py:768} INFO - DAG(s) dict_keys(['tutorial_dag']) retrieved from /home/airflow/.local/lib/python3.7/site-packages/airflow/example_dags/tutorial_dag.py
[2022-10-29T09:56:35.210+0000] {logging_mixin.py:117} INFO - [2022-10-29T09:56:35.210+0000] {dag.py:2573} INFO - Sync 1 DAGs
[2022-10-29T09:56:35.247+0000] {logging_mixin.py:117} INFO - [2022-10-29T09:56:35.246+0000] {dag.py:3328} INFO - Setting next_dagrun for tutorial_dag to None, run_after=None
[2022-10-29T09:56:35.277+0000] {processor.py:178} INFO - Processing /home/airflow/.local/lib/python3.7/site-packages/airflow/example_dags/tutorial_dag.py took 0.146 seconds
[2022-10-29T09:57:05.402+0000] {processor.py:156} INFO - Started process (PID=722) to work on /home/airflow/.local/lib/python3.7/site-packages/airflow/example_dags/tutorial_dag.py
[2022-10-29T09:57:05.403+0000] {processor.py:758} INFO - Processing file /home/airflow/.local/lib/python3.7/site-packages/airflow/example_dags/tutorial_dag.py for tasks to queue
[2022-10-29T09:57:05.405+0000] {logging_mixin.py:117} INFO - [2022-10-29T09:57:05.404+0000] {dagbag.py:525} INFO - Filling up the DagBag from /home/airflow/.local/lib/python3.7/site-packages/airflow/example_dags/tutorial_dag.py
[2022-10-29T09:57:05.421+0000] {processor.py:768} INFO - DAG(s) dict_keys(['tutorial_dag']) retrieved from /home/airflow/.local/lib/python3.7/site-packages/airflow/example_dags/tutorial_dag.py
[2022-10-29T09:57:05.477+0000] {logging_mixin.py:117} INFO - [2022-10-29T09:57:05.477+0000] {dag.py:2573} INFO - Sync 1 DAGs
[2022-10-29T09:57:05.525+0000] {logging_mixin.py:117} INFO - [2022-10-29T09:57:05.525+0000] {dag.py:3328} INFO - Setting next_dagrun for tutorial_dag to None, run_after=None
[2022-10-29T09:57:05.553+0000] {processor.py:178} INFO - Processing /home/airflow/.local/lib/python3.7/site-packages/airflow/example_dags/tutorial_dag.py took 0.154 seconds
[2022-10-29T10:02:55.813+0000] {processor.py:156} INFO - Started process (PID=76) to work on /home/airflow/.local/lib/python3.7/site-packages/airflow/example_dags/tutorial_dag.py
[2022-10-29T10:02:55.814+0000] {processor.py:758} INFO - Processing file /home/airflow/.local/lib/python3.7/site-packages/airflow/example_dags/tutorial_dag.py for tasks to queue
[2022-10-29T10:02:55.815+0000] {logging_mixin.py:117} INFO - [2022-10-29T10:02:55.815+0000] {dagbag.py:525} INFO - Filling up the DagBag from /home/airflow/.local/lib/python3.7/site-packages/airflow/example_dags/tutorial_dag.py
[2022-10-29T10:02:55.839+0000] {processor.py:768} INFO - DAG(s) dict_keys(['tutorial_dag']) retrieved from /home/airflow/.local/lib/python3.7/site-packages/airflow/example_dags/tutorial_dag.py
[2022-10-29T10:02:55.896+0000] {logging_mixin.py:117} INFO - [2022-10-29T10:02:55.896+0000] {dag.py:2573} INFO - Sync 1 DAGs
[2022-10-29T10:02:55.934+0000] {logging_mixin.py:117} INFO - [2022-10-29T10:02:55.934+0000] {dag.py:3328} INFO - Setting next_dagrun for tutorial_dag to None, run_after=None
[2022-10-29T10:02:55.972+0000] {processor.py:178} INFO - Processing /home/airflow/.local/lib/python3.7/site-packages/airflow/example_dags/tutorial_dag.py took 0.165 seconds
[2022-10-29T10:03:26.407+0000] {processor.py:156} INFO - Started process (PID=139) to work on /home/airflow/.local/lib/python3.7/site-packages/airflow/example_dags/tutorial_dag.py
[2022-10-29T10:03:26.408+0000] {processor.py:758} INFO - Processing file /home/airflow/.local/lib/python3.7/site-packages/airflow/example_dags/tutorial_dag.py for tasks to queue
[2022-10-29T10:03:26.410+0000] {logging_mixin.py:117} INFO - [2022-10-29T10:03:26.409+0000] {dagbag.py:525} INFO - Filling up the DagBag from /home/airflow/.local/lib/python3.7/site-packages/airflow/example_dags/tutorial_dag.py
[2022-10-29T10:03:26.425+0000] {processor.py:768} INFO - DAG(s) dict_keys(['tutorial_dag']) retrieved from /home/airflow/.local/lib/python3.7/site-packages/airflow/example_dags/tutorial_dag.py
[2022-10-29T10:03:26.476+0000] {logging_mixin.py:117} INFO - [2022-10-29T10:03:26.476+0000] {dag.py:2573} INFO - Sync 1 DAGs
[2022-10-29T10:03:26.512+0000] {logging_mixin.py:117} INFO - [2022-10-29T10:03:26.511+0000] {dag.py:3328} INFO - Setting next_dagrun for tutorial_dag to None, run_after=None
[2022-10-29T10:03:26.540+0000] {processor.py:178} INFO - Processing /home/airflow/.local/lib/python3.7/site-packages/airflow/example_dags/tutorial_dag.py took 0.136 seconds
